#
# There is insufficient memory for the Java Runtime Environment to continue.
# Native memory allocation (mmap) failed to map 12058624 bytes for committing reserved memory.
# Possible reasons:
#   The system is out of physical RAM or swap space
#   The process is running with CompressedOops enabled, and the Java Heap may be blocking the growth of the native heap
# Possible solutions:
#   Reduce memory load on the system
#   Increase physical memory or swap space
#   Check if swap backing store is full
#   Decrease Java heap size (-Xmx/-Xms)
#   Decrease number of Java threads
#   Decrease Java thread stack sizes (-Xss)
#   Set larger code cache with -XX:ReservedCodeCacheSize=
#   JVM is running with Unscaled Compressed Oops mode in which the Java heap is
#     placed in the first 4GB address space. The Java Heap base address is the
#     maximum limit for the native heap growth. Please use -XX:HeapBaseMinAddress
#     to set the Java Heap base and to place the Java Heap above 4GB virtual address.
# This output file may be truncated or incomplete.
#
#  Out of Memory Error (os_linux.cpp:2757), pid=3955, tid=0x00007f2e9b3f3700
#
# JRE version: OpenJDK Runtime Environment (8.0_222-b10) (build 1.8.0_222-8u222-b10-1ubuntu1~16.04.1-b10)
# Java VM: OpenJDK 64-Bit Server VM (25.222-b10 mixed mode linux-amd64 compressed oops)
# Failed to write core dump. Core dumps have been disabled. To enable core dumping, try "ulimit -c unlimited" before starting Java again
#

---------------  T H R E A D  ---------------

Current thread (0x00007f2eb0078000):  VMThread [stack: 0x00007f2e9b2f3000,0x00007f2e9b3f4000] [id=3965]

Stack: [0x00007f2e9b2f3000,0x00007f2e9b3f4000],  sp=0x00007f2e9b3f24e0,  free space=1021k
Native frames: (J=compiled Java code, j=interpreted, Vv=VM code, C=native code)
V  [libjvm.so+0xa7787b]
V  [libjvm.so+0x4caa8c]
V  [libjvm.so+0x8c5da8]
V  [libjvm.so+0x8bd3ee]
V  [libjvm.so+0x93b476]
V  [libjvm.so+0x93c7a3]
V  [libjvm.so+0x938e84]
V  [libjvm.so+0x93911c]
V  [libjvm.so+0x8eaa73]
V  [libjvm.so+0xa79532]
V  [libjvm.so+0xa7e587]
V  [libjvm.so+0xa7bde7]
V  [libjvm.so+0xa7d0cf]
V  [libjvm.so+0xa7d5f2]
V  [libjvm.so+0x8c3102]

VM_Operation (0x00007f2e94f186f0): ParallelGCFailedAllocation, mode: safepoint, requested by thread 0x00007f2eb029a000


---------------  P R O C E S S  ---------------

Java Threads: ( => current thread )
  0x00007f2eb02a0000 JavaThread "Timer-0" daemon [_thread_blocked, id=3982, stack(0x00007f2e94531000,0x00007f2e94632000)]
  0x00007f2eb029a000 JavaThread "AWT-EventQueue-0" [_thread_blocked, id=3981, stack(0x00007f2e94e1b000,0x00007f2e94f1c000)]
  0x00007f2eb0298000 JavaThread "AWT-Shutdown" [_thread_blocked, id=3980, stack(0x00007f2e94f1c000,0x00007f2e9501d000)]
  0x00007f2eb021f000 JavaThread "AWT-XAWT" daemon [_thread_blocked, id=3976, stack(0x00007f2e95520000,0x00007f2e95621000)]
  0x00007f2eb0201000 JavaThread "Java2D Disposer" daemon [_thread_blocked, id=3975, stack(0x00007f2e9905e000,0x00007f2e9915f000)]
  0x00007f2eb00c1000 JavaThread "Service Thread" daemon [_thread_blocked, id=3972, stack(0x00007f2e9a0ed000,0x00007f2e9a1ee000)]
  0x00007f2eb00be000 JavaThread "C1 CompilerThread2" daemon [_thread_blocked, id=3971, stack(0x00007f2e9a1ee000,0x00007f2e9a2ef000)]
  0x00007f2eb00bc000 JavaThread "C2 CompilerThread1" daemon [_thread_blocked, id=3970, stack(0x00007f2e9a2ef000,0x00007f2e9a3f0000)]
  0x00007f2eb00b9000 JavaThread "C2 CompilerThread0" daemon [_thread_blocked, id=3969, stack(0x00007f2e9a3f0000,0x00007f2e9a4f1000)]
  0x00007f2eb00b7800 JavaThread "Signal Dispatcher" daemon [_thread_blocked, id=3968, stack(0x00007f2e9a4f1000,0x00007f2e9a5f2000)]
  0x00007f2eb0084800 JavaThread "Finalizer" daemon [_thread_blocked, id=3967, stack(0x00007f2e9b0f1000,0x00007f2e9b1f2000)]
  0x00007f2eb0082000 JavaThread "Reference Handler" daemon [_thread_blocked, id=3966, stack(0x00007f2e9b1f2000,0x00007f2e9b2f3000)]
  0x00007f2eb000a800 JavaThread "main" [_thread_blocked, id=3960, stack(0x00007f2eb82f6000,0x00007f2eb83f7000)]

Other Threads:
=>0x00007f2eb0078000 VMThread [stack: 0x00007f2e9b2f3000,0x00007f2e9b3f4000] [id=3965]
  0x00007f2eb00c3800 WatcherThread [stack: 0x00007f2e99fec000,0x00007f2e9a0ed000] [id=3973]

VM state:at safepoint (normal execution)

VM Mutex/Monitor currently owned by a thread:  ([mutex/lock_event])
[0x00007f2eb0006fd0] Threads_lock - owner thread: 0x00007f2eb0078000
[0x00007f2eb00074d0] Heap_lock - owner thread: 0x00007f2eb029a000

heap address: 0x00000000b3200000, size: 1230 MB, Compressed Oops mode: 32-bit
Narrow klass base: 0x0000000000000000, Narrow klass shift: 3
Compressed class space size: 1073741824 Address: 0x0000000100000000

Heap:
 PSYoungGen      total 263168K, used 27160K [0x00000000e6600000, 0x00000000fa180000, 0x0000000100000000)
  eden space 225280K, 0% used [0x00000000e6600000,0x00000000e6600000,0x00000000f4200000)
  from space 37888K, 71% used [0x00000000f7c80000,0x00000000f9706030,0x00000000fa180000)
  to   space 37888K, 0% used [0x00000000f4200000,0x00000000f4200000,0x00000000f6700000)
 ParOldGen       total 103424K, used 48687K [0x00000000b3200000, 0x00000000b9700000, 0x00000000e6600000)
  object space 103424K, 47% used [0x00000000b3200000,0x00000000b618bdd8,0x00000000b9700000)
 Metaspace       used 13256K, capacity 13450K, committed 13568K, reserved 1060864K
  class space    used 1423K, capacity 1513K, committed 1536K, reserved 1048576K

Card table byte_map: [0x00007f2eb4735000,0x00007f2eb499d000] byte_map_base: 0x00007f2eb419c000

Marking Bits: (ParMarkBitMap*) 0x00007f2eb75be540
 Begin Bits: [0x00007f2e96990000, 0x00007f2e97cc8000)
 End Bits:   [0x00007f2e97cc8000, 0x00007f2e99000000)

Polling page: 0x00007f2eb8411000

CodeCache: size=245760Kb used=4411Kb max_used=4431Kb free=241348Kb
 bounds [0x00007f2ea1000000, 0x00007f2ea1460000, 0x00007f2eb0000000]
 total_blobs=1879 nmethods=1340 adapters=453
 compilation: enabled

Compilation events (10 events):
Event: 8.838 Thread 0x00007f2eb00be000 1339   !   3       java.lang.ref.ReferenceQueue::remove (125 bytes)
Event: 8.849 Thread 0x00007f2eb00be000 nmethod 1339 0x00007f2ea144e310 code [0x00007f2ea144e500, 0x00007f2ea144edb8]
Event: 8.894 Thread 0x00007f2eb00be000 1340       3       java.awt.EventQueue::cacheEQItem (60 bytes)
Event: 8.896 Thread 0x00007f2eb00be000 nmethod 1340 0x00007f2ea144f1d0 code [0x00007f2ea144f380, 0x00007f2ea144fae8]
Event: 9.210 Thread 0x00007f2eb00bc000 1341       4       sun.java2d.SurfaceData::pixelFor (13 bytes)
Event: 9.241 Thread 0x00007f2eb00b9000 1342   !   4       java.awt.Container::getComponent (42 bytes)
Event: 9.294 Thread 0x00007f2eb00bc000 nmethod 1341 0x00007f2ea1455710 code [0x00007f2ea1455860, 0x00007f2ea1455938]
Event: 9.297 Thread 0x00007f2eb00b9000 nmethod 1342 0x00007f2ea1450d90 code [0x00007f2ea1450f00, 0x00007f2ea1451058]
Event: 9.297 Thread 0x00007f2eb00b9000 1343       4       java.awt.Component::getBackground (29 bytes)
Event: 9.300 Thread 0x00007f2eb00b9000 nmethod 1343 0x00007f2ea1450750 code [0x00007f2ea1450900, 0x00007f2ea1450ab0]

GC Heap History (10 events):
Event: 7.129 GC heap after
Heap after GC invocations=23 (full 2):
 PSYoungGen      total 224256K, used 27128K [0x00000000e6600000, 0x00000000f7d00000, 0x0000000100000000)
  eden space 185344K, 0% used [0x00000000e6600000,0x00000000e6600000,0x00000000f1b00000)
  from space 38912K, 69% used [0x00000000f1b00000,0x00000000f357e030,0x00000000f4100000)
  to   space 39424K, 0% used [0x00000000f5680000,0x00000000f5680000,0x00000000f7d00000)
 ParOldGen       total 103424K, used 48639K [0x00000000b3200000, 0x00000000b9700000, 0x00000000e6600000)
  object space 103424K, 47% used [0x00000000b3200000,0x00000000b617fdd8,0x00000000b9700000)
 Metaspace       used 13138K, capacity 13322K, committed 13568K, reserved 1060864K
  class space    used 1422K, capacity 1513K, committed 1536K, reserved 1048576K
}
Event: 7.454 GC heap before
{Heap before GC invocations=24 (full 2):
 PSYoungGen      total 224256K, used 210768K [0x00000000e6600000, 0x00000000f7d00000, 0x0000000100000000)
  eden space 185344K, 99% used [0x00000000e6600000,0x00000000f19562d0,0x00000000f1b00000)
  from space 38912K, 69% used [0x00000000f1b00000,0x00000000f357e030,0x00000000f4100000)
  to   space 39424K, 0% used [0x00000000f5680000,0x00000000f5680000,0x00000000f7d00000)
 ParOldGen       total 103424K, used 48639K [0x00000000b3200000, 0x00000000b9700000, 0x00000000e6600000)
  object space 103424K, 47% used [0x00000000b3200000,0x00000000b617fdd8,0x00000000b9700000)
 Metaspace       used 13157K, capacity 13386K, committed 13568K, reserved 1060864K
  class space    used 1422K, capacity 1513K, committed 1536K, reserved 1048576K
Event: 7.470 GC heap after
Heap after GC invocations=24 (full 2):
 PSYoungGen      total 242176K, used 18096K [0x00000000e6600000, 0x00000000f7a00000, 0x0000000100000000)
  eden space 205824K, 0% used [0x00000000e6600000,0x00000000e6600000,0x00000000f2f00000)
  from space 36352K, 49% used [0x00000000f5680000,0x00000000f682c020,0x00000000f7a00000)
  to   space 38400K, 0% used [0x00000000f2f00000,0x00000000f2f00000,0x00000000f5480000)
 ParOldGen       total 103424K, used 48647K [0x00000000b3200000, 0x00000000b9700000, 0x00000000e6600000)
  object space 103424K, 47% used [0x00000000b3200000,0x00000000b6181dd8,0x00000000b9700000)
 Metaspace       used 13157K, capacity 13386K, committed 13568K, reserved 1060864K
  class space    used 1422K, capacity 1513K, committed 1536K, reserved 1048576K
}
Event: 7.801 GC heap before
{Heap before GC invocations=25 (full 2):
 PSYoungGen      total 242176K, used 220139K [0x00000000e6600000, 0x00000000f7a00000, 0x0000000100000000)
  eden space 205824K, 98% used [0x00000000e6600000,0x00000000f2b4ec90,0x00000000f2f00000)
  from space 36352K, 49% used [0x00000000f5680000,0x00000000f682c020,0x00000000f7a00000)
  to   space 38400K, 0% used [0x00000000f2f00000,0x00000000f2f00000,0x00000000f5480000)
 ParOldGen       total 103424K, used 48647K [0x00000000b3200000, 0x00000000b9700000, 0x00000000e6600000)
  object space 103424K, 47% used [0x00000000b3200000,0x00000000b6181dd8,0x00000000b9700000)
 Metaspace       used 13171K, capacity 13386K, committed 13568K, reserved 1060864K
  class space    used 1422K, capacity 1513K, committed 1536K, reserved 1048576K
Event: 7.811 GC heap after
Heap after GC invocations=25 (full 2):
 PSYoungGen      total 244224K, used 18096K [0x00000000e6600000, 0x00000000f8b80000, 0x0000000100000000)
  eden space 205824K, 0% used [0x00000000e6600000,0x00000000e6600000,0x00000000f2f00000)
  from space 38400K, 47% used [0x00000000f2f00000,0x00000000f40ac020,0x00000000f5480000)
  to   space 37376K, 0% used [0x00000000f6700000,0x00000000f6700000,0x00000000f8b80000)
 ParOldGen       total 103424K, used 48655K [0x00000000b3200000, 0x00000000b9700000, 0x00000000e6600000)
  object space 103424K, 47% used [0x00000000b3200000,0x00000000b6183dd8,0x00000000b9700000)
 Metaspace       used 13171K, capacity 13386K, committed 13568K, reserved 1060864K
  class space    used 1422K, capacity 1513K, committed 1536K, reserved 1048576K
}
Event: 8.202 GC heap before
{Heap before GC invocations=26 (full 2):
 PSYoungGen      total 244224K, used 220507K [0x00000000e6600000, 0x00000000f8b80000, 0x0000000100000000)
  eden space 205824K, 98% used [0x00000000e6600000,0x00000000f2baace8,0x00000000f2f00000)
  from space 38400K, 47% used [0x00000000f2f00000,0x00000000f40ac020,0x00000000f5480000)
  to   space 37376K, 0% used [0x00000000f6700000,0x00000000f6700000,0x00000000f8b80000)
 ParOldGen       total 103424K, used 48655K [0x00000000b3200000, 0x00000000b9700000, 0x00000000e6600000)
  object space 103424K, 47% used [0x00000000b3200000,0x00000000b6183dd8,0x00000000b9700000)
 Metaspace       used 13205K, capacity 13386K, committed 13568K, reserved 1060864K
  class space    used 1422K, capacity 1513K, committed 1536K, reserved 1048576K
Event: 8.303 GC heap after
Heap after GC invocations=26 (full 2):
 PSYoungGen      total 262656K, used 27128K [0x00000000e6600000, 0x00000000f9580000, 0x0000000100000000)
  eden space 225280K, 0% used [0x00000000e6600000,0x00000000e6600000,0x00000000f4200000)
  from space 37376K, 72% used [0x00000000f6700000,0x00000000f817e030,0x00000000f8b80000)
  to   space 37888K, 0% used [0x00000000f4200000,0x00000000f4200000,0x00000000f6700000)
 ParOldGen       total 103424K, used 48663K [0x00000000b3200000, 0x00000000b9700000, 0x00000000e6600000)
  object space 103424K, 47% used [0x00000000b3200000,0x00000000b6185dd8,0x00000000b9700000)
 Metaspace       used 13205K, capacity 13386K, committed 13568K, reserved 1060864K
  class space    used 1422K, capacity 1513K, committed 1536K, reserved 1048576K
}
Event: 8.800 GC heap before
{Heap before GC invocations=27 (full 2):
 PSYoungGen      total 262656K, used 250064K [0x00000000e6600000, 0x00000000f9580000, 0x0000000100000000)
  eden space 225280K, 98% used [0x00000000e6600000,0x00000000f3fb6220,0x00000000f4200000)
  from space 37376K, 72% used [0x00000000f6700000,0x00000000f817e030,0x00000000f8b80000)
  to   space 37888K, 0% used [0x00000000f4200000,0x00000000f4200000,0x00000000f6700000)
 ParOldGen       total 103424K, used 48663K [0x00000000b3200000, 0x00000000b9700000, 0x00000000e6600000)
  object space 103424K, 47% used [0x00000000b3200000,0x00000000b6185dd8,0x00000000b9700000)
 Metaspace       used 13253K, capacity 13450K, committed 13568K, reserved 1060864K
  class space    used 1422K, capacity 1513K, committed 1536K, reserved 1048576K
Event: 8.827 GC heap after
Heap after GC invocations=27 (full 2):
 PSYoungGen      total 263168K, used 27128K [0x00000000e6600000, 0x00000000fa180000, 0x0000000100000000)
  eden space 225280K, 0% used [0x00000000e6600000,0x00000000e6600000,0x00000000f4200000)
  from space 37888K, 71% used [0x00000000f4200000,0x00000000f5c7e030,0x00000000f6700000)
  to   space 37888K, 0% used [0x00000000f7c80000,0x00000000f7c80000,0x00000000fa180000)
 ParOldGen       total 103424K, used 48687K [0x00000000b3200000, 0x00000000b9700000, 0x00000000e6600000)
  object space 103424K, 47% used [0x00000000b3200000,0x00000000b618bdd8,0x00000000b9700000)
 Metaspace       used 13253K, capacity 13450K, committed 13568K, reserved 1060864K
  class space    used 1422K, capacity 1513K, committed 1536K, reserved 1048576K
}
Event: 9.473 GC heap before
{Heap before GC invocations=28 (full 2):
 PSYoungGen      total 263168K, used 247703K [0x00000000e6600000, 0x00000000fa180000, 0x0000000100000000)
  eden space 225280K, 97% used [0x00000000e6600000,0x00000000f3d67c00,0x00000000f4200000)
  from space 37888K, 71% used [0x00000000f4200000,0x00000000f5c7e030,0x00000000f6700000)
  to   space 37888K, 0% used [0x00000000f7c80000,0x00000000f7c80000,0x00000000fa180000)
 ParOldGen       total 103424K, used 48687K [0x00000000b3200000, 0x00000000b9700000, 0x00000000e6600000)
  object space 103424K, 47% used [0x00000000b3200000,0x00000000b618bdd8,0x00000000b9700000)
 Metaspace       used 13256K, capacity 13450K, committed 13568K, reserved 1060864K
  class space    used 1423K, capacity 1513K, committed 1536K, reserved 1048576K

Deoptimization events (6 events):
Event: 1.872 Thread 0x00007f2eb0278000 Uncommon trap: reason=unstable_if action=reinterpret pc=0x00007f2ea12148c0 method=sun.awt.image.PNGImageDecoder.produceImage()V @ 1706
Event: 3.535 Thread 0x00007f2eb029a000 Uncommon trap: reason=unstable_if action=reinterpret pc=0x00007f2ea1283020 method=java.lang.CharacterData.of(I)Ljava/lang/CharacterData; @ 4
Event: 8.972 Thread 0x00007f2eb029a000 Uncommon trap: reason=class_check action=maybe_recompile pc=0x00007f2ea14199c8 method=sun.java2d.loops.SurfaceType.pixelFor(ILjava/awt/image/ColorModel;)I @ 6
Event: 8.976 Thread 0x00007f2eb029a000 Uncommon trap: reason=class_check action=maybe_recompile pc=0x00007f2ea14199c8 method=sun.java2d.loops.SurfaceType.pixelFor(ILjava/awt/image/ColorModel;)I @ 6
Event: 8.976 Thread 0x00007f2eb029a000 Uncommon trap: reason=class_check action=maybe_recompile pc=0x00007f2ea14199c8 method=sun.java2d.loops.SurfaceType.pixelFor(ILjava/awt/image/ColorModel;)I @ 6
Event: 8.976 Thread 0x00007f2eb029a000 Uncommon trap: reason=class_check action=maybe_recompile pc=0x00007f2ea14199c8 method=sun.java2d.loops.SurfaceType.pixelFor(ILjava/awt/image/ColorModel;)I @ 6

Classes redefined (0 events):
No events

Internal exceptions (10 events):
Event: 0.407 Thread 0x00007f2eb000a800 Exception <a 'java/security/PrivilegedActionException'> (0x00000000e66da620) thrown at [/build/openjdk-8-g3XteX/openjdk-8-8u222-b10/src/hotspot/src/share/vm/prims/jvm.cpp, line 1502]
Event: 0.407 Thread 0x00007f2eb000a800 Exception <a 'java/security/PrivilegedActionException'> (0x00000000e66da830) thrown at [/build/openjdk-8-g3XteX/openjdk-8-8u222-b10/src/hotspot/src/share/vm/prims/jvm.cpp, line 1502]
Event: 0.408 Thread 0x00007f2eb000a800 Exception <a 'java/security/PrivilegedActionException'> (0x00000000e66db308) thrown at [/build/openjdk-8-g3XteX/openjdk-8-8u222-b10/src/hotspot/src/share/vm/prims/jvm.cpp, line 1502]
Event: 0.408 Thread 0x00007f2eb000a800 Exception <a 'java/security/PrivilegedActionException'> (0x00000000e66db518) thrown at [/build/openjdk-8-g3XteX/openjdk-8-8u222-b10/src/hotspot/src/share/vm/prims/jvm.cpp, line 1502]
Event: 0.602 Thread 0x00007f2eb000a800 Exception <a 'java/lang/NoSuchFieldError': method resolution failed> (0x00000000e67ac180) thrown at [/build/openjdk-8-g3XteX/openjdk-8-8u222-b10/src/hotspot/src/share/vm/prims/methodHandles.cpp, line 1167]
Event: 0.608 Thread 0x00007f2eb000a800 Exception <a 'java/lang/NoSuchFieldError': method resolution failed> (0x00000000e67b9980) thrown at [/build/openjdk-8-g3XteX/openjdk-8-8u222-b10/src/hotspot/src/share/vm/prims/methodHandles.cpp, line 1167]
Event: 0.670 Thread 0x00007f2eb000a800 Exception <a 'java/io/FileNotFoundException'> (0x00000000e68392a8) thrown at [/build/openjdk-8-g3XteX/openjdk-8-8u222-b10/src/hotspot/src/share/vm/prims/jni.cpp, line 710]
Event: 0.671 Thread 0x00007f2eb000a800 Exception <a 'java/io/FileNotFoundException'> (0x00000000e6839d20) thrown at [/build/openjdk-8-g3XteX/openjdk-8-8u222-b10/src/hotspot/src/share/vm/prims/jni.cpp, line 710]
Event: 0.775 Thread 0x00007f2eb000a800 Exception <a 'java/lang/ClassNotFoundException': sun/dc/DuctusRenderingEngine> (0x00000000e68456e8) thrown at [/build/openjdk-8-g3XteX/openjdk-8-8u222-b10/src/hotspot/src/share/vm/classfile/systemDictionary.cpp, line 210]
Event: 2.907 Thread 0x00007f2eb000a800 Exception <a 'java/io/FileNotFoundException'> (0x00000000e711b9c8) thrown at [/build/openjdk-8-g3XteX/openjdk-8-8u222-b10/src/hotspot/src/share/vm/prims/jni.cpp, line 710]

Events (10 events):
Event: 8.976 Thread 0x00007f2eb029a000 Uncommon trap: trap_request=0xffffffde fr.pc=0x00007f2ea14199c8
Event: 8.976 Thread 0x00007f2eb029a000 DEOPT PACKING pc=0x00007f2ea14199c8 sp=0x00007f2e94f16c80
Event: 8.976 Thread 0x00007f2eb029a000 DEOPT UNPACKING pc=0x00007f2ea104547a sp=0x00007f2e94f16bc0 mode 2
Event: 8.976 Thread 0x00007f2eb029a000 Uncommon trap: trap_request=0xffffffde fr.pc=0x00007f2ea14199c8
Event: 8.976 Thread 0x00007f2eb029a000 DEOPT PACKING pc=0x00007f2ea14199c8 sp=0x00007f2e94f16d00
Event: 8.976 Thread 0x00007f2eb029a000 DEOPT UNPACKING pc=0x00007f2ea104547a sp=0x00007f2e94f16c40 mode 2
Event: 8.976 Thread 0x00007f2eb029a000 Uncommon trap: trap_request=0xffffffde fr.pc=0x00007f2ea14199c8
Event: 8.976 Thread 0x00007f2eb029a000 DEOPT PACKING pc=0x00007f2ea14199c8 sp=0x00007f2e94f16c70
Event: 8.976 Thread 0x00007f2eb029a000 DEOPT UNPACKING pc=0x00007f2ea104547a sp=0x00007f2e94f16bb0 mode 2
Event: 9.472 Executing VM operation: ParallelGCFailedAllocation


Dynamic libraries:
00400000-00401000 r-xp 00000000 08:01 796424                             /usr/lib/jvm/java-8-openjdk-amd64/jre/bin/java
00600000-00601000 r--p 00000000 08:01 796424                             /usr/lib/jvm/java-8-openjdk-amd64/jre/bin/java
00601000-00602000 rw-p 00001000 08:01 796424                             /usr/lib/jvm/java-8-openjdk-amd64/jre/bin/java
0153d000-0155e000 rw-p 00000000 00:00 0                                  [heap]
b3200000-b9700000 rw-p 00000000 00:00 0 
b9700000-e6600000 ---p 00000000 00:00 0 
e6600000-fa180000 rw-p 00000000 00:00 0 
fad00000-100000000 ---p 00000000 00:00 0 
100000000-100180000 rw-p 00000000 00:00 0 
100180000-140000000 ---p 00000000 00:00 0 
7f2e38000000-7f2e38021000 rw-p 00000000 00:00 0 
7f2e38021000-7f2e3c000000 ---p 00000000 00:00 0 
7f2e40000000-7f2e40102000 rw-p 00000000 00:00 0 
7f2e40102000-7f2e44000000 ---p 00000000 00:00 0 
7f2e44000000-7f2e44021000 rw-p 00000000 00:00 0 
7f2e44021000-7f2e48000000 ---p 00000000 00:00 0 
7f2e48000000-7f2e48033000 rw-p 00000000 00:00 0 
7f2e48033000-7f2e4c000000 ---p 00000000 00:00 0 
7f2e4c000000-7f2e4c021000 rw-p 00000000 00:00 0 
7f2e4c021000-7f2e50000000 ---p 00000000 00:00 0 
7f2e50000000-7f2e50079000 rw-p 00000000 00:00 0 
7f2e50079000-7f2e54000000 ---p 00000000 00:00 0 
7f2e54000000-7f2e54039000 rw-p 00000000 00:00 0 
7f2e54039000-7f2e58000000 ---p 00000000 00:00 0 
7f2e58000000-7f2e58021000 rw-p 00000000 00:00 0 
7f2e58021000-7f2e5c000000 ---p 00000000 00:00 0 
7f2e5c000000-7f2e5c021000 rw-p 00000000 00:00 0 
7f2e5c021000-7f2e60000000 ---p 00000000 00:00 0 
7f2e60000000-7f2e60021000 rw-p 00000000 00:00 0 
7f2e60021000-7f2e64000000 ---p 00000000 00:00 0 
7f2e64000000-7f2e64021000 rw-p 00000000 00:00 0 
7f2e64021000-7f2e68000000 ---p 00000000 00:00 0 
7f2e68000000-7f2e68efd000 rw-p 00000000 00:00 0 
7f2e68efd000-7f2e6c000000 ---p 00000000 00:00 0 
7f2e6c000000-7f2e6c6e5000 rw-p 00000000 00:00 0 
7f2e6c6e5000-7f2e70000000 ---p 00000000 00:00 0 
7f2e70000000-7f2e70021000 rw-p 00000000 00:00 0 
7f2e70021000-7f2e74000000 ---p 00000000 00:00 0 
7f2e74000000-7f2e7458f000 rw-p 00000000 00:00 0 
7f2e7458f000-7f2e78000000 ---p 00000000 00:00 0 
7f2e78000000-7f2e78021000 rw-p 00000000 00:00 0 
7f2e78021000-7f2e7c000000 ---p 00000000 00:00 0 
7f2e7c000000-7f2e7c021000 rw-p 00000000 00:00 0 
7f2e7c021000-7f2e80000000 ---p 00000000 00:00 0 
7f2e80000000-7f2e80021000 rw-p 00000000 00:00 0 
7f2e80021000-7f2e84000000 ---p 00000000 00:00 0 
7f2e84000000-7f2e84021000 rw-p 00000000 00:00 0 
7f2e84021000-7f2e88000000 ---p 00000000 00:00 0 
7f2e88000000-7f2e88021000 rw-p 00000000 00:00 0 
7f2e88021000-7f2e8c000000 ---p 00000000 00:00 0 
7f2e8c2eb000-7f2e8cbb5000 rw-s 00000000 00:05 7864350                    /SYSV00000000 (deleted)
7f2e8cbb5000-7f2e8cbc6000 r-xp 00000000 08:01 796527                     /usr/lib/jvm/java-8-openjdk-amd64/jre/lib/amd64/libnio.so
7f2e8cbc6000-7f2e8cdc5000 ---p 00011000 08:01 796527                     /usr/lib/jvm/java-8-openjdk-amd64/jre/lib/amd64/libnio.so
7f2e8cdc5000-7f2e8cdc6000 r--p 00010000 08:01 796527                     /usr/lib/jvm/java-8-openjdk-amd64/jre/lib/amd64/libnio.so
7f2e8cdc6000-7f2e8cdc7000 rw-p 00011000 08:01 796527                     /usr/lib/jvm/java-8-openjdk-amd64/jre/lib/amd64/libnio.so
7f2e8cfff000-7f2e90000000 rw-p 00000000 00:00 0 
7f2e90000000-7f2e90021000 rw-p 00000000 00:00 0 
7f2e90021000-7f2e94000000 ---p 00000000 00:00 0 
7f2e94018000-7f2e9401b000 ---p 00000000 00:00 0 
7f2e9401b000-7f2e942d9000 rw-p 00000000 00:00 0 
7f2e942d9000-7f2e94319000 ---p 00000000 00:00 0 
7f2e94319000-7f2e9432f000 r-xp 00000000 08:01 796509                     /usr/lib/jvm/java-8-openjdk-amd64/jre/lib/amd64/libnet.so
7f2e9432f000-7f2e9452f000 ---p 00016000 08:01 796509                     /usr/lib/jvm/java-8-openjdk-amd64/jre/lib/amd64/libnet.so
7f2e9452f000-7f2e94530000 r--p 00016000 08:01 796509                     /usr/lib/jvm/java-8-openjdk-amd64/jre/lib/amd64/libnet.so
7f2e94530000-7f2e94531000 rw-p 00017000 08:01 796509                     /usr/lib/jvm/java-8-openjdk-amd64/jre/lib/amd64/libnet.so
7f2e94531000-7f2e94534000 ---p 00000000 00:00 0 
7f2e94534000-7f2e94632000 rw-p 00000000 00:00 0 
7f2e94e1b000-7f2e94e1e000 ---p 00000000 00:00 0 
7f2e94e1e000-7f2e94f1c000 rw-p 00000000 00:00 0 
7f2e94f1c000-7f2e94f1f000 ---p 00000000 00:00 0 
7f2e94f1f000-7f2e9521d000 rw-p 00000000 00:00 0 
7f2e9521d000-7f2e95220000 ---p 00000000 00:00 0 
7f2e95220000-7f2e9531e000 rw-p 00000000 00:00 0 
7f2e9531e000-7f2e95321000 ---p 00000000 00:00 0 
7f2e95321000-7f2e9541f000 rw-p 00000000 00:00 0 
7f2e9541f000-7f2e95422000 ---p 00000000 00:00 0 
7f2e95422000-7f2e95520000 rw-p 00000000 00:00 0 
7f2e95520000-7f2e95523000 ---p 00000000 00:00 0 
7f2e95523000-7f2e95621000 rw-p 00000000 00:00 0 
7f2e95621000-7f2e95626000 r-xp 00000000 08:01 403189                     /usr/lib/x86_64-linux-gnu/libXfixes.so.3.1.0
7f2e95626000-7f2e95825000 ---p 00005000 08:01 403189                     /usr/lib/x86_64-linux-gnu/libXfixes.so.3.1.0
7f2e95825000-7f2e95826000 r--p 00004000 08:01 403189                     /usr/lib/x86_64-linux-gnu/libXfixes.so.3.1.0
7f2e95826000-7f2e95827000 rw-p 00005000 08:01 403189                     /usr/lib/x86_64-linux-gnu/libXfixes.so.3.1.0
7f2e95827000-7f2e95830000 r-xp 00000000 08:01 403181                     /usr/lib/x86_64-linux-gnu/libXcursor.so.1.0.2
7f2e95830000-7f2e95a2f000 ---p 00009000 08:01 403181                     /usr/lib/x86_64-linux-gnu/libXcursor.so.1.0.2
7f2e95a2f000-7f2e95a30000 r--p 00008000 08:01 403181                     /usr/lib/x86_64-linux-gnu/libXcursor.so.1.0.2
7f2e95a30000-7f2e95a31000 rw-p 00009000 08:01 403181                     /usr/lib/x86_64-linux-gnu/libXcursor.so.1.0.2
7f2e95a31000-7f2e95a55000 r-xp 00000000 08:01 529103                     /lib/x86_64-linux-gnu/libpng12.so.0.54.0
7f2e95a55000-7f2e95c54000 ---p 00024000 08:01 529103                     /lib/x86_64-linux-gnu/libpng12.so.0.54.0
7f2e95c54000-7f2e95c55000 r--p 00023000 08:01 529103                     /lib/x86_64-linux-gnu/libpng12.so.0.54.0
7f2e95c55000-7f2e95c56000 rw-p 00024000 08:01 529103                     /lib/x86_64-linux-gnu/libpng12.so.0.54.0
7f2e95c56000-7f2e95cfa000 r-xp 00000000 08:01 403612                     /usr/lib/x86_64-linux-gnu/libfreetype.so.6.12.1
7f2e95cfa000-7f2e95ef9000 ---p 000a4000 08:01 403612                     /usr/lib/x86_64-linux-gnu/libfreetype.so.6.12.1
7f2e95ef9000-7f2e95eff000 r--p 000a3000 08:01 403612                     /usr/lib/x86_64-linux-gnu/libfreetype.so.6.12.1
7f2e95eff000-7f2e95f00000 rw-p 000a9000 08:01 403612                     /usr/lib/x86_64-linux-gnu/libfreetype.so.6.12.1
7f2e95f00000-7f2e95f51000 r-xp 00000000 08:01 796505                     /usr/lib/jvm/java-8-openjdk-amd64/jre/lib/amd64/libfontmanager.so
7f2e95f51000-7f2e96151000 ---p 00051000 08:01 796505                     /usr/lib/jvm/java-8-openjdk-amd64/jre/lib/amd64/libfontmanager.so
7f2e96151000-7f2e96153000 r--p 00051000 08:01 796505                     /usr/lib/jvm/java-8-openjdk-amd64/jre/lib/amd64/libfontmanager.so
7f2e96153000-7f2e96154000 rw-p 00053000 08:01 796505                     /usr/lib/jvm/java-8-openjdk-amd64/jre/lib/amd64/libfontmanager.so
7f2e96154000-7f2e96159000 r-xp 00000000 08:01 403185                     /usr/lib/x86_64-linux-gnu/libXdmcp.so.6.0.0
7f2e96159000-7f2e96358000 ---p 00005000 08:01 403185                     /usr/lib/x86_64-linux-gnu/libXdmcp.so.6.0.0
7f2e96358000-7f2e96359000 r--p 00004000 08:01 403185                     /usr/lib/x86_64-linux-gnu/libXdmcp.so.6.0.0
7f2e96359000-7f2e9635a000 rw-p 00005000 08:01 403185                     /usr/lib/x86_64-linux-gnu/libXdmcp.so.6.0.0
7f2e9635a000-7f2e9635c000 r-xp 00000000 08:01 403174                     /usr/lib/x86_64-linux-gnu/libXau.so.6.0.0
7f2e9635c000-7f2e9655c000 ---p 00002000 08:01 403174                     /usr/lib/x86_64-linux-gnu/libXau.so.6.0.0
7f2e9655c000-7f2e9655d000 r--p 00002000 08:01 403174                     /usr/lib/x86_64-linux-gnu/libXau.so.6.0.0
7f2e9655d000-7f2e9655e000 rw-p 00003000 08:01 403174                     /usr/lib/x86_64-linux-gnu/libXau.so.6.0.0
7f2e9655e000-7f2e9657f000 r-xp 00000000 08:01 404598                     /usr/lib/x86_64-linux-gnu/libxcb.so.1.1.0
7f2e9657f000-7f2e9677e000 ---p 00021000 08:01 404598                     /usr/lib/x86_64-linux-gnu/libxcb.so.1.1.0
7f2e9677e000-7f2e9677f000 r--p 00020000 08:01 404598                     /usr/lib/x86_64-linux-gnu/libxcb.so.1.1.0
7f2e9677f000-7f2e96780000 rw-p 00021000 08:01 404598                     /usr/lib/x86_64-linux-gnu/libxcb.so.1.1.0
7f2e96780000-7f2e9678f000 r-xp 00000000 08:01 403197                     /usr/lib/x86_64-linux-gnu/libXi.so.6.1.0
7f2e9678f000-7f2e9698e000 ---p 0000f000 08:01 403197                     /usr/lib/x86_64-linux-gnu/libXi.so.6.1.0
7f2e9698e000-7f2e9698f000 r--p 0000e000 08:01 403197                     /usr/lib/x86_64-linux-gnu/libXi.so.6.1.0
7f2e9698f000-7f2e96990000 rw-p 0000f000 08:01 403197                     /usr/lib/x86_64-linux-gnu/libXi.so.6.1.0
7f2e96990000-7f2e99000000 rw-p 00000000 00:00 0 
7f2e9905e000-7f2e99061000 ---p 00000000 00:00 0 
7f2e99061000-7f2e9915f000 rw-p 00000000 00:00 0 
7f2e9915f000-7f2e99164000 r-xp 00000000 08:01 403215                     /usr/lib/x86_64-linux-gnu/libXtst.so.6.1.0
7f2e99164000-7f2e99363000 ---p 00005000 08:01 403215                     /usr/lib/x86_64-linux-gnu/libXtst.so.6.1.0
7f2e99363000-7f2e99364000 r--p 00004000 08:01 403215                     /usr/lib/x86_64-linux-gnu/libXtst.so.6.1.0
7f2e99364000-7f2e99365000 rw-p 00005000 08:01 403215                     /usr/lib/x86_64-linux-gnu/libXtst.so.6.1.0
7f2e99365000-7f2e9936e000 r-xp 00000000 08:01 403209                     /usr/lib/x86_64-linux-gnu/libXrender.so.1.3.0
7f2e9936e000-7f2e9956d000 ---p 00009000 08:01 403209                     /usr/lib/x86_64-linux-gnu/libXrender.so.1.3.0
7f2e9956d000-7f2e9956e000 r--p 00008000 08:01 403209                     /usr/lib/x86_64-linux-gnu/libXrender.so.1.3.0
7f2e9956e000-7f2e9956f000 rw-p 00009000 08:01 403209                     /usr/lib/x86_64-linux-gnu/libXrender.so.1.3.0
7f2e9956f000-7f2e996a4000 r-xp 00000000 08:01 412884                     /usr/lib/x86_64-linux-gnu/libX11.so.6.3.0
7f2e996a4000-7f2e998a4000 ---p 00135000 08:01 412884                     /usr/lib/x86_64-linux-gnu/libX11.so.6.3.0
7f2e998a4000-7f2e998a5000 r--p 00135000 08:01 412884                     /usr/lib/x86_64-linux-gnu/libX11.so.6.3.0
7f2e998a5000-7f2e998a9000 rw-p 00136000 08:01 412884                     /usr/lib/x86_64-linux-gnu/libX11.so.6.3.0
7f2e998a9000-7f2e998ba000 r-xp 00000000 08:01 403187                     /usr/lib/x86_64-linux-gnu/libXext.so.6.4.0
7f2e998ba000-7f2e99ab9000 ---p 00011000 08:01 403187                     /usr/lib/x86_64-linux-gnu/libXext.so.6.4.0
7f2e99ab9000-7f2e99aba000 r--p 00010000 08:01 403187                     /usr/lib/x86_64-linux-gnu/libXext.so.6.4.0
7f2e99aba000-7f2e99abb000 rw-p 00011000 08:01 403187                     /usr/lib/x86_64-linux-gnu/libXext.so.6.4.0
7f2e99abb000-7f2e99b17000 r-xp 00000000 08:01 796520                     /usr/lib/jvm/java-8-openjdk-amd64/jre/lib/amd64/libawt_xawt.so
7f2e99b17000-7f2e99d16000 ---p 0005c000 08:01 796520                     /usr/lib/jvm/java-8-openjdk-amd64/jre/lib/amd64/libawt_xawt.so
7f2e99d16000-7f2e99d17000 r--p 0005b000 08:01 796520                     /usr/lib/jvm/java-8-openjdk-amd64/jre/lib/amd64/libawt_xawt.so
7f2e99d17000-7f2e99d1a000 rw-p 0005c000 08:01 796520                     /usr/lib/jvm/java-8-openjdk-amd64/jre/lib/amd64/libawt_xawt.so
7f2e99d1a000-7f2e99d1c000 rw-p 00000000 00:00 0 
7f2e99d1c000-7f2e99dbb000 r-xp 00000000 08:01 796521                     /usr/lib/jvm/java-8-openjdk-amd64/jre/lib/amd64/libawt.so
7f2e99dbb000-7f2e99fbb000 ---p 0009f000 08:01 796521                     /usr/lib/jvm/java-8-openjdk-amd64/jre/lib/amd64/libawt.so
7f2e99fbb000-7f2e99fbc000 r--p 0009f000 08:01 796521                     /usr/lib/jvm/java-8-openjdk-amd64/jre/lib/amd64/libawt.so
7f2e99fbc000-7f2e99fc7000 rw-p 000a0000 08:01 796521                     /usr/lib/jvm/java-8-openjdk-amd64/jre/lib/amd64/libawt.so
7f2e99fc7000-7f2e99fec000 rw-p 00000000 00:00 0 
7f2e99fec000-7f2e99fed000 ---p 00000000 00:00 0 
7f2e99fed000-7f2e9a0ed000 rw-p 00000000 00:00 0 
7f2e9a0ed000-7f2e9a0f0000 ---p 00000000 00:00 0 
7f2e9a0f0000-7f2e9a1ee000 rw-p 00000000 00:00 0 
7f2e9a1ee000-7f2e9a1f1000 ---p 00000000 00:00 0 
7f2e9a1f1000-7f2e9a2ef000 rw-p 00000000 00:00 0 
7f2e9a2ef000-7f2e9a2f2000 ---p 00000000 00:00 0 
7f2e9a2f2000-7f2e9a3f0000 rw-p 00000000 00:00 0 
7f2e9a3f0000-7f2e9a3f3000 ---p 00000000 00:00 0 
7f2e9a3f3000-7f2e9a4f1000 rw-p 00000000 00:00 0 
7f2e9a4f1000-7f2e9a4f4000 ---p 00000000 00:00 0 
7f2e9a4f4000-7f2e9a5f2000 rw-p 00000000 00:00 0 
7f2e9a5f2000-7f2e9b0f1000 r--p 00000000 08:01 401589                     /usr/lib/locale/locale-archive
7f2e9b0f1000-7f2e9b0f4000 ---p 00000000 00:00 0 
7f2e9b0f4000-7f2e9b1f2000 rw-p 00000000 00:00 0 
7f2e9b1f2000-7f2e9b1f5000 ---p 00000000 00:00 0 
7f2e9b1f5000-7f2e9b2f3000 rw-p 00000000 00:00 0 
7f2e9b2f3000-7f2e9b2f4000 ---p 00000000 00:00 0 
7f2e9b2f4000-7f2e9c000000 rw-p 00000000 00:00 0 
7f2e9c000000-7f2e9c021000 rw-p 00000000 00:00 0 
7f2e9c021000-7f2ea0000000 ---p 00000000 00:00 0 
7f2ea0006000-7f2ea0011000 r--s 00000000 08:01 1582834                    /var/cache/fontconfig/945677eb7aeaf62f1d50efc3fb3ec7d8-le64.cache-6
7f2ea0011000-7f2ea001a000 r--s 00000000 08:01 1582833                    /var/cache/fontconfig/a6d8cf8e4ec09cdbc8633c31745a07dd-le64.cache-6
7f2ea001a000-7f2ea0020000 r--s 00000000 08:01 1582816                    /var/cache/fontconfig/2cd17615ca594fa2959ae173292e504c-le64.cache-6
7f2ea0020000-7f2ea0021000 r--s 00000000 08:01 1582813                    /var/cache/fontconfig/0d8c3b2ac0904cb8a57a757ad11a4a08-le64.cache-6
7f2ea0021000-7f2ea0036000 r--s 00000000 08:01 1582810                    /var/cache/fontconfig/04aabc0a78ac019cf9454389977116d2-le64.cache-6
7f2ea0036000-7f2ea0037000 r--s 00000000 08:01 1582815                    /var/cache/fontconfig/1ac9eb803944fde146138c791f5cc56a-le64.cache-6
7f2ea0037000-7f2ea003b000 r--s 00000000 08:01 1582820                    /var/cache/fontconfig/385c0604a188198f04d133e54aba7fe7-le64.cache-6
7f2ea003b000-7f2ea003c000 r--s 00000000 08:01 1582847                    /var/cache/fontconfig/dc05db6664285cc2f12bf69c139ae4c3-le64.cache-6
7f2ea003c000-7f2ea003f000 r--s 00000000 08:01 1582830                    /var/cache/fontconfig/767a8244fc0220cfb567a839d0392e0b-le64.cache-6
7f2ea003f000-7f2ea0040000 r--s 00000000 08:01 1582821                    /var/cache/fontconfig/4794a0821666d79190d59a36cb4f44b5-le64.cache-6
7f2ea0040000-7f2ea0046000 r--s 00000000 08:01 1585052                    /var/cache/fontconfig/8801497958630a81b71ace7c5f9b32a8-le64.cache-6
7f2ea0046000-7f2ea0047000 r--s 00000000 08:01 1582840                    /var/cache/fontconfig/bab58bb527bb656aaa9f116d68a48d89-le64.cache-6
7f2ea0047000-7f2ea004e000 r--s 00000000 08:01 1582817                    /var/cache/fontconfig/3047814df9a2f067bd2d96a2b9c36e5a-le64.cache-6
7f2ea004e000-7f2ea004f000 r--s 00000000 08:01 1582824                    /var/cache/fontconfig/56cf4f4769d0f4abc89a4895d7bd3ae1-le64.cache-6
7f2ea004f000-7f2ea0050000 r--s 00000000 08:01 1582839                    /var/cache/fontconfig/b9d506c9ac06c20b433354fa67a72993-le64.cache-6
7f2ea0050000-7f2ea0056000 r--s 00000000 08:01 1582838                    /var/cache/fontconfig/b47c4e1ecd0709278f4910c18777a504-le64.cache-6
7f2ea0056000-7f2ea0069000 r--s 00000000 08:01 1582844                    /var/cache/fontconfig/d52a8644073d54c13679302ca1180695-le64.cache-6
7f2ea0069000-7f2ea0074000 r--s 00000000 08:01 1585189                    /var/cache/fontconfig/d589a48862398ed80a3d6066f4f56f4c-le64.cache-6
7f2ea0074000-7f2ea0077000 r--s 00000000 08:01 1582829                    /var/cache/fontconfig/75114ca45c98e8a441da0ff356701271-le64.cache-6
7f2ea0077000-7f2ea0082000 r--s 00000000 08:01 1582832                    /var/cache/fontconfig/83bf95040141907cd45bb53cf7c1c148-le64.cache-6
7f2ea0082000-7f2ea0094000 r--s 00000000 08:01 1582836                    /var/cache/fontconfig/9b89f8e3dae116d678bbf48e5f21f69b-le64.cache-6
7f2ea0094000-7f2ea0097000 r--s 00000000 08:01 1582848                    /var/cache/fontconfig/e13b20fdb08344e0e664864cc2ede53d-le64.cache-6
7f2ea0097000-7f2ea009b000 r--s 00000000 08:01 1569904                    /var/cache/fontconfig/7ef2298fde41cc6eeb7af42e48b7d293-le64.cache-6
7f2ea00b3000-7f2ea00c6000 r--s 00346000 08:01 796545                     /usr/lib/jvm/java-8-openjdk-amd64/jre/lib/resources.jar
7f2ea00c6000-7f2ea03c9000 rw-p 00000000 00:00 0 
7f2ea03c9000-7f2ea0599000 r--s 03c5c000 08:01 796460                     /usr/lib/jvm/java-8-openjdk-amd64/jre/lib/rt.jar
7f2ea0599000-7f2ea1000000 rw-p 00000000 00:00 0 
7f2ea1000000-7f2ea1460000 rwxp 00000000 00:00 0 
7f2ea1460000-7f2eb0000000 ---p 00000000 00:00 0 
7f2eb0000000-7f2eb037b000 rw-p 00000000 00:00 0 
7f2eb037b000-7f2eb4000000 ---p 00000000 00:00 0 
7f2eb4000000-7f2eb4001000 r--s 00000000 08:01 1582823                    /var/cache/fontconfig/551ecf3b0e8b0bca0f25c0944f561853-le64.cache-6
7f2eb4001000-7f2eb4008000 r--s 00000000 08:01 788975                     /usr/lib/x86_64-linux-gnu/gconv/gconv-modules.cache
7f2eb4008000-7f2eb402f000 r--p 00000000 08:01 1056088                    /usr/share/locale-langpack/ko/LC_MESSAGES/libc.mo
7f2eb402f000-7f2eb4032000 r--s 00039000 08:01 796485                     /usr/lib/jvm/java-8-openjdk-amd64/jre/lib/ext/sunpkcs11.jar
7f2eb4032000-7f2eb404d000 r--s 001d6000 08:01 796483                     /usr/lib/jvm/java-8-openjdk-amd64/jre/lib/ext/nashorn.jar
7f2eb404d000-7f2eb4050000 r--s 0000f000 08:01 796482                     /usr/lib/jvm/java-8-openjdk-amd64/jre/lib/ext/icedtea-sound.jar
7f2eb4050000-7f2eb406b000 r--s 00394000 08:01 796486                     /usr/lib/jvm/java-8-openjdk-amd64/jre/lib/ext/cldrdata.jar
7f2eb406b000-7f2eb4070000 r--s 0003c000 08:01 796488                     /usr/lib/jvm/java-8-openjdk-amd64/jre/lib/ext/sunjce_provider.jar
7f2eb4070000-7f2eb4197000 rw-p 00000000 00:00 0 
7f2eb4197000-7f2eb4198000 ---p 00000000 00:00 0 
7f2eb4198000-7f2eb4298000 rw-p 00000000 00:00 0 
7f2eb4298000-7f2eb4299000 ---p 00000000 00:00 0 
7f2eb4299000-7f2eb4399000 rw-p 00000000 00:00 0 
7f2eb4399000-7f2eb439a000 ---p 00000000 00:00 0 
7f2eb439a000-7f2eb449a000 rw-p 00000000 00:00 0 
7f2eb449a000-7f2eb449b000 ---p 00000000 00:00 0 
7f2eb449b000-7f2eb45ce000 rw-p 00000000 00:00 0 
7f2eb45ce000-7f2eb4735000 ---p 00000000 00:00 0 
7f2eb4735000-7f2eb4768000 rw-p 00000000 00:00 0 
7f2eb4768000-7f2eb48cf000 ---p 00000000 00:00 0 
7f2eb48cf000-7f2eb496d000 rw-p 00000000 00:00 0 
7f2eb496d000-7f2eb499c000 ---p 00000000 00:00 0 
7f2eb499c000-7f2eb49af000 rw-p 00000000 00:00 0 
7f2eb49af000-7f2eb4d5d000 ---p 00000000 00:00 0 
7f2eb4d5d000-7f2eb4d65000 r-xp 00000000 08:01 796524                     /usr/lib/jvm/java-8-openjdk-amd64/jre/lib/amd64/libzip.so
7f2eb4d65000-7f2eb4f64000 ---p 00008000 08:01 796524                     /usr/lib/jvm/java-8-openjdk-amd64/jre/lib/amd64/libzip.so
7f2eb4f64000-7f2eb4f65000 r--p 00007000 08:01 796524                     /usr/lib/jvm/java-8-openjdk-amd64/jre/lib/amd64/libzip.so
7f2eb4f65000-7f2eb4f66000 rw-p 00008000 08:01 796524                     /usr/lib/jvm/java-8-openjdk-amd64/jre/lib/amd64/libzip.so
7f2eb4f66000-7f2eb4f71000 r-xp 00000000 08:01 529061                     /lib/x86_64-linux-gnu/libnss_files-2.23.so
7f2eb4f71000-7f2eb5170000 ---p 0000b000 08:01 529061                     /lib/x86_64-linux-gnu/libnss_files-2.23.so
7f2eb5170000-7f2eb5171000 r--p 0000a000 08:01 529061                     /lib/x86_64-linux-gnu/libnss_files-2.23.so
7f2eb5171000-7f2eb5172000 rw-p 0000b000 08:01 529061                     /lib/x86_64-linux-gnu/libnss_files-2.23.so
7f2eb5172000-7f2eb5178000 rw-p 00000000 00:00 0 
7f2eb5178000-7f2eb5183000 r-xp 00000000 08:01 529071                     /lib/x86_64-linux-gnu/libnss_nis-2.23.so
7f2eb5183000-7f2eb5382000 ---p 0000b000 08:01 529071                     /lib/x86_64-linux-gnu/libnss_nis-2.23.so
7f2eb5382000-7f2eb5383000 r--p 0000a000 08:01 529071                     /lib/x86_64-linux-gnu/libnss_nis-2.23.so
7f2eb5383000-7f2eb5384000 rw-p 0000b000 08:01 529071                     /lib/x86_64-linux-gnu/libnss_nis-2.23.so
7f2eb5384000-7f2eb539a000 r-xp 00000000 08:01 529055                     /lib/x86_64-linux-gnu/libnsl-2.23.so
7f2eb539a000-7f2eb5599000 ---p 00016000 08:01 529055                     /lib/x86_64-linux-gnu/libnsl-2.23.so
7f2eb5599000-7f2eb559a000 r--p 00015000 08:01 529055                     /lib/x86_64-linux-gnu/libnsl-2.23.so
7f2eb559a000-7f2eb559b000 rw-p 00016000 08:01 529055                     /lib/x86_64-linux-gnu/libnsl-2.23.so
7f2eb559b000-7f2eb559d000 rw-p 00000000 00:00 0 
7f2eb559d000-7f2eb55a5000 r-xp 00000000 08:01 529057                     /lib/x86_64-linux-gnu/libnss_compat-2.23.so
7f2eb55a5000-7f2eb57a4000 ---p 00008000 08:01 529057                     /lib/x86_64-linux-gnu/libnss_compat-2.23.so
7f2eb57a4000-7f2eb57a5000 r--p 00007000 08:01 529057                     /lib/x86_64-linux-gnu/libnss_compat-2.23.so
7f2eb57a5000-7f2eb57a6000 rw-p 00008000 08:01 529057                     /lib/x86_64-linux-gnu/libnss_compat-2.23.so
7f2eb57a6000-7f2eb57cf000 r-xp 00000000 08:01 796508                     /usr/lib/jvm/java-8-openjdk-amd64/jre/lib/amd64/libjava.so
7f2eb57cf000-7f2eb59ce000 ---p 00029000 08:01 796508                     /usr/lib/jvm/java-8-openjdk-amd64/jre/lib/amd64/libjava.so
7f2eb59ce000-7f2eb59cf000 r--p 00028000 08:01 796508                     /usr/lib/jvm/java-8-openjdk-amd64/jre/lib/amd64/libjava.so
7f2eb59cf000-7f2eb59d1000 rw-p 00029000 08:01 796508                     /usr/lib/jvm/java-8-openjdk-amd64/jre/lib/amd64/libjava.so
7f2eb59d1000-7f2eb59e0000 r-xp 00000000 08:01 796526                     /usr/lib/jvm/java-8-openjdk-amd64/jre/lib/amd64/libverify.so
7f2eb59e0000-7f2eb5bdf000 ---p 0000f000 08:01 796526                     /usr/lib/jvm/java-8-openjdk-amd64/jre/lib/amd64/libverify.so
7f2eb5bdf000-7f2eb5be1000 r--p 0000e000 08:01 796526                     /usr/lib/jvm/java-8-openjdk-amd64/jre/lib/amd64/libverify.so
7f2eb5be1000-7f2eb5be2000 rw-p 00010000 08:01 796526                     /usr/lib/jvm/java-8-openjdk-amd64/jre/lib/amd64/libverify.so
7f2eb5be2000-7f2eb5be9000 r-xp 00000000 08:01 529116                     /lib/x86_64-linux-gnu/librt-2.23.so
7f2eb5be9000-7f2eb5de8000 ---p 00007000 08:01 529116                     /lib/x86_64-linux-gnu/librt-2.23.so
7f2eb5de8000-7f2eb5de9000 r--p 00006000 08:01 529116                     /lib/x86_64-linux-gnu/librt-2.23.so
7f2eb5de9000-7f2eb5dea000 rw-p 00007000 08:01 529116                     /lib/x86_64-linux-gnu/librt-2.23.so
7f2eb5dea000-7f2eb5e00000 r-xp 00000000 08:01 529000                     /lib/x86_64-linux-gnu/libgcc_s.so.1
7f2eb5e00000-7f2eb5fff000 ---p 00016000 08:01 529000                     /lib/x86_64-linux-gnu/libgcc_s.so.1
7f2eb5fff000-7f2eb6000000 rw-p 00015000 08:01 529000                     /lib/x86_64-linux-gnu/libgcc_s.so.1
7f2eb6000000-7f2eb6108000 r-xp 00000000 08:01 529032                     /lib/x86_64-linux-gnu/libm-2.23.so
7f2eb6108000-7f2eb6307000 ---p 00108000 08:01 529032                     /lib/x86_64-linux-gnu/libm-2.23.so
7f2eb6307000-7f2eb6308000 r--p 00107000 08:01 529032                     /lib/x86_64-linux-gnu/libm-2.23.so
7f2eb6308000-7f2eb6309000 rw-p 00108000 08:01 529032                     /lib/x86_64-linux-gnu/libm-2.23.so
7f2eb6309000-7f2eb647b000 r-xp 00000000 08:01 404347                     /usr/lib/x86_64-linux-gnu/libstdc++.so.6.0.21
7f2eb647b000-7f2eb667b000 ---p 00172000 08:01 404347                     /usr/lib/x86_64-linux-gnu/libstdc++.so.6.0.21
7f2eb667b000-7f2eb6685000 r--p 00172000 08:01 404347                     /usr/lib/x86_64-linux-gnu/libstdc++.so.6.0.21
7f2eb6685000-7f2eb6687000 rw-p 0017c000 08:01 404347                     /usr/lib/x86_64-linux-gnu/libstdc++.so.6.0.21
7f2eb6687000-7f2eb668b000 rw-p 00000000 00:00 0 
7f2eb668b000-7f2eb72ef000 r-xp 00000000 08:01 796537                     /usr/lib/jvm/java-8-openjdk-amd64/jre/lib/amd64/server/libjvm.so
7f2eb72ef000-7f2eb74ee000 ---p 00c64000 08:01 796537                     /usr/lib/jvm/java-8-openjdk-amd64/jre/lib/amd64/server/libjvm.so
7f2eb74ee000-7f2eb7582000 r--p 00c63000 08:01 796537                     /usr/lib/jvm/java-8-openjdk-amd64/jre/lib/amd64/server/libjvm.so
7f2eb7582000-7f2eb75ab000 rw-p 00cf7000 08:01 796537                     /usr/lib/jvm/java-8-openjdk-amd64/jre/lib/amd64/server/libjvm.so
7f2eb75ab000-7f2eb75db000 rw-p 00000000 00:00 0 
7f2eb75db000-7f2eb75f3000 r-xp 00000000 08:01 529108                     /lib/x86_64-linux-gnu/libpthread-2.23.so
7f2eb75f3000-7f2eb77f2000 ---p 00018000 08:01 529108                     /lib/x86_64-linux-gnu/libpthread-2.23.so
7f2eb77f2000-7f2eb77f3000 r--p 00017000 08:01 529108                     /lib/x86_64-linux-gnu/libpthread-2.23.so
7f2eb77f3000-7f2eb77f4000 rw-p 00018000 08:01 529108                     /lib/x86_64-linux-gnu/libpthread-2.23.so
7f2eb77f4000-7f2eb77f8000 rw-p 00000000 00:00 0 
7f2eb77f8000-7f2eb77fb000 r-xp 00000000 08:01 528986                     /lib/x86_64-linux-gnu/libdl-2.23.so
7f2eb77fb000-7f2eb79fa000 ---p 00003000 08:01 528986                     /lib/x86_64-linux-gnu/libdl-2.23.so
7f2eb79fa000-7f2eb79fb000 r--p 00002000 08:01 528986                     /lib/x86_64-linux-gnu/libdl-2.23.so
7f2eb79fb000-7f2eb79fc000 rw-p 00003000 08:01 528986                     /lib/x86_64-linux-gnu/libdl-2.23.so
7f2eb79fc000-7f2eb7a15000 r-xp 00000000 08:01 529153                     /lib/x86_64-linux-gnu/libz.so.1.2.8
7f2eb7a15000-7f2eb7c14000 ---p 00019000 08:01 529153                     /lib/x86_64-linux-gnu/libz.so.1.2.8
7f2eb7c14000-7f2eb7c15000 r--p 00018000 08:01 529153                     /lib/x86_64-linux-gnu/libz.so.1.2.8
7f2eb7c15000-7f2eb7c16000 rw-p 00019000 08:01 529153                     /lib/x86_64-linux-gnu/libz.so.1.2.8
7f2eb7c16000-7f2eb7dd6000 r-xp 00000000 08:01 528962                     /lib/x86_64-linux-gnu/libc-2.23.so
7f2eb7dd6000-7f2eb7fd6000 ---p 001c0000 08:01 528962                     /lib/x86_64-linux-gnu/libc-2.23.so
7f2eb7fd6000-7f2eb7fda000 r--p 001c0000 08:01 528962                     /lib/x86_64-linux-gnu/libc-2.23.so
7f2eb7fda000-7f2eb7fdc000 rw-p 001c4000 08:01 528962                     /lib/x86_64-linux-gnu/libc-2.23.so
7f2eb7fdc000-7f2eb7fe0000 rw-p 00000000 00:00 0 
7f2eb7fe0000-7f2eb7fed000 r-xp 00000000 08:01 796518                     /usr/lib/jvm/java-8-openjdk-amd64/jre/lib/amd64/jli/libjli.so
7f2eb7fed000-7f2eb81ec000 ---p 0000d000 08:01 796518                     /usr/lib/jvm/java-8-openjdk-amd64/jre/lib/amd64/jli/libjli.so
7f2eb81ec000-7f2eb81ed000 r--p 0000c000 08:01 796518                     /usr/lib/jvm/java-8-openjdk-amd64/jre/lib/amd64/jli/libjli.so
7f2eb81ed000-7f2eb81ee000 rw-p 0000d000 08:01 796518                     /usr/lib/jvm/java-8-openjdk-amd64/jre/lib/amd64/jli/libjli.so
7f2eb81ee000-7f2eb8214000 r-xp 00000000 08:01 528934                     /lib/x86_64-linux-gnu/ld-2.23.so
7f2eb8214000-7f2eb8215000 r--s 00000000 08:01 1582818                    /var/cache/fontconfig/30829fa25452a46451e813d634d7f916-le64.cache-6
7f2eb8215000-7f2eb8216000 r--s 00000000 08:01 1582812                    /var/cache/fontconfig/0c9eb80ebd1c36541ebe2852d3bb0c49-le64.cache-6
7f2eb8216000-7f2eb8217000 r--s 0000d000 08:01 796481                     /usr/lib/jvm/java-8-openjdk-amd64/jre/lib/ext/sunec.jar
7f2eb8217000-7f2eb8218000 r--s 0000a000 08:01 796484                     /usr/lib/jvm/java-8-openjdk-amd64/jre/lib/ext/jaccess.jar
7f2eb8218000-7f2eb82f6000 rw-p 00000000 00:00 0 
7f2eb82f6000-7f2eb82f9000 ---p 00000000 00:00 0 
7f2eb82f9000-7f2eb83fb000 rw-p 00000000 00:00 0 
7f2eb83fb000-7f2eb83fd000 r--s 00001000 08:01 796487                     /usr/lib/jvm/java-8-openjdk-amd64/jre/lib/ext/dnsns.jar
7f2eb83fd000-7f2eb83fe000 r--s 00010000 08:01 796489                     /usr/lib/jvm/java-8-openjdk-amd64/jre/lib/ext/zipfs.jar
7f2eb83fe000-7f2eb8408000 r--s 00116000 08:01 796490                     /usr/lib/jvm/java-8-openjdk-amd64/jre/lib/ext/localedata.jar
7f2eb8408000-7f2eb8410000 rw-s 00000000 08:01 261781                     /tmp/hsperfdata_seonhu/3955
7f2eb8410000-7f2eb8411000 rw-p 00000000 00:00 0 
7f2eb8411000-7f2eb8412000 ---p 00000000 00:00 0 
7f2eb8412000-7f2eb8413000 rw-p 00000000 00:00 0 
7f2eb8413000-7f2eb8414000 r--p 00025000 08:01 528934                     /lib/x86_64-linux-gnu/ld-2.23.so
7f2eb8414000-7f2eb8415000 rw-p 00026000 08:01 528934                     /lib/x86_64-linux-gnu/ld-2.23.so
7f2eb8415000-7f2eb8416000 rw-p 00000000 00:00 0 
7ffe05014000-7ffe05035000 rw-p 00000000 00:00 0                          [stack]
7ffe0509c000-7ffe0509f000 r--p 00000000 00:00 0                          [vvar]
7ffe0509f000-7ffe050a1000 r-xp 00000000 00:00 0                          [vdso]
ffffffffff600000-ffffffffff601000 r-xp 00000000 00:00 0                  [vsyscall]

VM Arguments:
jvm_args: -Dfile.encoding=UTF-8 
java_command: com.ok.main.Main
java_class_path (initial): /home/seonhu/Desktop/2019-2-OSSPC-OS-3/Tetris-master/bin
Launcher Type: SUN_STANDARD

Environment Variables:
JAVA_HOME=/usr/lib/jvm/java-8-openjdk-amd64
PATH=/home/seonhu/bin:/home/seonhu/.local/bin:/usr/lib/jvm/java-8-openjdk-amd64/bin/:/usr/local/sbin:/usr/local/bin:/usr/sbin:/usr/bin:/sbin:/bin:/usr/games:/usr/local/games:/snap/bin
SHELL=/bin/bash
DISPLAY=:0

Signal Handlers:
SIGSEGV: [libjvm.so+0xa783e0], sa_mask[0]=11111111011111111101111111111110, sa_flags=SA_RESTART|SA_SIGINFO
SIGBUS: [libjvm.so+0xa783e0], sa_mask[0]=11111111011111111101111111111110, sa_flags=SA_RESTART|SA_SIGINFO
SIGFPE: [libjvm.so+0x8c0e10], sa_mask[0]=11111111011111111101111111111110, sa_flags=SA_RESTART|SA_SIGINFO
SIGPIPE: [libjvm.so+0x8c0e10], sa_mask[0]=11111111011111111101111111111110, sa_flags=SA_RESTART|SA_SIGINFO
SIGXFSZ: [libjvm.so+0x8c0e10], sa_mask[0]=11111111011111111101111111111110, sa_flags=SA_RESTART|SA_SIGINFO
SIGILL: [libjvm.so+0x8c0e10], sa_mask[0]=11111111011111111101111111111110, sa_flags=SA_RESTART|SA_SIGINFO
SIGUSR1: SIG_DFL, sa_mask[0]=00000000000000000000000000000000, sa_flags=none
SIGUSR2: [libjvm.so+0x8c0cc0], sa_mask[0]=00100000000000000000000000000000, sa_flags=SA_RESTART|SA_SIGINFO
SIGHUP: [libjvm.so+0x8c1350], sa_mask[0]=11111111011111111101111111111110, sa_flags=SA_RESTART|SA_SIGINFO
SIGINT: [libjvm.so+0x8c1350], sa_mask[0]=11111111011111111101111111111110, sa_flags=SA_RESTART|SA_SIGINFO
SIGTERM: [libjvm.so+0x8c1350], sa_mask[0]=11111111011111111101111111111110, sa_flags=SA_RESTART|SA_SIGINFO
SIGQUIT: [libjvm.so+0x8c1350], sa_mask[0]=11111111011111111101111111111110, sa_flags=SA_RESTART|SA_SIGINFO


---------------  S Y S T E M  ---------------

OS:DISTRIB_ID=Ubuntu
DISTRIB_RELEASE=16.04
DISTRIB_CODENAME=xenial
DISTRIB_DESCRIPTION="Ubuntu 16.04.5 LTS"

uname:Linux 4.15.0-29-generic #31~16.04.1-Ubuntu SMP Wed Jul 18 08:54:04 UTC 2018 x86_64
libc:glibc 2.23 NPTL 2.23 
rlimit: STACK 8192k, CORE 0k, NPROC 19441, NOFILE 1048576, AS infinity
load average:3.41 1.86 1.29

/proc/meminfo:
MemTotal:        5036544 kB
MemFree:           95736 kB
MemAvailable:          0 kB
Buffers:             696 kB
Cached:           149268 kB
SwapCached:         3984 kB
Active:          4067448 kB
Inactive:         685388 kB
Active(anon):    4060940 kB
Inactive(anon):   676880 kB
Active(file):       6508 kB
Inactive(file):     8508 kB
Unevictable:          64 kB
Mlocked:              64 kB
SwapTotal:        998396 kB
SwapFree:              0 kB
Dirty:               200 kB
Writeback:             4 kB
AnonPages:       4599384 kB
Mapped:           147140 kB
Shmem:            134516 kB
Slab:              60632 kB
SReclaimable:      25856 kB
SUnreclaim:        34776 kB
KernelStack:       15872 kB
PageTables:        50700 kB
NFS_Unstable:          0 kB
Bounce:                0 kB
WritebackTmp:          0 kB
CommitLimit:     3516668 kB
Committed_AS:   12438504 kB
VmallocTotal:   34359738367 kB
VmallocUsed:           0 kB
VmallocChunk:          0 kB
HardwareCorrupted:     0 kB
AnonHugePages:         0 kB
ShmemHugePages:        0 kB
ShmemPmdMapped:        0 kB
CmaTotal:              0 kB
CmaFree:               0 kB
HugePages_Total:       0
HugePages_Free:        0
HugePages_Rsvd:        0
HugePages_Surp:        0
Hugepagesize:       2048 kB
DirectMap4k:       94144 kB
DirectMap2M:     5113856 kB

container (cgroup) information:
container_type: cgroupv1
cpu_cpuset_cpus: 0-3
cpu_memory_nodes: 0
active_processor_count: 4
cpu_quota: -1
cpu_period: 100000
cpu_shares: -1
memory_limit_in_bytes: -1
memory_and_swap_limit_in_bytes: -2
memory_soft_limit_in_bytes: -1
memory_usage_in_bytes: 4864688128
memory_max_usage_in_bytes: 0


CPU:total 4 (initial active 4) (4 cores per cpu, 1 threads per core) family 6 model 142 stepping 10, cmov, cx8, fxsr, mmx, sse, sse2, sse3, ssse3, sse4.1, sse4.2, popcnt, avx, avx2, aes, clmul, 3dnowpref, lzcnt, tsc, tscinvbit

/proc/cpuinfo:
processor	: 0
vendor_id	: GenuineIntel
cpu family	: 6
model		: 142
model name	: Intel(R) Core(TM) i5-8250U CPU @ 1.60GHz
stepping	: 10
cpu MHz		: 1800.000
cache size	: 6144 KB
physical id	: 0
siblings	: 4
core id		: 0
cpu cores	: 4
apicid		: 0
initial apicid	: 0
fpu		: yes
fpu_exception	: yes
cpuid level	: 22
wp		: yes
flags		: fpu vme de pse tsc msr pae mce cx8 apic sep mtrr pge mca cmov pat pse36 clflush mmx fxsr sse sse2 ht syscall nx rdtscp lm constant_tsc rep_good nopl xtopology nonstop_tsc cpuid pni pclmulqdq ssse3 cx16 pcid sse4_1 sse4_2 x2apic movbe popcnt aes xsave avx rdrand hypervisor lahf_lm abm 3dnowprefetch invpcid_single pti fsgsbase avx2 invpcid rdseed clflushopt
bugs		: cpu_meltdown spectre_v1 spectre_v2 spec_store_bypass
bogomips	: 3600.00
clflush size	: 64
cache_alignment	: 64
address sizes	: 39 bits physical, 48 bits virtual
power management:

processor	: 1
vendor_id	: GenuineIntel
cpu family	: 6
model		: 142
model name	: Intel(R) Core(TM) i5-8250U CPU @ 1.60GHz
stepping	: 10
cpu MHz		: 1800.000
cache size	: 6144 KB
physical id	: 0
siblings	: 4
core id		: 1
cpu cores	: 4
apicid		: 1
initial apicid	: 1
fpu		: yes
fpu_exception	: yes
cpuid level	: 22
wp		: yes
flags		: fpu vme de pse tsc msr pae mce cx8 apic sep mtrr pge mca cmov pat pse36 clflush mmx fxsr sse sse2 ht syscall nx rdtscp lm constant_tsc rep_good nopl xtopology nonstop_tsc cpuid pni pclmulqdq ssse3 cx16 pcid sse4_1 sse4_2 x2apic movbe popcnt aes xsave avx rdrand hypervisor lahf_lm abm 3dnowprefetch invpcid_single pti fsgsbase avx2 invpcid rdseed clflushopt
bugs		: cpu_meltdown spectre_v1 spectre_v2 spec_store_bypass
bogomips	: 3600.00
clflush size	: 64
cache_alignment	: 64
address sizes	: 39 bits physical, 48 bits virtual
power management:

processor	: 2
vendor_id	: GenuineIntel
cpu family	: 6
model		: 142
model name	: Intel(R) Core(TM) i5-8250U CPU @ 1.60GHz
stepping	: 10
cpu MHz		: 1800.000
cache size	: 6144 KB
physical id	: 0
siblings	: 4
core id		: 2
cpu cores	: 4
apicid		: 2
initial apicid	: 2
fpu		: yes
fpu_exception	: yes
cpuid level	: 22
wp		: yes
flags		: fpu vme de pse tsc msr pae mce cx8 apic sep mtrr pge mca cmov pat pse36 clflush mmx fxsr sse sse2 ht syscall nx rdtscp lm constant_tsc rep_good nopl xtopology nonstop_tsc cpuid pni pclmulqdq ssse3 cx16 pcid sse4_1 sse4_2 x2apic movbe popcnt aes xsave avx rdrand hypervisor lahf_lm abm 3dnowprefetch invpcid_single pti fsgsbase avx2 invpcid rdseed clflushopt
bugs		: cpu_meltdown spectre_v1 spectre_v2 spec_store_bypass
bogomips	: 3600.00
clflush size	: 64
cache_alignment	: 64
address sizes	: 39 bits physical, 48 bits virtual
power management:

processor	: 3
vendor_id	: GenuineIntel
cpu family	: 6
model		: 142
model name	: Intel(R) Core(TM) i5-8250U CPU @ 1.60GHz
stepping	: 10
cpu MHz		: 1800.000
cache size	: 6144 KB
physical id	: 0
siblings	: 4
core id		: 3
cpu cores	: 4
apicid		: 3
initial apicid	: 3
fpu		: yes
fpu_exception	: yes
cpuid level	: 22
wp		: yes
flags		: fpu vme de pse tsc msr pae mce cx8 apic sep mtrr pge mca cmov pat pse36 clflush mmx fxsr sse sse2 ht syscall nx rdtscp lm constant_tsc rep_good nopl xtopology nonstop_tsc cpuid pni pclmulqdq ssse3 cx16 pcid sse4_1 sse4_2 x2apic movbe popcnt aes xsave avx rdrand hypervisor lahf_lm abm 3dnowprefetch invpcid_single pti fsgsbase avx2 invpcid rdseed clflushopt
bugs		: cpu_meltdown spectre_v1 spectre_v2 spec_store_bypass
bogomips	: 3600.00
clflush size	: 64
cache_alignment	: 64
address sizes	: 39 bits physical, 48 bits virtual
power management:



Memory: 4k page, physical 5036544k(96240k free), swap 998396k(0k free)

vm_info: OpenJDK 64-Bit Server VM (25.222-b10) for linux-amd64 JRE (1.8.0_222-8u222-b10-1ubuntu1~16.04.1-b10), built on Jul 18 2019 20:25:18 by "buildd" with gcc 5.4.0 20160609

time: Wed Nov 20 00:10:49 2019
timezone: KST
elapsed time: 9 seconds (0d 0h 0m 9s)

