#
# There is insufficient memory for the Java Runtime Environment to continue.
# Native memory allocation (mmap) failed to map 97517568 bytes for committing reserved memory.
# Possible reasons:
#   The system is out of physical RAM or swap space
#   The process is running with CompressedOops enabled, and the Java Heap may be blocking the growth of the native heap
# Possible solutions:
#   Reduce memory load on the system
#   Increase physical memory or swap space
#   Check if swap backing store is full
#   Decrease Java heap size (-Xmx/-Xms)
#   Decrease number of Java threads
#   Decrease Java thread stack sizes (-Xss)
#   Set larger code cache with -XX:ReservedCodeCacheSize=
#   JVM is running with Unscaled Compressed Oops mode in which the Java heap is
#     placed in the first 4GB address space. The Java Heap base address is the
#     maximum limit for the native heap growth. Please use -XX:HeapBaseMinAddress
#     to set the Java Heap base and to place the Java Heap above 4GB virtual address.
# This output file may be truncated or incomplete.
#
#  Out of Memory Error (os_linux.cpp:2757), pid=5547, tid=0x00007fc93c205700
#
# JRE version: OpenJDK Runtime Environment (8.0_222-b10) (build 1.8.0_222-8u222-b10-1ubuntu1~16.04.1-b10)
# Java VM: OpenJDK 64-Bit Server VM (25.222-b10 mixed mode linux-amd64 compressed oops)
# Failed to write core dump. Core dumps have been disabled. To enable core dumping, try "ulimit -c unlimited" before starting Java again
#

---------------  T H R E A D  ---------------

Current thread (0x00007fc938078000):  VMThread [stack: 0x00007fc93c105000,0x00007fc93c206000] [id=5557]

Stack: [0x00007fc93c105000,0x00007fc93c206000],  sp=0x00007fc93c2044e0,  free space=1021k
Native frames: (J=compiled Java code, j=interpreted, Vv=VM code, C=native code)
V  [libjvm.so+0xa7787b]
V  [libjvm.so+0x4caa8c]
V  [libjvm.so+0x8c5da8]
V  [libjvm.so+0x8bd3ee]
V  [libjvm.so+0x93b476]
V  [libjvm.so+0x93c7a3]
V  [libjvm.so+0x938e84]
V  [libjvm.so+0x93911c]
V  [libjvm.so+0x8eaa73]
V  [libjvm.so+0xa79532]
V  [libjvm.so+0xa7e587]
V  [libjvm.so+0xa7bde7]
V  [libjvm.so+0xa7d0cf]
V  [libjvm.so+0xa7d5f2]
V  [libjvm.so+0x8c3102]

VM_Operation (0x00007fc8eecbea60): ParallelGCFailedAllocation, mode: safepoint, requested by thread 0x00007fc8e0002800


---------------  P R O C E S S  ---------------

Java Threads: ( => current thread )
  0x00007fc8d00fb000 JavaThread "TimerQueue" daemon [_thread_blocked, id=5577, stack(0x00007fc8eefc4000,0x00007fc8ef0c5000)]
  0x00007fc8d004e000 JavaThread "Image Fetcher 0" daemon [_thread_blocked, id=5576, stack(0x00007fc8ef0c5000,0x00007fc8ef1c6000)]
  0x00007fc9382ab800 JavaThread "Timer-0" daemon [_thread_blocked, id=5574, stack(0x00007fc8eeac1000,0x00007fc8eebc2000)]
  0x00007fc8e0002800 JavaThread "AWT-EventQueue-0" [_thread_blocked, id=5571, stack(0x00007fc8eebc2000,0x00007fc8eecc3000)]
  0x00007fc93829f000 JavaThread "AWT-Shutdown" [_thread_blocked, id=5570, stack(0x00007fc8eecc3000,0x00007fc8eedc4000)]
  0x00007fc93822f800 JavaThread "AWT-XAWT" daemon [_thread_blocked, id=5567, stack(0x00007fc8ef1c6000,0x00007fc8ef2c7000)]
  0x00007fc938211000 JavaThread "Java2D Disposer" daemon [_thread_blocked, id=5566, stack(0x00007fc9180c9000,0x00007fc9181ca000)]
  0x00007fc9380c1000 JavaThread "Service Thread" daemon [_thread_blocked, id=5564, stack(0x00007fc91978e000,0x00007fc91988f000)]
  0x00007fc9380be000 JavaThread "C1 CompilerThread2" daemon [_thread_blocked, id=5563, stack(0x00007fc91988f000,0x00007fc919990000)]
  0x00007fc9380bc000 JavaThread "C2 CompilerThread1" daemon [_thread_blocked, id=5562, stack(0x00007fc9280fd000,0x00007fc9281fe000)]
  0x00007fc9380b9000 JavaThread "C2 CompilerThread0" daemon [_thread_blocked, id=5561, stack(0x00007fc9281fe000,0x00007fc9282ff000)]
  0x00007fc9380b7800 JavaThread "Signal Dispatcher" daemon [_thread_blocked, id=5560, stack(0x00007fc9282ff000,0x00007fc928400000)]
  0x00007fc938084800 JavaThread "Finalizer" daemon [_thread_blocked, id=5559, stack(0x00007fc928eff000,0x00007fc929000000)]
  0x00007fc938082000 JavaThread "Reference Handler" daemon [_thread_blocked, id=5558, stack(0x00007fc93c004000,0x00007fc93c105000)]
  0x00007fc93800a800 JavaThread "main" [_thread_blocked, id=5552, stack(0x00007fc941fd2000,0x00007fc9420d3000)]

Other Threads:
=>0x00007fc938078000 VMThread [stack: 0x00007fc93c105000,0x00007fc93c206000] [id=5557]
  0x00007fc9380c3800 WatcherThread [stack: 0x00007fc91968d000,0x00007fc91978e000] [id=5565]

VM state:at safepoint (normal execution)

VM Mutex/Monitor currently owned by a thread:  ([mutex/lock_event])
[0x00007fc938006fd0] Threads_lock - owner thread: 0x00007fc938078000
[0x00007fc9380074d0] Heap_lock - owner thread: 0x00007fc8e0002800

heap address: 0x00000000b3200000, size: 1230 MB, Compressed Oops mode: 32-bit
Narrow klass base: 0x0000000000000000, Narrow klass shift: 3
Compressed class space size: 1073741824 Address: 0x0000000100000000

Heap:
 PSYoungGen      total 34304K, used 494K [0x00000000e6600000, 0x00000000e8e00000, 0x0000000100000000)
  eden space 31232K, 0% used [0x00000000e6600000,0x00000000e6600000,0x00000000e8480000)
  from space 3072K, 16% used [0x00000000e8480000,0x00000000e84fb920,0x00000000e8780000)
  to   space 3072K, 0% used [0x00000000e8780000,0x00000000e8780000,0x00000000e8a80000)
 ParOldGen       total 83456K, used 12509K [0x00000000b3200000, 0x00000000b8380000, 0x00000000e6600000)
  object space 83456K, 14% used [0x00000000b3200000,0x00000000b3e37638,0x00000000b8380000)
 Metaspace       used 13666K, capacity 13872K, committed 14208K, reserved 1062912K
  class space    used 1471K, capacity 1546K, committed 1664K, reserved 1048576K

Card table byte_map: [0x00007fc93e411000,0x00007fc93e679000] byte_map_base: 0x00007fc93de78000

Marking Bits: (ParMarkBitMap*) 0x00007fc94129a540
 Begin Bits: [0x00007fc919990000, 0x00007fc91acc8000)
 End Bits:   [0x00007fc91acc8000, 0x00007fc91c000000)

Polling page: 0x00007fc9420ed000

CodeCache: size=245760Kb used=5196Kb max_used=5198Kb free=240563Kb
 bounds [0x00007fc929000000, 0x00007fc929520000, 0x00007fc938000000]
 total_blobs=2000 nmethods=1437 adapters=477
 compilation: enabled

Compilation events (10 events):
Event: 9.600 Thread 0x00007fc9380be000 nmethod 1438 0x00007fc9294ed950 code [0x00007fc9294edac0, 0x00007fc9294edc48]
Event: 9.609 Thread 0x00007fc9380be000 1440       3       sun.java2d.xr.GrowableIntArray::clear (6 bytes)
Event: 9.610 Thread 0x00007fc9380be000 nmethod 1440 0x00007fc929513a50 code [0x00007fc929513ba0, 0x00007fc929513cf0]
Event: 9.617 Thread 0x00007fc9380b9000 nmethod 1418 0x00007fc929516410 code [0x00007fc9295165e0, 0x00007fc929516da8]
Event: 9.624 Thread 0x00007fc9380be000 1441       3       sun.java2d.xr.GrowableEltArray::getCharCnt (13 bytes)
Event: 9.625 Thread 0x00007fc9380be000 nmethod 1441 0x00007fc929515f50 code [0x00007fc9295160c0, 0x00007fc929516310]
Event: 9.625 Thread 0x00007fc9380be000 1442       3       com.ok.ai.Tetris::pieceLegal (138 bytes)
Event: 9.626 Thread 0x00007fc9380be000 nmethod 1442 0x00007fc9294eec90 code [0x00007fc9294eee60, 0x00007fc9294ef4f0]
Event: 9.641 Thread 0x00007fc9380be000 1443       3       java.util.concurrent.locks.LockSupport::setBlocker (12 bytes)
Event: 9.641 Thread 0x00007fc9380be000 nmethod 1443 0x00007fc9294ee990 code [0x00007fc9294eeae0, 0x00007fc9294eec30]

GC Heap History (10 events):
Event: 2.421 GC heap after
Heap after GC invocations=1 (full 0):
 PSYoungGen      total 23552K, used 3041K [0x00000000e6600000, 0x00000000e8000000, 0x0000000100000000)
  eden space 20480K, 0% used [0x00000000e6600000,0x00000000e6600000,0x00000000e7a00000)
  from space 3072K, 99% used [0x00000000e7a00000,0x00000000e7cf8620,0x00000000e7d00000)
  to   space 3072K, 0% used [0x00000000e7d00000,0x00000000e7d00000,0x00000000e8000000)
 ParOldGen       total 53248K, used 8124K [0x00000000b3200000, 0x00000000b6600000, 0x00000000e6600000)
  object space 53248K, 15% used [0x00000000b3200000,0x00000000b39ef010,0x00000000b6600000)
 Metaspace       used 8157K, capacity 8364K, committed 8448K, reserved 1056768K
  class space    used 902K, capacity 996K, committed 1024K, reserved 1048576K
}
Event: 4.257 GC heap before
{Heap before GC invocations=2 (full 0):
 PSYoungGen      total 23552K, used 23521K [0x00000000e6600000, 0x00000000e8000000, 0x0000000100000000)
  eden space 20480K, 100% used [0x00000000e6600000,0x00000000e7a00000,0x00000000e7a00000)
  from space 3072K, 99% used [0x00000000e7a00000,0x00000000e7cf8620,0x00000000e7d00000)
  to   space 3072K, 0% used [0x00000000e7d00000,0x00000000e7d00000,0x00000000e8000000)
 ParOldGen       total 53248K, used 8124K [0x00000000b3200000, 0x00000000b6600000, 0x00000000e6600000)
  object space 53248K, 15% used [0x00000000b3200000,0x00000000b39ef010,0x00000000b6600000)
 Metaspace       used 12522K, capacity 12678K, committed 13056K, reserved 1060864K
  class space    used 1377K, capacity 1449K, committed 1536K, reserved 1048576K
Event: 4.274 GC heap after
Heap after GC invocations=2 (full 0):
 PSYoungGen      total 23552K, used 3064K [0x00000000e6600000, 0x00000000e8000000, 0x0000000100000000)
  eden space 20480K, 0% used [0x00000000e6600000,0x00000000e6600000,0x00000000e7a00000)
  from space 3072K, 99% used [0x00000000e7d00000,0x00000000e7ffe180,0x00000000e8000000)
  to   space 3072K, 0% used [0x00000000e7a00000,0x00000000e7a00000,0x00000000e7d00000)
 ParOldGen       total 53248K, used 41941K [0x00000000b3200000, 0x00000000b6600000, 0x00000000e6600000)
  object space 53248K, 78% used [0x00000000b3200000,0x00000000b5af5630,0x00000000b6600000)
 Metaspace       used 12522K, capacity 12678K, committed 13056K, reserved 1060864K
  class space    used 1377K, capacity 1449K, committed 1536K, reserved 1048576K
}
Event: 4.274 GC heap before
{Heap before GC invocations=3 (full 1):
 PSYoungGen      total 23552K, used 3064K [0x00000000e6600000, 0x00000000e8000000, 0x0000000100000000)
  eden space 20480K, 0% used [0x00000000e6600000,0x00000000e6600000,0x00000000e7a00000)
  from space 3072K, 99% used [0x00000000e7d00000,0x00000000e7ffe180,0x00000000e8000000)
  to   space 3072K, 0% used [0x00000000e7a00000,0x00000000e7a00000,0x00000000e7d00000)
 ParOldGen       total 53248K, used 41941K [0x00000000b3200000, 0x00000000b6600000, 0x00000000e6600000)
  object space 53248K, 78% used [0x00000000b3200000,0x00000000b5af5630,0x00000000b6600000)
 Metaspace       used 12522K, capacity 12678K, committed 13056K, reserved 1060864K
  class space    used 1377K, capacity 1449K, committed 1536K, reserved 1048576K
Event: 4.301 GC heap after
Heap after GC invocations=3 (full 1):
 PSYoungGen      total 23552K, used 0K [0x00000000e6600000, 0x00000000e8000000, 0x0000000100000000)
  eden space 20480K, 0% used [0x00000000e6600000,0x00000000e6600000,0x00000000e7a00000)
  from space 3072K, 0% used [0x00000000e7d00000,0x00000000e7d00000,0x00000000e8000000)
  to   space 3072K, 0% used [0x00000000e7a00000,0x00000000e7a00000,0x00000000e7d00000)
 ParOldGen       total 83456K, used 12509K [0x00000000b3200000, 0x00000000b8380000, 0x00000000e6600000)
  object space 83456K, 14% used [0x00000000b3200000,0x00000000b3e37638,0x00000000b8380000)
 Metaspace       used 12522K, capacity 12678K, committed 13056K, reserved 1060864K
  class space    used 1377K, capacity 1449K, committed 1536K, reserved 1048576K
}
Event: 9.319 GC heap before
{Heap before GC invocations=4 (full 1):
 PSYoungGen      total 23552K, used 20475K [0x00000000e6600000, 0x00000000e8000000, 0x0000000100000000)
  eden space 20480K, 99% used [0x00000000e6600000,0x00000000e79fef30,0x00000000e7a00000)
  from space 3072K, 0% used [0x00000000e7d00000,0x00000000e7d00000,0x00000000e8000000)
  to   space 3072K, 0% used [0x00000000e7a00000,0x00000000e7a00000,0x00000000e7d00000)
 ParOldGen       total 83456K, used 12509K [0x00000000b3200000, 0x00000000b8380000, 0x00000000e6600000)
  object space 83456K, 14% used [0x00000000b3200000,0x00000000b3e37638,0x00000000b8380000)
 Metaspace       used 13569K, capacity 13808K, committed 14208K, reserved 1062912K
  class space    used 1463K, capacity 1546K, committed 1664K, reserved 1048576K
Event: 9.346 GC heap after
Heap after GC invocations=4 (full 1):
 PSYoungGen      total 23552K, used 563K [0x00000000e6600000, 0x00000000e8a80000, 0x0000000100000000)
  eden space 20480K, 0% used [0x00000000e6600000,0x00000000e6600000,0x00000000e7a00000)
  from space 3072K, 18% used [0x00000000e7a00000,0x00000000e7a8cf80,0x00000000e7d00000)
  to   space 3072K, 0% used [0x00000000e8780000,0x00000000e8780000,0x00000000e8a80000)
 ParOldGen       total 83456K, used 12509K [0x00000000b3200000, 0x00000000b8380000, 0x00000000e6600000)
  object space 83456K, 14% used [0x00000000b3200000,0x00000000b3e37638,0x00000000b8380000)
 Metaspace       used 13569K, capacity 13808K, committed 14208K, reserved 1062912K
  class space    used 1463K, capacity 1546K, committed 1664K, reserved 1048576K
}
Event: 9.533 GC heap before
{Heap before GC invocations=5 (full 1):
 PSYoungGen      total 23552K, used 21043K [0x00000000e6600000, 0x00000000e8a80000, 0x0000000100000000)
  eden space 20480K, 100% used [0x00000000e6600000,0x00000000e7a00000,0x00000000e7a00000)
  from space 3072K, 18% used [0x00000000e7a00000,0x00000000e7a8cf80,0x00000000e7d00000)
  to   space 3072K, 0% used [0x00000000e8780000,0x00000000e8780000,0x00000000e8a80000)
 ParOldGen       total 83456K, used 12509K [0x00000000b3200000, 0x00000000b8380000, 0x00000000e6600000)
  object space 83456K, 14% used [0x00000000b3200000,0x00000000b3e37638,0x00000000b8380000)
 Metaspace       used 13651K, capacity 13872K, committed 14208K, reserved 1062912K
  class space    used 1471K, capacity 1546K, committed 1664K, reserved 1048576K
Event: 9.540 GC heap after
Heap after GC invocations=5 (full 1):
 PSYoungGen      total 34304K, used 494K [0x00000000e6600000, 0x00000000e8e00000, 0x0000000100000000)
  eden space 31232K, 0% used [0x00000000e6600000,0x00000000e6600000,0x00000000e8480000)
  from space 3072K, 16% used [0x00000000e8780000,0x00000000e87fb920,0x00000000e8a80000)
  to   space 3072K, 0% used [0x00000000e8480000,0x00000000e8480000,0x00000000e8780000)
 ParOldGen       total 83456K, used 12509K [0x00000000b3200000, 0x00000000b8380000, 0x00000000e6600000)
  object space 83456K, 14% used [0x00000000b3200000,0x00000000b3e37638,0x00000000b8380000)
 Metaspace       used 13651K, capacity 13872K, committed 14208K, reserved 1062912K
  class space    used 1471K, capacity 1546K, committed 1664K, reserved 1048576K
}
Event: 9.642 GC heap before
{Heap before GC invocations=6 (full 1):
 PSYoungGen      total 34304K, used 31720K [0x00000000e6600000, 0x00000000e8e00000, 0x0000000100000000)
  eden space 31232K, 99% used [0x00000000e6600000,0x00000000e847ead8,0x00000000e8480000)
  from space 3072K, 16% used [0x00000000e8780000,0x00000000e87fb920,0x00000000e8a80000)
  to   space 3072K, 0% used [0x00000000e8480000,0x00000000e8480000,0x00000000e8780000)
 ParOldGen       total 83456K, used 12509K [0x00000000b3200000, 0x00000000b8380000, 0x00000000e6600000)
  object space 83456K, 14% used [0x00000000b3200000,0x00000000b3e37638,0x00000000b8380000)
 Metaspace       used 13666K, capacity 13872K, committed 14208K, reserved 1062912K
  class space    used 1471K, capacity 1546K, committed 1664K, reserved 1048576K

Deoptimization events (10 events):
Event: 8.129 Thread 0x00007fc8e0002800 Uncommon trap: reason=unstable_if action=reinterpret pc=0x00007fc9293c456c method=sun.java2d.SunGraphics2D.validateColor()V @ 38
Event: 8.611 Thread 0x00007fc8e0002800 Uncommon trap: reason=unstable_if action=reinterpret pc=0x00007fc9294112ac method=java.awt.Component.getFont_NoClientCode()Ljava/awt/Font; @ 17
Event: 8.614 Thread 0x00007fc8e0002800 Uncommon trap: reason=unstable_if action=reinterpret pc=0x00007fc9293d961c method=java.awt.Component.getBackground()Ljava/awt/Color; @ 17
Event: 8.614 Thread 0x00007fc8e0002800 Uncommon trap: reason=unstable_if action=reinterpret pc=0x00007fc9293c4c6c method=java.awt.Component.getForeground()Ljava/awt/Color; @ 17
Event: 8.614 Thread 0x00007fc8e0002800 Uncommon trap: reason=unstable_if action=reinterpret pc=0x00007fc9293a9634 method=java.awt.Component.isShowing()Z @ 11
Event: 9.408 Thread 0x00007fc8e0002800 Uncommon trap: reason=unstable_if action=reinterpret pc=0x00007fc929489e28 method=sun.awt.image.SurfaceManager.getManager(Ljava/awt/Image;)Lsun/awt/image/SurfaceManager; @ 9
Event: 9.409 Thread 0x00007fc8e0002800 Uncommon trap: reason=unstable_if action=reinterpret pc=0x00007fc929401d78 method=sun.java2d.pipe.Region.isInsideXYXY(IIII)Z @ 13
Event: 9.505 Thread 0x00007fc8e0002800 Uncommon trap: reason=unstable_if action=reinterpret pc=0x00007fc9293b9148 method=sun.java2d.pipe.Region.isInsideXYXY(IIII)Z @ 13
Event: 9.564 Thread 0x00007fc8e0002800 Uncommon trap: reason=unstable_if action=reinterpret pc=0x00007fc9293af86c method=sun.java2d.pipe.Region.isInsideXYXY(IIII)Z @ 13
Event: 9.622 Thread 0x00007fc8e0002800 Uncommon trap: reason=unstable_if action=reinterpret pc=0x00007fc9293af060 method=sun.java2d.pipe.Region.isInsideXYXY(IIII)Z @ 13

Classes redefined (0 events):
No events

Internal exceptions (10 events):
Event: 1.890 Thread 0x00007fc93800a800 Exception <a 'java/io/FileNotFoundException'> (0x00000000e68392a8) thrown at [/build/openjdk-8-g3XteX/openjdk-8-8u222-b10/src/hotspot/src/share/vm/prims/jni.cpp, line 710]
Event: 1.890 Thread 0x00007fc93800a800 Exception <a 'java/io/FileNotFoundException'> (0x00000000e6839d20) thrown at [/build/openjdk-8-g3XteX/openjdk-8-8u222-b10/src/hotspot/src/share/vm/prims/jni.cpp, line 710]
Event: 1.942 Thread 0x00007fc93800a800 Exception <a 'java/lang/ClassNotFoundException': sun/dc/DuctusRenderingEngine> (0x00000000e68456e8) thrown at [/build/openjdk-8-g3XteX/openjdk-8-8u222-b10/src/hotspot/src/share/vm/classfile/systemDictionary.cpp, line 210]
Event: 2.140 Thread 0x00007fc93800a800 Implicit null exception at 0x00007fc92916eae2 to 0x00007fc92916ec9d
Event: 3.657 Thread 0x00007fc93800a800 Exception <a 'java/io/FileNotFoundException'> (0x00000000e74ed670) thrown at [/build/openjdk-8-g3XteX/openjdk-8-8u222-b10/src/hotspot/src/share/vm/prims/jni.cpp, line 710]
Event: 8.611 Thread 0x00007fc8e0002800 Implicit null exception at 0x00007fc929411258 to 0x00007fc9294112a2
Event: 8.614 Thread 0x00007fc8e0002800 Implicit null exception at 0x00007fc9293d9547 to 0x00007fc9293d9611
Event: 8.614 Thread 0x00007fc8e0002800 Implicit null exception at 0x00007fc9293c4c18 to 0x00007fc9293c4c62
Event: 8.906 Thread 0x00007fc8d004e000 Exception <a 'java/io/FileNotFoundException'> (0x00000000e712e140) thrown at [/build/openjdk-8-g3XteX/openjdk-8-8u222-b10/src/hotspot/src/share/vm/prims/jni.cpp, line 710]
Event: 9.408 Thread 0x00007fc8e0002800 Implicit null exception at 0x00007fc929482225 to 0x00007fc929489db1

Events (10 events):
Event: 9.578 Thread 0x00007fc8e0002800 DEOPT PACKING pc=0x00007fc92947b778 sp=0x00007fc8eecbed30
Event: 9.578 Thread 0x00007fc8e0002800 DEOPT UNPACKING pc=0x00007fc9290474c4 sp=0x00007fc8eecbea38 mode 0
Event: 9.582 Thread 0x00007fc8e0002800 DEOPT PACKING pc=0x00007fc92947b78f sp=0x00007fc8eecbeb60
Event: 9.582 Thread 0x00007fc8e0002800 DEOPT UNPACKING pc=0x00007fc9290474c4 sp=0x00007fc8eecbe868 mode 0
Event: 9.583 Thread 0x00007fc8e0002800 DEOPT PACKING pc=0x00007fc92947b78f sp=0x00007fc8eecbeb60
Event: 9.583 Thread 0x00007fc8e0002800 DEOPT UNPACKING pc=0x00007fc9290474c4 sp=0x00007fc8eecbe868 mode 0
Event: 9.622 Thread 0x00007fc8e0002800 Uncommon trap: trap_request=0xffffff65 fr.pc=0x00007fc9293af060
Event: 9.622 Thread 0x00007fc8e0002800 DEOPT PACKING pc=0x00007fc9293af060 sp=0x00007fc8eecbf310
Event: 9.622 Thread 0x00007fc8e0002800 DEOPT UNPACKING pc=0x00007fc92904547a sp=0x00007fc8eecbf2e0 mode 2
Event: 9.642 Executing VM operation: ParallelGCFailedAllocation


Dynamic libraries:
00400000-00401000 r-xp 00000000 08:01 796424                             /usr/lib/jvm/java-8-openjdk-amd64/jre/bin/java
00600000-00601000 r--p 00000000 08:01 796424                             /usr/lib/jvm/java-8-openjdk-amd64/jre/bin/java
00601000-00602000 rw-p 00001000 08:01 796424                             /usr/lib/jvm/java-8-openjdk-amd64/jre/bin/java
00aa7000-00ac8000 rw-p 00000000 00:00 0                                  [heap]
b3200000-b8380000 rw-p 00000000 00:00 0 
b8380000-e6600000 ---p 00000000 00:00 0 
e6600000-e8e00000 rw-p 00000000 00:00 0 
eeb00000-100000000 ---p 00000000 00:00 0 
100000000-1001a0000 rw-p 00000000 00:00 0 
1001a0000-140000000 ---p 00000000 00:00 0 
7fc8c4000000-7fc8c403a000 rw-p 00000000 00:00 0 
7fc8c403a000-7fc8c8000000 ---p 00000000 00:00 0 
7fc8cc000000-7fc8cc021000 rw-p 00000000 00:00 0 
7fc8cc021000-7fc8d0000000 ---p 00000000 00:00 0 
7fc8d0000000-7fc8d012b000 rw-p 00000000 00:00 0 
7fc8d012b000-7fc8d4000000 ---p 00000000 00:00 0 
7fc8d4fff000-7fc8d8000000 rw-p 00000000 00:00 0 
7fc8d8000000-7fc8d8051000 rw-p 00000000 00:00 0 
7fc8d8051000-7fc8dc000000 ---p 00000000 00:00 0 
7fc8dc000000-7fc8dc021000 rw-p 00000000 00:00 0 
7fc8dc021000-7fc8e0000000 ---p 00000000 00:00 0 
7fc8e0000000-7fc8e0022000 rw-p 00000000 00:00 0 
7fc8e0022000-7fc8e4000000 ---p 00000000 00:00 0 
7fc8e4000000-7fc8e40b6000 rw-p 00000000 00:00 0 
7fc8e40b6000-7fc8e8000000 ---p 00000000 00:00 0 
7fc8e8000000-7fc8e8021000 rw-p 00000000 00:00 0 
7fc8e8021000-7fc8ec000000 ---p 00000000 00:00 0 
7fc8ee0ea000-7fc8ee12a000 rw-p 00000000 00:00 0 
7fc8ee12a000-7fc8ee2ea000 ---p 00000000 00:00 0 
7fc8ee2ea000-7fc8ee4ea000 rw-p 00000000 00:00 0 
7fc8ee4ea000-7fc8ee4fb000 r-xp 00000000 08:01 796527                     /usr/lib/jvm/java-8-openjdk-amd64/jre/lib/amd64/libnio.so
7fc8ee4fb000-7fc8ee6fa000 ---p 00011000 08:01 796527                     /usr/lib/jvm/java-8-openjdk-amd64/jre/lib/amd64/libnio.so
7fc8ee6fa000-7fc8ee6fb000 r--p 00010000 08:01 796527                     /usr/lib/jvm/java-8-openjdk-amd64/jre/lib/amd64/libnio.so
7fc8ee6fb000-7fc8ee6fc000 rw-p 00011000 08:01 796527                     /usr/lib/jvm/java-8-openjdk-amd64/jre/lib/amd64/libnio.so
7fc8ee7a8000-7fc8ee7ab000 ---p 00000000 00:00 0 
7fc8ee7ab000-7fc8ee8a9000 rw-p 00000000 00:00 0 
7fc8ee8a9000-7fc8ee8bf000 r-xp 00000000 08:01 796509                     /usr/lib/jvm/java-8-openjdk-amd64/jre/lib/amd64/libnet.so
7fc8ee8bf000-7fc8eeabf000 ---p 00016000 08:01 796509                     /usr/lib/jvm/java-8-openjdk-amd64/jre/lib/amd64/libnet.so
7fc8eeabf000-7fc8eeac0000 r--p 00016000 08:01 796509                     /usr/lib/jvm/java-8-openjdk-amd64/jre/lib/amd64/libnet.so
7fc8eeac0000-7fc8eeac1000 rw-p 00017000 08:01 796509                     /usr/lib/jvm/java-8-openjdk-amd64/jre/lib/amd64/libnet.so
7fc8eeac1000-7fc8eeac4000 ---p 00000000 00:00 0 
7fc8eeac4000-7fc8eebc2000 rw-p 00000000 00:00 0 
7fc8eebc2000-7fc8eebc5000 ---p 00000000 00:00 0 
7fc8eebc5000-7fc8eecc3000 rw-p 00000000 00:00 0 
7fc8eecc3000-7fc8eecc6000 ---p 00000000 00:00 0 
7fc8eecc6000-7fc8eefc4000 rw-p 00000000 00:00 0 
7fc8eefc4000-7fc8eefc7000 ---p 00000000 00:00 0 
7fc8eefc7000-7fc8ef0c5000 rw-p 00000000 00:00 0 
7fc8ef0c5000-7fc8ef0c8000 ---p 00000000 00:00 0 
7fc8ef0c8000-7fc8ef1c6000 rw-p 00000000 00:00 0 
7fc8ef1c6000-7fc8ef1c9000 ---p 00000000 00:00 0 
7fc8ef1c9000-7fc8ef2c7000 rw-p 00000000 00:00 0 
7fc8ef2c7000-7fc8ef2cc000 r-xp 00000000 08:01 403189                     /usr/lib/x86_64-linux-gnu/libXfixes.so.3.1.0
7fc8ef2cc000-7fc8ef4cb000 ---p 00005000 08:01 403189                     /usr/lib/x86_64-linux-gnu/libXfixes.so.3.1.0
7fc8ef4cb000-7fc8ef4cc000 r--p 00004000 08:01 403189                     /usr/lib/x86_64-linux-gnu/libXfixes.so.3.1.0
7fc8ef4cc000-7fc8ef4cd000 rw-p 00005000 08:01 403189                     /usr/lib/x86_64-linux-gnu/libXfixes.so.3.1.0
7fc8ef4cd000-7fc8ef4d6000 r-xp 00000000 08:01 403181                     /usr/lib/x86_64-linux-gnu/libXcursor.so.1.0.2
7fc8ef4d6000-7fc8ef6d5000 ---p 00009000 08:01 403181                     /usr/lib/x86_64-linux-gnu/libXcursor.so.1.0.2
7fc8ef6d5000-7fc8ef6d6000 r--p 00008000 08:01 403181                     /usr/lib/x86_64-linux-gnu/libXcursor.so.1.0.2
7fc8ef6d6000-7fc8ef6d7000 rw-p 00009000 08:01 403181                     /usr/lib/x86_64-linux-gnu/libXcursor.so.1.0.2
7fc8ef6d7000-7fc8ef6fb000 r-xp 00000000 08:01 529103                     /lib/x86_64-linux-gnu/libpng12.so.0.54.0
7fc8ef6fb000-7fc8ef8fa000 ---p 00024000 08:01 529103                     /lib/x86_64-linux-gnu/libpng12.so.0.54.0
7fc8ef8fa000-7fc8ef8fb000 r--p 00023000 08:01 529103                     /lib/x86_64-linux-gnu/libpng12.so.0.54.0
7fc8ef8fb000-7fc8ef8fc000 rw-p 00024000 08:01 529103                     /lib/x86_64-linux-gnu/libpng12.so.0.54.0
7fc8ef8fc000-7fc8ef9a0000 r-xp 00000000 08:01 403612                     /usr/lib/x86_64-linux-gnu/libfreetype.so.6.12.1
7fc8ef9a0000-7fc8efb9f000 ---p 000a4000 08:01 403612                     /usr/lib/x86_64-linux-gnu/libfreetype.so.6.12.1
7fc8efb9f000-7fc8efba5000 r--p 000a3000 08:01 403612                     /usr/lib/x86_64-linux-gnu/libfreetype.so.6.12.1
7fc8efba5000-7fc8efba6000 rw-p 000a9000 08:01 403612                     /usr/lib/x86_64-linux-gnu/libfreetype.so.6.12.1
7fc8efba6000-7fc8efbf7000 r-xp 00000000 08:01 796505                     /usr/lib/jvm/java-8-openjdk-amd64/jre/lib/amd64/libfontmanager.so
7fc8efbf7000-7fc8efdf7000 ---p 00051000 08:01 796505                     /usr/lib/jvm/java-8-openjdk-amd64/jre/lib/amd64/libfontmanager.so
7fc8efdf7000-7fc8efdf9000 r--p 00051000 08:01 796505                     /usr/lib/jvm/java-8-openjdk-amd64/jre/lib/amd64/libfontmanager.so
7fc8efdf9000-7fc8efdfa000 rw-p 00053000 08:01 796505                     /usr/lib/jvm/java-8-openjdk-amd64/jre/lib/amd64/libfontmanager.so
7fc8efdfa000-7fc8efdff000 r-xp 00000000 08:01 403185                     /usr/lib/x86_64-linux-gnu/libXdmcp.so.6.0.0
7fc8efdff000-7fc8efffe000 ---p 00005000 08:01 403185                     /usr/lib/x86_64-linux-gnu/libXdmcp.so.6.0.0
7fc8efffe000-7fc8effff000 r--p 00004000 08:01 403185                     /usr/lib/x86_64-linux-gnu/libXdmcp.so.6.0.0
7fc8effff000-7fc8f0000000 rw-p 00005000 08:01 403185                     /usr/lib/x86_64-linux-gnu/libXdmcp.so.6.0.0
7fc8f0000000-7fc8f0021000 rw-p 00000000 00:00 0 
7fc8f0021000-7fc8f4000000 ---p 00000000 00:00 0 
7fc8f4000000-7fc8f4021000 rw-p 00000000 00:00 0 
7fc8f4021000-7fc8f8000000 ---p 00000000 00:00 0 
7fc8f8000000-7fc8f85bc000 rw-p 00000000 00:00 0 
7fc8f85bc000-7fc8fc000000 ---p 00000000 00:00 0 
7fc8fc000000-7fc8fdc50000 rw-p 00000000 00:00 0 
7fc8fdc50000-7fc900000000 ---p 00000000 00:00 0 
7fc900000000-7fc900021000 rw-p 00000000 00:00 0 
7fc900021000-7fc904000000 ---p 00000000 00:00 0 
7fc904000000-7fc9054e6000 rw-p 00000000 00:00 0 
7fc9054e6000-7fc908000000 ---p 00000000 00:00 0 
7fc908000000-7fc908021000 rw-p 00000000 00:00 0 
7fc908021000-7fc90c000000 ---p 00000000 00:00 0 
7fc90c000000-7fc90c021000 rw-p 00000000 00:00 0 
7fc90c021000-7fc910000000 ---p 00000000 00:00 0 
7fc910000000-7fc910080000 rw-p 00000000 00:00 0 
7fc910080000-7fc914000000 ---p 00000000 00:00 0 
7fc914000000-7fc914021000 rw-p 00000000 00:00 0 
7fc914021000-7fc918000000 ---p 00000000 00:00 0 
7fc918074000-7fc91809a000 rw-s 00000000 00:05 10780696                   /SYSV00000000 (deleted)
7fc91809a000-7fc9180a5000 r--s 00000000 08:01 1582834                    /var/cache/fontconfig/945677eb7aeaf62f1d50efc3fb3ec7d8-le64.cache-6
7fc9180a5000-7fc9180ae000 r--s 00000000 08:01 1582833                    /var/cache/fontconfig/a6d8cf8e4ec09cdbc8633c31745a07dd-le64.cache-6
7fc9180ae000-7fc9180b4000 r--s 00000000 08:01 1582816                    /var/cache/fontconfig/2cd17615ca594fa2959ae173292e504c-le64.cache-6
7fc9180b4000-7fc9180c9000 r--s 00000000 08:01 1582810                    /var/cache/fontconfig/04aabc0a78ac019cf9454389977116d2-le64.cache-6
7fc9180c9000-7fc9180cc000 ---p 00000000 00:00 0 
7fc9180cc000-7fc9181ca000 rw-p 00000000 00:00 0 
7fc9181ca000-7fc9181cc000 r-xp 00000000 08:01 403174                     /usr/lib/x86_64-linux-gnu/libXau.so.6.0.0
7fc9181cc000-7fc9183cc000 ---p 00002000 08:01 403174                     /usr/lib/x86_64-linux-gnu/libXau.so.6.0.0
7fc9183cc000-7fc9183cd000 r--p 00002000 08:01 403174                     /usr/lib/x86_64-linux-gnu/libXau.so.6.0.0
7fc9183cd000-7fc9183ce000 rw-p 00003000 08:01 403174                     /usr/lib/x86_64-linux-gnu/libXau.so.6.0.0
7fc9183ce000-7fc9183ef000 r-xp 00000000 08:01 404598                     /usr/lib/x86_64-linux-gnu/libxcb.so.1.1.0
7fc9183ef000-7fc9185ee000 ---p 00021000 08:01 404598                     /usr/lib/x86_64-linux-gnu/libxcb.so.1.1.0
7fc9185ee000-7fc9185ef000 r--p 00020000 08:01 404598                     /usr/lib/x86_64-linux-gnu/libxcb.so.1.1.0
7fc9185ef000-7fc9185f0000 rw-p 00021000 08:01 404598                     /usr/lib/x86_64-linux-gnu/libxcb.so.1.1.0
7fc9185f0000-7fc9185ff000 r-xp 00000000 08:01 403197                     /usr/lib/x86_64-linux-gnu/libXi.so.6.1.0
7fc9185ff000-7fc9187fe000 ---p 0000f000 08:01 403197                     /usr/lib/x86_64-linux-gnu/libXi.so.6.1.0
7fc9187fe000-7fc9187ff000 r--p 0000e000 08:01 403197                     /usr/lib/x86_64-linux-gnu/libXi.so.6.1.0
7fc9187ff000-7fc918800000 rw-p 0000f000 08:01 403197                     /usr/lib/x86_64-linux-gnu/libXi.so.6.1.0
7fc918800000-7fc918805000 r-xp 00000000 08:01 403215                     /usr/lib/x86_64-linux-gnu/libXtst.so.6.1.0
7fc918805000-7fc918a04000 ---p 00005000 08:01 403215                     /usr/lib/x86_64-linux-gnu/libXtst.so.6.1.0
7fc918a04000-7fc918a05000 r--p 00004000 08:01 403215                     /usr/lib/x86_64-linux-gnu/libXtst.so.6.1.0
7fc918a05000-7fc918a06000 rw-p 00005000 08:01 403215                     /usr/lib/x86_64-linux-gnu/libXtst.so.6.1.0
7fc918a06000-7fc918a0f000 r-xp 00000000 08:01 403209                     /usr/lib/x86_64-linux-gnu/libXrender.so.1.3.0
7fc918a0f000-7fc918c0e000 ---p 00009000 08:01 403209                     /usr/lib/x86_64-linux-gnu/libXrender.so.1.3.0
7fc918c0e000-7fc918c0f000 r--p 00008000 08:01 403209                     /usr/lib/x86_64-linux-gnu/libXrender.so.1.3.0
7fc918c0f000-7fc918c10000 rw-p 00009000 08:01 403209                     /usr/lib/x86_64-linux-gnu/libXrender.so.1.3.0
7fc918c10000-7fc918d45000 r-xp 00000000 08:01 412884                     /usr/lib/x86_64-linux-gnu/libX11.so.6.3.0
7fc918d45000-7fc918f45000 ---p 00135000 08:01 412884                     /usr/lib/x86_64-linux-gnu/libX11.so.6.3.0
7fc918f45000-7fc918f46000 r--p 00135000 08:01 412884                     /usr/lib/x86_64-linux-gnu/libX11.so.6.3.0
7fc918f46000-7fc918f4a000 rw-p 00136000 08:01 412884                     /usr/lib/x86_64-linux-gnu/libX11.so.6.3.0
7fc918f4a000-7fc918f5b000 r-xp 00000000 08:01 403187                     /usr/lib/x86_64-linux-gnu/libXext.so.6.4.0
7fc918f5b000-7fc91915a000 ---p 00011000 08:01 403187                     /usr/lib/x86_64-linux-gnu/libXext.so.6.4.0
7fc91915a000-7fc91915b000 r--p 00010000 08:01 403187                     /usr/lib/x86_64-linux-gnu/libXext.so.6.4.0
7fc91915b000-7fc91915c000 rw-p 00011000 08:01 403187                     /usr/lib/x86_64-linux-gnu/libXext.so.6.4.0
7fc91915c000-7fc9191b8000 r-xp 00000000 08:01 796520                     /usr/lib/jvm/java-8-openjdk-amd64/jre/lib/amd64/libawt_xawt.so
7fc9191b8000-7fc9193b7000 ---p 0005c000 08:01 796520                     /usr/lib/jvm/java-8-openjdk-amd64/jre/lib/amd64/libawt_xawt.so
7fc9193b7000-7fc9193b8000 r--p 0005b000 08:01 796520                     /usr/lib/jvm/java-8-openjdk-amd64/jre/lib/amd64/libawt_xawt.so
7fc9193b8000-7fc9193bb000 rw-p 0005c000 08:01 796520                     /usr/lib/jvm/java-8-openjdk-amd64/jre/lib/amd64/libawt_xawt.so
7fc9193bb000-7fc9193bd000 rw-p 00000000 00:00 0 
7fc9193bd000-7fc91945c000 r-xp 00000000 08:01 796521                     /usr/lib/jvm/java-8-openjdk-amd64/jre/lib/amd64/libawt.so
7fc91945c000-7fc91965c000 ---p 0009f000 08:01 796521                     /usr/lib/jvm/java-8-openjdk-amd64/jre/lib/amd64/libawt.so
7fc91965c000-7fc91965d000 r--p 0009f000 08:01 796521                     /usr/lib/jvm/java-8-openjdk-amd64/jre/lib/amd64/libawt.so
7fc91965d000-7fc919668000 rw-p 000a0000 08:01 796521                     /usr/lib/jvm/java-8-openjdk-amd64/jre/lib/amd64/libawt.so
7fc919668000-7fc91968d000 rw-p 00000000 00:00 0 
7fc91968d000-7fc91968e000 ---p 00000000 00:00 0 
7fc91968e000-7fc91978e000 rw-p 00000000 00:00 0 
7fc91978e000-7fc919791000 ---p 00000000 00:00 0 
7fc919791000-7fc91988f000 rw-p 00000000 00:00 0 
7fc91988f000-7fc919892000 ---p 00000000 00:00 0 
7fc919892000-7fc91c000000 rw-p 00000000 00:00 0 
7fc91c000000-7fc91c021000 rw-p 00000000 00:00 0 
7fc91c021000-7fc920000000 ---p 00000000 00:00 0 
7fc920000000-7fc920021000 rw-p 00000000 00:00 0 
7fc920021000-7fc924000000 ---p 00000000 00:00 0 
7fc924000000-7fc924021000 rw-p 00000000 00:00 0 
7fc924021000-7fc928000000 ---p 00000000 00:00 0 
7fc928000000-7fc928001000 r--s 00000000 08:01 1582813                    /var/cache/fontconfig/0d8c3b2ac0904cb8a57a757ad11a4a08-le64.cache-6
7fc928001000-7fc928002000 r--s 00000000 08:01 1582815                    /var/cache/fontconfig/1ac9eb803944fde146138c791f5cc56a-le64.cache-6
7fc928002000-7fc928006000 r--s 00000000 08:01 1582820                    /var/cache/fontconfig/385c0604a188198f04d133e54aba7fe7-le64.cache-6
7fc928006000-7fc928007000 r--s 00000000 08:01 1582847                    /var/cache/fontconfig/dc05db6664285cc2f12bf69c139ae4c3-le64.cache-6
7fc928007000-7fc92800a000 r--s 00000000 08:01 1582830                    /var/cache/fontconfig/767a8244fc0220cfb567a839d0392e0b-le64.cache-6
7fc92800a000-7fc92800b000 r--s 00000000 08:01 1582821                    /var/cache/fontconfig/4794a0821666d79190d59a36cb4f44b5-le64.cache-6
7fc92800b000-7fc928011000 r--s 00000000 08:01 1585052                    /var/cache/fontconfig/8801497958630a81b71ace7c5f9b32a8-le64.cache-6
7fc928011000-7fc928012000 r--s 00000000 08:01 1582840                    /var/cache/fontconfig/bab58bb527bb656aaa9f116d68a48d89-le64.cache-6
7fc928012000-7fc928019000 r--s 00000000 08:01 1582817                    /var/cache/fontconfig/3047814df9a2f067bd2d96a2b9c36e5a-le64.cache-6
7fc928019000-7fc92801a000 r--s 00000000 08:01 1582824                    /var/cache/fontconfig/56cf4f4769d0f4abc89a4895d7bd3ae1-le64.cache-6
7fc92801a000-7fc92801b000 r--s 00000000 08:01 1582839                    /var/cache/fontconfig/b9d506c9ac06c20b433354fa67a72993-le64.cache-6
7fc92801b000-7fc928021000 r--s 00000000 08:01 1582838                    /var/cache/fontconfig/b47c4e1ecd0709278f4910c18777a504-le64.cache-6
7fc928021000-7fc928034000 r--s 00000000 08:01 1582844                    /var/cache/fontconfig/d52a8644073d54c13679302ca1180695-le64.cache-6
7fc928034000-7fc92803f000 r--s 00000000 08:01 1585189                    /var/cache/fontconfig/d589a48862398ed80a3d6066f4f56f4c-le64.cache-6
7fc92803f000-7fc928042000 r--s 00000000 08:01 1582829                    /var/cache/fontconfig/75114ca45c98e8a441da0ff356701271-le64.cache-6
7fc928042000-7fc92804d000 r--s 00000000 08:01 1582832                    /var/cache/fontconfig/83bf95040141907cd45bb53cf7c1c148-le64.cache-6
7fc92804d000-7fc92805f000 r--s 00000000 08:01 1582836                    /var/cache/fontconfig/9b89f8e3dae116d678bbf48e5f21f69b-le64.cache-6
7fc92805f000-7fc928062000 r--s 00000000 08:01 1582848                    /var/cache/fontconfig/e13b20fdb08344e0e664864cc2ede53d-le64.cache-6
7fc928062000-7fc928066000 r--s 00000000 08:01 1569904                    /var/cache/fontconfig/7ef2298fde41cc6eeb7af42e48b7d293-le64.cache-6
7fc92807e000-7fc928091000 r--s 00346000 08:01 796545                     /usr/lib/jvm/java-8-openjdk-amd64/jre/lib/resources.jar
7fc928091000-7fc928098000 r--s 00000000 08:01 788975                     /usr/lib/x86_64-linux-gnu/gconv/gconv-modules.cache
7fc928098000-7fc9280bf000 r--p 00000000 08:01 1056088                    /usr/share/locale-langpack/ko/LC_MESSAGES/libc.mo
7fc9280bf000-7fc9280c2000 r--s 00039000 08:01 796485                     /usr/lib/jvm/java-8-openjdk-amd64/jre/lib/ext/sunpkcs11.jar
7fc9280c2000-7fc9280dd000 r--s 001d6000 08:01 796483                     /usr/lib/jvm/java-8-openjdk-amd64/jre/lib/ext/nashorn.jar
7fc9280dd000-7fc9280f8000 r--s 00394000 08:01 796486                     /usr/lib/jvm/java-8-openjdk-amd64/jre/lib/ext/cldrdata.jar
7fc9280f8000-7fc9280fd000 r--s 0003c000 08:01 796488                     /usr/lib/jvm/java-8-openjdk-amd64/jre/lib/ext/sunjce_provider.jar
7fc9280fd000-7fc928100000 ---p 00000000 00:00 0 
7fc928100000-7fc9281fe000 rw-p 00000000 00:00 0 
7fc9281fe000-7fc928201000 ---p 00000000 00:00 0 
7fc928201000-7fc9282ff000 rw-p 00000000 00:00 0 
7fc9282ff000-7fc928302000 ---p 00000000 00:00 0 
7fc928302000-7fc928400000 rw-p 00000000 00:00 0 
7fc928400000-7fc928eff000 r--p 00000000 08:01 401589                     /usr/lib/locale/locale-archive
7fc928eff000-7fc928f02000 ---p 00000000 00:00 0 
7fc928f02000-7fc929000000 rw-p 00000000 00:00 0 
7fc929000000-7fc929520000 rwxp 00000000 00:00 0 
7fc929520000-7fc938000000 ---p 00000000 00:00 0 
7fc938000000-7fc938347000 rw-p 00000000 00:00 0 
7fc938347000-7fc93c000000 ---p 00000000 00:00 0 
7fc93c000000-7fc93c001000 r--s 00000000 08:01 1582823                    /var/cache/fontconfig/551ecf3b0e8b0bca0f25c0944f561853-le64.cache-6
7fc93c001000-7fc93c004000 r--s 0000f000 08:01 796482                     /usr/lib/jvm/java-8-openjdk-amd64/jre/lib/ext/icedtea-sound.jar
7fc93c004000-7fc93c007000 ---p 00000000 00:00 0 
7fc93c007000-7fc93c105000 rw-p 00000000 00:00 0 
7fc93c105000-7fc93c106000 ---p 00000000 00:00 0 
7fc93c106000-7fc93d1c6000 rw-p 00000000 00:00 0 
7fc93d1c6000-7fc93d396000 r--s 03c5c000 08:01 796460                     /usr/lib/jvm/java-8-openjdk-amd64/jre/lib/rt.jar
7fc93d396000-7fc93de73000 rw-p 00000000 00:00 0 
7fc93de73000-7fc93de74000 ---p 00000000 00:00 0 
7fc93de74000-7fc93df74000 rw-p 00000000 00:00 0 
7fc93df74000-7fc93df75000 ---p 00000000 00:00 0 
7fc93df75000-7fc93e075000 rw-p 00000000 00:00 0 
7fc93e075000-7fc93e076000 ---p 00000000 00:00 0 
7fc93e076000-7fc93e176000 rw-p 00000000 00:00 0 
7fc93e176000-7fc93e177000 ---p 00000000 00:00 0 
7fc93e177000-7fc93e2a0000 rw-p 00000000 00:00 0 
7fc93e2a0000-7fc93e411000 ---p 00000000 00:00 0 
7fc93e411000-7fc93e43a000 rw-p 00000000 00:00 0 
7fc93e43a000-7fc93e5ab000 ---p 00000000 00:00 0 
7fc93e5ab000-7fc93e5bf000 rw-p 00000000 00:00 0 
7fc93e5bf000-7fc93e678000 ---p 00000000 00:00 0 
7fc93e678000-7fc93e68e000 rw-p 00000000 00:00 0 
7fc93e68e000-7fc93ea39000 ---p 00000000 00:00 0 
7fc93ea39000-7fc93ea41000 r-xp 00000000 08:01 796524                     /usr/lib/jvm/java-8-openjdk-amd64/jre/lib/amd64/libzip.so
7fc93ea41000-7fc93ec40000 ---p 00008000 08:01 796524                     /usr/lib/jvm/java-8-openjdk-amd64/jre/lib/amd64/libzip.so
7fc93ec40000-7fc93ec41000 r--p 00007000 08:01 796524                     /usr/lib/jvm/java-8-openjdk-amd64/jre/lib/amd64/libzip.so
7fc93ec41000-7fc93ec42000 rw-p 00008000 08:01 796524                     /usr/lib/jvm/java-8-openjdk-amd64/jre/lib/amd64/libzip.so
7fc93ec42000-7fc93ec4d000 r-xp 00000000 08:01 529061                     /lib/x86_64-linux-gnu/libnss_files-2.23.so
7fc93ec4d000-7fc93ee4c000 ---p 0000b000 08:01 529061                     /lib/x86_64-linux-gnu/libnss_files-2.23.so
7fc93ee4c000-7fc93ee4d000 r--p 0000a000 08:01 529061                     /lib/x86_64-linux-gnu/libnss_files-2.23.so
7fc93ee4d000-7fc93ee4e000 rw-p 0000b000 08:01 529061                     /lib/x86_64-linux-gnu/libnss_files-2.23.so
7fc93ee4e000-7fc93ee54000 rw-p 00000000 00:00 0 
7fc93ee54000-7fc93ee5f000 r-xp 00000000 08:01 529071                     /lib/x86_64-linux-gnu/libnss_nis-2.23.so
7fc93ee5f000-7fc93f05e000 ---p 0000b000 08:01 529071                     /lib/x86_64-linux-gnu/libnss_nis-2.23.so
7fc93f05e000-7fc93f05f000 r--p 0000a000 08:01 529071                     /lib/x86_64-linux-gnu/libnss_nis-2.23.so
7fc93f05f000-7fc93f060000 rw-p 0000b000 08:01 529071                     /lib/x86_64-linux-gnu/libnss_nis-2.23.so
7fc93f060000-7fc93f076000 r-xp 00000000 08:01 529055                     /lib/x86_64-linux-gnu/libnsl-2.23.so
7fc93f076000-7fc93f275000 ---p 00016000 08:01 529055                     /lib/x86_64-linux-gnu/libnsl-2.23.so
7fc93f275000-7fc93f276000 r--p 00015000 08:01 529055                     /lib/x86_64-linux-gnu/libnsl-2.23.so
7fc93f276000-7fc93f277000 rw-p 00016000 08:01 529055                     /lib/x86_64-linux-gnu/libnsl-2.23.so
7fc93f277000-7fc93f279000 rw-p 00000000 00:00 0 
7fc93f279000-7fc93f281000 r-xp 00000000 08:01 529057                     /lib/x86_64-linux-gnu/libnss_compat-2.23.so
7fc93f281000-7fc93f480000 ---p 00008000 08:01 529057                     /lib/x86_64-linux-gnu/libnss_compat-2.23.so
7fc93f480000-7fc93f481000 r--p 00007000 08:01 529057                     /lib/x86_64-linux-gnu/libnss_compat-2.23.so
7fc93f481000-7fc93f482000 rw-p 00008000 08:01 529057                     /lib/x86_64-linux-gnu/libnss_compat-2.23.so
7fc93f482000-7fc93f4ab000 r-xp 00000000 08:01 796508                     /usr/lib/jvm/java-8-openjdk-amd64/jre/lib/amd64/libjava.so
7fc93f4ab000-7fc93f6aa000 ---p 00029000 08:01 796508                     /usr/lib/jvm/java-8-openjdk-amd64/jre/lib/amd64/libjava.so
7fc93f6aa000-7fc93f6ab000 r--p 00028000 08:01 796508                     /usr/lib/jvm/java-8-openjdk-amd64/jre/lib/amd64/libjava.so
7fc93f6ab000-7fc93f6ad000 rw-p 00029000 08:01 796508                     /usr/lib/jvm/java-8-openjdk-amd64/jre/lib/amd64/libjava.so
7fc93f6ad000-7fc93f6bc000 r-xp 00000000 08:01 796526                     /usr/lib/jvm/java-8-openjdk-amd64/jre/lib/amd64/libverify.so
7fc93f6bc000-7fc93f8bb000 ---p 0000f000 08:01 796526                     /usr/lib/jvm/java-8-openjdk-amd64/jre/lib/amd64/libverify.so
7fc93f8bb000-7fc93f8bd000 r--p 0000e000 08:01 796526                     /usr/lib/jvm/java-8-openjdk-amd64/jre/lib/amd64/libverify.so
7fc93f8bd000-7fc93f8be000 rw-p 00010000 08:01 796526                     /usr/lib/jvm/java-8-openjdk-amd64/jre/lib/amd64/libverify.so
7fc93f8be000-7fc93f8c5000 r-xp 00000000 08:01 529116                     /lib/x86_64-linux-gnu/librt-2.23.so
7fc93f8c5000-7fc93fac4000 ---p 00007000 08:01 529116                     /lib/x86_64-linux-gnu/librt-2.23.so
7fc93fac4000-7fc93fac5000 r--p 00006000 08:01 529116                     /lib/x86_64-linux-gnu/librt-2.23.so
7fc93fac5000-7fc93fac6000 rw-p 00007000 08:01 529116                     /lib/x86_64-linux-gnu/librt-2.23.so
7fc93fac6000-7fc93fadc000 r-xp 00000000 08:01 529000                     /lib/x86_64-linux-gnu/libgcc_s.so.1
7fc93fadc000-7fc93fcdb000 ---p 00016000 08:01 529000                     /lib/x86_64-linux-gnu/libgcc_s.so.1
7fc93fcdb000-7fc93fcdc000 rw-p 00015000 08:01 529000                     /lib/x86_64-linux-gnu/libgcc_s.so.1
7fc93fcdc000-7fc93fde4000 r-xp 00000000 08:01 529032                     /lib/x86_64-linux-gnu/libm-2.23.so
7fc93fde4000-7fc93ffe3000 ---p 00108000 08:01 529032                     /lib/x86_64-linux-gnu/libm-2.23.so
7fc93ffe3000-7fc93ffe4000 r--p 00107000 08:01 529032                     /lib/x86_64-linux-gnu/libm-2.23.so
7fc93ffe4000-7fc93ffe5000 rw-p 00108000 08:01 529032                     /lib/x86_64-linux-gnu/libm-2.23.so
7fc93ffe5000-7fc940157000 r-xp 00000000 08:01 404347                     /usr/lib/x86_64-linux-gnu/libstdc++.so.6.0.21
7fc940157000-7fc940357000 ---p 00172000 08:01 404347                     /usr/lib/x86_64-linux-gnu/libstdc++.so.6.0.21
7fc940357000-7fc940361000 r--p 00172000 08:01 404347                     /usr/lib/x86_64-linux-gnu/libstdc++.so.6.0.21
7fc940361000-7fc940363000 rw-p 0017c000 08:01 404347                     /usr/lib/x86_64-linux-gnu/libstdc++.so.6.0.21
7fc940363000-7fc940367000 rw-p 00000000 00:00 0 
7fc940367000-7fc940fcb000 r-xp 00000000 08:01 796537                     /usr/lib/jvm/java-8-openjdk-amd64/jre/lib/amd64/server/libjvm.so
7fc940fcb000-7fc9411ca000 ---p 00c64000 08:01 796537                     /usr/lib/jvm/java-8-openjdk-amd64/jre/lib/amd64/server/libjvm.so
7fc9411ca000-7fc94125e000 r--p 00c63000 08:01 796537                     /usr/lib/jvm/java-8-openjdk-amd64/jre/lib/amd64/server/libjvm.so
7fc94125e000-7fc941287000 rw-p 00cf7000 08:01 796537                     /usr/lib/jvm/java-8-openjdk-amd64/jre/lib/amd64/server/libjvm.so
7fc941287000-7fc9412b7000 rw-p 00000000 00:00 0 
7fc9412b7000-7fc9412cf000 r-xp 00000000 08:01 529108                     /lib/x86_64-linux-gnu/libpthread-2.23.so
7fc9412cf000-7fc9414ce000 ---p 00018000 08:01 529108                     /lib/x86_64-linux-gnu/libpthread-2.23.so
7fc9414ce000-7fc9414cf000 r--p 00017000 08:01 529108                     /lib/x86_64-linux-gnu/libpthread-2.23.so
7fc9414cf000-7fc9414d0000 rw-p 00018000 08:01 529108                     /lib/x86_64-linux-gnu/libpthread-2.23.so
7fc9414d0000-7fc9414d4000 rw-p 00000000 00:00 0 
7fc9414d4000-7fc9414d7000 r-xp 00000000 08:01 528986                     /lib/x86_64-linux-gnu/libdl-2.23.so
7fc9414d7000-7fc9416d6000 ---p 00003000 08:01 528986                     /lib/x86_64-linux-gnu/libdl-2.23.so
7fc9416d6000-7fc9416d7000 r--p 00002000 08:01 528986                     /lib/x86_64-linux-gnu/libdl-2.23.so
7fc9416d7000-7fc9416d8000 rw-p 00003000 08:01 528986                     /lib/x86_64-linux-gnu/libdl-2.23.so
7fc9416d8000-7fc9416f1000 r-xp 00000000 08:01 529153                     /lib/x86_64-linux-gnu/libz.so.1.2.8
7fc9416f1000-7fc9418f0000 ---p 00019000 08:01 529153                     /lib/x86_64-linux-gnu/libz.so.1.2.8
7fc9418f0000-7fc9418f1000 r--p 00018000 08:01 529153                     /lib/x86_64-linux-gnu/libz.so.1.2.8
7fc9418f1000-7fc9418f2000 rw-p 00019000 08:01 529153                     /lib/x86_64-linux-gnu/libz.so.1.2.8
7fc9418f2000-7fc941ab2000 r-xp 00000000 08:01 528962                     /lib/x86_64-linux-gnu/libc-2.23.so
7fc941ab2000-7fc941cb2000 ---p 001c0000 08:01 528962                     /lib/x86_64-linux-gnu/libc-2.23.so
7fc941cb2000-7fc941cb6000 r--p 001c0000 08:01 528962                     /lib/x86_64-linux-gnu/libc-2.23.so
7fc941cb6000-7fc941cb8000 rw-p 001c4000 08:01 528962                     /lib/x86_64-linux-gnu/libc-2.23.so
7fc941cb8000-7fc941cbc000 rw-p 00000000 00:00 0 
7fc941cbc000-7fc941cc9000 r-xp 00000000 08:01 796518                     /usr/lib/jvm/java-8-openjdk-amd64/jre/lib/amd64/jli/libjli.so
7fc941cc9000-7fc941ec8000 ---p 0000d000 08:01 796518                     /usr/lib/jvm/java-8-openjdk-amd64/jre/lib/amd64/jli/libjli.so
7fc941ec8000-7fc941ec9000 r--p 0000c000 08:01 796518                     /usr/lib/jvm/java-8-openjdk-amd64/jre/lib/amd64/jli/libjli.so
7fc941ec9000-7fc941eca000 rw-p 0000d000 08:01 796518                     /usr/lib/jvm/java-8-openjdk-amd64/jre/lib/amd64/jli/libjli.so
7fc941eca000-7fc941ef0000 r-xp 00000000 08:01 528934                     /lib/x86_64-linux-gnu/ld-2.23.so
7fc941ef0000-7fc941ef1000 r--s 00000000 08:01 1582818                    /var/cache/fontconfig/30829fa25452a46451e813d634d7f916-le64.cache-6
7fc941ef1000-7fc941ef2000 r--s 00000000 08:01 1582812                    /var/cache/fontconfig/0c9eb80ebd1c36541ebe2852d3bb0c49-le64.cache-6
7fc941ef2000-7fc941ef3000 r--s 0000d000 08:01 796481                     /usr/lib/jvm/java-8-openjdk-amd64/jre/lib/ext/sunec.jar
7fc941ef3000-7fc941ef4000 r--s 0000a000 08:01 796484                     /usr/lib/jvm/java-8-openjdk-amd64/jre/lib/ext/jaccess.jar
7fc941ef4000-7fc941fd2000 rw-p 00000000 00:00 0 
7fc941fd2000-7fc941fd5000 ---p 00000000 00:00 0 
7fc941fd5000-7fc9420d7000 rw-p 00000000 00:00 0 
7fc9420d7000-7fc9420d9000 r--s 00001000 08:01 796487                     /usr/lib/jvm/java-8-openjdk-amd64/jre/lib/ext/dnsns.jar
7fc9420d9000-7fc9420da000 r--s 00010000 08:01 796489                     /usr/lib/jvm/java-8-openjdk-amd64/jre/lib/ext/zipfs.jar
7fc9420da000-7fc9420e4000 r--s 00116000 08:01 796490                     /usr/lib/jvm/java-8-openjdk-amd64/jre/lib/ext/localedata.jar
7fc9420e4000-7fc9420ec000 rw-s 00000000 08:01 261774                     /tmp/hsperfdata_seonhu/5547
7fc9420ec000-7fc9420ed000 rw-p 00000000 00:00 0 
7fc9420ed000-7fc9420ee000 ---p 00000000 00:00 0 
7fc9420ee000-7fc9420ef000 rw-p 00000000 00:00 0 
7fc9420ef000-7fc9420f0000 r--p 00025000 08:01 528934                     /lib/x86_64-linux-gnu/ld-2.23.so
7fc9420f0000-7fc9420f1000 rw-p 00026000 08:01 528934                     /lib/x86_64-linux-gnu/ld-2.23.so
7fc9420f1000-7fc9420f2000 rw-p 00000000 00:00 0 
7ffc8ed74000-7ffc8ed95000 rw-p 00000000 00:00 0                          [stack]
7ffc8eddf000-7ffc8ede2000 r--p 00000000 00:00 0                          [vvar]
7ffc8ede2000-7ffc8ede4000 r-xp 00000000 00:00 0                          [vdso]
ffffffffff600000-ffffffffff601000 r-xp 00000000 00:00 0                  [vsyscall]

VM Arguments:
jvm_args: -Dfile.encoding=UTF-8 
java_command: com.ok.main.Main
java_class_path (initial): /home/seonhu/Desktop/2019-2-OSSPC-OS-3/Tetris-master/bin
Launcher Type: SUN_STANDARD

Environment Variables:
JAVA_HOME=/usr/lib/jvm/java-8-openjdk-amd64
PATH=/home/seonhu/bin:/home/seonhu/.local/bin:/usr/lib/jvm/java-8-openjdk-amd64/bin/:/usr/local/sbin:/usr/local/bin:/usr/sbin:/usr/bin:/sbin:/bin:/usr/games:/usr/local/games:/snap/bin
SHELL=/bin/bash
DISPLAY=:0

Signal Handlers:
SIGSEGV: [libjvm.so+0xa783e0], sa_mask[0]=11111111011111111101111111111110, sa_flags=SA_RESTART|SA_SIGINFO
SIGBUS: [libjvm.so+0xa783e0], sa_mask[0]=11111111011111111101111111111110, sa_flags=SA_RESTART|SA_SIGINFO
SIGFPE: [libjvm.so+0x8c0e10], sa_mask[0]=11111111011111111101111111111110, sa_flags=SA_RESTART|SA_SIGINFO
SIGPIPE: [libjvm.so+0x8c0e10], sa_mask[0]=11111111011111111101111111111110, sa_flags=SA_RESTART|SA_SIGINFO
SIGXFSZ: [libjvm.so+0x8c0e10], sa_mask[0]=11111111011111111101111111111110, sa_flags=SA_RESTART|SA_SIGINFO
SIGILL: [libjvm.so+0x8c0e10], sa_mask[0]=11111111011111111101111111111110, sa_flags=SA_RESTART|SA_SIGINFO
SIGUSR1: SIG_DFL, sa_mask[0]=00000000000000000000000000000000, sa_flags=none
SIGUSR2: [libjvm.so+0x8c0cc0], sa_mask[0]=00100000000000000000000000000000, sa_flags=SA_RESTART|SA_SIGINFO
SIGHUP: [libjvm.so+0x8c1350], sa_mask[0]=11111111011111111101111111111110, sa_flags=SA_RESTART|SA_SIGINFO
SIGINT: [libjvm.so+0x8c1350], sa_mask[0]=11111111011111111101111111111110, sa_flags=SA_RESTART|SA_SIGINFO
SIGTERM: [libjvm.so+0x8c1350], sa_mask[0]=11111111011111111101111111111110, sa_flags=SA_RESTART|SA_SIGINFO
SIGQUIT: [libjvm.so+0x8c1350], sa_mask[0]=11111111011111111101111111111110, sa_flags=SA_RESTART|SA_SIGINFO


---------------  S Y S T E M  ---------------

OS:DISTRIB_ID=Ubuntu
DISTRIB_RELEASE=16.04
DISTRIB_CODENAME=xenial
DISTRIB_DESCRIPTION="Ubuntu 16.04.5 LTS"

uname:Linux 4.15.0-29-generic #31~16.04.1-Ubuntu SMP Wed Jul 18 08:54:04 UTC 2018 x86_64
libc:glibc 2.23 NPTL 2.23 
rlimit: STACK 8192k, CORE 0k, NPROC 19441, NOFILE 1048576, AS infinity
load average:2.64 3.38 2.79

/proc/meminfo:
MemTotal:        5036544 kB
MemFree:          108720 kB
MemAvailable:      30856 kB
Buffers:            5112 kB
Cached:            75088 kB
SwapCached:        21836 kB
Active:          4057488 kB
Inactive:         697540 kB
Active(anon):    4021864 kB
Inactive(anon):   669808 kB
Active(file):      35624 kB
Inactive(file):    27732 kB
Unevictable:          64 kB
Mlocked:              64 kB
SwapTotal:        998396 kB
SwapFree:              0 kB
Dirty:                92 kB
Writeback:             0 kB
AnonPages:       4653628 kB
Mapped:            60296 kB
Shmem:             16412 kB
Slab:              57580 kB
SReclaimable:      26172 kB
SUnreclaim:        31408 kB
KernelStack:       11232 kB
PageTables:        44368 kB
NFS_Unstable:          0 kB
Bounce:                0 kB
WritebackTmp:          0 kB
CommitLimit:     3516668 kB
Committed_AS:   10449996 kB
VmallocTotal:   34359738367 kB
VmallocUsed:           0 kB
VmallocChunk:          0 kB
HardwareCorrupted:     0 kB
AnonHugePages:         0 kB
ShmemHugePages:        0 kB
ShmemPmdMapped:        0 kB
CmaTotal:              0 kB
CmaFree:               0 kB
HugePages_Total:       0
HugePages_Free:        0
HugePages_Rsvd:        0
HugePages_Surp:        0
Hugepagesize:       2048 kB
DirectMap4k:      104384 kB
DirectMap2M:     5103616 kB

container (cgroup) information:
container_type: cgroupv1
cpu_cpuset_cpus: 0-3
cpu_memory_nodes: 0
active_processor_count: 4
cpu_quota: -1
cpu_period: 100000
cpu_shares: -1
memory_limit_in_bytes: -1
memory_and_swap_limit_in_bytes: -2
memory_soft_limit_in_bytes: -1
memory_usage_in_bytes: 4855488512
memory_max_usage_in_bytes: 0


CPU:total 4 (initial active 4) (4 cores per cpu, 1 threads per core) family 6 model 142 stepping 10, cmov, cx8, fxsr, mmx, sse, sse2, sse3, ssse3, sse4.1, sse4.2, popcnt, avx, avx2, aes, clmul, 3dnowpref, lzcnt, tsc, tscinvbit

/proc/cpuinfo:
processor	: 0
vendor_id	: GenuineIntel
cpu family	: 6
model		: 142
model name	: Intel(R) Core(TM) i5-8250U CPU @ 1.60GHz
stepping	: 10
cpu MHz		: 1800.003
cache size	: 6144 KB
physical id	: 0
siblings	: 4
core id		: 0
cpu cores	: 4
apicid		: 0
initial apicid	: 0
fpu		: yes
fpu_exception	: yes
cpuid level	: 22
wp		: yes
flags		: fpu vme de pse tsc msr pae mce cx8 apic sep mtrr pge mca cmov pat pse36 clflush mmx fxsr sse sse2 ht syscall nx rdtscp lm constant_tsc rep_good nopl xtopology nonstop_tsc cpuid pni pclmulqdq ssse3 cx16 pcid sse4_1 sse4_2 x2apic movbe popcnt aes xsave avx rdrand hypervisor lahf_lm abm 3dnowprefetch invpcid_single pti fsgsbase avx2 invpcid rdseed clflushopt
bugs		: cpu_meltdown spectre_v1 spectre_v2 spec_store_bypass
bogomips	: 3600.00
clflush size	: 64
cache_alignment	: 64
address sizes	: 39 bits physical, 48 bits virtual
power management:

processor	: 1
vendor_id	: GenuineIntel
cpu family	: 6
model		: 142
model name	: Intel(R) Core(TM) i5-8250U CPU @ 1.60GHz
stepping	: 10
cpu MHz		: 1800.003
cache size	: 6144 KB
physical id	: 0
siblings	: 4
core id		: 1
cpu cores	: 4
apicid		: 1
initial apicid	: 1
fpu		: yes
fpu_exception	: yes
cpuid level	: 22
wp		: yes
flags		: fpu vme de pse tsc msr pae mce cx8 apic sep mtrr pge mca cmov pat pse36 clflush mmx fxsr sse sse2 ht syscall nx rdtscp lm constant_tsc rep_good nopl xtopology nonstop_tsc cpuid pni pclmulqdq ssse3 cx16 pcid sse4_1 sse4_2 x2apic movbe popcnt aes xsave avx rdrand hypervisor lahf_lm abm 3dnowprefetch invpcid_single pti fsgsbase avx2 invpcid rdseed clflushopt
bugs		: cpu_meltdown spectre_v1 spectre_v2 spec_store_bypass
bogomips	: 3600.00
clflush size	: 64
cache_alignment	: 64
address sizes	: 39 bits physical, 48 bits virtual
power management:

processor	: 2
vendor_id	: GenuineIntel
cpu family	: 6
model		: 142
model name	: Intel(R) Core(TM) i5-8250U CPU @ 1.60GHz
stepping	: 10
cpu MHz		: 1800.003
cache size	: 6144 KB
physical id	: 0
siblings	: 4
core id		: 2
cpu cores	: 4
apicid		: 2
initial apicid	: 2
fpu		: yes
fpu_exception	: yes
cpuid level	: 22
wp		: yes
flags		: fpu vme de pse tsc msr pae mce cx8 apic sep mtrr pge mca cmov pat pse36 clflush mmx fxsr sse sse2 ht syscall nx rdtscp lm constant_tsc rep_good nopl xtopology nonstop_tsc cpuid pni pclmulqdq ssse3 cx16 pcid sse4_1 sse4_2 x2apic movbe popcnt aes xsave avx rdrand hypervisor lahf_lm abm 3dnowprefetch invpcid_single pti fsgsbase avx2 invpcid rdseed clflushopt
bugs		: cpu_meltdown spectre_v1 spectre_v2 spec_store_bypass
bogomips	: 3600.00
clflush size	: 64
cache_alignment	: 64
address sizes	: 39 bits physical, 48 bits virtual
power management:

processor	: 3
vendor_id	: GenuineIntel
cpu family	: 6
model		: 142
model name	: Intel(R) Core(TM) i5-8250U CPU @ 1.60GHz
stepping	: 10
cpu MHz		: 1800.003
cache size	: 6144 KB
physical id	: 0
siblings	: 4
core id		: 3
cpu cores	: 4
apicid		: 3
initial apicid	: 3
fpu		: yes
fpu_exception	: yes
cpuid level	: 22
wp		: yes
flags		: fpu vme de pse tsc msr pae mce cx8 apic sep mtrr pge mca cmov pat pse36 clflush mmx fxsr sse sse2 ht syscall nx rdtscp lm constant_tsc rep_good nopl xtopology nonstop_tsc cpuid pni pclmulqdq ssse3 cx16 pcid sse4_1 sse4_2 x2apic movbe popcnt aes xsave avx rdrand hypervisor lahf_lm abm 3dnowprefetch invpcid_single pti fsgsbase avx2 invpcid rdseed clflushopt
bugs		: cpu_meltdown spectre_v1 spectre_v2 spec_store_bypass
bogomips	: 3600.00
clflush size	: 64
cache_alignment	: 64
address sizes	: 39 bits physical, 48 bits virtual
power management:



Memory: 4k page, physical 5036544k(108720k free), swap 998396k(0k free)

vm_info: OpenJDK 64-Bit Server VM (25.222-b10) for linux-amd64 JRE (1.8.0_222-8u222-b10-1ubuntu1~16.04.1-b10), built on Jul 18 2019 20:25:18 by "buildd" with gcc 5.4.0 20160609

time: Wed Dec  4 22:31:24 2019
timezone: KST
elapsed time: 9 seconds (0d 0h 0m 9s)

