#
# There is insufficient memory for the Java Runtime Environment to continue.
# Native memory allocation (mmap) failed to map 51380224 bytes for committing reserved memory.
# Possible reasons:
#   The system is out of physical RAM or swap space
#   The process is running with CompressedOops enabled, and the Java Heap may be blocking the growth of the native heap
# Possible solutions:
#   Reduce memory load on the system
#   Increase physical memory or swap space
#   Check if swap backing store is full
#   Decrease Java heap size (-Xmx/-Xms)
#   Decrease number of Java threads
#   Decrease Java thread stack sizes (-Xss)
#   Set larger code cache with -XX:ReservedCodeCacheSize=
#   JVM is running with Unscaled Compressed Oops mode in which the Java heap is
#     placed in the first 4GB address space. The Java Heap base address is the
#     maximum limit for the native heap growth. Please use -XX:HeapBaseMinAddress
#     to set the Java Heap base and to place the Java Heap above 4GB virtual address.
# This output file may be truncated or incomplete.
#
#  Out of Memory Error (os_linux.cpp:2757), pid=5126, tid=0x00007f3e19990700
#
# JRE version: OpenJDK Runtime Environment (8.0_222-b10) (build 1.8.0_222-8u222-b10-1ubuntu1~16.04.1-b10)
# Java VM: OpenJDK 64-Bit Server VM (25.222-b10 mixed mode linux-amd64 compressed oops)
# Failed to write core dump. Core dumps have been disabled. To enable core dumping, try "ulimit -c unlimited" before starting Java again
#

---------------  T H R E A D  ---------------

Current thread (0x00007f3e2c078000):  VMThread [stack: 0x00007f3e19890000,0x00007f3e19991000] [id=5137]

Stack: [0x00007f3e19890000,0x00007f3e19991000],  sp=0x00007f3e1998f4e0,  free space=1021k
Native frames: (J=compiled Java code, j=interpreted, Vv=VM code, C=native code)
V  [libjvm.so+0xa7787b]
V  [libjvm.so+0x4caa8c]
V  [libjvm.so+0x8c5da8]
V  [libjvm.so+0x8bd3ee]
V  [libjvm.so+0x93b476]
V  [libjvm.so+0x93c7a3]
V  [libjvm.so+0x938e84]
V  [libjvm.so+0x93911c]
V  [libjvm.so+0x8eaa73]
V  [libjvm.so+0xa79532]
V  [libjvm.so+0xa7e587]
V  [libjvm.so+0xa7bde7]
V  [libjvm.so+0xa7d0cf]
V  [libjvm.so+0xa7d5f2]
V  [libjvm.so+0x8c3102]

VM_Operation (0x00007f3e11bee080): ParallelGCFailedAllocation, mode: safepoint, requested by thread 0x00007f3e2c245800


---------------  P R O C E S S  ---------------

Java Threads: ( => current thread )
  0x00007f3dc4021800 JavaThread "TimerQueue" daemon [_thread_blocked, id=5187, stack(0x00007f3e10a8f000,0x00007f3e10b90000)]
  0x00007f3e2c323800 JavaThread "Thread-4" [_thread_blocked, id=5176, stack(0x00007f3e11ff4000,0x00007f3e120f5000)]
  0x00007f3e2c30b000 JavaThread "PulseAudio Eventloop Thread" daemon [_thread_blocked, id=5170, stack(0x00007f3e112c5000,0x00007f3e113c6000)]
  0x00007f3e2c252800 JavaThread "Timer-0" daemon [_thread_blocked, id=5155, stack(0x00007f3e119f0000,0x00007f3e11af1000)]
  0x00007f3e2c245800 JavaThread "AWT-EventQueue-0" [_thread_blocked, id=5154, stack(0x00007f3e11af1000,0x00007f3e11bf2000)]
  0x00007f3e2c244000 JavaThread "AWT-Shutdown" [_thread_blocked, id=5153, stack(0x00007f3e11bf2000,0x00007f3e11cf3000)]
  0x00007f3e2c1f5000 JavaThread "AWT-XAWT" daemon [_thread_blocked, id=5148, stack(0x00007f3e120f5000,0x00007f3e121f6000)]
  0x00007f3e2c1d7000 JavaThread "Java2D Disposer" daemon [_thread_blocked, id=5146, stack(0x00007f3e12606000,0x00007f3e12707000)]
  0x00007f3e2c0c1000 JavaThread "Service Thread" daemon [_thread_blocked, id=5144, stack(0x00007f3e1868a000,0x00007f3e1878b000)]
  0x00007f3e2c0bd800 JavaThread "C1 CompilerThread2" daemon [_thread_blocked, id=5143, stack(0x00007f3e1878b000,0x00007f3e1888c000)]
  0x00007f3e2c0bc000 JavaThread "C2 CompilerThread1" daemon [_thread_blocked, id=5142, stack(0x00007f3e1888c000,0x00007f3e1898d000)]
  0x00007f3e2c0b9000 JavaThread "C2 CompilerThread0" daemon [_thread_blocked, id=5141, stack(0x00007f3e1898d000,0x00007f3e18a8e000)]
  0x00007f3e2c0b7800 JavaThread "Signal Dispatcher" daemon [_thread_blocked, id=5140, stack(0x00007f3e18a8e000,0x00007f3e18b8f000)]
  0x00007f3e2c084800 JavaThread "Finalizer" daemon [_thread_blocked, id=5139, stack(0x00007f3e1968e000,0x00007f3e1978f000)]
  0x00007f3e2c082000 JavaThread "Reference Handler" daemon [_thread_blocked, id=5138, stack(0x00007f3e1978f000,0x00007f3e19890000)]
  0x00007f3e2c00a800 JavaThread "main" [_thread_blocked, id=5132, stack(0x00007f3e34de7000,0x00007f3e34ee8000)]

Other Threads:
=>0x00007f3e2c078000 VMThread [stack: 0x00007f3e19890000,0x00007f3e19991000] [id=5137]
  0x00007f3e2c0c3000 WatcherThread [stack: 0x00007f3e18589000,0x00007f3e1868a000] [id=5145]

VM state:at safepoint (normal execution)

VM Mutex/Monitor currently owned by a thread:  ([mutex/lock_event])
[0x00007f3e2c006fd0] Threads_lock - owner thread: 0x00007f3e2c078000
[0x00007f3e2c0074d0] Heap_lock - owner thread: 0x00007f3e2c245800

heap address: 0x00000000b3200000, size: 1230 MB, Compressed Oops mode: 32-bit
Narrow klass base: 0x0000000000000000, Narrow klass shift: 3
Compressed class space size: 1073741824 Address: 0x0000000100000000

Heap:
 PSYoungGen      total 230400K, used 64K [0x00000000e6600000, 0x00000000f4d00000, 0x0000000100000000)
  eden space 224256K, 0% used [0x00000000e6600000,0x00000000e6600000,0x00000000f4100000)
  from space 6144K, 1% used [0x00000000f4100000,0x00000000f4110000,0x00000000f4700000)
  to   space 1024K, 0% used [0x00000000f4c00000,0x00000000f4c00000,0x00000000f4d00000)
 ParOldGen       total 95232K, used 53188K [0x00000000b3200000, 0x00000000b8f00000, 0x00000000e6600000)
  object space 95232K, 55% used [0x00000000b3200000,0x00000000b65f1208,0x00000000b8f00000)
 Metaspace       used 14367K, capacity 14592K, committed 14720K, reserved 1062912K
  class space    used 1539K, capacity 1622K, committed 1664K, reserved 1048576K

Card table byte_map: [0x00007f3e31226000,0x00007f3e3148e000] byte_map_base: 0x00007f3e30c8d000

Marking Bits: (ParMarkBitMap*) 0x00007f3e340af540
 Begin Bits: [0x00007f3e1a990000, 0x00007f3e1bcc8000)
 End Bits:   [0x00007f3e1bcc8000, 0x00007f3e1d000000)

Polling page: 0x00007f3e34f02000

CodeCache: size=245760Kb used=4936Kb max_used=4936Kb free=240823Kb
 bounds [0x00007f3e1d000000, 0x00007f3e1d4e0000, 0x00007f3e2c000000]
 total_blobs=2074 nmethods=1499 adapters=490
 compilation: enabled

Compilation events (10 events):
Event: 38.625 Thread 0x00007f3e2c0bd800 1555       3       java.awt.EventQueue$3::<init> (20 bytes)
Event: 38.626 Thread 0x00007f3e2c0bd800 nmethod 1555 0x00007f3e1d4d5610 code [0x00007f3e1d4d5780, 0x00007f3e1d4d5970]
Event: 38.626 Thread 0x00007f3e2c0bd800 1556       3       java.awt.EventQueue::getAccessControlContextFrom (53 bytes)
Event: 38.627 Thread 0x00007f3e2c0bd800 nmethod 1556 0x00007f3e1d4d5a10 code [0x00007f3e1d4d5c00, 0x00007f3e1d4d6728]
Event: 38.627 Thread 0x00007f3e2c0bd800 1557       3       java.awt.AWTEvent::getAccessControlContext (22 bytes)
Event: 38.627 Thread 0x00007f3e2c0bd800 nmethod 1557 0x00007f3e1d4d6950 code [0x00007f3e1d4d6ac0, 0x00007f3e1d4d6d28]
Event: 38.627 Thread 0x00007f3e2c0bd800 1558       3       java.awt.EventQueue$3::run (5 bytes)
Event: 38.628 Thread 0x00007f3e2c0bd800 nmethod 1558 0x00007f3e1d4d6e10 code [0x00007f3e1d4d6f80, 0x00007f3e1d4d7128]
Event: 38.628 Thread 0x00007f3e2c0bd800 1559       3       java.awt.EventQueue$3::run (60 bytes)
Event: 38.629 Thread 0x00007f3e2c0bd800 nmethod 1559 0x00007f3e1d4d71d0 code [0x00007f3e1d4d7380, 0x00007f3e1d4d7838]

GC Heap History (10 events):
Event: 29.955 GC heap after
Heap after GC invocations=13 (full 1):
 PSYoungGen      total 136192K, used 64K [0x00000000e6600000, 0x00000000ef580000, 0x0000000100000000)
  eden space 128000K, 0% used [0x00000000e6600000,0x00000000e6600000,0x00000000ee300000)
  from space 8192K, 0% used [0x00000000eea80000,0x00000000eea90000,0x00000000ef280000)
  to   space 7680K, 0% used [0x00000000ee300000,0x00000000ee300000,0x00000000eea80000)
 ParOldGen       total 95232K, used 53156K [0x00000000b3200000, 0x00000000b8f00000, 0x00000000e6600000)
  object space 95232K, 55% used [0x00000000b3200000,0x00000000b65e9208,0x00000000b8f00000)
 Metaspace       used 14191K, capacity 14464K, committed 14720K, reserved 1062912K
  class space    used 1539K, capacity 1622K, committed 1664K, reserved 1048576K
}
Event: 31.571 GC heap before
{Heap before GC invocations=14 (full 1):
 PSYoungGen      total 136192K, used 128064K [0x00000000e6600000, 0x00000000ef580000, 0x0000000100000000)
  eden space 128000K, 100% used [0x00000000e6600000,0x00000000ee300000,0x00000000ee300000)
  from space 8192K, 0% used [0x00000000eea80000,0x00000000eea90000,0x00000000ef280000)
  to   space 7680K, 0% used [0x00000000ee300000,0x00000000ee300000,0x00000000eea80000)
 ParOldGen       total 95232K, used 53156K [0x00000000b3200000, 0x00000000b8f00000, 0x00000000e6600000)
  object space 95232K, 55% used [0x00000000b3200000,0x00000000b65e9208,0x00000000b8f00000)
 Metaspace       used 14221K, capacity 14464K, committed 14720K, reserved 1062912K
  class space    used 1539K, capacity 1622K, committed 1664K, reserved 1048576K
Event: 31.587 GC heap after
Heap after GC invocations=14 (full 1):
 PSYoungGen      total 135680K, used 32K [0x00000000e6600000, 0x00000000f1880000, 0x0000000100000000)
  eden space 128000K, 0% used [0x00000000e6600000,0x00000000e6600000,0x00000000ee300000)
  from space 7680K, 0% used [0x00000000ee300000,0x00000000ee308000,0x00000000eea80000)
  to   space 7168K, 0% used [0x00000000f1180000,0x00000000f1180000,0x00000000f1880000)
 ParOldGen       total 95232K, used 53164K [0x00000000b3200000, 0x00000000b8f00000, 0x00000000e6600000)
  object space 95232K, 55% used [0x00000000b3200000,0x00000000b65eb208,0x00000000b8f00000)
 Metaspace       used 14221K, capacity 14464K, committed 14720K, reserved 1062912K
  class space    used 1539K, capacity 1622K, committed 1664K, reserved 1048576K
}
Event: 32.993 GC heap before
{Heap before GC invocations=15 (full 1):
 PSYoungGen      total 135680K, used 128032K [0x00000000e6600000, 0x00000000f1880000, 0x0000000100000000)
  eden space 128000K, 100% used [0x00000000e6600000,0x00000000ee300000,0x00000000ee300000)
  from space 7680K, 0% used [0x00000000ee300000,0x00000000ee308000,0x00000000eea80000)
  to   space 7168K, 0% used [0x00000000f1180000,0x00000000f1180000,0x00000000f1880000)
 ParOldGen       total 95232K, used 53164K [0x00000000b3200000, 0x00000000b8f00000, 0x00000000e6600000)
  object space 95232K, 55% used [0x00000000b3200000,0x00000000b65eb208,0x00000000b8f00000)
 Metaspace       used 14246K, capacity 14528K, committed 14720K, reserved 1062912K
  class space    used 1539K, capacity 1622K, committed 1664K, reserved 1048576K
Event: 33.038 GC heap after
Heap after GC invocations=15 (full 1):
 PSYoungGen      total 176128K, used 32K [0x00000000e6600000, 0x00000000f1b00000, 0x0000000100000000)
  eden space 168960K, 0% used [0x00000000e6600000,0x00000000e6600000,0x00000000f0b00000)
  from space 7168K, 0% used [0x00000000f1180000,0x00000000f1188000,0x00000000f1880000)
  to   space 6656K, 0% used [0x00000000f0b00000,0x00000000f0b00000,0x00000000f1180000)
 ParOldGen       total 95232K, used 53164K [0x00000000b3200000, 0x00000000b8f00000, 0x00000000e6600000)
  object space 95232K, 55% used [0x00000000b3200000,0x00000000b65eb208,0x00000000b8f00000)
 Metaspace       used 14246K, capacity 14528K, committed 14720K, reserved 1062912K
  class space    used 1539K, capacity 1622K, committed 1664K, reserved 1048576K
}
Event: 35.053 GC heap before
{Heap before GC invocations=16 (full 1):
 PSYoungGen      total 176128K, used 168992K [0x00000000e6600000, 0x00000000f1b00000, 0x0000000100000000)
  eden space 168960K, 100% used [0x00000000e6600000,0x00000000f0b00000,0x00000000f0b00000)
  from space 7168K, 0% used [0x00000000f1180000,0x00000000f1188000,0x00000000f1880000)
  to   space 6656K, 0% used [0x00000000f0b00000,0x00000000f0b00000,0x00000000f1180000)
 ParOldGen       total 95232K, used 53164K [0x00000000b3200000, 0x00000000b8f00000, 0x00000000e6600000)
  object space 95232K, 55% used [0x00000000b3200000,0x00000000b65eb208,0x00000000b8f00000)
 Metaspace       used 14290K, capacity 14528K, committed 14720K, reserved 1062912K
  class space    used 1539K, capacity 1622K, committed 1664K, reserved 1048576K
Event: 35.110 GC heap after
Heap after GC invocations=16 (full 1):
 PSYoungGen      total 175616K, used 32K [0x00000000e6600000, 0x00000000f5200000, 0x0000000100000000)
  eden space 168960K, 0% used [0x00000000e6600000,0x00000000e6600000,0x00000000f0b00000)
  from space 6656K, 0% used [0x00000000f0b00000,0x00000000f0b08000,0x00000000f1180000)
  to   space 6144K, 0% used [0x00000000f4c00000,0x00000000f4c00000,0x00000000f5200000)
 ParOldGen       total 95232K, used 53172K [0x00000000b3200000, 0x00000000b8f00000, 0x00000000e6600000)
  object space 95232K, 55% used [0x00000000b3200000,0x00000000b65ed208,0x00000000b8f00000)
 Metaspace       used 14290K, capacity 14528K, committed 14720K, reserved 1062912K
  class space    used 1539K, capacity 1622K, committed 1664K, reserved 1048576K
}
Event: 36.098 GC heap before
{Heap before GC invocations=17 (full 1):
 PSYoungGen      total 175616K, used 168992K [0x00000000e6600000, 0x00000000f5200000, 0x0000000100000000)
  eden space 168960K, 100% used [0x00000000e6600000,0x00000000f0b00000,0x00000000f0b00000)
  from space 6656K, 0% used [0x00000000f0b00000,0x00000000f0b08000,0x00000000f1180000)
  to   space 6144K, 0% used [0x00000000f4c00000,0x00000000f4c00000,0x00000000f5200000)
 ParOldGen       total 95232K, used 53172K [0x00000000b3200000, 0x00000000b8f00000, 0x00000000e6600000)
  object space 95232K, 55% used [0x00000000b3200000,0x00000000b65ed208,0x00000000b8f00000)
 Metaspace       used 14316K, capacity 14592K, committed 14720K, reserved 1062912K
  class space    used 1539K, capacity 1622K, committed 1664K, reserved 1048576K
Event: 36.104 GC heap after
Heap after GC invocations=17 (full 1):
 PSYoungGen      total 225280K, used 32K [0x00000000e6600000, 0x00000000f4d00000, 0x0000000100000000)
  eden space 224256K, 0% used [0x00000000e6600000,0x00000000e6600000,0x00000000f4100000)
  from space 1024K, 3% used [0x00000000f4c00000,0x00000000f4c08000,0x00000000f4d00000)
  to   space 6144K, 0% used [0x00000000f4100000,0x00000000f4100000,0x00000000f4700000)
 ParOldGen       total 95232K, used 53180K [0x00000000b3200000, 0x00000000b8f00000, 0x00000000e6600000)
  object space 95232K, 55% used [0x00000000b3200000,0x00000000b65ef208,0x00000000b8f00000)
 Metaspace       used 14316K, capacity 14592K, committed 14720K, reserved 1062912K
  class space    used 1539K, capacity 1622K, committed 1664K, reserved 1048576K
}
Event: 38.988 GC heap before
{Heap before GC invocations=18 (full 1):
 PSYoungGen      total 225280K, used 224288K [0x00000000e6600000, 0x00000000f4d00000, 0x0000000100000000)
  eden space 224256K, 100% used [0x00000000e6600000,0x00000000f4100000,0x00000000f4100000)
  from space 1024K, 3% used [0x00000000f4c00000,0x00000000f4c08000,0x00000000f4d00000)
  to   space 6144K, 0% used [0x00000000f4100000,0x00000000f4100000,0x00000000f4700000)
 ParOldGen       total 95232K, used 53180K [0x00000000b3200000, 0x00000000b8f00000, 0x00000000e6600000)
  object space 95232K, 55% used [0x00000000b3200000,0x00000000b65ef208,0x00000000b8f00000)
 Metaspace       used 14367K, capacity 14592K, committed 14720K, reserved 1062912K
  class space    used 1539K, capacity 1622K, committed 1664K, reserved 1048576K

Deoptimization events (6 events):
Event: 6.066 Thread 0x00007f3e2c242800 Uncommon trap: reason=unstable_if action=reinterpret pc=0x00007f3e1d1af78c method=sun.awt.image.PNGImageDecoder.update_crc(I[BII)I @ 7
Event: 8.443 Thread 0x00007f3e2c15a000 Uncommon trap: reason=unstable_if action=reinterpret pc=0x00007f3e1d1f99a0 method=sun.awt.image.PNGFilterInputStream.read([BII)I @ 30
Event: 9.591 Thread 0x00007f3e2c242800 Uncommon trap: reason=unstable_if action=reinterpret pc=0x00007f3e1d230588 method=sun.awt.image.PNGImageDecoder.produceImage()V @ 1706
Event: 15.687 Thread 0x00007f3e2c245800 Uncommon trap: reason=unstable_if action=reinterpret pc=0x00007f3e1d27a260 method=java.lang.CharacterData.of(I)Ljava/lang/CharacterData; @ 4
Event: 23.178 Thread 0x00007f3e2c245800 Uncommon trap: reason=unstable_if action=reinterpret pc=0x00007f3e1d3ce82c method=sun.java2d.pisces.Renderer._endRendering(IIII)V @ 4
Event: 23.184 Thread 0x00007f3e2c245800 Uncommon trap: reason=unstable_if action=reinterpret pc=0x00007f3e1d3c4924 method=sun.java2d.pisces.Renderer._endRendering(IIII)V @ 240

Classes redefined (0 events):
No events

Internal exceptions (10 events):
Event: 1.639 Thread 0x00007f3e2c00a800 Exception <a 'java/security/PrivilegedActionException'> (0x00000000e6673fa8) thrown at [/build/openjdk-8-g3XteX/openjdk-8-8u222-b10/src/hotspot/src/share/vm/prims/jvm.cpp, line 1502]
Event: 1.639 Thread 0x00007f3e2c00a800 Exception <a 'java/security/PrivilegedActionException'> (0x00000000e66741b8) thrown at [/build/openjdk-8-g3XteX/openjdk-8-8u222-b10/src/hotspot/src/share/vm/prims/jvm.cpp, line 1502]
Event: 1.639 Thread 0x00007f3e2c00a800 Exception <a 'java/security/PrivilegedActionException'> (0x00000000e6674c90) thrown at [/build/openjdk-8-g3XteX/openjdk-8-8u222-b10/src/hotspot/src/share/vm/prims/jvm.cpp, line 1502]
Event: 1.639 Thread 0x00007f3e2c00a800 Exception <a 'java/security/PrivilegedActionException'> (0x00000000e6674ea0) thrown at [/build/openjdk-8-g3XteX/openjdk-8-8u222-b10/src/hotspot/src/share/vm/prims/jvm.cpp, line 1502]
Event: 2.440 Thread 0x00007f3e2c00a800 Exception <a 'java/lang/NoSuchFieldError': method resolution failed> (0x00000000e67ac180) thrown at [/build/openjdk-8-g3XteX/openjdk-8-8u222-b10/src/hotspot/src/share/vm/prims/methodHandles.cpp, line 1167]
Event: 2.505 Thread 0x00007f3e2c00a800 Exception <a 'java/lang/NoSuchFieldError': method resolution failed> (0x00000000e67b9980) thrown at [/build/openjdk-8-g3XteX/openjdk-8-8u222-b10/src/hotspot/src/share/vm/prims/methodHandles.cpp, line 1167]
Event: 3.152 Thread 0x00007f3e2c00a800 Exception <a 'java/io/FileNotFoundException'> (0x00000000e68392a8) thrown at [/build/openjdk-8-g3XteX/openjdk-8-8u222-b10/src/hotspot/src/share/vm/prims/jni.cpp, line 710]
Event: 3.152 Thread 0x00007f3e2c00a800 Exception <a 'java/io/FileNotFoundException'> (0x00000000e6839d20) thrown at [/build/openjdk-8-g3XteX/openjdk-8-8u222-b10/src/hotspot/src/share/vm/prims/jni.cpp, line 710]
Event: 3.519 Thread 0x00007f3e2c00a800 Exception <a 'java/lang/ClassNotFoundException': sun/dc/DuctusRenderingEngine> (0x00000000e68456e8) thrown at [/build/openjdk-8-g3XteX/openjdk-8-8u222-b10/src/hotspot/src/share/vm/classfile/systemDictionary.cpp, line 210]
Event: 20.698 Thread 0x00007f3dc4082000 Exception <a 'java/io/FileNotFoundException'> (0x00000000e6afce20) thrown at [/build/openjdk-8-g3XteX/openjdk-8-8u222-b10/src/hotspot/src/share/vm/prims/jni.cpp, line 710]

Events (10 events):
Event: 32.023 Thread 0x00007f3e2c0bd800 flushing nmethod 0x00007f3e1d25e310
Event: 32.054 Thread 0x00007f3e2c0bd800 flushing nmethod 0x00007f3e1d263c50
Event: 32.054 Thread 0x00007f3e2c0bd800 flushing nmethod 0x00007f3e1d274410
Event: 32.878 Executing VM operation: ParallelGCFailedAllocation
Event: 33.038 Executing VM operation: ParallelGCFailedAllocation done
Event: 34.833 Executing VM operation: ParallelGCFailedAllocation
Event: 35.110 Executing VM operation: ParallelGCFailedAllocation done
Event: 36.086 Executing VM operation: ParallelGCFailedAllocation
Event: 36.104 Executing VM operation: ParallelGCFailedAllocation done
Event: 38.671 Executing VM operation: ParallelGCFailedAllocation


Dynamic libraries:
00400000-00401000 r-xp 00000000 08:01 796424                             /usr/lib/jvm/java-8-openjdk-amd64/jre/bin/java
00600000-00601000 r--p 00000000 08:01 796424                             /usr/lib/jvm/java-8-openjdk-amd64/jre/bin/java
00601000-00602000 rw-p 00001000 08:01 796424                             /usr/lib/jvm/java-8-openjdk-amd64/jre/bin/java
0211a000-0213b000 rw-p 00000000 00:00 0                                  [heap]
b3200000-b8f00000 rw-p 00000000 00:00 0 
b8f00000-e6600000 ---p 00000000 00:00 0 
e6600000-f4d00000 rw-p 00000000 00:00 0 
f7e00000-100000000 ---p 00000000 00:00 0 
100000000-1001a0000 rw-p 00000000 00:00 0 
1001a0000-140000000 ---p 00000000 00:00 0 
7f3da0000000-7f3da0021000 rw-p 00000000 00:00 0 
7f3da0021000-7f3da4000000 ---p 00000000 00:00 0 
7f3da8000000-7f3da8021000 rw-p 00000000 00:00 0 
7f3da8021000-7f3dac000000 ---p 00000000 00:00 0 
7f3dae604000-7f3db2605000 rw-s 00000000 00:18 6                          /dev/shm/pulse-shm-2203540716
7f3db2605000-7f3db6606000 rw-s 00000000 00:18 22                         /dev/shm/pulse-shm-3312427521
7f3db6606000-7f3db6607000 ---p 00000000 00:00 0 
7f3db6607000-7f3db6e07000 rw-p 00000000 00:00 0 
7f3db831d000-7f3dbaaba000 rw-p 00000000 00:00 0 
7f3dbaaba000-7f3dbabfa000 ---p 00000000 00:00 0 
7f3dbabfa000-7f3dbac06000 r-xp 00000000 08:01 796625                     /usr/lib/jvm/java-8-openjdk-amd64/jre/lib/amd64/libicedtea-sound.so
7f3dbac06000-7f3dbae06000 ---p 0000c000 08:01 796625                     /usr/lib/jvm/java-8-openjdk-amd64/jre/lib/amd64/libicedtea-sound.so
7f3dbae06000-7f3dbae07000 r--p 0000c000 08:01 796625                     /usr/lib/jvm/java-8-openjdk-amd64/jre/lib/amd64/libicedtea-sound.so
7f3dbae07000-7f3dbae08000 rw-p 0000d000 08:01 796625                     /usr/lib/jvm/java-8-openjdk-amd64/jre/lib/amd64/libicedtea-sound.so
7f3dbae08000-7f3dbae0e000 r-xp 00000000 08:01 788513                     /usr/lib/x86_64-linux-gnu/alsa-lib/libasound_module_pcm_pulse.so
7f3dbae0e000-7f3dbb00d000 ---p 00006000 08:01 788513                     /usr/lib/x86_64-linux-gnu/alsa-lib/libasound_module_pcm_pulse.so
7f3dbb00d000-7f3dbb00e000 r--p 00005000 08:01 788513                     /usr/lib/x86_64-linux-gnu/alsa-lib/libasound_module_pcm_pulse.so
7f3dbb00e000-7f3dbb00f000 rw-p 00006000 08:01 788513                     /usr/lib/x86_64-linux-gnu/alsa-lib/libasound_module_pcm_pulse.so
7f3dbb00f000-7f3dbb039000 r-xp 00000000 08:01 404471                     /usr/lib/x86_64-linux-gnu/libvorbis.so.0.4.8
7f3dbb039000-7f3dbb238000 ---p 0002a000 08:01 404471                     /usr/lib/x86_64-linux-gnu/libvorbis.so.0.4.8
7f3dbb238000-7f3dbb239000 r--p 00029000 08:01 404471                     /usr/lib/x86_64-linux-gnu/libvorbis.so.0.4.8
7f3dbb239000-7f3dbb23a000 rw-p 0002a000 08:01 404471                     /usr/lib/x86_64-linux-gnu/libvorbis.so.0.4.8
7f3dbb23a000-7f3dbb241000 r-xp 00000000 08:01 404107                     /usr/lib/x86_64-linux-gnu/libogg.so.0.8.2
7f3dbb241000-7f3dbb441000 ---p 00007000 08:01 404107                     /usr/lib/x86_64-linux-gnu/libogg.so.0.8.2
7f3dbb441000-7f3dbb442000 r--p 00007000 08:01 404107                     /usr/lib/x86_64-linux-gnu/libogg.so.0.8.2
7f3dbb442000-7f3dbb443000 rw-p 00008000 08:01 404107                     /usr/lib/x86_64-linux-gnu/libogg.so.0.8.2
7f3dbb443000-7f3dbb455000 r-xp 00000000 08:01 529006                     /lib/x86_64-linux-gnu/libgpg-error.so.0.17.0
7f3dbb455000-7f3dbb655000 ---p 00012000 08:01 529006                     /lib/x86_64-linux-gnu/libgpg-error.so.0.17.0
7f3dbb655000-7f3dbb656000 r--p 00012000 08:01 529006                     /lib/x86_64-linux-gnu/libgpg-error.so.0.17.0
7f3dbb656000-7f3dbb657000 rw-p 00013000 08:01 529006                     /lib/x86_64-linux-gnu/libgpg-error.so.0.17.0
7f3dbb657000-7f3dbb6c5000 r-xp 00000000 08:01 529091                     /lib/x86_64-linux-gnu/libpcre.so.3.13.2
7f3dbb6c5000-7f3dbb8c5000 ---p 0006e000 08:01 529091                     /lib/x86_64-linux-gnu/libpcre.so.3.13.2
7f3dbb8c5000-7f3dbb8c6000 r--p 0006e000 08:01 529091                     /lib/x86_64-linux-gnu/libpcre.so.3.13.2
7f3dbb8c6000-7f3dbb8c7000 rw-p 0006f000 08:01 529091                     /lib/x86_64-linux-gnu/libpcre.so.3.13.2
7f3dbb8c7000-7f3dbb8de000 r-xp 00000000 08:01 529114                     /lib/x86_64-linux-gnu/libresolv-2.23.so
7f3dbb8de000-7f3dbbade000 ---p 00017000 08:01 529114                     /lib/x86_64-linux-gnu/libresolv-2.23.so
7f3dbbade000-7f3dbbadf000 r--p 00017000 08:01 529114                     /lib/x86_64-linux-gnu/libresolv-2.23.so
7f3dbbadf000-7f3dbbae0000 rw-p 00018000 08:01 529114                     /lib/x86_64-linux-gnu/libresolv-2.23.so
7f3dbbae0000-7f3dbbae2000 rw-p 00000000 00:00 0 
7f3dbbae2000-7f3dbbb6f000 r-xp 00000000 08:01 404473                     /usr/lib/x86_64-linux-gnu/libvorbisenc.so.2.0.11
7f3dbbb6f000-7f3dbbd6e000 ---p 0008d000 08:01 404473                     /usr/lib/x86_64-linux-gnu/libvorbisenc.so.2.0.11
7f3dbbd6e000-7f3dbbd8a000 r--p 0008c000 08:01 404473                     /usr/lib/x86_64-linux-gnu/libvorbisenc.so.2.0.11
7f3dbbd8a000-7f3dbbd8b000 rw-p 000a8000 08:01 404473                     /usr/lib/x86_64-linux-gnu/libvorbisenc.so.2.0.11
7f3dbbd8b000-7f3dbbdfe000 r-xp 00000000 08:01 403024                     /usr/lib/x86_64-linux-gnu/libFLAC.so.8.3.0
7f3dbbdfe000-7f3dbbffe000 ---p 00073000 08:01 403024                     /usr/lib/x86_64-linux-gnu/libFLAC.so.8.3.0
7f3dbbffe000-7f3dbbfff000 r--p 00073000 08:01 403024                     /usr/lib/x86_64-linux-gnu/libFLAC.so.8.3.0
7f3dbbfff000-7f3dbc000000 rw-p 00074000 08:01 403024                     /usr/lib/x86_64-linux-gnu/libFLAC.so.8.3.0
7f3dbc000000-7f3dbc021000 rw-p 00000000 00:00 0 
7f3dbc021000-7f3dc0000000 ---p 00000000 00:00 0 
7f3dc00db000-7f3dc00de000 ---p 00000000 00:00 0 
7f3dc00de000-7f3dc01dc000 rw-p 00000000 00:00 0 
7f3dc01dc000-7f3dc02b3000 r-xp 00000000 08:01 529002                     /lib/x86_64-linux-gnu/libgcrypt.so.20.0.5
7f3dc02b3000-7f3dc04b3000 ---p 000d7000 08:01 529002                     /lib/x86_64-linux-gnu/libgcrypt.so.20.0.5
7f3dc04b3000-7f3dc04b4000 r--p 000d7000 08:01 529002                     /lib/x86_64-linux-gnu/libgcrypt.so.20.0.5
7f3dc04b4000-7f3dc04bc000 rw-p 000d8000 08:01 529002                     /lib/x86_64-linux-gnu/libgcrypt.so.20.0.5
7f3dc04bc000-7f3dc04bd000 rw-p 00000000 00:00 0 
7f3dc04bd000-7f3dc04de000 r-xp 00000000 08:01 529029                     /lib/x86_64-linux-gnu/liblzma.so.5.0.0
7f3dc04de000-7f3dc06dd000 ---p 00021000 08:01 529029                     /lib/x86_64-linux-gnu/liblzma.so.5.0.0
7f3dc06dd000-7f3dc06de000 r--p 00020000 08:01 529029                     /lib/x86_64-linux-gnu/liblzma.so.5.0.0
7f3dc06de000-7f3dc06df000 rw-p 00021000 08:01 529029                     /lib/x86_64-linux-gnu/liblzma.so.5.0.0
7f3dc06df000-7f3dc06fe000 r-xp 00000000 08:01 529120                     /lib/x86_64-linux-gnu/libselinux.so.1
7f3dc06fe000-7f3dc08fd000 ---p 0001f000 08:01 529120                     /lib/x86_64-linux-gnu/libselinux.so.1
7f3dc08fd000-7f3dc08fe000 r--p 0001e000 08:01 529120                     /lib/x86_64-linux-gnu/libselinux.so.1
7f3dc08fe000-7f3dc08ff000 rw-p 0001f000 08:01 529120                     /lib/x86_64-linux-gnu/libselinux.so.1
7f3dc08ff000-7f3dc0901000 rw-p 00000000 00:00 0 
7f3dc0901000-7f3dc0906000 r-xp 00000000 08:01 403278                     /usr/lib/x86_64-linux-gnu/libasyncns.so.0.3.1
7f3dc0906000-7f3dc0b05000 ---p 00005000 08:01 403278                     /usr/lib/x86_64-linux-gnu/libasyncns.so.0.3.1
7f3dc0b05000-7f3dc0b06000 r--p 00004000 08:01 403278                     /usr/lib/x86_64-linux-gnu/libasyncns.so.0.3.1
7f3dc0b06000-7f3dc0b07000 rw-p 00005000 08:01 403278                     /usr/lib/x86_64-linux-gnu/libasyncns.so.0.3.1
7f3dc0b07000-7f3dc0b69000 r-xp 00000000 08:01 404319                     /usr/lib/x86_64-linux-gnu/libsndfile.so.1.0.25
7f3dc0b69000-7f3dc0d69000 ---p 00062000 08:01 404319                     /usr/lib/x86_64-linux-gnu/libsndfile.so.1.0.25
7f3dc0d69000-7f3dc0d6b000 r--p 00062000 08:01 404319                     /usr/lib/x86_64-linux-gnu/libsndfile.so.1.0.25
7f3dc0d6b000-7f3dc0d6c000 rw-p 00064000 08:01 404319                     /usr/lib/x86_64-linux-gnu/libsndfile.so.1.0.25
7f3dc0d6c000-7f3dc0d70000 rw-p 00000000 00:00 0 
7f3dc0d70000-7f3dc0d78000 r-xp 00000000 08:01 529148                     /lib/x86_64-linux-gnu/libwrap.so.0.7.6
7f3dc0d78000-7f3dc0f77000 ---p 00008000 08:01 529148                     /lib/x86_64-linux-gnu/libwrap.so.0.7.6
7f3dc0f77000-7f3dc0f78000 r--p 00007000 08:01 529148                     /lib/x86_64-linux-gnu/libwrap.so.0.7.6
7f3dc0f78000-7f3dc0f79000 rw-p 00008000 08:01 529148                     /lib/x86_64-linux-gnu/libwrap.so.0.7.6
7f3dc0f79000-7f3dc0f7a000 rw-p 00000000 00:00 0 
7f3dc0f7a000-7f3dc0ffa000 r-xp 00000000 08:01 529130                     /lib/x86_64-linux-gnu/libsystemd.so.0.14.0
7f3dc0ffa000-7f3dc0ffd000 r--p 0007f000 08:01 529130                     /lib/x86_64-linux-gnu/libsystemd.so.0.14.0
7f3dc0ffd000-7f3dc0ffe000 rw-p 00082000 08:01 529130                     /lib/x86_64-linux-gnu/libsystemd.so.0.14.0
7f3dc0ffe000-7f3dc4000000 rw-p 00000000 00:00 0 
7f3dc4000000-7f3dc409a000 rw-p 00000000 00:00 0 
7f3dc409a000-7f3dc8000000 ---p 00000000 00:00 0 
7f3dc8000000-7f3dc8021000 rw-p 00000000 00:00 0 
7f3dc8021000-7f3dcc000000 ---p 00000000 00:00 0 
7f3dcc000000-7f3dcc03d000 rw-p 00000000 00:00 0 
7f3dcc03d000-7f3dd0000000 ---p 00000000 00:00 0 
7f3dd0000000-7f3dd0021000 rw-p 00000000 00:00 0 
7f3dd0021000-7f3dd4000000 ---p 00000000 00:00 0 
7f3dd4000000-7f3dd4021000 rw-p 00000000 00:00 0 
7f3dd4021000-7f3dd8000000 ---p 00000000 00:00 0 
7f3dd8000000-7f3dd80b9000 rw-p 00000000 00:00 0 
7f3dd80b9000-7f3ddc000000 ---p 00000000 00:00 0 
7f3ddc000000-7f3ddc021000 rw-p 00000000 00:00 0 
7f3ddc021000-7f3de0000000 ---p 00000000 00:00 0 
7f3de0000000-7f3de0021000 rw-p 00000000 00:00 0 
7f3de0021000-7f3de4000000 ---p 00000000 00:00 0 
7f3de4000000-7f3de47b6000 rw-p 00000000 00:00 0 
7f3de47b6000-7f3de8000000 ---p 00000000 00:00 0 
7f3de8000000-7f3de8021000 rw-p 00000000 00:00 0 
7f3de8021000-7f3dec000000 ---p 00000000 00:00 0 
7f3dec000000-7f3ded22f000 rw-p 00000000 00:00 0 
7f3ded22f000-7f3df0000000 ---p 00000000 00:00 0 
7f3df0000000-7f3df04ee000 rw-p 00000000 00:00 0 
7f3df04ee000-7f3df4000000 ---p 00000000 00:00 0 
7f3df4000000-7f3df4021000 rw-p 00000000 00:00 0 
7f3df4021000-7f3df8000000 ---p 00000000 00:00 0 
7f3df8000000-7f3df8021000 rw-p 00000000 00:00 0 
7f3df8021000-7f3dfc000000 ---p 00000000 00:00 0 
7f3dfc000000-7f3dfc023000 rw-p 00000000 00:00 0 
7f3dfc023000-7f3e00000000 ---p 00000000 00:00 0 
7f3e00000000-7f3e00021000 rw-p 00000000 00:00 0 
7f3e00021000-7f3e04000000 ---p 00000000 00:00 0 
7f3e04000000-7f3e04021000 rw-p 00000000 00:00 0 
7f3e04021000-7f3e08000000 ---p 00000000 00:00 0 
7f3e08000000-7f3e08021000 rw-p 00000000 00:00 0 
7f3e08021000-7f3e0c000000 ---p 00000000 00:00 0 
7f3e0c000000-7f3e0c021000 rw-p 00000000 00:00 0 
7f3e0c021000-7f3e10000000 ---p 00000000 00:00 0 
7f3e10057000-7f3e10062000 r--s 00000000 08:01 1582834                    /var/cache/fontconfig/945677eb7aeaf62f1d50efc3fb3ec7d8-le64.cache-6
7f3e10062000-7f3e10077000 r--s 00000000 08:01 1582810                    /var/cache/fontconfig/04aabc0a78ac019cf9454389977116d2-le64.cache-6
7f3e10077000-7f3e100c1000 r-xp 00000000 08:01 528978                     /lib/x86_64-linux-gnu/libdbus-1.so.3.14.6
7f3e100c1000-7f3e102c1000 ---p 0004a000 08:01 528978                     /lib/x86_64-linux-gnu/libdbus-1.so.3.14.6
7f3e102c1000-7f3e102c2000 r--p 0004a000 08:01 528978                     /lib/x86_64-linux-gnu/libdbus-1.so.3.14.6
7f3e102c2000-7f3e102c3000 rw-p 0004b000 08:01 528978                     /lib/x86_64-linux-gnu/libdbus-1.so.3.14.6
7f3e102c3000-7f3e1033d000 r-xp 00000000 08:01 918390                     /usr/lib/x86_64-linux-gnu/pulseaudio/libpulsecommon-8.0.so
7f3e1033d000-7f3e1053c000 ---p 0007a000 08:01 918390                     /usr/lib/x86_64-linux-gnu/pulseaudio/libpulsecommon-8.0.so
7f3e1053c000-7f3e1053d000 r--p 00079000 08:01 918390                     /usr/lib/x86_64-linux-gnu/pulseaudio/libpulsecommon-8.0.so
7f3e1053d000-7f3e1053e000 rw-p 0007a000 08:01 918390                     /usr/lib/x86_64-linux-gnu/pulseaudio/libpulsecommon-8.0.so
7f3e1053e000-7f3e10548000 r-xp 00000000 08:01 529021                     /lib/x86_64-linux-gnu/libjson-c.so.2.0.0
7f3e10548000-7f3e10747000 ---p 0000a000 08:01 529021                     /lib/x86_64-linux-gnu/libjson-c.so.2.0.0
7f3e10747000-7f3e10748000 r--p 00009000 08:01 529021                     /lib/x86_64-linux-gnu/libjson-c.so.2.0.0
7f3e10748000-7f3e10749000 rw-p 0000a000 08:01 529021                     /lib/x86_64-linux-gnu/libjson-c.so.2.0.0
7f3e10749000-7f3e10797000 r-xp 00000000 08:01 404199                     /usr/lib/x86_64-linux-gnu/libpulse.so.0.19.0
7f3e10797000-7f3e10997000 ---p 0004e000 08:01 404199                     /usr/lib/x86_64-linux-gnu/libpulse.so.0.19.0
7f3e10997000-7f3e10998000 r--p 0004e000 08:01 404199                     /usr/lib/x86_64-linux-gnu/libpulse.so.0.19.0
7f3e10998000-7f3e10999000 rw-p 0004f000 08:01 404199                     /usr/lib/x86_64-linux-gnu/libpulse.so.0.19.0
7f3e10999000-7f3e109a2000 r--s 00000000 08:01 1582833                    /var/cache/fontconfig/a6d8cf8e4ec09cdbc8633c31745a07dd-le64.cache-6
7f3e109a2000-7f3e109a8000 r--s 00000000 08:01 1582816                    /var/cache/fontconfig/2cd17615ca594fa2959ae173292e504c-le64.cache-6
7f3e109a8000-7f3e109a9000 r--s 00000000 08:01 1582813                    /var/cache/fontconfig/0d8c3b2ac0904cb8a57a757ad11a4a08-le64.cache-6
7f3e109a9000-7f3e109aa000 r--s 00000000 08:01 1582815                    /var/cache/fontconfig/1ac9eb803944fde146138c791f5cc56a-le64.cache-6
7f3e109aa000-7f3e109ae000 r--s 00000000 08:01 1582820                    /var/cache/fontconfig/385c0604a188198f04d133e54aba7fe7-le64.cache-6
7f3e109ae000-7f3e109af000 r--s 00000000 08:01 1582847                    /var/cache/fontconfig/dc05db6664285cc2f12bf69c139ae4c3-le64.cache-6
7f3e109af000-7f3e109b2000 r--s 00000000 08:01 1582830                    /var/cache/fontconfig/767a8244fc0220cfb567a839d0392e0b-le64.cache-6
7f3e109b2000-7f3e109b3000 r--s 00000000 08:01 1582821                    /var/cache/fontconfig/4794a0821666d79190d59a36cb4f44b5-le64.cache-6
7f3e109b3000-7f3e109b9000 r--s 00000000 08:01 1585052                    /var/cache/fontconfig/8801497958630a81b71ace7c5f9b32a8-le64.cache-6
7f3e109b9000-7f3e109ba000 r--s 00000000 08:01 1582840                    /var/cache/fontconfig/bab58bb527bb656aaa9f116d68a48d89-le64.cache-6
7f3e109ba000-7f3e109c1000 r--s 00000000 08:01 1582817                    /var/cache/fontconfig/3047814df9a2f067bd2d96a2b9c36e5a-le64.cache-6
7f3e109c1000-7f3e109d4000 r--s 00000000 08:01 1582844                    /var/cache/fontconfig/d52a8644073d54c13679302ca1180695-le64.cache-6
7f3e109d4000-7f3e109df000 r--s 00000000 08:01 1585189                    /var/cache/fontconfig/d589a48862398ed80a3d6066f4f56f4c-le64.cache-6
7f3e109df000-7f3e109f1000 r--s 00000000 08:01 1582836                    /var/cache/fontconfig/9b89f8e3dae116d678bbf48e5f21f69b-le64.cache-6
7f3e10a5a000-7f3e10a80000 rw-s 00000000 00:05 8978463                    /SYSV00000000 (deleted)
7f3e10a8f000-7f3e10a92000 ---p 00000000 00:00 0 
7f3e10a92000-7f3e10b90000 rw-p 00000000 00:00 0 
7f3e10bb3000-7f3e10cac000 r-xp 00000000 08:01 403268                     /usr/lib/x86_64-linux-gnu/libasound.so.2.0.0
7f3e10cac000-7f3e10eab000 ---p 000f9000 08:01 403268                     /usr/lib/x86_64-linux-gnu/libasound.so.2.0.0
7f3e10eab000-7f3e10eb2000 r--p 000f8000 08:01 403268                     /usr/lib/x86_64-linux-gnu/libasound.so.2.0.0
7f3e10eb2000-7f3e10eb3000 rw-p 000ff000 08:01 403268                     /usr/lib/x86_64-linux-gnu/libasound.so.2.0.0
7f3e10eb3000-7f3e10ec2000 r-xp 00000000 08:01 796626                     /usr/lib/jvm/java-8-openjdk-amd64/jre/lib/amd64/libjsoundalsa.so
7f3e10ec2000-7f3e110c1000 ---p 0000f000 08:01 796626                     /usr/lib/jvm/java-8-openjdk-amd64/jre/lib/amd64/libjsoundalsa.so
7f3e110c1000-7f3e110c2000 r--p 0000e000 08:01 796626                     /usr/lib/jvm/java-8-openjdk-amd64/jre/lib/amd64/libjsoundalsa.so
7f3e110c2000-7f3e110c3000 rw-p 0000f000 08:01 796626                     /usr/lib/jvm/java-8-openjdk-amd64/jre/lib/amd64/libjsoundalsa.so
7f3e110c3000-7f3e110c4000 r-xp 00000000 08:01 796529                     /usr/lib/jvm/java-8-openjdk-amd64/jre/lib/amd64/libjsound.so
7f3e110c4000-7f3e112c3000 ---p 00001000 08:01 796529                     /usr/lib/jvm/java-8-openjdk-amd64/jre/lib/amd64/libjsound.so
7f3e112c3000-7f3e112c4000 r--p 00000000 08:01 796529                     /usr/lib/jvm/java-8-openjdk-amd64/jre/lib/amd64/libjsound.so
7f3e112c4000-7f3e112c5000 rw-p 00001000 08:01 796529                     /usr/lib/jvm/java-8-openjdk-amd64/jre/lib/amd64/libjsound.so
7f3e112c5000-7f3e112c8000 ---p 00000000 00:00 0 
7f3e112c8000-7f3e113c6000 rw-p 00000000 00:00 0 
7f3e113c6000-7f3e113d7000 r-xp 00000000 08:01 796527                     /usr/lib/jvm/java-8-openjdk-amd64/jre/lib/amd64/libnio.so
7f3e113d7000-7f3e115d6000 ---p 00011000 08:01 796527                     /usr/lib/jvm/java-8-openjdk-amd64/jre/lib/amd64/libnio.so
7f3e115d6000-7f3e115d7000 r--p 00010000 08:01 796527                     /usr/lib/jvm/java-8-openjdk-amd64/jre/lib/amd64/libnio.so
7f3e115d7000-7f3e115d8000 rw-p 00011000 08:01 796527                     /usr/lib/jvm/java-8-openjdk-amd64/jre/lib/amd64/libnio.so
7f3e115d8000-7f3e117d8000 rw-p 00000000 00:00 0 
7f3e117d8000-7f3e117ee000 r-xp 00000000 08:01 796509                     /usr/lib/jvm/java-8-openjdk-amd64/jre/lib/amd64/libnet.so
7f3e117ee000-7f3e119ee000 ---p 00016000 08:01 796509                     /usr/lib/jvm/java-8-openjdk-amd64/jre/lib/amd64/libnet.so
7f3e119ee000-7f3e119ef000 r--p 00016000 08:01 796509                     /usr/lib/jvm/java-8-openjdk-amd64/jre/lib/amd64/libnet.so
7f3e119ef000-7f3e119f0000 rw-p 00017000 08:01 796509                     /usr/lib/jvm/java-8-openjdk-amd64/jre/lib/amd64/libnet.so
7f3e119f0000-7f3e119f3000 ---p 00000000 00:00 0 
7f3e119f3000-7f3e11af1000 rw-p 00000000 00:00 0 
7f3e11af1000-7f3e11af4000 ---p 00000000 00:00 0 
7f3e11af4000-7f3e11bf2000 rw-p 00000000 00:00 0 
7f3e11bf2000-7f3e11bf5000 ---p 00000000 00:00 0 
7f3e11bf5000-7f3e11ef3000 rw-p 00000000 00:00 0 
7f3e11ef3000-7f3e11ef6000 ---p 00000000 00:00 0 
7f3e11ef6000-7f3e11ff4000 rw-p 00000000 00:00 0 
7f3e11ff4000-7f3e11ff7000 ---p 00000000 00:00 0 
7f3e11ff7000-7f3e120f5000 rw-p 00000000 00:00 0 
7f3e120f5000-7f3e120f8000 ---p 00000000 00:00 0 
7f3e120f8000-7f3e121f6000 rw-p 00000000 00:00 0 
7f3e121f6000-7f3e121fb000 r-xp 00000000 08:01 403189                     /usr/lib/x86_64-linux-gnu/libXfixes.so.3.1.0
7f3e121fb000-7f3e123fa000 ---p 00005000 08:01 403189                     /usr/lib/x86_64-linux-gnu/libXfixes.so.3.1.0
7f3e123fa000-7f3e123fb000 r--p 00004000 08:01 403189                     /usr/lib/x86_64-linux-gnu/libXfixes.so.3.1.0
7f3e123fb000-7f3e123fc000 rw-p 00005000 08:01 403189                     /usr/lib/x86_64-linux-gnu/libXfixes.so.3.1.0
7f3e123fc000-7f3e12405000 r-xp 00000000 08:01 403181                     /usr/lib/x86_64-linux-gnu/libXcursor.so.1.0.2
7f3e12405000-7f3e12604000 ---p 00009000 08:01 403181                     /usr/lib/x86_64-linux-gnu/libXcursor.so.1.0.2
7f3e12604000-7f3e12605000 r--p 00008000 08:01 403181                     /usr/lib/x86_64-linux-gnu/libXcursor.so.1.0.2
7f3e12605000-7f3e12606000 rw-p 00009000 08:01 403181                     /usr/lib/x86_64-linux-gnu/libXcursor.so.1.0.2
7f3e12606000-7f3e12609000 ---p 00000000 00:00 0 
7f3e12609000-7f3e12707000 rw-p 00000000 00:00 0 
7f3e12707000-7f3e1272b000 r-xp 00000000 08:01 529103                     /lib/x86_64-linux-gnu/libpng12.so.0.54.0
7f3e1272b000-7f3e1292a000 ---p 00024000 08:01 529103                     /lib/x86_64-linux-gnu/libpng12.so.0.54.0
7f3e1292a000-7f3e1292b000 r--p 00023000 08:01 529103                     /lib/x86_64-linux-gnu/libpng12.so.0.54.0
7f3e1292b000-7f3e1292c000 rw-p 00024000 08:01 529103                     /lib/x86_64-linux-gnu/libpng12.so.0.54.0
7f3e1292c000-7f3e129d0000 r-xp 00000000 08:01 403612                     /usr/lib/x86_64-linux-gnu/libfreetype.so.6.12.1
7f3e129d0000-7f3e12bcf000 ---p 000a4000 08:01 403612                     /usr/lib/x86_64-linux-gnu/libfreetype.so.6.12.1
7f3e12bcf000-7f3e12bd5000 r--p 000a3000 08:01 403612                     /usr/lib/x86_64-linux-gnu/libfreetype.so.6.12.1
7f3e12bd5000-7f3e12bd6000 rw-p 000a9000 08:01 403612                     /usr/lib/x86_64-linux-gnu/libfreetype.so.6.12.1
7f3e12bd6000-7f3e12bd7000 r--s 00000000 08:01 1582824                    /var/cache/fontconfig/56cf4f4769d0f4abc89a4895d7bd3ae1-le64.cache-6
7f3e12bd7000-7f3e12bdd000 r--s 00000000 08:01 1582838                    /var/cache/fontconfig/b47c4e1ecd0709278f4910c18777a504-le64.cache-6
7f3e12bdd000-7f3e12bed000 r--p 00000000 08:01 1056105                    /usr/share/locale-langpack/ko/LC_MESSAGES/pulseaudio.mo
7f3e12bed000-7f3e12c3e000 r-xp 00000000 08:01 796505                     /usr/lib/jvm/java-8-openjdk-amd64/jre/lib/amd64/libfontmanager.so
7f3e12c3e000-7f3e12e3e000 ---p 00051000 08:01 796505                     /usr/lib/jvm/java-8-openjdk-amd64/jre/lib/amd64/libfontmanager.so
7f3e12e3e000-7f3e12e40000 r--p 00051000 08:01 796505                     /usr/lib/jvm/java-8-openjdk-amd64/jre/lib/amd64/libfontmanager.so
7f3e12e40000-7f3e12e41000 rw-p 00053000 08:01 796505                     /usr/lib/jvm/java-8-openjdk-amd64/jre/lib/amd64/libfontmanager.so
7f3e12e41000-7f3e12e68000 r--p 00000000 08:01 1056088                    /usr/share/locale-langpack/ko/LC_MESSAGES/libc.mo
7f3e12e68000-7f3e12e6d000 r-xp 00000000 08:01 403185                     /usr/lib/x86_64-linux-gnu/libXdmcp.so.6.0.0
7f3e12e6d000-7f3e1306c000 ---p 00005000 08:01 403185                     /usr/lib/x86_64-linux-gnu/libXdmcp.so.6.0.0
7f3e1306c000-7f3e1306d000 r--p 00004000 08:01 403185                     /usr/lib/x86_64-linux-gnu/libXdmcp.so.6.0.0
7f3e1306d000-7f3e1306e000 rw-p 00005000 08:01 403185                     /usr/lib/x86_64-linux-gnu/libXdmcp.so.6.0.0
7f3e1306e000-7f3e13070000 r-xp 00000000 08:01 403174                     /usr/lib/x86_64-linux-gnu/libXau.so.6.0.0
7f3e13070000-7f3e13270000 ---p 00002000 08:01 403174                     /usr/lib/x86_64-linux-gnu/libXau.so.6.0.0
7f3e13270000-7f3e13271000 r--p 00002000 08:01 403174                     /usr/lib/x86_64-linux-gnu/libXau.so.6.0.0
7f3e13271000-7f3e13272000 rw-p 00003000 08:01 403174                     /usr/lib/x86_64-linux-gnu/libXau.so.6.0.0
7f3e13272000-7f3e13293000 r-xp 00000000 08:01 404598                     /usr/lib/x86_64-linux-gnu/libxcb.so.1.1.0
7f3e13293000-7f3e13492000 ---p 00021000 08:01 404598                     /usr/lib/x86_64-linux-gnu/libxcb.so.1.1.0
7f3e13492000-7f3e13493000 r--p 00020000 08:01 404598                     /usr/lib/x86_64-linux-gnu/libxcb.so.1.1.0
7f3e13493000-7f3e13494000 rw-p 00021000 08:01 404598                     /usr/lib/x86_64-linux-gnu/libxcb.so.1.1.0
7f3e13494000-7f3e134a3000 r-xp 00000000 08:01 403197                     /usr/lib/x86_64-linux-gnu/libXi.so.6.1.0
7f3e134a3000-7f3e136a2000 ---p 0000f000 08:01 403197                     /usr/lib/x86_64-linux-gnu/libXi.so.6.1.0
7f3e136a2000-7f3e136a3000 r--p 0000e000 08:01 403197                     /usr/lib/x86_64-linux-gnu/libXi.so.6.1.0
7f3e136a3000-7f3e136a4000 rw-p 0000f000 08:01 403197                     /usr/lib/x86_64-linux-gnu/libXi.so.6.1.0
7f3e136a4000-7f3e136a9000 r-xp 00000000 08:01 403215                     /usr/lib/x86_64-linux-gnu/libXtst.so.6.1.0
7f3e136a9000-7f3e138a8000 ---p 00005000 08:01 403215                     /usr/lib/x86_64-linux-gnu/libXtst.so.6.1.0
7f3e138a8000-7f3e138a9000 r--p 00004000 08:01 403215                     /usr/lib/x86_64-linux-gnu/libXtst.so.6.1.0
7f3e138a9000-7f3e138aa000 rw-p 00005000 08:01 403215                     /usr/lib/x86_64-linux-gnu/libXtst.so.6.1.0
7f3e138aa000-7f3e138b3000 r-xp 00000000 08:01 403209                     /usr/lib/x86_64-linux-gnu/libXrender.so.1.3.0
7f3e138b3000-7f3e13ab2000 ---p 00009000 08:01 403209                     /usr/lib/x86_64-linux-gnu/libXrender.so.1.3.0
7f3e13ab2000-7f3e13ab3000 r--p 00008000 08:01 403209                     /usr/lib/x86_64-linux-gnu/libXrender.so.1.3.0
7f3e13ab3000-7f3e13ab4000 rw-p 00009000 08:01 403209                     /usr/lib/x86_64-linux-gnu/libXrender.so.1.3.0
7f3e13ab4000-7f3e13be9000 r-xp 00000000 08:01 412884                     /usr/lib/x86_64-linux-gnu/libX11.so.6.3.0
7f3e13be9000-7f3e13de9000 ---p 00135000 08:01 412884                     /usr/lib/x86_64-linux-gnu/libX11.so.6.3.0
7f3e13de9000-7f3e13dea000 r--p 00135000 08:01 412884                     /usr/lib/x86_64-linux-gnu/libX11.so.6.3.0
7f3e13dea000-7f3e13dee000 rw-p 00136000 08:01 412884                     /usr/lib/x86_64-linux-gnu/libX11.so.6.3.0
7f3e13dee000-7f3e13dff000 r-xp 00000000 08:01 403187                     /usr/lib/x86_64-linux-gnu/libXext.so.6.4.0
7f3e13dff000-7f3e13ffe000 ---p 00011000 08:01 403187                     /usr/lib/x86_64-linux-gnu/libXext.so.6.4.0
7f3e13ffe000-7f3e13fff000 r--p 00010000 08:01 403187                     /usr/lib/x86_64-linux-gnu/libXext.so.6.4.0
7f3e13fff000-7f3e14000000 rw-p 00011000 08:01 403187                     /usr/lib/x86_64-linux-gnu/libXext.so.6.4.0
7f3e14000000-7f3e14021000 rw-p 00000000 00:00 0 
7f3e14021000-7f3e18000000 ---p 00000000 00:00 0 
7f3e18000000-7f3e18001000 r--s 00000000 08:01 1582839                    /var/cache/fontconfig/b9d506c9ac06c20b433354fa67a72993-le64.cache-6
7f3e18001000-7f3e18004000 r--s 00000000 08:01 1582829                    /var/cache/fontconfig/75114ca45c98e8a441da0ff356701271-le64.cache-6
7f3e18004000-7f3e1800f000 r--s 00000000 08:01 1582832                    /var/cache/fontconfig/83bf95040141907cd45bb53cf7c1c148-le64.cache-6
7f3e1800f000-7f3e18022000 r--s 00346000 08:01 796545                     /usr/lib/jvm/java-8-openjdk-amd64/jre/lib/resources.jar
7f3e18022000-7f3e1807e000 r-xp 00000000 08:01 796520                     /usr/lib/jvm/java-8-openjdk-amd64/jre/lib/amd64/libawt_xawt.so
7f3e1807e000-7f3e1827d000 ---p 0005c000 08:01 796520                     /usr/lib/jvm/java-8-openjdk-amd64/jre/lib/amd64/libawt_xawt.so
7f3e1827d000-7f3e1827e000 r--p 0005b000 08:01 796520                     /usr/lib/jvm/java-8-openjdk-amd64/jre/lib/amd64/libawt_xawt.so
7f3e1827e000-7f3e18281000 rw-p 0005c000 08:01 796520                     /usr/lib/jvm/java-8-openjdk-amd64/jre/lib/amd64/libawt_xawt.so
7f3e18281000-7f3e18283000 rw-p 00000000 00:00 0 
7f3e18283000-7f3e18322000 r-xp 00000000 08:01 796521                     /usr/lib/jvm/java-8-openjdk-amd64/jre/lib/amd64/libawt.so
7f3e18322000-7f3e18522000 ---p 0009f000 08:01 796521                     /usr/lib/jvm/java-8-openjdk-amd64/jre/lib/amd64/libawt.so
7f3e18522000-7f3e18523000 r--p 0009f000 08:01 796521                     /usr/lib/jvm/java-8-openjdk-amd64/jre/lib/amd64/libawt.so
7f3e18523000-7f3e1852e000 rw-p 000a0000 08:01 796521                     /usr/lib/jvm/java-8-openjdk-amd64/jre/lib/amd64/libawt.so
7f3e1852e000-7f3e18553000 rw-p 00000000 00:00 0 
7f3e18553000-7f3e1856e000 r--s 001d6000 08:01 796483                     /usr/lib/jvm/java-8-openjdk-amd64/jre/lib/ext/nashorn.jar
7f3e1856e000-7f3e18589000 r--s 00394000 08:01 796486                     /usr/lib/jvm/java-8-openjdk-amd64/jre/lib/ext/cldrdata.jar
7f3e18589000-7f3e1858a000 ---p 00000000 00:00 0 
7f3e1858a000-7f3e1868a000 rw-p 00000000 00:00 0 
7f3e1868a000-7f3e1868d000 ---p 00000000 00:00 0 
7f3e1868d000-7f3e1878b000 rw-p 00000000 00:00 0 
7f3e1878b000-7f3e1878e000 ---p 00000000 00:00 0 
7f3e1878e000-7f3e1888c000 rw-p 00000000 00:00 0 
7f3e1888c000-7f3e1888f000 ---p 00000000 00:00 0 
7f3e1888f000-7f3e1898d000 rw-p 00000000 00:00 0 
7f3e1898d000-7f3e18990000 ---p 00000000 00:00 0 
7f3e18990000-7f3e18a8e000 rw-p 00000000 00:00 0 
7f3e18a8e000-7f3e18a91000 ---p 00000000 00:00 0 
7f3e18a91000-7f3e18b8f000 rw-p 00000000 00:00 0 
7f3e18b8f000-7f3e1968e000 r--p 00000000 08:01 401589                     /usr/lib/locale/locale-archive
7f3e1968e000-7f3e19691000 ---p 00000000 00:00 0 
7f3e19691000-7f3e1978f000 rw-p 00000000 00:00 0 
7f3e1978f000-7f3e19792000 ---p 00000000 00:00 0 
7f3e19792000-7f3e19890000 rw-p 00000000 00:00 0 
7f3e19890000-7f3e19891000 ---p 00000000 00:00 0 
7f3e19891000-7f3e1a7c0000 rw-p 00000000 00:00 0 
7f3e1a7c0000-7f3e1a990000 r--s 03c5c000 08:01 796460                     /usr/lib/jvm/java-8-openjdk-amd64/jre/lib/rt.jar
7f3e1a990000-7f3e1d000000 rw-p 00000000 00:00 0 
7f3e1d000000-7f3e1d4e0000 rwxp 00000000 00:00 0 
7f3e1d4e0000-7f3e2c000000 ---p 00000000 00:00 0 
7f3e2c000000-7f3e2e9ea000 rw-p 00000000 00:00 0 
7f3e2e9ea000-7f3e30000000 ---p 00000000 00:00 0 
7f3e30000000-7f3e30001000 r--s 00000000 08:01 1582823                    /var/cache/fontconfig/551ecf3b0e8b0bca0f25c0944f561853-le64.cache-6
7f3e30001000-7f3e30004000 r--s 00000000 08:01 1582848                    /var/cache/fontconfig/e13b20fdb08344e0e664864cc2ede53d-le64.cache-6
7f3e30004000-7f3e30008000 r--s 00000000 08:01 1569904                    /var/cache/fontconfig/7ef2298fde41cc6eeb7af42e48b7d293-le64.cache-6
7f3e30008000-7f3e3000f000 r--s 00000000 08:01 788975                     /usr/lib/x86_64-linux-gnu/gconv/gconv-modules.cache
7f3e3000f000-7f3e30012000 r--s 00039000 08:01 796485                     /usr/lib/jvm/java-8-openjdk-amd64/jre/lib/ext/sunpkcs11.jar
7f3e30012000-7f3e30015000 r--s 0000f000 08:01 796482                     /usr/lib/jvm/java-8-openjdk-amd64/jre/lib/ext/icedtea-sound.jar
7f3e30015000-7f3e3001a000 r--s 0003c000 08:01 796488                     /usr/lib/jvm/java-8-openjdk-amd64/jre/lib/ext/sunjce_provider.jar
7f3e3001a000-7f3e30c88000 rw-p 00000000 00:00 0 
7f3e30c88000-7f3e30c89000 ---p 00000000 00:00 0 
7f3e30c89000-7f3e30d89000 rw-p 00000000 00:00 0 
7f3e30d89000-7f3e30d8a000 ---p 00000000 00:00 0 
7f3e30d8a000-7f3e30e8a000 rw-p 00000000 00:00 0 
7f3e30e8a000-7f3e30e8b000 ---p 00000000 00:00 0 
7f3e30e8b000-7f3e30f8b000 rw-p 00000000 00:00 0 
7f3e30f8b000-7f3e30f8c000 ---p 00000000 00:00 0 
7f3e30f8c000-7f3e310bb000 rw-p 00000000 00:00 0 
7f3e310bb000-7f3e31226000 ---p 00000000 00:00 0 
7f3e31226000-7f3e31255000 rw-p 00000000 00:00 0 
7f3e31255000-7f3e313c0000 ---p 00000000 00:00 0 
7f3e313c0000-7f3e31434000 rw-p 00000000 00:00 0 
7f3e31434000-7f3e3148d000 ---p 00000000 00:00 0 
7f3e3148d000-7f3e314a2000 rw-p 00000000 00:00 0 
7f3e314a2000-7f3e3184e000 ---p 00000000 00:00 0 
7f3e3184e000-7f3e31856000 r-xp 00000000 08:01 796524                     /usr/lib/jvm/java-8-openjdk-amd64/jre/lib/amd64/libzip.so
7f3e31856000-7f3e31a55000 ---p 00008000 08:01 796524                     /usr/lib/jvm/java-8-openjdk-amd64/jre/lib/amd64/libzip.so
7f3e31a55000-7f3e31a56000 r--p 00007000 08:01 796524                     /usr/lib/jvm/java-8-openjdk-amd64/jre/lib/amd64/libzip.so
7f3e31a56000-7f3e31a57000 rw-p 00008000 08:01 796524                     /usr/lib/jvm/java-8-openjdk-amd64/jre/lib/amd64/libzip.so
7f3e31a57000-7f3e31a62000 r-xp 00000000 08:01 529061                     /lib/x86_64-linux-gnu/libnss_files-2.23.so
7f3e31a62000-7f3e31c61000 ---p 0000b000 08:01 529061                     /lib/x86_64-linux-gnu/libnss_files-2.23.so
7f3e31c61000-7f3e31c62000 r--p 0000a000 08:01 529061                     /lib/x86_64-linux-gnu/libnss_files-2.23.so
7f3e31c62000-7f3e31c63000 rw-p 0000b000 08:01 529061                     /lib/x86_64-linux-gnu/libnss_files-2.23.so
7f3e31c63000-7f3e31c69000 rw-p 00000000 00:00 0 
7f3e31c69000-7f3e31c74000 r-xp 00000000 08:01 529071                     /lib/x86_64-linux-gnu/libnss_nis-2.23.so
7f3e31c74000-7f3e31e73000 ---p 0000b000 08:01 529071                     /lib/x86_64-linux-gnu/libnss_nis-2.23.so
7f3e31e73000-7f3e31e74000 r--p 0000a000 08:01 529071                     /lib/x86_64-linux-gnu/libnss_nis-2.23.so
7f3e31e74000-7f3e31e75000 rw-p 0000b000 08:01 529071                     /lib/x86_64-linux-gnu/libnss_nis-2.23.so
7f3e31e75000-7f3e31e8b000 r-xp 00000000 08:01 529055                     /lib/x86_64-linux-gnu/libnsl-2.23.so
7f3e31e8b000-7f3e3208a000 ---p 00016000 08:01 529055                     /lib/x86_64-linux-gnu/libnsl-2.23.so
7f3e3208a000-7f3e3208b000 r--p 00015000 08:01 529055                     /lib/x86_64-linux-gnu/libnsl-2.23.so
7f3e3208b000-7f3e3208c000 rw-p 00016000 08:01 529055                     /lib/x86_64-linux-gnu/libnsl-2.23.so
7f3e3208c000-7f3e3208e000 rw-p 00000000 00:00 0 
7f3e3208e000-7f3e32096000 r-xp 00000000 08:01 529057                     /lib/x86_64-linux-gnu/libnss_compat-2.23.so
7f3e32096000-7f3e32295000 ---p 00008000 08:01 529057                     /lib/x86_64-linux-gnu/libnss_compat-2.23.so
7f3e32295000-7f3e32296000 r--p 00007000 08:01 529057                     /lib/x86_64-linux-gnu/libnss_compat-2.23.so
7f3e32296000-7f3e32297000 rw-p 00008000 08:01 529057                     /lib/x86_64-linux-gnu/libnss_compat-2.23.so
7f3e32297000-7f3e322c0000 r-xp 00000000 08:01 796508                     /usr/lib/jvm/java-8-openjdk-amd64/jre/lib/amd64/libjava.so
7f3e322c0000-7f3e324bf000 ---p 00029000 08:01 796508                     /usr/lib/jvm/java-8-openjdk-amd64/jre/lib/amd64/libjava.so
7f3e324bf000-7f3e324c0000 r--p 00028000 08:01 796508                     /usr/lib/jvm/java-8-openjdk-amd64/jre/lib/amd64/libjava.so
7f3e324c0000-7f3e324c2000 rw-p 00029000 08:01 796508                     /usr/lib/jvm/java-8-openjdk-amd64/jre/lib/amd64/libjava.so
7f3e324c2000-7f3e324d1000 r-xp 00000000 08:01 796526                     /usr/lib/jvm/java-8-openjdk-amd64/jre/lib/amd64/libverify.so
7f3e324d1000-7f3e326d0000 ---p 0000f000 08:01 796526                     /usr/lib/jvm/java-8-openjdk-amd64/jre/lib/amd64/libverify.so
7f3e326d0000-7f3e326d2000 r--p 0000e000 08:01 796526                     /usr/lib/jvm/java-8-openjdk-amd64/jre/lib/amd64/libverify.so
7f3e326d2000-7f3e326d3000 rw-p 00010000 08:01 796526                     /usr/lib/jvm/java-8-openjdk-amd64/jre/lib/amd64/libverify.so
7f3e326d3000-7f3e326da000 r-xp 00000000 08:01 529116                     /lib/x86_64-linux-gnu/librt-2.23.so
7f3e326da000-7f3e328d9000 ---p 00007000 08:01 529116                     /lib/x86_64-linux-gnu/librt-2.23.so
7f3e328d9000-7f3e328da000 r--p 00006000 08:01 529116                     /lib/x86_64-linux-gnu/librt-2.23.so
7f3e328da000-7f3e328db000 rw-p 00007000 08:01 529116                     /lib/x86_64-linux-gnu/librt-2.23.so
7f3e328db000-7f3e328f1000 r-xp 00000000 08:01 529000                     /lib/x86_64-linux-gnu/libgcc_s.so.1
7f3e328f1000-7f3e32af0000 ---p 00016000 08:01 529000                     /lib/x86_64-linux-gnu/libgcc_s.so.1
7f3e32af0000-7f3e32af1000 rw-p 00015000 08:01 529000                     /lib/x86_64-linux-gnu/libgcc_s.so.1
7f3e32af1000-7f3e32bf9000 r-xp 00000000 08:01 529032                     /lib/x86_64-linux-gnu/libm-2.23.so
7f3e32bf9000-7f3e32df8000 ---p 00108000 08:01 529032                     /lib/x86_64-linux-gnu/libm-2.23.so
7f3e32df8000-7f3e32df9000 r--p 00107000 08:01 529032                     /lib/x86_64-linux-gnu/libm-2.23.so
7f3e32df9000-7f3e32dfa000 rw-p 00108000 08:01 529032                     /lib/x86_64-linux-gnu/libm-2.23.so
7f3e32dfa000-7f3e32f6c000 r-xp 00000000 08:01 404347                     /usr/lib/x86_64-linux-gnu/libstdc++.so.6.0.21
7f3e32f6c000-7f3e3316c000 ---p 00172000 08:01 404347                     /usr/lib/x86_64-linux-gnu/libstdc++.so.6.0.21
7f3e3316c000-7f3e33176000 r--p 00172000 08:01 404347                     /usr/lib/x86_64-linux-gnu/libstdc++.so.6.0.21
7f3e33176000-7f3e33178000 rw-p 0017c000 08:01 404347                     /usr/lib/x86_64-linux-gnu/libstdc++.so.6.0.21
7f3e33178000-7f3e3317c000 rw-p 00000000 00:00 0 
7f3e3317c000-7f3e33de0000 r-xp 00000000 08:01 796537                     /usr/lib/jvm/java-8-openjdk-amd64/jre/lib/amd64/server/libjvm.so
7f3e33de0000-7f3e33fdf000 ---p 00c64000 08:01 796537                     /usr/lib/jvm/java-8-openjdk-amd64/jre/lib/amd64/server/libjvm.so
7f3e33fdf000-7f3e34073000 r--p 00c63000 08:01 796537                     /usr/lib/jvm/java-8-openjdk-amd64/jre/lib/amd64/server/libjvm.so
7f3e34073000-7f3e3409c000 rw-p 00cf7000 08:01 796537                     /usr/lib/jvm/java-8-openjdk-amd64/jre/lib/amd64/server/libjvm.so
7f3e3409c000-7f3e340cc000 rw-p 00000000 00:00 0 
7f3e340cc000-7f3e340e4000 r-xp 00000000 08:01 529108                     /lib/x86_64-linux-gnu/libpthread-2.23.so
7f3e340e4000-7f3e342e3000 ---p 00018000 08:01 529108                     /lib/x86_64-linux-gnu/libpthread-2.23.so
7f3e342e3000-7f3e342e4000 r--p 00017000 08:01 529108                     /lib/x86_64-linux-gnu/libpthread-2.23.so
7f3e342e4000-7f3e342e5000 rw-p 00018000 08:01 529108                     /lib/x86_64-linux-gnu/libpthread-2.23.so
7f3e342e5000-7f3e342e9000 rw-p 00000000 00:00 0 
7f3e342e9000-7f3e342ec000 r-xp 00000000 08:01 528986                     /lib/x86_64-linux-gnu/libdl-2.23.so
7f3e342ec000-7f3e344eb000 ---p 00003000 08:01 528986                     /lib/x86_64-linux-gnu/libdl-2.23.so
7f3e344eb000-7f3e344ec000 r--p 00002000 08:01 528986                     /lib/x86_64-linux-gnu/libdl-2.23.so
7f3e344ec000-7f3e344ed000 rw-p 00003000 08:01 528986                     /lib/x86_64-linux-gnu/libdl-2.23.so
7f3e344ed000-7f3e34506000 r-xp 00000000 08:01 529153                     /lib/x86_64-linux-gnu/libz.so.1.2.8
7f3e34506000-7f3e34705000 ---p 00019000 08:01 529153                     /lib/x86_64-linux-gnu/libz.so.1.2.8
7f3e34705000-7f3e34706000 r--p 00018000 08:01 529153                     /lib/x86_64-linux-gnu/libz.so.1.2.8
7f3e34706000-7f3e34707000 rw-p 00019000 08:01 529153                     /lib/x86_64-linux-gnu/libz.so.1.2.8
7f3e34707000-7f3e348c7000 r-xp 00000000 08:01 528962                     /lib/x86_64-linux-gnu/libc-2.23.so
7f3e348c7000-7f3e34ac7000 ---p 001c0000 08:01 528962                     /lib/x86_64-linux-gnu/libc-2.23.so
7f3e34ac7000-7f3e34acb000 r--p 001c0000 08:01 528962                     /lib/x86_64-linux-gnu/libc-2.23.so
7f3e34acb000-7f3e34acd000 rw-p 001c4000 08:01 528962                     /lib/x86_64-linux-gnu/libc-2.23.so
7f3e34acd000-7f3e34ad1000 rw-p 00000000 00:00 0 
7f3e34ad1000-7f3e34ade000 r-xp 00000000 08:01 796518                     /usr/lib/jvm/java-8-openjdk-amd64/jre/lib/amd64/jli/libjli.so
7f3e34ade000-7f3e34cdd000 ---p 0000d000 08:01 796518                     /usr/lib/jvm/java-8-openjdk-amd64/jre/lib/amd64/jli/libjli.so
7f3e34cdd000-7f3e34cde000 r--p 0000c000 08:01 796518                     /usr/lib/jvm/java-8-openjdk-amd64/jre/lib/amd64/jli/libjli.so
7f3e34cde000-7f3e34cdf000 rw-p 0000d000 08:01 796518                     /usr/lib/jvm/java-8-openjdk-amd64/jre/lib/amd64/jli/libjli.so
7f3e34cdf000-7f3e34d05000 r-xp 00000000 08:01 528934                     /lib/x86_64-linux-gnu/ld-2.23.so
7f3e34d05000-7f3e34d06000 r--s 00000000 08:01 1582818                    /var/cache/fontconfig/30829fa25452a46451e813d634d7f916-le64.cache-6
7f3e34d06000-7f3e34d07000 r--s 00000000 08:01 1582812                    /var/cache/fontconfig/0c9eb80ebd1c36541ebe2852d3bb0c49-le64.cache-6
7f3e34d07000-7f3e34d08000 r--s 0000d000 08:01 796481                     /usr/lib/jvm/java-8-openjdk-amd64/jre/lib/ext/sunec.jar
7f3e34d08000-7f3e34d09000 r--s 0000a000 08:01 796484                     /usr/lib/jvm/java-8-openjdk-amd64/jre/lib/ext/jaccess.jar
7f3e34d09000-7f3e34de7000 rw-p 00000000 00:00 0 
7f3e34de7000-7f3e34dea000 ---p 00000000 00:00 0 
7f3e34dea000-7f3e34eec000 rw-p 00000000 00:00 0 
7f3e34eec000-7f3e34eee000 r--s 00001000 08:01 796487                     /usr/lib/jvm/java-8-openjdk-amd64/jre/lib/ext/dnsns.jar
7f3e34eee000-7f3e34eef000 r--s 00010000 08:01 796489                     /usr/lib/jvm/java-8-openjdk-amd64/jre/lib/ext/zipfs.jar
7f3e34eef000-7f3e34ef9000 r--s 00116000 08:01 796490                     /usr/lib/jvm/java-8-openjdk-amd64/jre/lib/ext/localedata.jar
7f3e34ef9000-7f3e34f01000 rw-s 00000000 08:01 261780                     /tmp/hsperfdata_seonhu/5126
7f3e34f01000-7f3e34f02000 rw-p 00000000 00:00 0 
7f3e34f02000-7f3e34f03000 ---p 00000000 00:00 0 
7f3e34f03000-7f3e34f04000 rw-p 00000000 00:00 0 
7f3e34f04000-7f3e34f05000 r--p 00025000 08:01 528934                     /lib/x86_64-linux-gnu/ld-2.23.so
7f3e34f05000-7f3e34f06000 rw-p 00026000 08:01 528934                     /lib/x86_64-linux-gnu/ld-2.23.so
7f3e34f06000-7f3e34f07000 rw-p 00000000 00:00 0 
7ffd5d238000-7ffd5d259000 rw-p 00000000 00:00 0                          [stack]
7ffd5d282000-7ffd5d285000 r--p 00000000 00:00 0                          [vvar]
7ffd5d285000-7ffd5d287000 r-xp 00000000 00:00 0                          [vdso]
ffffffffff600000-ffffffffff601000 r-xp 00000000 00:00 0                  [vsyscall]

VM Arguments:
jvm_args: -Dfile.encoding=UTF-8 
java_command: com.ok.main.Main
java_class_path (initial): /home/seonhu/Desktop/2019-2-OSSPC-OS-3/Tetris-master/bin
Launcher Type: SUN_STANDARD

Environment Variables:
JAVA_HOME=/usr/lib/jvm/java-8-openjdk-amd64
PATH=/home/seonhu/bin:/home/seonhu/.local/bin:/usr/lib/jvm/java-8-openjdk-amd64/bin/:/usr/local/sbin:/usr/local/bin:/usr/sbin:/usr/bin:/sbin:/bin:/usr/games:/usr/local/games:/snap/bin
SHELL=/bin/bash
DISPLAY=:0

Signal Handlers:
SIGSEGV: [libjvm.so+0xa783e0], sa_mask[0]=11111111011111111101111111111110, sa_flags=SA_RESTART|SA_SIGINFO
SIGBUS: [libjvm.so+0xa783e0], sa_mask[0]=11111111011111111101111111111110, sa_flags=SA_RESTART|SA_SIGINFO
SIGFPE: [libjvm.so+0x8c0e10], sa_mask[0]=11111111011111111101111111111110, sa_flags=SA_RESTART|SA_SIGINFO
SIGPIPE: [libjvm.so+0x8c0e10], sa_mask[0]=11111111011111111101111111111110, sa_flags=SA_RESTART|SA_SIGINFO
SIGXFSZ: [libjvm.so+0x8c0e10], sa_mask[0]=11111111011111111101111111111110, sa_flags=SA_RESTART|SA_SIGINFO
SIGILL: [libjvm.so+0x8c0e10], sa_mask[0]=11111111011111111101111111111110, sa_flags=SA_RESTART|SA_SIGINFO
SIGUSR1: SIG_DFL, sa_mask[0]=00000000000000000000000000000000, sa_flags=none
SIGUSR2: [libjvm.so+0x8c0cc0], sa_mask[0]=00100000000000000000000000000000, sa_flags=SA_RESTART|SA_SIGINFO
SIGHUP: [libjvm.so+0x8c1350], sa_mask[0]=11111111011111111101111111111110, sa_flags=SA_RESTART|SA_SIGINFO
SIGINT: [libjvm.so+0x8c1350], sa_mask[0]=11111111011111111101111111111110, sa_flags=SA_RESTART|SA_SIGINFO
SIGTERM: [libjvm.so+0x8c1350], sa_mask[0]=11111111011111111101111111111110, sa_flags=SA_RESTART|SA_SIGINFO
SIGQUIT: [libjvm.so+0x8c1350], sa_mask[0]=11111111011111111101111111111110, sa_flags=SA_RESTART|SA_SIGINFO


---------------  S Y S T E M  ---------------

OS:DISTRIB_ID=Ubuntu
DISTRIB_RELEASE=16.04
DISTRIB_CODENAME=xenial
DISTRIB_DESCRIPTION="Ubuntu 16.04.5 LTS"

uname:Linux 4.15.0-29-generic #31~16.04.1-Ubuntu SMP Wed Jul 18 08:54:04 UTC 2018 x86_64
libc:glibc 2.23 NPTL 2.23 
rlimit: STACK 8192k, CORE 0k, NPROC 19441, NOFILE 1048576, AS infinity
load average:15.64 11.67 8.72

/proc/meminfo:
MemTotal:        5036544 kB
MemFree:          647004 kB
MemAvailable:     557488 kB
Buffers:             672 kB
Cached:            66688 kB
SwapCached:         7144 kB
Active:          3488204 kB
Inactive:         715920 kB
Active(anon):    3477688 kB
Inactive(anon):   685864 kB
Active(file):      10516 kB
Inactive(file):    30056 kB
Unevictable:          64 kB
Mlocked:              64 kB
SwapTotal:        998396 kB
SwapFree:            108 kB
Dirty:               144 kB
Writeback:            20 kB
AnonPages:       4130432 kB
Mapped:            55320 kB
Shmem:             26512 kB
Slab:              60356 kB
SReclaimable:      25656 kB
SUnreclaim:        34700 kB
KernelStack:       13936 kB
PageTables:        50196 kB
NFS_Unstable:          0 kB
Bounce:                0 kB
WritebackTmp:          0 kB
CommitLimit:     3516668 kB
Committed_AS:   10883996 kB
VmallocTotal:   34359738367 kB
VmallocUsed:           0 kB
VmallocChunk:          0 kB
HardwareCorrupted:     0 kB
AnonHugePages:         0 kB
ShmemHugePages:        0 kB
ShmemPmdMapped:        0 kB
CmaTotal:              0 kB
CmaFree:               0 kB
HugePages_Total:       0
HugePages_Free:        0
HugePages_Rsvd:        0
HugePages_Surp:        0
Hugepagesize:       2048 kB
DirectMap4k:      102336 kB
DirectMap2M:     5105664 kB

container (cgroup) information:
container_type: cgroupv1
cpu_cpuset_cpus: 0-3
cpu_memory_nodes: 0
active_processor_count: 4
cpu_quota: -1
cpu_period: 100000
cpu_shares: -1
memory_limit_in_bytes: -1
memory_and_swap_limit_in_bytes: -2
memory_soft_limit_in_bytes: -1
memory_usage_in_bytes: 4303921152
memory_max_usage_in_bytes: 0


CPU:total 4 (initial active 4) (4 cores per cpu, 1 threads per core) family 6 model 142 stepping 10, cmov, cx8, fxsr, mmx, sse, sse2, sse3, ssse3, sse4.1, sse4.2, popcnt, avx, avx2, aes, clmul, 3dnowpref, lzcnt, tsc, tscinvbit

/proc/cpuinfo:
processor	: 0
vendor_id	: GenuineIntel
cpu family	: 6
model		: 142
model name	: Intel(R) Core(TM) i5-8250U CPU @ 1.60GHz
stepping	: 10
cpu MHz		: 1800.003
cache size	: 6144 KB
physical id	: 0
siblings	: 4
core id		: 0
cpu cores	: 4
apicid		: 0
initial apicid	: 0
fpu		: yes
fpu_exception	: yes
cpuid level	: 22
wp		: yes
flags		: fpu vme de pse tsc msr pae mce cx8 apic sep mtrr pge mca cmov pat pse36 clflush mmx fxsr sse sse2 ht syscall nx rdtscp lm constant_tsc rep_good nopl xtopology nonstop_tsc cpuid pni pclmulqdq ssse3 cx16 pcid sse4_1 sse4_2 x2apic movbe popcnt aes xsave avx rdrand hypervisor lahf_lm abm 3dnowprefetch invpcid_single pti fsgsbase avx2 invpcid rdseed clflushopt
bugs		: cpu_meltdown spectre_v1 spectre_v2 spec_store_bypass
bogomips	: 3600.00
clflush size	: 64
cache_alignment	: 64
address sizes	: 39 bits physical, 48 bits virtual
power management:

processor	: 1
vendor_id	: GenuineIntel
cpu family	: 6
model		: 142
model name	: Intel(R) Core(TM) i5-8250U CPU @ 1.60GHz
stepping	: 10
cpu MHz		: 1800.003
cache size	: 6144 KB
physical id	: 0
siblings	: 4
core id		: 1
cpu cores	: 4
apicid		: 1
initial apicid	: 1
fpu		: yes
fpu_exception	: yes
cpuid level	: 22
wp		: yes
flags		: fpu vme de pse tsc msr pae mce cx8 apic sep mtrr pge mca cmov pat pse36 clflush mmx fxsr sse sse2 ht syscall nx rdtscp lm constant_tsc rep_good nopl xtopology nonstop_tsc cpuid pni pclmulqdq ssse3 cx16 pcid sse4_1 sse4_2 x2apic movbe popcnt aes xsave avx rdrand hypervisor lahf_lm abm 3dnowprefetch invpcid_single pti fsgsbase avx2 invpcid rdseed clflushopt
bugs		: cpu_meltdown spectre_v1 spectre_v2 spec_store_bypass
bogomips	: 3600.00
clflush size	: 64
cache_alignment	: 64
address sizes	: 39 bits physical, 48 bits virtual
power management:

processor	: 2
vendor_id	: GenuineIntel
cpu family	: 6
model		: 142
model name	: Intel(R) Core(TM) i5-8250U CPU @ 1.60GHz
stepping	: 10
cpu MHz		: 1800.003
cache size	: 6144 KB
physical id	: 0
siblings	: 4
core id		: 2
cpu cores	: 4
apicid		: 2
initial apicid	: 2
fpu		: yes
fpu_exception	: yes
cpuid level	: 22
wp		: yes
flags		: fpu vme de pse tsc msr pae mce cx8 apic sep mtrr pge mca cmov pat pse36 clflush mmx fxsr sse sse2 ht syscall nx rdtscp lm constant_tsc rep_good nopl xtopology nonstop_tsc cpuid pni pclmulqdq ssse3 cx16 pcid sse4_1 sse4_2 x2apic movbe popcnt aes xsave avx rdrand hypervisor lahf_lm abm 3dnowprefetch invpcid_single pti fsgsbase avx2 invpcid rdseed clflushopt
bugs		: cpu_meltdown spectre_v1 spectre_v2 spec_store_bypass
bogomips	: 3600.00
clflush size	: 64
cache_alignment	: 64
address sizes	: 39 bits physical, 48 bits virtual
power management:

processor	: 3
vendor_id	: GenuineIntel
cpu family	: 6
model		: 142
model name	: Intel(R) Core(TM) i5-8250U CPU @ 1.60GHz
stepping	: 10
cpu MHz		: 1800.003
cache size	: 6144 KB
physical id	: 0
siblings	: 4
core id		: 3
cpu cores	: 4
apicid		: 3
initial apicid	: 3
fpu		: yes
fpu_exception	: yes
cpuid level	: 22
wp		: yes
flags		: fpu vme de pse tsc msr pae mce cx8 apic sep mtrr pge mca cmov pat pse36 clflush mmx fxsr sse sse2 ht syscall nx rdtscp lm constant_tsc rep_good nopl xtopology nonstop_tsc cpuid pni pclmulqdq ssse3 cx16 pcid sse4_1 sse4_2 x2apic movbe popcnt aes xsave avx rdrand hypervisor lahf_lm abm 3dnowprefetch invpcid_single pti fsgsbase avx2 invpcid rdseed clflushopt
bugs		: cpu_meltdown spectre_v1 spectre_v2 spec_store_bypass
bogomips	: 3600.00
clflush size	: 64
cache_alignment	: 64
address sizes	: 39 bits physical, 48 bits virtual
power management:



Memory: 4k page, physical 5036544k(643532k free), swap 998396k(108k free)

vm_info: OpenJDK 64-Bit Server VM (25.222-b10) for linux-amd64 JRE (1.8.0_222-8u222-b10-1ubuntu1~16.04.1-b10), built on Jul 18 2019 20:25:18 by "buildd" with gcc 5.4.0 20160609

time: Tue Dec  3 14:27:44 2019
timezone: KST
elapsed time: 39 seconds (0d 0h 0m 39s)

