#
# There is insufficient memory for the Java Runtime Environment to continue.
# Native memory allocation (mmap) failed to map 108003328 bytes for committing reserved memory.
# Possible reasons:
#   The system is out of physical RAM or swap space
#   The process is running with CompressedOops enabled, and the Java Heap may be blocking the growth of the native heap
# Possible solutions:
#   Reduce memory load on the system
#   Increase physical memory or swap space
#   Check if swap backing store is full
#   Decrease Java heap size (-Xmx/-Xms)
#   Decrease number of Java threads
#   Decrease Java thread stack sizes (-Xss)
#   Set larger code cache with -XX:ReservedCodeCacheSize=
#   JVM is running with Unscaled Compressed Oops mode in which the Java heap is
#     placed in the first 4GB address space. The Java Heap base address is the
#     maximum limit for the native heap growth. Please use -XX:HeapBaseMinAddress
#     to set the Java Heap base and to place the Java Heap above 4GB virtual address.
# This output file may be truncated or incomplete.
#
#  Out of Memory Error (os_linux.cpp:2757), pid=5614, tid=0x00007fb7db2b0700
#
# JRE version: OpenJDK Runtime Environment (8.0_222-b10) (build 1.8.0_222-8u222-b10-1ubuntu1~16.04.1-b10)
# Java VM: OpenJDK 64-Bit Server VM (25.222-b10 mixed mode linux-amd64 compressed oops)
# Failed to write core dump. Core dumps have been disabled. To enable core dumping, try "ulimit -c unlimited" before starting Java again
#

---------------  T H R E A D  ---------------

Current thread (0x00007fb7f0078000):  VMThread [stack: 0x00007fb7db1b0000,0x00007fb7db2b1000] [id=5624]

Stack: [0x00007fb7db1b0000,0x00007fb7db2b1000],  sp=0x00007fb7db2af4e0,  free space=1021k
Native frames: (J=compiled Java code, j=interpreted, Vv=VM code, C=native code)
V  [libjvm.so+0xa7787b]
V  [libjvm.so+0x4caa8c]
V  [libjvm.so+0x8c5da8]
V  [libjvm.so+0x8bd3ee]
V  [libjvm.so+0x93b476]
V  [libjvm.so+0x93c7a3]
V  [libjvm.so+0x938e84]
V  [libjvm.so+0x93911c]
V  [libjvm.so+0x8eaa73]
V  [libjvm.so+0xa79532]
V  [libjvm.so+0xa7e587]
V  [libjvm.so+0xa7bde7]
V  [libjvm.so+0xa7d0cf]
V  [libjvm.so+0xa7d5f2]
V  [libjvm.so+0x8c3102]

VM_Operation (0x00007fb7d4f17b60): ParallelGCFailedAllocation, mode: safepoint, requested by thread 0x00007fb7f029e000


---------------  P R O C E S S  ---------------

Java Threads: ( => current thread )
  0x00007fb79008f000 JavaThread "TimerQueue" daemon [_thread_blocked, id=5640, stack(0x00007fb7d4593000,0x00007fb7d4694000)]
  0x00007fb7f02a8000 JavaThread "Timer-0" daemon [_thread_blocked, id=5638, stack(0x00007fb7d4894000,0x00007fb7d4995000)]
  0x00007fb7f029e000 JavaThread "AWT-EventQueue-0" [_thread_blocked, id=5637, stack(0x00007fb7d4e1b000,0x00007fb7d4f1c000)]
  0x00007fb7f029c000 JavaThread "AWT-Shutdown" [_thread_blocked, id=5636, stack(0x00007fb7d4f1c000,0x00007fb7d501d000)]
  0x00007fb7f0284800 JavaThread "Image Fetcher 0" daemon [_thread_blocked, id=5635, stack(0x00007fb7d521d000,0x00007fb7d531e000)]
  0x00007fb7f0237800 JavaThread "AWT-XAWT" daemon [_thread_in_native, id=5634, stack(0x00007fb7d531e000,0x00007fb7d541f000)]
  0x00007fb7f0219000 JavaThread "Java2D Disposer" daemon [_thread_blocked, id=5633, stack(0x00007fb7d582f000,0x00007fb7d5930000)]
  0x00007fb7f00c1000 JavaThread "Service Thread" daemon [_thread_blocked, id=5631, stack(0x00007fb7d9faa000,0x00007fb7da0ab000)]
  0x00007fb7f00be000 JavaThread "C1 CompilerThread2" daemon [_thread_blocked, id=5630, stack(0x00007fb7da0ab000,0x00007fb7da1ac000)]
  0x00007fb7f00bc000 JavaThread "C2 CompilerThread1" daemon [_thread_blocked, id=5629, stack(0x00007fb7da1ac000,0x00007fb7da2ad000)]
  0x00007fb7f00b9000 JavaThread "C2 CompilerThread0" daemon [_thread_blocked, id=5628, stack(0x00007fb7da2ad000,0x00007fb7da3ae000)]
  0x00007fb7f00b7800 JavaThread "Signal Dispatcher" daemon [_thread_blocked, id=5627, stack(0x00007fb7da3ae000,0x00007fb7da4af000)]
  0x00007fb7f0084800 JavaThread "Finalizer" daemon [_thread_blocked, id=5626, stack(0x00007fb7dafae000,0x00007fb7db0af000)]
  0x00007fb7f0082000 JavaThread "Reference Handler" daemon [_thread_blocked, id=5625, stack(0x00007fb7db0af000,0x00007fb7db1b0000)]
  0x00007fb7f000a800 JavaThread "main" [_thread_blocked, id=5619, stack(0x00007fb7f808c000,0x00007fb7f818d000)]

Other Threads:
=>0x00007fb7f0078000 VMThread [stack: 0x00007fb7db1b0000,0x00007fb7db2b1000] [id=5624]
  0x00007fb7f00c3800 WatcherThread [stack: 0x00007fb7d9ea9000,0x00007fb7d9faa000] [id=5632]

VM state:at safepoint (normal execution)

VM Mutex/Monitor currently owned by a thread:  ([mutex/lock_event])
[0x00007fb7f0006fd0] Threads_lock - owner thread: 0x00007fb7f0078000
[0x00007fb7f00074d0] Heap_lock - owner thread: 0x00007fb7f029e000

heap address: 0x00000000b3200000, size: 1230 MB, Compressed Oops mode: 32-bit
Narrow klass base: 0x0000000000000000, Narrow klass shift: 3
Compressed class space size: 1073741824 Address: 0x0000000100000000

Heap:
 PSYoungGen      total 69632K, used 638K [0x00000000e6600000, 0x00000000eb080000, 0x0000000100000000)
  eden space 66560K, 0% used [0x00000000e6600000,0x00000000e6600000,0x00000000ea700000)
  from space 3072K, 20% used [0x00000000ea700000,0x00000000ea79f930,0x00000000eaa00000)
  to   space 3072K, 0% used [0x00000000eaa00000,0x00000000eaa00000,0x00000000ead00000)
 ParOldGen       total 69632K, used 12380K [0x00000000b3200000, 0x00000000b7600000, 0x00000000e6600000)
  object space 69632K, 17% used [0x00000000b3200000,0x00000000b3e171c0,0x00000000b7600000)
 Metaspace       used 13496K, capacity 13672K, committed 13952K, reserved 1060864K
  class space    used 1473K, capacity 1546K, committed 1664K, reserved 1048576K

Card table byte_map: [0x00007fb7f44cb000,0x00007fb7f4733000] byte_map_base: 0x00007fb7f3f32000

Marking Bits: (ParMarkBitMap*) 0x00007fb7f7354540
 Begin Bits: [0x00007fb7d688f000, 0x00007fb7d7bc7000)
 End Bits:   [0x00007fb7d7bc7000, 0x00007fb7d8eff000)

Polling page: 0x00007fb7f81a7000

CodeCache: size=245760Kb used=4060Kb max_used=4061Kb free=241700Kb
 bounds [0x00007fb7e1000000, 0x00007fb7e1400000, 0x00007fb7f0000000]
 total_blobs=1755 nmethods=1191 adapters=477
 compilation: enabled

Compilation events (10 events):
Event: 5.739 Thread 0x00007fb7f00be000 1191   !   3       sun.font.FileFontStrike::getCachedGlyphPtr (27 bytes)
Event: 5.740 Thread 0x00007fb7f00be000 nmethod 1191 0x00007fb7e13ea510 code [0x00007fb7e13ea6e0, 0x00007fb7e13eadb8]
Event: 5.740 Thread 0x00007fb7f00be000 1192       3       sun.font.FileFontStrike::getCachedGlyphPtrInternal (120 bytes)
Event: 5.741 Thread 0x00007fb7f00be000 nmethod 1192 0x00007fb7e13e9bd0 code [0x00007fb7e13e9d60, 0x00007fb7e13ea110]
Event: 5.741 Thread 0x00007fb7f00be000 1190       3       sun.font.CompositeGlyphMapper::getCachedGlyphCode (32 bytes)
Event: 5.741 Thread 0x00007fb7f00be000 nmethod 1190 0x00007fb7e13f9690 code [0x00007fb7e13f9800, 0x00007fb7e13f9a50]
Event: 5.741 Thread 0x00007fb7f00be000 1193       3       sun.java2d.xr.MutableInteger::setValue (6 bytes)
Event: 5.741 Thread 0x00007fb7f00be000 nmethod 1193 0x00007fb7e13e5950 code [0x00007fb7e13e5aa0, 0x00007fb7e13e5bf0]
Event: 5.741 Thread 0x00007fb7f00be000 1194       3       sun.font.XRGlyphCache::getEntryForPointer (34 bytes)
Event: 5.742 Thread 0x00007fb7f00be000 nmethod 1194 0x00007fb7e13f8e50 code [0x00007fb7e13f9000, 0x00007fb7e13f94f8]

GC Heap History (10 events):
Event: 1.497 GC heap after
Heap after GC invocations=1 (full 0):
 PSYoungGen      total 23552K, used 3041K [0x00000000e6600000, 0x00000000e9400000, 0x0000000100000000)
  eden space 20480K, 0% used [0x00000000e6600000,0x00000000e6600000,0x00000000e7a00000)
  from space 3072K, 99% used [0x00000000e7a00000,0x00000000e7cf8620,0x00000000e7d00000)
  to   space 3072K, 0% used [0x00000000e9100000,0x00000000e9100000,0x00000000e9400000)
 ParOldGen       total 53248K, used 8124K [0x00000000b3200000, 0x00000000b6600000, 0x00000000e6600000)
  object space 53248K, 15% used [0x00000000b3200000,0x00000000b39ef010,0x00000000b6600000)
 Metaspace       used 8158K, capacity 8360K, committed 8448K, reserved 1056768K
  class space    used 902K, capacity 996K, committed 1024K, reserved 1048576K
}
Event: 3.067 GC heap before
{Heap before GC invocations=2 (full 0):
 PSYoungGen      total 23552K, used 23521K [0x00000000e6600000, 0x00000000e9400000, 0x0000000100000000)
  eden space 20480K, 100% used [0x00000000e6600000,0x00000000e7a00000,0x00000000e7a00000)
  from space 3072K, 99% used [0x00000000e7a00000,0x00000000e7cf8620,0x00000000e7d00000)
  to   space 3072K, 0% used [0x00000000e9100000,0x00000000e9100000,0x00000000e9400000)
 ParOldGen       total 53248K, used 8124K [0x00000000b3200000, 0x00000000b6600000, 0x00000000e6600000)
  object space 53248K, 15% used [0x00000000b3200000,0x00000000b39ef010,0x00000000b6600000)
 Metaspace       used 10666K, capacity 10882K, committed 11008K, reserved 1058816K
  class space    used 1160K, capacity 1257K, committed 1280K, reserved 1048576K
Event: 3.113 GC heap after
Heap after GC invocations=2 (full 0):
 PSYoungGen      total 44032K, used 3060K [0x00000000e6600000, 0x00000000e9400000, 0x0000000100000000)
  eden space 40960K, 0% used [0x00000000e6600000,0x00000000e6600000,0x00000000e8e00000)
  from space 3072K, 99% used [0x00000000e9100000,0x00000000e93fd2c0,0x00000000e9400000)
  to   space 3072K, 0% used [0x00000000e8e00000,0x00000000e8e00000,0x00000000e9100000)
 ParOldGen       total 53248K, used 33652K [0x00000000b3200000, 0x00000000b6600000, 0x00000000e6600000)
  object space 53248K, 63% used [0x00000000b3200000,0x00000000b52dd390,0x00000000b6600000)
 Metaspace       used 10666K, capacity 10882K, committed 11008K, reserved 1058816K
  class space    used 1160K, capacity 1257K, committed 1280K, reserved 1048576K
}
Event: 3.113 GC heap before
{Heap before GC invocations=3 (full 1):
 PSYoungGen      total 44032K, used 3060K [0x00000000e6600000, 0x00000000e9400000, 0x0000000100000000)
  eden space 40960K, 0% used [0x00000000e6600000,0x00000000e6600000,0x00000000e8e00000)
  from space 3072K, 99% used [0x00000000e9100000,0x00000000e93fd2c0,0x00000000e9400000)
  to   space 3072K, 0% used [0x00000000e8e00000,0x00000000e8e00000,0x00000000e9100000)
 ParOldGen       total 53248K, used 33652K [0x00000000b3200000, 0x00000000b6600000, 0x00000000e6600000)
  object space 53248K, 63% used [0x00000000b3200000,0x00000000b52dd390,0x00000000b6600000)
 Metaspace       used 10666K, capacity 10882K, committed 11008K, reserved 1058816K
  class space    used 1160K, capacity 1257K, committed 1280K, reserved 1048576K
Event: 3.141 GC heap after
Heap after GC invocations=3 (full 1):
 PSYoungGen      total 44032K, used 0K [0x00000000e6600000, 0x00000000e9400000, 0x0000000100000000)
  eden space 40960K, 0% used [0x00000000e6600000,0x00000000e6600000,0x00000000e8e00000)
  from space 3072K, 0% used [0x00000000e9100000,0x00000000e9100000,0x00000000e9400000)
  to   space 3072K, 0% used [0x00000000e8e00000,0x00000000e8e00000,0x00000000e9100000)
 ParOldGen       total 69632K, used 12300K [0x00000000b3200000, 0x00000000b7600000, 0x00000000e6600000)
  object space 69632K, 17% used [0x00000000b3200000,0x00000000b3e031b0,0x00000000b7600000)
 Metaspace       used 10666K, capacity 10882K, committed 11008K, reserved 1058816K
  class space    used 1160K, capacity 1257K, committed 1280K, reserved 1048576K
}
Event: 5.235 GC heap before
{Heap before GC invocations=4 (full 1):
 PSYoungGen      total 44032K, used 40960K [0x00000000e6600000, 0x00000000e9400000, 0x0000000100000000)
  eden space 40960K, 100% used [0x00000000e6600000,0x00000000e8e00000,0x00000000e8e00000)
  from space 3072K, 0% used [0x00000000e9100000,0x00000000e9100000,0x00000000e9400000)
  to   space 3072K, 0% used [0x00000000e8e00000,0x00000000e8e00000,0x00000000e9100000)
 ParOldGen       total 69632K, used 12300K [0x00000000b3200000, 0x00000000b7600000, 0x00000000e6600000)
  object space 69632K, 17% used [0x00000000b3200000,0x00000000b3e031b0,0x00000000b7600000)
 Metaspace       used 13461K, capacity 13672K, committed 13952K, reserved 1060864K
  class space    used 1473K, capacity 1546K, committed 1664K, reserved 1048576K
Event: 5.243 GC heap after
Heap after GC invocations=4 (full 1):
 PSYoungGen      total 44032K, used 702K [0x00000000e6600000, 0x00000000ead00000, 0x0000000100000000)
  eden space 40960K, 0% used [0x00000000e6600000,0x00000000e6600000,0x00000000e8e00000)
  from space 3072K, 22% used [0x00000000e8e00000,0x00000000e8eaf940,0x00000000e9100000)
  to   space 3072K, 0% used [0x00000000eaa00000,0x00000000eaa00000,0x00000000ead00000)
 ParOldGen       total 69632K, used 12308K [0x00000000b3200000, 0x00000000b7600000, 0x00000000e6600000)
  object space 69632K, 17% used [0x00000000b3200000,0x00000000b3e051b0,0x00000000b7600000)
 Metaspace       used 13461K, capacity 13672K, committed 13952K, reserved 1060864K
  class space    used 1473K, capacity 1546K, committed 1664K, reserved 1048576K
}
Event: 5.420 GC heap before
{Heap before GC invocations=5 (full 1):
 PSYoungGen      total 44032K, used 41662K [0x00000000e6600000, 0x00000000ead00000, 0x0000000100000000)
  eden space 40960K, 100% used [0x00000000e6600000,0x00000000e8e00000,0x00000000e8e00000)
  from space 3072K, 22% used [0x00000000e8e00000,0x00000000e8eaf940,0x00000000e9100000)
  to   space 3072K, 0% used [0x00000000eaa00000,0x00000000eaa00000,0x00000000ead00000)
 ParOldGen       total 69632K, used 12308K [0x00000000b3200000, 0x00000000b7600000, 0x00000000e6600000)
  object space 69632K, 17% used [0x00000000b3200000,0x00000000b3e051b0,0x00000000b7600000)
 Metaspace       used 13481K, capacity 13672K, committed 13952K, reserved 1060864K
  class space    used 1473K, capacity 1546K, committed 1664K, reserved 1048576K
Event: 5.428 GC heap after
Heap after GC invocations=5 (full 1):
 PSYoungGen      total 69632K, used 660K [0x00000000e6600000, 0x00000000eb080000, 0x0000000100000000)
  eden space 66560K, 0% used [0x00000000e6600000,0x00000000e6600000,0x00000000ea700000)
  from space 3072K, 21% used [0x00000000eaa00000,0x00000000eaaa5340,0x00000000ead00000)
  to   space 3072K, 0% used [0x00000000ea700000,0x00000000ea700000,0x00000000eaa00000)
 ParOldGen       total 69632K, used 12380K [0x00000000b3200000, 0x00000000b7600000, 0x00000000e6600000)
  object space 69632K, 17% used [0x00000000b3200000,0x00000000b3e171c0,0x00000000b7600000)
 Metaspace       used 13481K, capacity 13672K, committed 13952K, reserved 1060864K
  class space    used 1473K, capacity 1546K, committed 1664K, reserved 1048576K
}
Event: 5.753 GC heap before
{Heap before GC invocations=6 (full 1):
 PSYoungGen      total 69632K, used 67220K [0x00000000e6600000, 0x00000000eb080000, 0x0000000100000000)
  eden space 66560K, 100% used [0x00000000e6600000,0x00000000ea700000,0x00000000ea700000)
  from space 3072K, 21% used [0x00000000eaa00000,0x00000000eaaa5340,0x00000000ead00000)
  to   space 3072K, 0% used [0x00000000ea700000,0x00000000ea700000,0x00000000eaa00000)
 ParOldGen       total 69632K, used 12380K [0x00000000b3200000, 0x00000000b7600000, 0x00000000e6600000)
  object space 69632K, 17% used [0x00000000b3200000,0x00000000b3e171c0,0x00000000b7600000)
 Metaspace       used 13496K, capacity 13672K, committed 13952K, reserved 1060864K
  class space    used 1473K, capacity 1546K, committed 1664K, reserved 1048576K

Deoptimization events (5 events):
Event: 1.388 Thread 0x00007fb7f0284800 Uncommon trap: reason=unstable_if action=reinterpret pc=0x00007fb7e11b844c method=sun.awt.image.PNGImageDecoder.update_crc(I[BII)I @ 7
Event: 1.780 Thread 0x00007fb7f0284800 Uncommon trap: reason=unstable_if action=reinterpret pc=0x00007fb7e11f4614 method=sun.awt.image.ImageRepresentation.getOpaqueRGBImage()Ljava/awt/image/BufferedImage; @ 57
Event: 1.793 Thread 0x00007fb7f0284800 Uncommon trap: reason=unstable_if action=reinterpret pc=0x00007fb7e11f7870 method=sun.awt.image.PNGFilterInputStream.read([BII)I @ 30
Event: 3.025 Thread 0x00007fb7f029e000 Uncommon trap: reason=unstable_if action=reinterpret pc=0x00007fb7e1272c60 method=java.lang.CharacterData.of(I)Ljava/lang/CharacterData; @ 4
Event: 4.630 Thread 0x00007fb7f0284800 Uncommon trap: reason=unstable_if action=reinterpret pc=0x00007fb7e12248d0 method=sun.awt.image.PNGImageDecoder.produceImage()V @ 1706

Classes redefined (0 events):
No events

Internal exceptions (10 events):
Event: 0.378 Thread 0x00007fb7f000a800 Exception <a 'java/security/PrivilegedActionException'> (0x00000000e66da830) thrown at [/build/openjdk-8-g3XteX/openjdk-8-8u222-b10/src/hotspot/src/share/vm/prims/jvm.cpp, line 1502]
Event: 0.378 Thread 0x00007fb7f000a800 Exception <a 'java/security/PrivilegedActionException'> (0x00000000e66db308) thrown at [/build/openjdk-8-g3XteX/openjdk-8-8u222-b10/src/hotspot/src/share/vm/prims/jvm.cpp, line 1502]
Event: 0.378 Thread 0x00007fb7f000a800 Exception <a 'java/security/PrivilegedActionException'> (0x00000000e66db518) thrown at [/build/openjdk-8-g3XteX/openjdk-8-8u222-b10/src/hotspot/src/share/vm/prims/jvm.cpp, line 1502]
Event: 0.525 Thread 0x00007fb7f000a800 Exception <a 'java/lang/NoSuchFieldError': method resolution failed> (0x00000000e67ac180) thrown at [/build/openjdk-8-g3XteX/openjdk-8-8u222-b10/src/hotspot/src/share/vm/prims/methodHandles.cpp, line 1167]
Event: 0.530 Thread 0x00007fb7f000a800 Exception <a 'java/lang/NoSuchFieldError': method resolution failed> (0x00000000e67b9980) thrown at [/build/openjdk-8-g3XteX/openjdk-8-8u222-b10/src/hotspot/src/share/vm/prims/methodHandles.cpp, line 1167]
Event: 0.652 Thread 0x00007fb7f000a800 Exception <a 'java/io/FileNotFoundException'> (0x00000000e68392a8) thrown at [/build/openjdk-8-g3XteX/openjdk-8-8u222-b10/src/hotspot/src/share/vm/prims/jni.cpp, line 710]
Event: 0.652 Thread 0x00007fb7f000a800 Exception <a 'java/io/FileNotFoundException'> (0x00000000e6839d20) thrown at [/build/openjdk-8-g3XteX/openjdk-8-8u222-b10/src/hotspot/src/share/vm/prims/jni.cpp, line 710]
Event: 0.721 Thread 0x00007fb7f000a800 Exception <a 'java/lang/ClassNotFoundException': sun/dc/DuctusRenderingEngine> (0x00000000e68456e8) thrown at [/build/openjdk-8-g3XteX/openjdk-8-8u222-b10/src/hotspot/src/share/vm/classfile/systemDictionary.cpp, line 210]
Event: 3.845 Thread 0x00007fb7f000a800 Exception <a 'java/io/FileNotFoundException'> (0x00000000e6a95050) thrown at [/build/openjdk-8-g3XteX/openjdk-8-8u222-b10/src/hotspot/src/share/vm/prims/jni.cpp, line 710]
Event: 4.764 Thread 0x00007fb7f0284800 Exception <a 'java/io/FileNotFoundException'> (0x00000000e69c7ba8) thrown at [/build/openjdk-8-g3XteX/openjdk-8-8u222-b10/src/hotspot/src/share/vm/prims/jni.cpp, line 710]

Events (10 events):
Event: 5.508 Thread 0x00007fb7f029e000 DEOPT UNPACKING pc=0x00007fb7e10474c4 sp=0x00007fb7d4f17be0 mode 0
Event: 5.512 Thread 0x00007fb7f029e000 DEOPT PACKING pc=0x00007fb7e1392a4a sp=0x00007fb7d4f17d30
Event: 5.512 Thread 0x00007fb7f029e000 DEOPT UNPACKING pc=0x00007fb7e10474c4 sp=0x00007fb7d4f17be0 mode 0
Event: 5.513 Thread 0x00007fb7f029e000 DEOPT PACKING pc=0x00007fb7e1392a4a sp=0x00007fb7d4f17d30
Event: 5.513 Thread 0x00007fb7f029e000 DEOPT UNPACKING pc=0x00007fb7e10474c4 sp=0x00007fb7d4f17be0 mode 0
Event: 5.515 Thread 0x00007fb7f029e000 DEOPT PACKING pc=0x00007fb7e1392a4a sp=0x00007fb7d4f17d30
Event: 5.515 Thread 0x00007fb7f029e000 DEOPT UNPACKING pc=0x00007fb7e10474c4 sp=0x00007fb7d4f17be0 mode 0
Event: 5.518 Thread 0x00007fb7f029e000 DEOPT PACKING pc=0x00007fb7e1392a4a sp=0x00007fb7d4f17d30
Event: 5.518 Thread 0x00007fb7f029e000 DEOPT UNPACKING pc=0x00007fb7e10474c4 sp=0x00007fb7d4f17be0 mode 0
Event: 5.752 Executing VM operation: ParallelGCFailedAllocation


Dynamic libraries:
00400000-00401000 r-xp 00000000 08:01 796424                             /usr/lib/jvm/java-8-openjdk-amd64/jre/bin/java
00600000-00601000 r--p 00000000 08:01 796424                             /usr/lib/jvm/java-8-openjdk-amd64/jre/bin/java
00601000-00602000 rw-p 00001000 08:01 796424                             /usr/lib/jvm/java-8-openjdk-amd64/jre/bin/java
010d4000-010f5000 rw-p 00000000 00:00 0                                  [heap]
b3200000-b7600000 rw-p 00000000 00:00 0 
b7600000-e6600000 ---p 00000000 00:00 0 
e6600000-eb080000 rw-p 00000000 00:00 0 
f1780000-100000000 ---p 00000000 00:00 0 
100000000-1001a0000 rw-p 00000000 00:00 0 
1001a0000-140000000 ---p 00000000 00:00 0 
7fb77c000000-7fb77c021000 rw-p 00000000 00:00 0 
7fb77c021000-7fb780000000 ---p 00000000 00:00 0 
7fb784000000-7fb784021000 rw-p 00000000 00:00 0 
7fb784021000-7fb788000000 ---p 00000000 00:00 0 
7fb788000000-7fb788021000 rw-p 00000000 00:00 0 
7fb788021000-7fb78c000000 ---p 00000000 00:00 0 
7fb78c000000-7fb78c021000 rw-p 00000000 00:00 0 
7fb78c021000-7fb790000000 ---p 00000000 00:00 0 
7fb790000000-7fb790120000 rw-p 00000000 00:00 0 
7fb790120000-7fb794000000 ---p 00000000 00:00 0 
7fb794000000-7fb794021000 rw-p 00000000 00:00 0 
7fb794021000-7fb798000000 ---p 00000000 00:00 0 
7fb798000000-7fb7980ca000 rw-p 00000000 00:00 0 
7fb7980ca000-7fb79c000000 ---p 00000000 00:00 0 
7fb79c000000-7fb79c021000 rw-p 00000000 00:00 0 
7fb79c021000-7fb7a0000000 ---p 00000000 00:00 0 
7fb7a0000000-7fb7a0021000 rw-p 00000000 00:00 0 
7fb7a0021000-7fb7a4000000 ---p 00000000 00:00 0 
7fb7a4000000-7fb7a441e000 rw-p 00000000 00:00 0 
7fb7a441e000-7fb7a8000000 ---p 00000000 00:00 0 
7fb7a8000000-7fb7a8021000 rw-p 00000000 00:00 0 
7fb7a8021000-7fb7ac000000 ---p 00000000 00:00 0 
7fb7ac000000-7fb7ad2fb000 rw-p 00000000 00:00 0 
7fb7ad2fb000-7fb7b0000000 ---p 00000000 00:00 0 
7fb7b0000000-7fb7b0406000 rw-p 00000000 00:00 0 
7fb7b0406000-7fb7b4000000 ---p 00000000 00:00 0 
7fb7b4000000-7fb7b4021000 rw-p 00000000 00:00 0 
7fb7b4021000-7fb7b8000000 ---p 00000000 00:00 0 
7fb7b8000000-7fb7b8021000 rw-p 00000000 00:00 0 
7fb7b8021000-7fb7bc000000 ---p 00000000 00:00 0 
7fb7bc000000-7fb7bc021000 rw-p 00000000 00:00 0 
7fb7bc021000-7fb7c0000000 ---p 00000000 00:00 0 
7fb7c0000000-7fb7c0021000 rw-p 00000000 00:00 0 
7fb7c0021000-7fb7c4000000 ---p 00000000 00:00 0 
7fb7c4000000-7fb7c4021000 rw-p 00000000 00:00 0 
7fb7c4021000-7fb7c8000000 ---p 00000000 00:00 0 
7fb7c8000000-7fb7c8021000 rw-p 00000000 00:00 0 
7fb7c8021000-7fb7cc000000 ---p 00000000 00:00 0 
7fb7ccfff000-7fb7d0000000 rw-p 00000000 00:00 0 
7fb7d0000000-7fb7d0021000 rw-p 00000000 00:00 0 
7fb7d0021000-7fb7d4000000 ---p 00000000 00:00 0 
7fb7d4479000-7fb7d447c000 ---p 00000000 00:00 0 
7fb7d447c000-7fb7d457a000 rw-p 00000000 00:00 0 
7fb7d457a000-7fb7d4585000 r--s 00000000 08:01 1582834                    /var/cache/fontconfig/945677eb7aeaf62f1d50efc3fb3ec7d8-le64.cache-6
7fb7d4593000-7fb7d4596000 ---p 00000000 00:00 0 
7fb7d4596000-7fb7d4894000 rw-p 00000000 00:00 0 
7fb7d4894000-7fb7d4897000 ---p 00000000 00:00 0 
7fb7d4897000-7fb7d4995000 rw-p 00000000 00:00 0 
7fb7d49cb000-7fb7d49f1000 rw-s 00000000 00:05 11403279                   /SYSV00000000 (deleted)
7fb7d49f1000-7fb7d4a02000 r-xp 00000000 08:01 796527                     /usr/lib/jvm/java-8-openjdk-amd64/jre/lib/amd64/libnio.so
7fb7d4a02000-7fb7d4c01000 ---p 00011000 08:01 796527                     /usr/lib/jvm/java-8-openjdk-amd64/jre/lib/amd64/libnio.so
7fb7d4c01000-7fb7d4c02000 r--p 00010000 08:01 796527                     /usr/lib/jvm/java-8-openjdk-amd64/jre/lib/amd64/libnio.so
7fb7d4c02000-7fb7d4c03000 rw-p 00011000 08:01 796527                     /usr/lib/jvm/java-8-openjdk-amd64/jre/lib/amd64/libnio.so
7fb7d4c03000-7fb7d4c19000 r-xp 00000000 08:01 796509                     /usr/lib/jvm/java-8-openjdk-amd64/jre/lib/amd64/libnet.so
7fb7d4c19000-7fb7d4e19000 ---p 00016000 08:01 796509                     /usr/lib/jvm/java-8-openjdk-amd64/jre/lib/amd64/libnet.so
7fb7d4e19000-7fb7d4e1a000 r--p 00016000 08:01 796509                     /usr/lib/jvm/java-8-openjdk-amd64/jre/lib/amd64/libnet.so
7fb7d4e1a000-7fb7d4e1b000 rw-p 00017000 08:01 796509                     /usr/lib/jvm/java-8-openjdk-amd64/jre/lib/amd64/libnet.so
7fb7d4e1b000-7fb7d4e1e000 ---p 00000000 00:00 0 
7fb7d4e1e000-7fb7d4f1c000 rw-p 00000000 00:00 0 
7fb7d4f1c000-7fb7d4f1f000 ---p 00000000 00:00 0 
7fb7d4f1f000-7fb7d521d000 rw-p 00000000 00:00 0 
7fb7d521d000-7fb7d5220000 ---p 00000000 00:00 0 
7fb7d5220000-7fb7d531e000 rw-p 00000000 00:00 0 
7fb7d531e000-7fb7d5321000 ---p 00000000 00:00 0 
7fb7d5321000-7fb7d541f000 rw-p 00000000 00:00 0 
7fb7d541f000-7fb7d5424000 r-xp 00000000 08:01 403189                     /usr/lib/x86_64-linux-gnu/libXfixes.so.3.1.0
7fb7d5424000-7fb7d5623000 ---p 00005000 08:01 403189                     /usr/lib/x86_64-linux-gnu/libXfixes.so.3.1.0
7fb7d5623000-7fb7d5624000 r--p 00004000 08:01 403189                     /usr/lib/x86_64-linux-gnu/libXfixes.so.3.1.0
7fb7d5624000-7fb7d5625000 rw-p 00005000 08:01 403189                     /usr/lib/x86_64-linux-gnu/libXfixes.so.3.1.0
7fb7d5625000-7fb7d562e000 r-xp 00000000 08:01 403181                     /usr/lib/x86_64-linux-gnu/libXcursor.so.1.0.2
7fb7d562e000-7fb7d582d000 ---p 00009000 08:01 403181                     /usr/lib/x86_64-linux-gnu/libXcursor.so.1.0.2
7fb7d582d000-7fb7d582e000 r--p 00008000 08:01 403181                     /usr/lib/x86_64-linux-gnu/libXcursor.so.1.0.2
7fb7d582e000-7fb7d582f000 rw-p 00009000 08:01 403181                     /usr/lib/x86_64-linux-gnu/libXcursor.so.1.0.2
7fb7d582f000-7fb7d5832000 ---p 00000000 00:00 0 
7fb7d5832000-7fb7d5930000 rw-p 00000000 00:00 0 
7fb7d5930000-7fb7d5954000 r-xp 00000000 08:01 529103                     /lib/x86_64-linux-gnu/libpng12.so.0.54.0
7fb7d5954000-7fb7d5b53000 ---p 00024000 08:01 529103                     /lib/x86_64-linux-gnu/libpng12.so.0.54.0
7fb7d5b53000-7fb7d5b54000 r--p 00023000 08:01 529103                     /lib/x86_64-linux-gnu/libpng12.so.0.54.0
7fb7d5b54000-7fb7d5b55000 rw-p 00024000 08:01 529103                     /lib/x86_64-linux-gnu/libpng12.so.0.54.0
7fb7d5b55000-7fb7d5bf9000 r-xp 00000000 08:01 403612                     /usr/lib/x86_64-linux-gnu/libfreetype.so.6.12.1
7fb7d5bf9000-7fb7d5df8000 ---p 000a4000 08:01 403612                     /usr/lib/x86_64-linux-gnu/libfreetype.so.6.12.1
7fb7d5df8000-7fb7d5dfe000 r--p 000a3000 08:01 403612                     /usr/lib/x86_64-linux-gnu/libfreetype.so.6.12.1
7fb7d5dfe000-7fb7d5dff000 rw-p 000a9000 08:01 403612                     /usr/lib/x86_64-linux-gnu/libfreetype.so.6.12.1
7fb7d5dff000-7fb7d5e50000 r-xp 00000000 08:01 796505                     /usr/lib/jvm/java-8-openjdk-amd64/jre/lib/amd64/libfontmanager.so
7fb7d5e50000-7fb7d6050000 ---p 00051000 08:01 796505                     /usr/lib/jvm/java-8-openjdk-amd64/jre/lib/amd64/libfontmanager.so
7fb7d6050000-7fb7d6052000 r--p 00051000 08:01 796505                     /usr/lib/jvm/java-8-openjdk-amd64/jre/lib/amd64/libfontmanager.so
7fb7d6052000-7fb7d6053000 rw-p 00053000 08:01 796505                     /usr/lib/jvm/java-8-openjdk-amd64/jre/lib/amd64/libfontmanager.so
7fb7d6053000-7fb7d6058000 r-xp 00000000 08:01 403185                     /usr/lib/x86_64-linux-gnu/libXdmcp.so.6.0.0
7fb7d6058000-7fb7d6257000 ---p 00005000 08:01 403185                     /usr/lib/x86_64-linux-gnu/libXdmcp.so.6.0.0
7fb7d6257000-7fb7d6258000 r--p 00004000 08:01 403185                     /usr/lib/x86_64-linux-gnu/libXdmcp.so.6.0.0
7fb7d6258000-7fb7d6259000 rw-p 00005000 08:01 403185                     /usr/lib/x86_64-linux-gnu/libXdmcp.so.6.0.0
7fb7d6259000-7fb7d625b000 r-xp 00000000 08:01 403174                     /usr/lib/x86_64-linux-gnu/libXau.so.6.0.0
7fb7d625b000-7fb7d645b000 ---p 00002000 08:01 403174                     /usr/lib/x86_64-linux-gnu/libXau.so.6.0.0
7fb7d645b000-7fb7d645c000 r--p 00002000 08:01 403174                     /usr/lib/x86_64-linux-gnu/libXau.so.6.0.0
7fb7d645c000-7fb7d645d000 rw-p 00003000 08:01 403174                     /usr/lib/x86_64-linux-gnu/libXau.so.6.0.0
7fb7d645d000-7fb7d647e000 r-xp 00000000 08:01 404598                     /usr/lib/x86_64-linux-gnu/libxcb.so.1.1.0
7fb7d647e000-7fb7d667d000 ---p 00021000 08:01 404598                     /usr/lib/x86_64-linux-gnu/libxcb.so.1.1.0
7fb7d667d000-7fb7d667e000 r--p 00020000 08:01 404598                     /usr/lib/x86_64-linux-gnu/libxcb.so.1.1.0
7fb7d667e000-7fb7d667f000 rw-p 00021000 08:01 404598                     /usr/lib/x86_64-linux-gnu/libxcb.so.1.1.0
7fb7d667f000-7fb7d668e000 r-xp 00000000 08:01 403197                     /usr/lib/x86_64-linux-gnu/libXi.so.6.1.0
7fb7d668e000-7fb7d688d000 ---p 0000f000 08:01 403197                     /usr/lib/x86_64-linux-gnu/libXi.so.6.1.0
7fb7d688d000-7fb7d688e000 r--p 0000e000 08:01 403197                     /usr/lib/x86_64-linux-gnu/libXi.so.6.1.0
7fb7d688e000-7fb7d688f000 rw-p 0000f000 08:01 403197                     /usr/lib/x86_64-linux-gnu/libXi.so.6.1.0
7fb7d688f000-7fb7d8eff000 rw-p 00000000 00:00 0 
7fb7d8f06000-7fb7d8f0f000 r--s 00000000 08:01 1582833                    /var/cache/fontconfig/a6d8cf8e4ec09cdbc8633c31745a07dd-le64.cache-6
7fb7d8f0f000-7fb7d8f15000 r--s 00000000 08:01 1582816                    /var/cache/fontconfig/2cd17615ca594fa2959ae173292e504c-le64.cache-6
7fb7d8f15000-7fb7d8f16000 r--s 00000000 08:01 1582813                    /var/cache/fontconfig/0d8c3b2ac0904cb8a57a757ad11a4a08-le64.cache-6
7fb7d8f16000-7fb7d8f2b000 r--s 00000000 08:01 1582810                    /var/cache/fontconfig/04aabc0a78ac019cf9454389977116d2-le64.cache-6
7fb7d8f2b000-7fb7d8f2c000 r--s 00000000 08:01 1582815                    /var/cache/fontconfig/1ac9eb803944fde146138c791f5cc56a-le64.cache-6
7fb7d8f2c000-7fb7d8f30000 r--s 00000000 08:01 1582820                    /var/cache/fontconfig/385c0604a188198f04d133e54aba7fe7-le64.cache-6
7fb7d8f30000-7fb7d8f31000 r--s 00000000 08:01 1582847                    /var/cache/fontconfig/dc05db6664285cc2f12bf69c139ae4c3-le64.cache-6
7fb7d8f31000-7fb7d8f34000 r--s 00000000 08:01 1582830                    /var/cache/fontconfig/767a8244fc0220cfb567a839d0392e0b-le64.cache-6
7fb7d8f34000-7fb7d8f35000 r--s 00000000 08:01 1582821                    /var/cache/fontconfig/4794a0821666d79190d59a36cb4f44b5-le64.cache-6
7fb7d8f35000-7fb7d8f3b000 r--s 00000000 08:01 1585052                    /var/cache/fontconfig/8801497958630a81b71ace7c5f9b32a8-le64.cache-6
7fb7d8f3b000-7fb7d8f42000 r--s 00000000 08:01 1582817                    /var/cache/fontconfig/3047814df9a2f067bd2d96a2b9c36e5a-le64.cache-6
7fb7d8f42000-7fb7d8f55000 r--s 00000000 08:01 1582844                    /var/cache/fontconfig/d52a8644073d54c13679302ca1180695-le64.cache-6
7fb7d8f55000-7fb7d8f60000 r--s 00000000 08:01 1585189                    /var/cache/fontconfig/d589a48862398ed80a3d6066f4f56f4c-le64.cache-6
7fb7d8f60000-7fb7d8f6b000 r--s 00000000 08:01 1582832                    /var/cache/fontconfig/83bf95040141907cd45bb53cf7c1c148-le64.cache-6
7fb7d8f6b000-7fb7d8f7d000 r--s 00000000 08:01 1582836                    /var/cache/fontconfig/9b89f8e3dae116d678bbf48e5f21f69b-le64.cache-6
7fb7d8f95000-7fb7d8fa8000 r--s 00346000 08:01 796545                     /usr/lib/jvm/java-8-openjdk-amd64/jre/lib/resources.jar
7fb7d8fa8000-7fb7d8fcf000 r--p 00000000 08:01 1056088                    /usr/share/locale-langpack/ko/LC_MESSAGES/libc.mo
7fb7d8fcf000-7fb7d8fd4000 r-xp 00000000 08:01 403215                     /usr/lib/x86_64-linux-gnu/libXtst.so.6.1.0
7fb7d8fd4000-7fb7d91d3000 ---p 00005000 08:01 403215                     /usr/lib/x86_64-linux-gnu/libXtst.so.6.1.0
7fb7d91d3000-7fb7d91d4000 r--p 00004000 08:01 403215                     /usr/lib/x86_64-linux-gnu/libXtst.so.6.1.0
7fb7d91d4000-7fb7d91d5000 rw-p 00005000 08:01 403215                     /usr/lib/x86_64-linux-gnu/libXtst.so.6.1.0
7fb7d91d5000-7fb7d91de000 r-xp 00000000 08:01 403209                     /usr/lib/x86_64-linux-gnu/libXrender.so.1.3.0
7fb7d91de000-7fb7d93dd000 ---p 00009000 08:01 403209                     /usr/lib/x86_64-linux-gnu/libXrender.so.1.3.0
7fb7d93dd000-7fb7d93de000 r--p 00008000 08:01 403209                     /usr/lib/x86_64-linux-gnu/libXrender.so.1.3.0
7fb7d93de000-7fb7d93df000 rw-p 00009000 08:01 403209                     /usr/lib/x86_64-linux-gnu/libXrender.so.1.3.0
7fb7d93df000-7fb7d9514000 r-xp 00000000 08:01 412884                     /usr/lib/x86_64-linux-gnu/libX11.so.6.3.0
7fb7d9514000-7fb7d9714000 ---p 00135000 08:01 412884                     /usr/lib/x86_64-linux-gnu/libX11.so.6.3.0
7fb7d9714000-7fb7d9715000 r--p 00135000 08:01 412884                     /usr/lib/x86_64-linux-gnu/libX11.so.6.3.0
7fb7d9715000-7fb7d9719000 rw-p 00136000 08:01 412884                     /usr/lib/x86_64-linux-gnu/libX11.so.6.3.0
7fb7d9719000-7fb7d972a000 r-xp 00000000 08:01 403187                     /usr/lib/x86_64-linux-gnu/libXext.so.6.4.0
7fb7d972a000-7fb7d9929000 ---p 00011000 08:01 403187                     /usr/lib/x86_64-linux-gnu/libXext.so.6.4.0
7fb7d9929000-7fb7d992a000 r--p 00010000 08:01 403187                     /usr/lib/x86_64-linux-gnu/libXext.so.6.4.0
7fb7d992a000-7fb7d992b000 rw-p 00011000 08:01 403187                     /usr/lib/x86_64-linux-gnu/libXext.so.6.4.0
7fb7d992b000-7fb7d9931000 r--s 00000000 08:01 1582838                    /var/cache/fontconfig/b47c4e1ecd0709278f4910c18777a504-le64.cache-6
7fb7d9931000-7fb7d9934000 r--s 00000000 08:01 1582829                    /var/cache/fontconfig/75114ca45c98e8a441da0ff356701271-le64.cache-6
7fb7d9934000-7fb7d9937000 r--s 00000000 08:01 1582848                    /var/cache/fontconfig/e13b20fdb08344e0e664864cc2ede53d-le64.cache-6
7fb7d9937000-7fb7d993b000 r--s 00000000 08:01 1569904                    /var/cache/fontconfig/7ef2298fde41cc6eeb7af42e48b7d293-le64.cache-6
7fb7d993b000-7fb7d9942000 r--s 00000000 08:01 788975                     /usr/lib/x86_64-linux-gnu/gconv/gconv-modules.cache
7fb7d9942000-7fb7d999e000 r-xp 00000000 08:01 796520                     /usr/lib/jvm/java-8-openjdk-amd64/jre/lib/amd64/libawt_xawt.so
7fb7d999e000-7fb7d9b9d000 ---p 0005c000 08:01 796520                     /usr/lib/jvm/java-8-openjdk-amd64/jre/lib/amd64/libawt_xawt.so
7fb7d9b9d000-7fb7d9b9e000 r--p 0005b000 08:01 796520                     /usr/lib/jvm/java-8-openjdk-amd64/jre/lib/amd64/libawt_xawt.so
7fb7d9b9e000-7fb7d9ba1000 rw-p 0005c000 08:01 796520                     /usr/lib/jvm/java-8-openjdk-amd64/jre/lib/amd64/libawt_xawt.so
7fb7d9ba1000-7fb7d9ba3000 rw-p 00000000 00:00 0 
7fb7d9ba3000-7fb7d9c42000 r-xp 00000000 08:01 796521                     /usr/lib/jvm/java-8-openjdk-amd64/jre/lib/amd64/libawt.so
7fb7d9c42000-7fb7d9e42000 ---p 0009f000 08:01 796521                     /usr/lib/jvm/java-8-openjdk-amd64/jre/lib/amd64/libawt.so
7fb7d9e42000-7fb7d9e43000 r--p 0009f000 08:01 796521                     /usr/lib/jvm/java-8-openjdk-amd64/jre/lib/amd64/libawt.so
7fb7d9e43000-7fb7d9e4e000 rw-p 000a0000 08:01 796521                     /usr/lib/jvm/java-8-openjdk-amd64/jre/lib/amd64/libawt.so
7fb7d9e4e000-7fb7d9e73000 rw-p 00000000 00:00 0 
7fb7d9e73000-7fb7d9e8e000 r--s 001d6000 08:01 796483                     /usr/lib/jvm/java-8-openjdk-amd64/jre/lib/ext/nashorn.jar
7fb7d9e8e000-7fb7d9ea9000 r--s 00394000 08:01 796486                     /usr/lib/jvm/java-8-openjdk-amd64/jre/lib/ext/cldrdata.jar
7fb7d9ea9000-7fb7d9eaa000 ---p 00000000 00:00 0 
7fb7d9eaa000-7fb7d9faa000 rw-p 00000000 00:00 0 
7fb7d9faa000-7fb7d9fad000 ---p 00000000 00:00 0 
7fb7d9fad000-7fb7da0ab000 rw-p 00000000 00:00 0 
7fb7da0ab000-7fb7da0ae000 ---p 00000000 00:00 0 
7fb7da0ae000-7fb7da1ac000 rw-p 00000000 00:00 0 
7fb7da1ac000-7fb7da1af000 ---p 00000000 00:00 0 
7fb7da1af000-7fb7da2ad000 rw-p 00000000 00:00 0 
7fb7da2ad000-7fb7da2b0000 ---p 00000000 00:00 0 
7fb7da2b0000-7fb7da3ae000 rw-p 00000000 00:00 0 
7fb7da3ae000-7fb7da3b1000 ---p 00000000 00:00 0 
7fb7da3b1000-7fb7da4af000 rw-p 00000000 00:00 0 
7fb7da4af000-7fb7dafae000 r--p 00000000 08:01 401589                     /usr/lib/locale/locale-archive
7fb7dafae000-7fb7dafb1000 ---p 00000000 00:00 0 
7fb7dafb1000-7fb7db0af000 rw-p 00000000 00:00 0 
7fb7db0af000-7fb7db0b2000 ---p 00000000 00:00 0 
7fb7db0b2000-7fb7db1b0000 rw-p 00000000 00:00 0 
7fb7db1b0000-7fb7db1b1000 ---p 00000000 00:00 0 
7fb7db1b1000-7fb7dc000000 rw-p 00000000 00:00 0 
7fb7dc000000-7fb7dc021000 rw-p 00000000 00:00 0 
7fb7dc021000-7fb7e0000000 ---p 00000000 00:00 0 
7fb7e0000000-7fb7e0001000 r--s 00000000 08:01 1582840                    /var/cache/fontconfig/bab58bb527bb656aaa9f116d68a48d89-le64.cache-6
7fb7e0001000-7fb7e0002000 r--s 00000000 08:01 1582824                    /var/cache/fontconfig/56cf4f4769d0f4abc89a4895d7bd3ae1-le64.cache-6
7fb7e0002000-7fb7e0252000 rw-p 00000000 00:00 0 
7fb7e0252000-7fb7e0422000 r--s 03c5c000 08:01 796460                     /usr/lib/jvm/java-8-openjdk-amd64/jre/lib/rt.jar
7fb7e0422000-7fb7e0eff000 rw-p 00000000 00:00 0 
7fb7e0eff000-7fb7e0f00000 ---p 00000000 00:00 0 
7fb7e0f00000-7fb7e1000000 rw-p 00000000 00:00 0 
7fb7e1000000-7fb7e1400000 rwxp 00000000 00:00 0 
7fb7e1400000-7fb7f0000000 ---p 00000000 00:00 0 
7fb7f0000000-7fb7f02e0000 rw-p 00000000 00:00 0 
7fb7f02e0000-7fb7f4000000 ---p 00000000 00:00 0 
7fb7f4000000-7fb7f4001000 r--s 00000000 08:01 1582839                    /var/cache/fontconfig/b9d506c9ac06c20b433354fa67a72993-le64.cache-6
7fb7f4001000-7fb7f4002000 r--s 00000000 08:01 1582823                    /var/cache/fontconfig/551ecf3b0e8b0bca0f25c0944f561853-le64.cache-6
7fb7f4002000-7fb7f4005000 r--s 00039000 08:01 796485                     /usr/lib/jvm/java-8-openjdk-amd64/jre/lib/ext/sunpkcs11.jar
7fb7f4005000-7fb7f4008000 r--s 0000f000 08:01 796482                     /usr/lib/jvm/java-8-openjdk-amd64/jre/lib/ext/icedtea-sound.jar
7fb7f4008000-7fb7f400d000 r--s 0003c000 08:01 796488                     /usr/lib/jvm/java-8-openjdk-amd64/jre/lib/ext/sunjce_provider.jar
7fb7f400d000-7fb7f402e000 rw-p 00000000 00:00 0 
7fb7f402e000-7fb7f402f000 ---p 00000000 00:00 0 
7fb7f402f000-7fb7f412f000 rw-p 00000000 00:00 0 
7fb7f412f000-7fb7f4130000 ---p 00000000 00:00 0 
7fb7f4130000-7fb7f4230000 rw-p 00000000 00:00 0 
7fb7f4230000-7fb7f4231000 ---p 00000000 00:00 0 
7fb7f4231000-7fb7f4353000 rw-p 00000000 00:00 0 
7fb7f4353000-7fb7f44cb000 ---p 00000000 00:00 0 
7fb7f44cb000-7fb7f44ed000 rw-p 00000000 00:00 0 
7fb7f44ed000-7fb7f4665000 ---p 00000000 00:00 0 
7fb7f4665000-7fb7f468b000 rw-p 00000000 00:00 0 
7fb7f468b000-7fb7f4732000 ---p 00000000 00:00 0 
7fb7f4732000-7fb7f4743000 rw-p 00000000 00:00 0 
7fb7f4743000-7fb7f4af3000 ---p 00000000 00:00 0 
7fb7f4af3000-7fb7f4afb000 r-xp 00000000 08:01 796524                     /usr/lib/jvm/java-8-openjdk-amd64/jre/lib/amd64/libzip.so
7fb7f4afb000-7fb7f4cfa000 ---p 00008000 08:01 796524                     /usr/lib/jvm/java-8-openjdk-amd64/jre/lib/amd64/libzip.so
7fb7f4cfa000-7fb7f4cfb000 r--p 00007000 08:01 796524                     /usr/lib/jvm/java-8-openjdk-amd64/jre/lib/amd64/libzip.so
7fb7f4cfb000-7fb7f4cfc000 rw-p 00008000 08:01 796524                     /usr/lib/jvm/java-8-openjdk-amd64/jre/lib/amd64/libzip.so
7fb7f4cfc000-7fb7f4d07000 r-xp 00000000 08:01 529061                     /lib/x86_64-linux-gnu/libnss_files-2.23.so
7fb7f4d07000-7fb7f4f06000 ---p 0000b000 08:01 529061                     /lib/x86_64-linux-gnu/libnss_files-2.23.so
7fb7f4f06000-7fb7f4f07000 r--p 0000a000 08:01 529061                     /lib/x86_64-linux-gnu/libnss_files-2.23.so
7fb7f4f07000-7fb7f4f08000 rw-p 0000b000 08:01 529061                     /lib/x86_64-linux-gnu/libnss_files-2.23.so
7fb7f4f08000-7fb7f4f0e000 rw-p 00000000 00:00 0 
7fb7f4f0e000-7fb7f4f19000 r-xp 00000000 08:01 529071                     /lib/x86_64-linux-gnu/libnss_nis-2.23.so
7fb7f4f19000-7fb7f5118000 ---p 0000b000 08:01 529071                     /lib/x86_64-linux-gnu/libnss_nis-2.23.so
7fb7f5118000-7fb7f5119000 r--p 0000a000 08:01 529071                     /lib/x86_64-linux-gnu/libnss_nis-2.23.so
7fb7f5119000-7fb7f511a000 rw-p 0000b000 08:01 529071                     /lib/x86_64-linux-gnu/libnss_nis-2.23.so
7fb7f511a000-7fb7f5130000 r-xp 00000000 08:01 529055                     /lib/x86_64-linux-gnu/libnsl-2.23.so
7fb7f5130000-7fb7f532f000 ---p 00016000 08:01 529055                     /lib/x86_64-linux-gnu/libnsl-2.23.so
7fb7f532f000-7fb7f5330000 r--p 00015000 08:01 529055                     /lib/x86_64-linux-gnu/libnsl-2.23.so
7fb7f5330000-7fb7f5331000 rw-p 00016000 08:01 529055                     /lib/x86_64-linux-gnu/libnsl-2.23.so
7fb7f5331000-7fb7f5333000 rw-p 00000000 00:00 0 
7fb7f5333000-7fb7f533b000 r-xp 00000000 08:01 529057                     /lib/x86_64-linux-gnu/libnss_compat-2.23.so
7fb7f533b000-7fb7f553a000 ---p 00008000 08:01 529057                     /lib/x86_64-linux-gnu/libnss_compat-2.23.so
7fb7f553a000-7fb7f553b000 r--p 00007000 08:01 529057                     /lib/x86_64-linux-gnu/libnss_compat-2.23.so
7fb7f553b000-7fb7f553c000 rw-p 00008000 08:01 529057                     /lib/x86_64-linux-gnu/libnss_compat-2.23.so
7fb7f553c000-7fb7f5565000 r-xp 00000000 08:01 796508                     /usr/lib/jvm/java-8-openjdk-amd64/jre/lib/amd64/libjava.so
7fb7f5565000-7fb7f5764000 ---p 00029000 08:01 796508                     /usr/lib/jvm/java-8-openjdk-amd64/jre/lib/amd64/libjava.so
7fb7f5764000-7fb7f5765000 r--p 00028000 08:01 796508                     /usr/lib/jvm/java-8-openjdk-amd64/jre/lib/amd64/libjava.so
7fb7f5765000-7fb7f5767000 rw-p 00029000 08:01 796508                     /usr/lib/jvm/java-8-openjdk-amd64/jre/lib/amd64/libjava.so
7fb7f5767000-7fb7f5776000 r-xp 00000000 08:01 796526                     /usr/lib/jvm/java-8-openjdk-amd64/jre/lib/amd64/libverify.so
7fb7f5776000-7fb7f5975000 ---p 0000f000 08:01 796526                     /usr/lib/jvm/java-8-openjdk-amd64/jre/lib/amd64/libverify.so
7fb7f5975000-7fb7f5977000 r--p 0000e000 08:01 796526                     /usr/lib/jvm/java-8-openjdk-amd64/jre/lib/amd64/libverify.so
7fb7f5977000-7fb7f5978000 rw-p 00010000 08:01 796526                     /usr/lib/jvm/java-8-openjdk-amd64/jre/lib/amd64/libverify.so
7fb7f5978000-7fb7f597f000 r-xp 00000000 08:01 529116                     /lib/x86_64-linux-gnu/librt-2.23.so
7fb7f597f000-7fb7f5b7e000 ---p 00007000 08:01 529116                     /lib/x86_64-linux-gnu/librt-2.23.so
7fb7f5b7e000-7fb7f5b7f000 r--p 00006000 08:01 529116                     /lib/x86_64-linux-gnu/librt-2.23.so
7fb7f5b7f000-7fb7f5b80000 rw-p 00007000 08:01 529116                     /lib/x86_64-linux-gnu/librt-2.23.so
7fb7f5b80000-7fb7f5b96000 r-xp 00000000 08:01 529000                     /lib/x86_64-linux-gnu/libgcc_s.so.1
7fb7f5b96000-7fb7f5d95000 ---p 00016000 08:01 529000                     /lib/x86_64-linux-gnu/libgcc_s.so.1
7fb7f5d95000-7fb7f5d96000 rw-p 00015000 08:01 529000                     /lib/x86_64-linux-gnu/libgcc_s.so.1
7fb7f5d96000-7fb7f5e9e000 r-xp 00000000 08:01 529032                     /lib/x86_64-linux-gnu/libm-2.23.so
7fb7f5e9e000-7fb7f609d000 ---p 00108000 08:01 529032                     /lib/x86_64-linux-gnu/libm-2.23.so
7fb7f609d000-7fb7f609e000 r--p 00107000 08:01 529032                     /lib/x86_64-linux-gnu/libm-2.23.so
7fb7f609e000-7fb7f609f000 rw-p 00108000 08:01 529032                     /lib/x86_64-linux-gnu/libm-2.23.so
7fb7f609f000-7fb7f6211000 r-xp 00000000 08:01 404347                     /usr/lib/x86_64-linux-gnu/libstdc++.so.6.0.21
7fb7f6211000-7fb7f6411000 ---p 00172000 08:01 404347                     /usr/lib/x86_64-linux-gnu/libstdc++.so.6.0.21
7fb7f6411000-7fb7f641b000 r--p 00172000 08:01 404347                     /usr/lib/x86_64-linux-gnu/libstdc++.so.6.0.21
7fb7f641b000-7fb7f641d000 rw-p 0017c000 08:01 404347                     /usr/lib/x86_64-linux-gnu/libstdc++.so.6.0.21
7fb7f641d000-7fb7f6421000 rw-p 00000000 00:00 0 
7fb7f6421000-7fb7f7085000 r-xp 00000000 08:01 796537                     /usr/lib/jvm/java-8-openjdk-amd64/jre/lib/amd64/server/libjvm.so
7fb7f7085000-7fb7f7284000 ---p 00c64000 08:01 796537                     /usr/lib/jvm/java-8-openjdk-amd64/jre/lib/amd64/server/libjvm.so
7fb7f7284000-7fb7f7318000 r--p 00c63000 08:01 796537                     /usr/lib/jvm/java-8-openjdk-amd64/jre/lib/amd64/server/libjvm.so
7fb7f7318000-7fb7f7341000 rw-p 00cf7000 08:01 796537                     /usr/lib/jvm/java-8-openjdk-amd64/jre/lib/amd64/server/libjvm.so
7fb7f7341000-7fb7f7371000 rw-p 00000000 00:00 0 
7fb7f7371000-7fb7f7389000 r-xp 00000000 08:01 529108                     /lib/x86_64-linux-gnu/libpthread-2.23.so
7fb7f7389000-7fb7f7588000 ---p 00018000 08:01 529108                     /lib/x86_64-linux-gnu/libpthread-2.23.so
7fb7f7588000-7fb7f7589000 r--p 00017000 08:01 529108                     /lib/x86_64-linux-gnu/libpthread-2.23.so
7fb7f7589000-7fb7f758a000 rw-p 00018000 08:01 529108                     /lib/x86_64-linux-gnu/libpthread-2.23.so
7fb7f758a000-7fb7f758e000 rw-p 00000000 00:00 0 
7fb7f758e000-7fb7f7591000 r-xp 00000000 08:01 528986                     /lib/x86_64-linux-gnu/libdl-2.23.so
7fb7f7591000-7fb7f7790000 ---p 00003000 08:01 528986                     /lib/x86_64-linux-gnu/libdl-2.23.so
7fb7f7790000-7fb7f7791000 r--p 00002000 08:01 528986                     /lib/x86_64-linux-gnu/libdl-2.23.so
7fb7f7791000-7fb7f7792000 rw-p 00003000 08:01 528986                     /lib/x86_64-linux-gnu/libdl-2.23.so
7fb7f7792000-7fb7f77ab000 r-xp 00000000 08:01 529153                     /lib/x86_64-linux-gnu/libz.so.1.2.8
7fb7f77ab000-7fb7f79aa000 ---p 00019000 08:01 529153                     /lib/x86_64-linux-gnu/libz.so.1.2.8
7fb7f79aa000-7fb7f79ab000 r--p 00018000 08:01 529153                     /lib/x86_64-linux-gnu/libz.so.1.2.8
7fb7f79ab000-7fb7f79ac000 rw-p 00019000 08:01 529153                     /lib/x86_64-linux-gnu/libz.so.1.2.8
7fb7f79ac000-7fb7f7b6c000 r-xp 00000000 08:01 528962                     /lib/x86_64-linux-gnu/libc-2.23.so
7fb7f7b6c000-7fb7f7d6c000 ---p 001c0000 08:01 528962                     /lib/x86_64-linux-gnu/libc-2.23.so
7fb7f7d6c000-7fb7f7d70000 r--p 001c0000 08:01 528962                     /lib/x86_64-linux-gnu/libc-2.23.so
7fb7f7d70000-7fb7f7d72000 rw-p 001c4000 08:01 528962                     /lib/x86_64-linux-gnu/libc-2.23.so
7fb7f7d72000-7fb7f7d76000 rw-p 00000000 00:00 0 
7fb7f7d76000-7fb7f7d83000 r-xp 00000000 08:01 796518                     /usr/lib/jvm/java-8-openjdk-amd64/jre/lib/amd64/jli/libjli.so
7fb7f7d83000-7fb7f7f82000 ---p 0000d000 08:01 796518                     /usr/lib/jvm/java-8-openjdk-amd64/jre/lib/amd64/jli/libjli.so
7fb7f7f82000-7fb7f7f83000 r--p 0000c000 08:01 796518                     /usr/lib/jvm/java-8-openjdk-amd64/jre/lib/amd64/jli/libjli.so
7fb7f7f83000-7fb7f7f84000 rw-p 0000d000 08:01 796518                     /usr/lib/jvm/java-8-openjdk-amd64/jre/lib/amd64/jli/libjli.so
7fb7f7f84000-7fb7f7faa000 r-xp 00000000 08:01 528934                     /lib/x86_64-linux-gnu/ld-2.23.so
7fb7f7faa000-7fb7f7fab000 r--s 00000000 08:01 1582818                    /var/cache/fontconfig/30829fa25452a46451e813d634d7f916-le64.cache-6
7fb7f7fab000-7fb7f7fac000 r--s 00000000 08:01 1582812                    /var/cache/fontconfig/0c9eb80ebd1c36541ebe2852d3bb0c49-le64.cache-6
7fb7f7fac000-7fb7f7fad000 r--s 0000d000 08:01 796481                     /usr/lib/jvm/java-8-openjdk-amd64/jre/lib/ext/sunec.jar
7fb7f7fad000-7fb7f7fae000 r--s 0000a000 08:01 796484                     /usr/lib/jvm/java-8-openjdk-amd64/jre/lib/ext/jaccess.jar
7fb7f7fae000-7fb7f808c000 rw-p 00000000 00:00 0 
7fb7f808c000-7fb7f808f000 ---p 00000000 00:00 0 
7fb7f808f000-7fb7f8191000 rw-p 00000000 00:00 0 
7fb7f8191000-7fb7f8193000 r--s 00001000 08:01 796487                     /usr/lib/jvm/java-8-openjdk-amd64/jre/lib/ext/dnsns.jar
7fb7f8193000-7fb7f8194000 r--s 00010000 08:01 796489                     /usr/lib/jvm/java-8-openjdk-amd64/jre/lib/ext/zipfs.jar
7fb7f8194000-7fb7f819e000 r--s 00116000 08:01 796490                     /usr/lib/jvm/java-8-openjdk-amd64/jre/lib/ext/localedata.jar
7fb7f819e000-7fb7f81a6000 rw-s 00000000 08:01 261774                     /tmp/hsperfdata_seonhu/5614
7fb7f81a6000-7fb7f81a7000 rw-p 00000000 00:00 0 
7fb7f81a7000-7fb7f81a8000 ---p 00000000 00:00 0 
7fb7f81a8000-7fb7f81a9000 rw-p 00000000 00:00 0 
7fb7f81a9000-7fb7f81aa000 r--p 00025000 08:01 528934                     /lib/x86_64-linux-gnu/ld-2.23.so
7fb7f81aa000-7fb7f81ab000 rw-p 00026000 08:01 528934                     /lib/x86_64-linux-gnu/ld-2.23.so
7fb7f81ab000-7fb7f81ac000 rw-p 00000000 00:00 0 
7ffc2e2e3000-7ffc2e304000 rw-p 00000000 00:00 0                          [stack]
7ffc2e364000-7ffc2e367000 r--p 00000000 00:00 0                          [vvar]
7ffc2e367000-7ffc2e369000 r-xp 00000000 00:00 0                          [vdso]
ffffffffff600000-ffffffffff601000 r-xp 00000000 00:00 0                  [vsyscall]

VM Arguments:
jvm_args: -Dfile.encoding=UTF-8 
java_command: com.ok.main.Main
java_class_path (initial): /home/seonhu/Desktop/2019-2-OSSPC-OS-3/Tetris-master/bin
Launcher Type: SUN_STANDARD

Environment Variables:
JAVA_HOME=/usr/lib/jvm/java-8-openjdk-amd64
PATH=/home/seonhu/bin:/home/seonhu/.local/bin:/usr/lib/jvm/java-8-openjdk-amd64/bin/:/usr/local/sbin:/usr/local/bin:/usr/sbin:/usr/bin:/sbin:/bin:/usr/games:/usr/local/games:/snap/bin
SHELL=/bin/bash
DISPLAY=:0

Signal Handlers:
SIGSEGV: [libjvm.so+0xa783e0], sa_mask[0]=11111111011111111101111111111110, sa_flags=SA_RESTART|SA_SIGINFO
SIGBUS: [libjvm.so+0xa783e0], sa_mask[0]=11111111011111111101111111111110, sa_flags=SA_RESTART|SA_SIGINFO
SIGFPE: [libjvm.so+0x8c0e10], sa_mask[0]=11111111011111111101111111111110, sa_flags=SA_RESTART|SA_SIGINFO
SIGPIPE: [libjvm.so+0x8c0e10], sa_mask[0]=11111111011111111101111111111110, sa_flags=SA_RESTART|SA_SIGINFO
SIGXFSZ: [libjvm.so+0x8c0e10], sa_mask[0]=11111111011111111101111111111110, sa_flags=SA_RESTART|SA_SIGINFO
SIGILL: [libjvm.so+0x8c0e10], sa_mask[0]=11111111011111111101111111111110, sa_flags=SA_RESTART|SA_SIGINFO
SIGUSR1: SIG_DFL, sa_mask[0]=00000000000000000000000000000000, sa_flags=none
SIGUSR2: [libjvm.so+0x8c0cc0], sa_mask[0]=00100000000000000000000000000000, sa_flags=SA_RESTART|SA_SIGINFO
SIGHUP: [libjvm.so+0x8c1350], sa_mask[0]=11111111011111111101111111111110, sa_flags=SA_RESTART|SA_SIGINFO
SIGINT: [libjvm.so+0x8c1350], sa_mask[0]=11111111011111111101111111111110, sa_flags=SA_RESTART|SA_SIGINFO
SIGTERM: [libjvm.so+0x8c1350], sa_mask[0]=11111111011111111101111111111110, sa_flags=SA_RESTART|SA_SIGINFO
SIGQUIT: [libjvm.so+0x8c1350], sa_mask[0]=11111111011111111101111111111110, sa_flags=SA_RESTART|SA_SIGINFO


---------------  S Y S T E M  ---------------

OS:DISTRIB_ID=Ubuntu
DISTRIB_RELEASE=16.04
DISTRIB_CODENAME=xenial
DISTRIB_DESCRIPTION="Ubuntu 16.04.5 LTS"

uname:Linux 4.15.0-29-generic #31~16.04.1-Ubuntu SMP Wed Jul 18 08:54:04 UTC 2018 x86_64
libc:glibc 2.23 NPTL 2.23 
rlimit: STACK 8192k, CORE 0k, NPROC 19441, NOFILE 1048576, AS infinity
load average:1.77 2.83 2.64

/proc/meminfo:
MemTotal:        5036544 kB
MemFree:          117552 kB
MemAvailable:      34416 kB
Buffers:             680 kB
Cached:            69052 kB
SwapCached:        22116 kB
Active:          4036032 kB
Inactive:         708572 kB
Active(anon):    4010996 kB
Inactive(anon):   680784 kB
Active(file):      25036 kB
Inactive(file):    27788 kB
Unevictable:          64 kB
Mlocked:              64 kB
SwapTotal:        998396 kB
SwapFree:            240 kB
Dirty:               184 kB
Writeback:             0 kB
AnonPages:       4653384 kB
Mapped:            67192 kB
Shmem:             16528 kB
Slab:              57432 kB
SReclaimable:      26168 kB
SUnreclaim:        31264 kB
KernelStack:       11184 kB
PageTables:        44348 kB
NFS_Unstable:          0 kB
Bounce:                0 kB
WritebackTmp:          0 kB
CommitLimit:     3516668 kB
Committed_AS:   10477408 kB
VmallocTotal:   34359738367 kB
VmallocUsed:           0 kB
VmallocChunk:          0 kB
HardwareCorrupted:     0 kB
AnonHugePages:         0 kB
ShmemHugePages:        0 kB
ShmemPmdMapped:        0 kB
CmaTotal:              0 kB
CmaFree:               0 kB
HugePages_Total:       0
HugePages_Free:        0
HugePages_Rsvd:        0
HugePages_Surp:        0
Hugepagesize:       2048 kB
DirectMap4k:      104384 kB
DirectMap2M:     5103616 kB

container (cgroup) information:
container_type: cgroupv1
cpu_cpuset_cpus: 0-3
cpu_memory_nodes: 0
active_processor_count: 4
cpu_quota: -1
cpu_period: 100000
cpu_shares: -1
memory_limit_in_bytes: -1
memory_and_swap_limit_in_bytes: -2
memory_soft_limit_in_bytes: -1
memory_usage_in_bytes: 4843880448
memory_max_usage_in_bytes: 0


CPU:total 4 (initial active 4) (4 cores per cpu, 1 threads per core) family 6 model 142 stepping 10, cmov, cx8, fxsr, mmx, sse, sse2, sse3, ssse3, sse4.1, sse4.2, popcnt, avx, avx2, aes, clmul, 3dnowpref, lzcnt, tsc, tscinvbit

/proc/cpuinfo:
processor	: 0
vendor_id	: GenuineIntel
cpu family	: 6
model		: 142
model name	: Intel(R) Core(TM) i5-8250U CPU @ 1.60GHz
stepping	: 10
cpu MHz		: 1800.003
cache size	: 6144 KB
physical id	: 0
siblings	: 4
core id		: 0
cpu cores	: 4
apicid		: 0
initial apicid	: 0
fpu		: yes
fpu_exception	: yes
cpuid level	: 22
wp		: yes
flags		: fpu vme de pse tsc msr pae mce cx8 apic sep mtrr pge mca cmov pat pse36 clflush mmx fxsr sse sse2 ht syscall nx rdtscp lm constant_tsc rep_good nopl xtopology nonstop_tsc cpuid pni pclmulqdq ssse3 cx16 pcid sse4_1 sse4_2 x2apic movbe popcnt aes xsave avx rdrand hypervisor lahf_lm abm 3dnowprefetch invpcid_single pti fsgsbase avx2 invpcid rdseed clflushopt
bugs		: cpu_meltdown spectre_v1 spectre_v2 spec_store_bypass
bogomips	: 3600.00
clflush size	: 64
cache_alignment	: 64
address sizes	: 39 bits physical, 48 bits virtual
power management:

processor	: 1
vendor_id	: GenuineIntel
cpu family	: 6
model		: 142
model name	: Intel(R) Core(TM) i5-8250U CPU @ 1.60GHz
stepping	: 10
cpu MHz		: 1800.003
cache size	: 6144 KB
physical id	: 0
siblings	: 4
core id		: 1
cpu cores	: 4
apicid		: 1
initial apicid	: 1
fpu		: yes
fpu_exception	: yes
cpuid level	: 22
wp		: yes
flags		: fpu vme de pse tsc msr pae mce cx8 apic sep mtrr pge mca cmov pat pse36 clflush mmx fxsr sse sse2 ht syscall nx rdtscp lm constant_tsc rep_good nopl xtopology nonstop_tsc cpuid pni pclmulqdq ssse3 cx16 pcid sse4_1 sse4_2 x2apic movbe popcnt aes xsave avx rdrand hypervisor lahf_lm abm 3dnowprefetch invpcid_single pti fsgsbase avx2 invpcid rdseed clflushopt
bugs		: cpu_meltdown spectre_v1 spectre_v2 spec_store_bypass
bogomips	: 3600.00
clflush size	: 64
cache_alignment	: 64
address sizes	: 39 bits physical, 48 bits virtual
power management:

processor	: 2
vendor_id	: GenuineIntel
cpu family	: 6
model		: 142
model name	: Intel(R) Core(TM) i5-8250U CPU @ 1.60GHz
stepping	: 10
cpu MHz		: 1800.003
cache size	: 6144 KB
physical id	: 0
siblings	: 4
core id		: 2
cpu cores	: 4
apicid		: 2
initial apicid	: 2
fpu		: yes
fpu_exception	: yes
cpuid level	: 22
wp		: yes
flags		: fpu vme de pse tsc msr pae mce cx8 apic sep mtrr pge mca cmov pat pse36 clflush mmx fxsr sse sse2 ht syscall nx rdtscp lm constant_tsc rep_good nopl xtopology nonstop_tsc cpuid pni pclmulqdq ssse3 cx16 pcid sse4_1 sse4_2 x2apic movbe popcnt aes xsave avx rdrand hypervisor lahf_lm abm 3dnowprefetch invpcid_single pti fsgsbase avx2 invpcid rdseed clflushopt
bugs		: cpu_meltdown spectre_v1 spectre_v2 spec_store_bypass
bogomips	: 3600.00
clflush size	: 64
cache_alignment	: 64
address sizes	: 39 bits physical, 48 bits virtual
power management:

processor	: 3
vendor_id	: GenuineIntel
cpu family	: 6
model		: 142
model name	: Intel(R) Core(TM) i5-8250U CPU @ 1.60GHz
stepping	: 10
cpu MHz		: 1800.003
cache size	: 6144 KB
physical id	: 0
siblings	: 4
core id		: 3
cpu cores	: 4
apicid		: 3
initial apicid	: 3
fpu		: yes
fpu_exception	: yes
cpuid level	: 22
wp		: yes
flags		: fpu vme de pse tsc msr pae mce cx8 apic sep mtrr pge mca cmov pat pse36 clflush mmx fxsr sse sse2 ht syscall nx rdtscp lm constant_tsc rep_good nopl xtopology nonstop_tsc cpuid pni pclmulqdq ssse3 cx16 pcid sse4_1 sse4_2 x2apic movbe popcnt aes xsave avx rdrand hypervisor lahf_lm abm 3dnowprefetch invpcid_single pti fsgsbase avx2 invpcid rdseed clflushopt
bugs		: cpu_meltdown spectre_v1 spectre_v2 spec_store_bypass
bogomips	: 3600.00
clflush size	: 64
cache_alignment	: 64
address sizes	: 39 bits physical, 48 bits virtual
power management:



Memory: 4k page, physical 5036544k(119064k free), swap 998396k(240k free)

vm_info: OpenJDK 64-Bit Server VM (25.222-b10) for linux-amd64 JRE (1.8.0_222-8u222-b10-1ubuntu1~16.04.1-b10), built on Jul 18 2019 20:25:18 by "buildd" with gcc 5.4.0 20160609

time: Wed Dec  4 22:32:55 2019
timezone: KST
elapsed time: 5 seconds (0d 0h 0m 5s)

