#
# There is insufficient memory for the Java Runtime Environment to continue.
# Native memory allocation (mmap) failed to map 20971520 bytes for committing reserved memory.
# Possible reasons:
#   The system is out of physical RAM or swap space
#   The process is running with CompressedOops enabled, and the Java Heap may be blocking the growth of the native heap
# Possible solutions:
#   Reduce memory load on the system
#   Increase physical memory or swap space
#   Check if swap backing store is full
#   Decrease Java heap size (-Xmx/-Xms)
#   Decrease number of Java threads
#   Decrease Java thread stack sizes (-Xss)
#   Set larger code cache with -XX:ReservedCodeCacheSize=
#   JVM is running with Unscaled Compressed Oops mode in which the Java heap is
#     placed in the first 4GB address space. The Java Heap base address is the
#     maximum limit for the native heap growth. Please use -XX:HeapBaseMinAddress
#     to set the Java Heap base and to place the Java Heap above 4GB virtual address.
# This output file may be truncated or incomplete.
#
#  Out of Memory Error (os_linux.cpp:2757), pid=9332, tid=0x00007f3698591700
#
# JRE version: OpenJDK Runtime Environment (8.0_222-b10) (build 1.8.0_222-8u222-b10-1ubuntu1~16.04.1-b10)
# Java VM: OpenJDK 64-Bit Server VM (25.222-b10 mixed mode linux-amd64 compressed oops)
# Failed to write core dump. Core dumps have been disabled. To enable core dumping, try "ulimit -c unlimited" before starting Java again
#

---------------  T H R E A D  ---------------

Current thread (0x00007f3694078000):  VMThread [stack: 0x00007f3698491000,0x00007f3698592000] [id=9343]

Stack: [0x00007f3698491000,0x00007f3698592000],  sp=0x00007f36985904e0,  free space=1021k
Native frames: (J=compiled Java code, j=interpreted, Vv=VM code, C=native code)
V  [libjvm.so+0xa7787b]
V  [libjvm.so+0x4caa8c]
V  [libjvm.so+0x8c5da8]
V  [libjvm.so+0x8bd3ee]
V  [libjvm.so+0x93b476]
V  [libjvm.so+0x93c7a3]
V  [libjvm.so+0x938e84]
V  [libjvm.so+0x93911c]
V  [libjvm.so+0x8eaa73]
V  [libjvm.so+0xa79532]
V  [libjvm.so+0xa7e587]
V  [libjvm.so+0xa7bde7]
V  [libjvm.so+0xa7d0cf]
V  [libjvm.so+0xa7d5f2]
V  [libjvm.so+0x8c3102]

VM_Operation (0x00007f364b0b1930): ParallelGCFailedAllocation, mode: safepoint, requested by thread 0x00007f36942e6000


---------------  P R O C E S S  ---------------

Java Threads: ( => current thread )
  0x00007f369400a800 JavaThread "DestroyJavaVM" [_thread_blocked, id=9337, stack(0x00007f369e35e000,0x00007f369e45f000)]
  0x00007f3694340000 JavaThread "Timer-0" daemon [_thread_blocked, id=9360, stack(0x00007f364b11d000,0x00007f364b21e000)]
  0x00007f36942e6000 JavaThread "AWT-EventQueue-0" [_thread_blocked, id=9358, stack(0x00007f364afb4000,0x00007f364b0b5000)]
  0x00007f36942e4000 JavaThread "AWT-Shutdown" [_thread_blocked, id=9357, stack(0x00007f364b21e000,0x00007f364b31f000)]
  0x00007f369429c800 JavaThread "Image Fetcher 0" daemon [_thread_blocked, id=9356, stack(0x00007f364b51f000,0x00007f364b620000)]
  0x00007f369426b000 JavaThread "AWT-XAWT" daemon [_thread_blocked, id=9355, stack(0x00007f364b620000,0x00007f364b721000)]
  0x00007f3694249000 JavaThread "Java2D Disposer" daemon [_thread_blocked, id=9354, stack(0x00007f368006f000,0x00007f3680170000)]
  0x00007f36940eb000 JavaThread "Service Thread" daemon [_thread_blocked, id=9350, stack(0x00007f3681b8e000,0x00007f3681c8f000)]
  0x00007f36940be000 JavaThread "C1 CompilerThread2" daemon [_thread_blocked, id=9349, stack(0x00007f3681c8f000,0x00007f3681d90000)]
  0x00007f36940bc000 JavaThread "C2 CompilerThread1" daemon [_thread_blocked, id=9348, stack(0x00007f3681d90000,0x00007f3681e91000)]
  0x00007f36940b9000 JavaThread "C2 CompilerThread0" daemon [_thread_blocked, id=9347, stack(0x00007f369808d000,0x00007f369818e000)]
  0x00007f36940b7800 JavaThread "Signal Dispatcher" daemon [_thread_blocked, id=9346, stack(0x00007f369818e000,0x00007f369828f000)]
  0x00007f3694084800 JavaThread "Finalizer" daemon [_thread_blocked, id=9345, stack(0x00007f369828f000,0x00007f3698390000)]
  0x00007f3694082000 JavaThread "Reference Handler" daemon [_thread_blocked, id=9344, stack(0x00007f3698390000,0x00007f3698491000)]

Other Threads:
=>0x00007f3694078000 VMThread [stack: 0x00007f3698491000,0x00007f3698592000] [id=9343]
  0x00007f36940ed800 WatcherThread [stack: 0x00007f3681a8d000,0x00007f3681b8e000] [id=9351]

VM state:at safepoint (normal execution)

VM Mutex/Monitor currently owned by a thread:  ([mutex/lock_event])
[0x00007f3694006fd0] Threads_lock - owner thread: 0x00007f3694078000
[0x00007f36940074d0] Heap_lock - owner thread: 0x00007f36942e6000

heap address: 0x00000000b3200000, size: 1230 MB, Compressed Oops mode: 32-bit
Narrow klass base: 0x0000000000000000, Narrow klass shift: 3
Compressed class space size: 1073741824 Address: 0x0000000100000000

Heap:
 PSYoungGen      total 23552K, used 3071K [0x00000000e6600000, 0x00000000e8000000, 0x0000000100000000)
  eden space 20480K, 0% used [0x00000000e6600000,0x00000000e6600000,0x00000000e7a00000)
  from space 3072K, 99% used [0x00000000e7d00000,0x00000000e7fffda0,0x00000000e8000000)
  to   space 3072K, 0% used [0x00000000e7a00000,0x00000000e7a00000,0x00000000e7d00000)
 ParOldGen       total 53248K, used 8650K [0x00000000b3200000, 0x00000000b6600000, 0x00000000e6600000)
  object space 53248K, 16% used [0x00000000b3200000,0x00000000b3a72a40,0x00000000b6600000)
 Metaspace       used 12705K, capacity 12902K, committed 13056K, reserved 1060864K
  class space    used 1411K, capacity 1481K, committed 1536K, reserved 1048576K

Card table byte_map: [0x00007f369a79d000,0x00007f369aa05000] byte_map_base: 0x00007f369a204000

Marking Bits: (ParMarkBitMap*) 0x00007f369d626540
 Begin Bits: [0x00007f3682990000, 0x00007f3683cc8000)
 End Bits:   [0x00007f3683cc8000, 0x00007f3685000000)

Polling page: 0x00007f369e479000

CodeCache: size=245760Kb used=3200Kb max_used=3200Kb free=242559Kb
 bounds [0x00007f3685000000, 0x00007f3685330000, 0x00007f3694000000]
 total_blobs=1301 nmethods=768 adapters=448
 compilation: enabled

Compilation events (10 events):
Event: 4.730 Thread 0x00007f36940be000  765       1       java.awt.Component::getWidth (5 bytes)
Event: 4.730 Thread 0x00007f36940be000 nmethod 765 0x00007f368531d3d0 code [0x00007f368531d520, 0x00007f368531d630]
Event: 4.730 Thread 0x00007f36940be000  766       1       java.awt.Component::getHeight (5 bytes)
Event: 4.730 Thread 0x00007f36940be000 nmethod 766 0x00007f3685320490 code [0x00007f36853205e0, 0x00007f36853206f0]
Event: 4.731 Thread 0x00007f36940be000  767       1       sun.java2d.SurfaceData::isValid (5 bytes)
Event: 4.731 Thread 0x00007f36940be000 nmethod 767 0x00007f3685320750 code [0x00007f36853208a0, 0x00007f36853209b0]
Event: 4.759 Thread 0x00007f36940be000  769       3       sun.java2d.pipe.Region::dimAdd (20 bytes)
Event: 4.760 Thread 0x00007f36940be000 nmethod 769 0x00007f3685320a10 code [0x00007f3685320b80, 0x00007f3685320d50]
Event: 4.801 Thread 0x00007f36940be000  770       3       java.awt.Component::isValid (20 bytes)
Event: 4.802 Thread 0x00007f36940be000 nmethod 770 0x00007f3685321150 code [0x00007f36853212c0, 0x00007f36853214b0]

GC Heap History (3 events):
Event: 2.256 GC heap before
{Heap before GC invocations=1 (full 0):
 PSYoungGen      total 23552K, used 18456K [0x00000000e6600000, 0x00000000e8000000, 0x0000000100000000)
  eden space 20480K, 90% used [0x00000000e6600000,0x00000000e78062a8,0x00000000e7a00000)
  from space 3072K, 0% used [0x00000000e7d00000,0x00000000e7d00000,0x00000000e8000000)
  to   space 3072K, 0% used [0x00000000e7a00000,0x00000000e7a00000,0x00000000e7d00000)
 ParOldGen       total 53248K, used 0K [0x00000000b3200000, 0x00000000b6600000, 0x00000000e6600000)
  object space 53248K, 0% used [0x00000000b3200000,0x00000000b3200000,0x00000000b6600000)
 Metaspace       used 9616K, capacity 9856K, committed 10112K, reserved 1058816K
  class space    used 1055K, capacity 1128K, committed 1152K, reserved 1048576K
Event: 2.271 GC heap after
Heap after GC invocations=1 (full 0):
 PSYoungGen      total 23552K, used 3053K [0x00000000e6600000, 0x00000000e8000000, 0x0000000100000000)
  eden space 20480K, 0% used [0x00000000e6600000,0x00000000e6600000,0x00000000e7a00000)
  from space 3072K, 99% used [0x00000000e7a00000,0x00000000e7cfb580,0x00000000e7d00000)
  to   space 3072K, 0% used [0x00000000e7d00000,0x00000000e7d00000,0x00000000e8000000)
 ParOldGen       total 53248K, used 4009K [0x00000000b3200000, 0x00000000b6600000, 0x00000000e6600000)
  object space 53248K, 7% used [0x00000000b3200000,0x00000000b35ea420,0x00000000b6600000)
 Metaspace       used 9616K, capacity 9856K, committed 10112K, reserved 1058816K
  class space    used 1055K, capacity 1128K, committed 1152K, reserved 1048576K
}
Event: 4.860 GC heap before
{Heap before GC invocations=2 (full 0):
 PSYoungGen      total 23552K, used 23313K [0x00000000e6600000, 0x00000000e8000000, 0x0000000100000000)
  eden space 20480K, 98% used [0x00000000e6600000,0x00000000e79c9000,0x00000000e7a00000)
  from space 3072K, 99% used [0x00000000e7a00000,0x00000000e7cfb580,0x00000000e7d00000)
  to   space 3072K, 0% used [0x00000000e7d00000,0x00000000e7d00000,0x00000000e8000000)
 ParOldGen       total 53248K, used 4009K [0x00000000b3200000, 0x00000000b6600000, 0x00000000e6600000)
  object space 53248K, 7% used [0x00000000b3200000,0x00000000b35ea420,0x00000000b6600000)
 Metaspace       used 12705K, capacity 12902K, committed 13056K, reserved 1060864K
  class space    used 1411K, capacity 1481K, committed 1536K, reserved 1048576K

Deoptimization events (3 events):
Event: 1.864 Thread 0x00007f369429c800 Uncommon trap: reason=unstable_if action=reinterpret pc=0x00007f36851f99f0 method=sun.awt.image.PNGImageDecoder.produceImage()V @ 867
Event: 1.903 Thread 0x00007f369429c800 Uncommon trap: reason=unstable_if action=reinterpret pc=0x00007f36851bd94c method=sun.awt.image.PNGImageDecoder.update_crc(I[BII)I @ 7
Event: 4.399 Thread 0x00007f36942e6000 Uncommon trap: reason=unstable_if action=reinterpret pc=0x00007f3685296220 method=java.lang.CharacterData.of(I)Ljava/lang/CharacterData; @ 4

Classes redefined (0 events):
No events

Internal exceptions (10 events):
Event: 0.518 Thread 0x00007f369400a800 Exception <a 'java/security/PrivilegedActionException'> (0x00000000e667cf38) thrown at [/build/openjdk-8-g3XteX/openjdk-8-8u222-b10/src/hotspot/src/share/vm/prims/jvm.cpp, line 1502]
Event: 0.519 Thread 0x00007f369400a800 Exception <a 'java/security/PrivilegedActionException'> (0x00000000e667efc0) thrown at [/build/openjdk-8-g3XteX/openjdk-8-8u222-b10/src/hotspot/src/share/vm/prims/jvm.cpp, line 1502]
Event: 0.519 Thread 0x00007f369400a800 Exception <a 'java/security/PrivilegedActionException'> (0x00000000e667f1d0) thrown at [/build/openjdk-8-g3XteX/openjdk-8-8u222-b10/src/hotspot/src/share/vm/prims/jvm.cpp, line 1502]
Event: 0.519 Thread 0x00007f369400a800 Exception <a 'java/security/PrivilegedActionException'> (0x00000000e667fca8) thrown at [/build/openjdk-8-g3XteX/openjdk-8-8u222-b10/src/hotspot/src/share/vm/prims/jvm.cpp, line 1502]
Event: 0.519 Thread 0x00007f369400a800 Exception <a 'java/security/PrivilegedActionException'> (0x00000000e667feb8) thrown at [/build/openjdk-8-g3XteX/openjdk-8-8u222-b10/src/hotspot/src/share/vm/prims/jvm.cpp, line 1502]
Event: 0.710 Thread 0x00007f369400a800 Exception <a 'java/lang/NoSuchFieldError': method resolution failed> (0x00000000e67b7078) thrown at [/build/openjdk-8-g3XteX/openjdk-8-8u222-b10/src/hotspot/src/share/vm/prims/methodHandles.cpp, line 1167]
Event: 0.728 Thread 0x00007f369400a800 Exception <a 'java/lang/NoSuchFieldError': method resolution failed> (0x00000000e67c4878) thrown at [/build/openjdk-8-g3XteX/openjdk-8-8u222-b10/src/hotspot/src/share/vm/prims/methodHandles.cpp, line 1167]
Event: 0.889 Thread 0x00007f369400a800 Exception <a 'java/io/FileNotFoundException'> (0x00000000e6843e50) thrown at [/build/openjdk-8-g3XteX/openjdk-8-8u222-b10/src/hotspot/src/share/vm/prims/jni.cpp, line 710]
Event: 0.889 Thread 0x00007f369400a800 Exception <a 'java/io/FileNotFoundException'> (0x00000000e68448c8) thrown at [/build/openjdk-8-g3XteX/openjdk-8-8u222-b10/src/hotspot/src/share/vm/prims/jni.cpp, line 710]
Event: 1.009 Thread 0x00007f369400a800 Exception <a 'java/lang/ClassNotFoundException': sun/dc/DuctusRenderingEngine> (0x00000000e685e830) thrown at [/build/openjdk-8-g3XteX/openjdk-8-8u222-b10/src/hotspot/src/share/vm/classfile/systemDictionary.cpp, line 210]

Events (10 events):
Event: 4.848 loading class java/text/AttributedCharacterIterator
Event: 4.849 loading class java/text/CharacterIterator
Event: 4.849 loading class java/text/CharacterIterator done
Event: 4.849 loading class java/text/AttributedCharacterIterator done
Event: 4.849 loading class java/text/AttributedString$AttributedStringIterator done
Event: 4.850 loading class java/applet/Applet
Event: 4.852 loading class java/awt/Panel
Event: 4.853 loading class java/awt/Panel done
Event: 4.853 loading class java/applet/Applet done
Event: 4.856 Executing VM operation: ParallelGCFailedAllocation


Dynamic libraries:
00400000-00401000 r-xp 00000000 08:01 796424                             /usr/lib/jvm/java-8-openjdk-amd64/jre/bin/java
00600000-00601000 r--p 00000000 08:01 796424                             /usr/lib/jvm/java-8-openjdk-amd64/jre/bin/java
00601000-00602000 rw-p 00001000 08:01 796424                             /usr/lib/jvm/java-8-openjdk-amd64/jre/bin/java
016bd000-016de000 rw-p 00000000 00:00 0                                  [heap]
b3200000-b6600000 rw-p 00000000 00:00 0 
b6600000-e6600000 ---p 00000000 00:00 0 
e6600000-e8000000 rw-p 00000000 00:00 0 
e9400000-100000000 ---p 00000000 00:00 0 
100000000-100180000 rw-p 00000000 00:00 0 
100180000-140000000 ---p 00000000 00:00 0 
7f362c000000-7f362c021000 rw-p 00000000 00:00 0 
7f362c021000-7f3630000000 ---p 00000000 00:00 0 
7f3630000000-7f3630021000 rw-p 00000000 00:00 0 
7f3630021000-7f3634000000 ---p 00000000 00:00 0 
7f3634000000-7f3634021000 rw-p 00000000 00:00 0 
7f3634021000-7f3638000000 ---p 00000000 00:00 0 
7f3638000000-7f363b0b0000 rw-p 00000000 00:00 0 
7f363b0b0000-7f363c000000 ---p 00000000 00:00 0 
7f363c000000-7f363c030000 rw-p 00000000 00:00 0 
7f363c030000-7f3640000000 ---p 00000000 00:00 0 
7f3640000000-7f36400eb000 rw-p 00000000 00:00 0 
7f36400eb000-7f3644000000 ---p 00000000 00:00 0 
7f3644000000-7f3644021000 rw-p 00000000 00:00 0 
7f3644021000-7f3648000000 ---p 00000000 00:00 0 
7f364a1d7000-7f364a55d000 rw-s 00000000 00:05 164626456                  /SYSV00000000 (deleted)
7f364a5a6000-7f364a5b7000 r--s 00000000 08:01 1053073                    /usr/share/fonts/type1/gsfonts/a010035l.pfb
7f364a5b7000-7f364a5cc000 r--s 00000000 08:01 1053082                    /usr/share/fonts/type1/gsfonts/b018032l.pfb
7f364a5cc000-7f364a5dc000 r--s 00000000 08:01 1053064                    /usr/share/fonts/type1/gsfonts/a010013l.pfb
7f364a5dc000-7f364a5f7000 r--s 00000000 08:01 1053154                    /usr/share/fonts/type1/gsfonts/p052004l.pfb
7f364a5f7000-7f364a600000 r--s 00000000 08:01 1053163                    /usr/share/fonts/type1/gsfonts/s050000l.pfb
7f364a600000-7f364a610000 r--s 00000000 08:01 1053067                    /usr/share/fonts/type1/gsfonts/a010015l.pfb
7f364a610000-7f364a628000 r--s 00000000 08:01 1053094                    /usr/share/fonts/type1/gsfonts/c059033l.pfb
7f364a628000-7f364a63e000 r--s 00000000 08:01 1053136                    /usr/share/fonts/type1/gsfonts/n021024l.pfb
7f364a63e000-7f364a657000 r--s 00000000 08:01 1053076                    /usr/share/fonts/type1/gsfonts/b018012l.pfb
7f364a657000-7f364a673000 r--s 00000000 08:01 1053160                    /usr/share/fonts/type1/gsfonts/p052024l.pfb
7f364a673000-7f364a68e000 r--s 00000000 08:01 1053157                    /usr/share/fonts/type1/gsfonts/p052023l.pfb
7f364a68e000-7f364a69f000 r--s 00000000 08:01 1053109                    /usr/share/fonts/type1/gsfonts/n019023l.pfb
7f364a69f000-7f364a6ab000 r--s 00000000 08:01 1053100                    /usr/share/fonts/type1/gsfonts/d050000l.pfb
7f364a6ab000-7f364a6c4000 r--s 00000000 08:01 1053130                    /usr/share/fonts/type1/gsfonts/n021004l.pfb
7f364a6c4000-7f364a6d6000 r--s 00000000 08:01 1053118                    /usr/share/fonts/type1/gsfonts/n019044l.pfb
7f364a6d6000-7f364a6ef000 r--s 00000000 08:01 1053142                    /usr/share/fonts/type1/gsfonts/n022004l.pfb
7f364a6ef000-7f364a705000 r--s 00000000 08:01 1053148                    /usr/share/fonts/type1/gsfonts/n022024l.pfb
7f364a705000-7f364a717000 r--s 00000000 08:01 1053085                    /usr/share/fonts/type1/gsfonts/b018035l.pfb
7f364a717000-7f364a72e000 r--s 00000000 08:01 1053133                    /usr/share/fonts/type1/gsfonts/n021023l.pfb
7f364a72e000-7f364a742000 r--s 00000000 08:01 1053103                    /usr/share/fonts/type1/gsfonts/n019003l.pfb
7f364a742000-7f364a753000 r--s 00000000 08:01 1053112                    /usr/share/fonts/type1/gsfonts/n019024l.pfb
7f364a753000-7f364a769000 r--s 00000000 08:01 1053145                    /usr/share/fonts/type1/gsfonts/n022023l.pfb
7f364a769000-7f364a77b000 r--s 00000000 08:01 1053115                    /usr/share/fonts/type1/gsfonts/n019043l.pfb
7f364a77b000-7f364a78b000 r--s 00000000 08:01 1053070                    /usr/share/fonts/type1/gsfonts/a010033l.pfb
7f364a78b000-7f364a79e000 r--s 00000000 08:01 1053079                    /usr/share/fonts/type1/gsfonts/b018015l.pfb
7f364a79e000-7f364a7b1000 r--s 00000000 08:01 1053124                    /usr/share/fonts/type1/gsfonts/n019064l.pfb
7f364a7b1000-7f364a7c2000 r--s 00000000 08:01 1053121                    /usr/share/fonts/type1/gsfonts/n019063l.pfb
7f364a7c2000-7f364a7dd000 r--s 00000000 08:01 1053151                    /usr/share/fonts/type1/gsfonts/p052003l.pfb
7f364a7dd000-7f364a7f4000 r--s 00000000 08:01 1053166                    /usr/share/fonts/type1/gsfonts/z003034l.pfb
7f364a7f4000-7f364a806000 r--s 00000000 08:01 1053106                    /usr/share/fonts/type1/gsfonts/n019004l.pfb
7f364a806000-7f364a821000 r--s 00000000 08:01 1053091                    /usr/share/fonts/type1/gsfonts/c059016l.pfb
7f364a821000-7f364a839000 r--s 00000000 08:01 1053097                    /usr/share/fonts/type1/gsfonts/c059036l.pfb
7f364a839000-7f364a853000 r--s 00000000 08:01 1053088                    /usr/share/fonts/type1/gsfonts/c059013l.pfb
7f364a853000-7f364a86c000 r--s 00000000 08:01 1053127                    /usr/share/fonts/type1/gsfonts/n021003l.pfb
7f364a86c000-7f364a875000 r--s 00000000 08:01 1053055                    /usr/share/fonts/X11/Type1/c0648bt_.pfb
7f364a875000-7f364a87f000 r--s 00000000 08:01 1053049                    /usr/share/fonts/X11/Type1/c0611bt_.pfb
7f364a87f000-7f364a889000 r--s 00000000 08:01 1053045                    /usr/share/fonts/X11/Type1/c0582bt_.pfb
7f364a889000-7f364a88c000 ---p 00000000 00:00 0 
7f364a88c000-7f364a98a000 rw-p 00000000 00:00 0 
7f364a98a000-7f364a99b000 r-xp 00000000 08:01 796527                     /usr/lib/jvm/java-8-openjdk-amd64/jre/lib/amd64/libnio.so
7f364a99b000-7f364ab9a000 ---p 00011000 08:01 796527                     /usr/lib/jvm/java-8-openjdk-amd64/jre/lib/amd64/libnio.so
7f364ab9a000-7f364ab9b000 r--p 00010000 08:01 796527                     /usr/lib/jvm/java-8-openjdk-amd64/jre/lib/amd64/libnio.so
7f364ab9b000-7f364ab9c000 rw-p 00011000 08:01 796527                     /usr/lib/jvm/java-8-openjdk-amd64/jre/lib/amd64/libnio.so
7f364ab9c000-7f364acdc000 rw-p 00000000 00:00 0 
7f364acdc000-7f364ad9c000 ---p 00000000 00:00 0 
7f364ad9c000-7f364adb2000 r-xp 00000000 08:01 796509                     /usr/lib/jvm/java-8-openjdk-amd64/jre/lib/amd64/libnet.so
7f364adb2000-7f364afb2000 ---p 00016000 08:01 796509                     /usr/lib/jvm/java-8-openjdk-amd64/jre/lib/amd64/libnet.so
7f364afb2000-7f364afb3000 r--p 00016000 08:01 796509                     /usr/lib/jvm/java-8-openjdk-amd64/jre/lib/amd64/libnet.so
7f364afb3000-7f364afb4000 rw-p 00017000 08:01 796509                     /usr/lib/jvm/java-8-openjdk-amd64/jre/lib/amd64/libnet.so
7f364afb4000-7f364afb7000 ---p 00000000 00:00 0 
7f364afb7000-7f364b0b5000 rw-p 00000000 00:00 0 
7f364b0ba000-7f364b0c3000 r--s 00000000 08:01 1053057                    /usr/share/fonts/X11/Type1/c0649bt_.pfb
7f364b0c3000-7f364b0cd000 r--s 00000000 08:01 1053043                    /usr/share/fonts/X11/Type1/c0419bt_.pfb
7f364b0cd000-7f364b0d6000 r--s 00000000 08:01 1053051                    /usr/share/fonts/X11/Type1/c0632bt_.pfb
7f364b0d6000-7f364b0df000 r--s 00000000 08:01 1053053                    /usr/share/fonts/X11/Type1/c0633bt_.pfb
7f364b0df000-7f364b0e9000 r--s 00000000 08:01 1053047                    /usr/share/fonts/X11/Type1/c0583bt_.pfb
7f364b0e9000-7f364b0f4000 r--s 00000000 08:01 1582834                    /var/cache/fontconfig/945677eb7aeaf62f1d50efc3fb3ec7d8-le64.cache-6
7f364b0f4000-7f364b0fd000 r--s 00000000 08:01 1582833                    /var/cache/fontconfig/a6d8cf8e4ec09cdbc8633c31745a07dd-le64.cache-6
7f364b0fd000-7f364b103000 r--s 00000000 08:01 1582816                    /var/cache/fontconfig/2cd17615ca594fa2959ae173292e504c-le64.cache-6
7f364b103000-7f364b104000 r--s 00000000 08:01 1582813                    /var/cache/fontconfig/0d8c3b2ac0904cb8a57a757ad11a4a08-le64.cache-6
7f364b104000-7f364b119000 r--s 00000000 08:01 1582810                    /var/cache/fontconfig/04aabc0a78ac019cf9454389977116d2-le64.cache-6
7f364b119000-7f364b11d000 r--s 00000000 08:01 1582820                    /var/cache/fontconfig/385c0604a188198f04d133e54aba7fe7-le64.cache-6
7f364b11d000-7f364b120000 ---p 00000000 00:00 0 
7f364b120000-7f364b21e000 rw-p 00000000 00:00 0 
7f364b21e000-7f364b221000 ---p 00000000 00:00 0 
7f364b221000-7f364b51f000 rw-p 00000000 00:00 0 
7f364b51f000-7f364b522000 ---p 00000000 00:00 0 
7f364b522000-7f364b620000 rw-p 00000000 00:00 0 
7f364b620000-7f364b623000 ---p 00000000 00:00 0 
7f364b623000-7f364b721000 rw-p 00000000 00:00 0 
7f364b721000-7f364b726000 r-xp 00000000 08:01 403189                     /usr/lib/x86_64-linux-gnu/libXfixes.so.3.1.0
7f364b726000-7f364b925000 ---p 00005000 08:01 403189                     /usr/lib/x86_64-linux-gnu/libXfixes.so.3.1.0
7f364b925000-7f364b926000 r--p 00004000 08:01 403189                     /usr/lib/x86_64-linux-gnu/libXfixes.so.3.1.0
7f364b926000-7f364b927000 rw-p 00005000 08:01 403189                     /usr/lib/x86_64-linux-gnu/libXfixes.so.3.1.0
7f364b927000-7f364b930000 r-xp 00000000 08:01 403181                     /usr/lib/x86_64-linux-gnu/libXcursor.so.1.0.2
7f364b930000-7f364bb2f000 ---p 00009000 08:01 403181                     /usr/lib/x86_64-linux-gnu/libXcursor.so.1.0.2
7f364bb2f000-7f364bb30000 r--p 00008000 08:01 403181                     /usr/lib/x86_64-linux-gnu/libXcursor.so.1.0.2
7f364bb30000-7f364bb31000 rw-p 00009000 08:01 403181                     /usr/lib/x86_64-linux-gnu/libXcursor.so.1.0.2
7f364bb31000-7f364bb55000 r-xp 00000000 08:01 529103                     /lib/x86_64-linux-gnu/libpng12.so.0.54.0
7f364bb55000-7f364bd54000 ---p 00024000 08:01 529103                     /lib/x86_64-linux-gnu/libpng12.so.0.54.0
7f364bd54000-7f364bd55000 r--p 00023000 08:01 529103                     /lib/x86_64-linux-gnu/libpng12.so.0.54.0
7f364bd55000-7f364bd56000 rw-p 00024000 08:01 529103                     /lib/x86_64-linux-gnu/libpng12.so.0.54.0
7f364bd56000-7f364bdfa000 r-xp 00000000 08:01 403612                     /usr/lib/x86_64-linux-gnu/libfreetype.so.6.12.1
7f364bdfa000-7f364bff9000 ---p 000a4000 08:01 403612                     /usr/lib/x86_64-linux-gnu/libfreetype.so.6.12.1
7f364bff9000-7f364bfff000 r--p 000a3000 08:01 403612                     /usr/lib/x86_64-linux-gnu/libfreetype.so.6.12.1
7f364bfff000-7f364c000000 rw-p 000a9000 08:01 403612                     /usr/lib/x86_64-linux-gnu/libfreetype.so.6.12.1
7f364c000000-7f364c021000 rw-p 00000000 00:00 0 
7f364c021000-7f3650000000 ---p 00000000 00:00 0 
7f3650000000-7f3650021000 rw-p 00000000 00:00 0 
7f3650021000-7f3654000000 ---p 00000000 00:00 0 
7f3654000000-7f3654342000 rw-p 00000000 00:00 0 
7f3654342000-7f3658000000 ---p 00000000 00:00 0 
7f3658000000-7f365856a000 rw-p 00000000 00:00 0 
7f365856a000-7f365c000000 ---p 00000000 00:00 0 
7f365c000000-7f365c021000 rw-p 00000000 00:00 0 
7f365c021000-7f3660000000 ---p 00000000 00:00 0 
7f3660000000-7f3660e8d000 rw-p 00000000 00:00 0 
7f3660e8d000-7f3664000000 ---p 00000000 00:00 0 
7f3664000000-7f3664021000 rw-p 00000000 00:00 0 
7f3664021000-7f3668000000 ---p 00000000 00:00 0 
7f3668000000-7f3668021000 rw-p 00000000 00:00 0 
7f3668021000-7f366c000000 ---p 00000000 00:00 0 
7f366c000000-7f366c021000 rw-p 00000000 00:00 0 
7f366c021000-7f3670000000 ---p 00000000 00:00 0 
7f3670000000-7f3670021000 rw-p 00000000 00:00 0 
7f3670021000-7f3674000000 ---p 00000000 00:00 0 
7f3674000000-7f3674021000 rw-p 00000000 00:00 0 
7f3674021000-7f3678000000 ---p 00000000 00:00 0 
7f3678000000-7f3678021000 rw-p 00000000 00:00 0 
7f3678021000-7f367c000000 ---p 00000000 00:00 0 
7f367c000000-7f367c021000 rw-p 00000000 00:00 0 
7f367c021000-7f3680000000 ---p 00000000 00:00 0 
7f3680000000-7f3680001000 r--s 00000000 08:01 1582815                    /var/cache/fontconfig/1ac9eb803944fde146138c791f5cc56a-le64.cache-6
7f3680001000-7f3680002000 r--s 00000000 08:01 1582847                    /var/cache/fontconfig/dc05db6664285cc2f12bf69c139ae4c3-le64.cache-6
7f3680002000-7f3680005000 r--s 00000000 08:01 1582830                    /var/cache/fontconfig/767a8244fc0220cfb567a839d0392e0b-le64.cache-6
7f3680005000-7f3680006000 r--s 00000000 08:01 1582821                    /var/cache/fontconfig/4794a0821666d79190d59a36cb4f44b5-le64.cache-6
7f3680006000-7f368000c000 r--s 00000000 08:01 1585052                    /var/cache/fontconfig/8801497958630a81b71ace7c5f9b32a8-le64.cache-6
7f368000c000-7f368000d000 r--s 00000000 08:01 1582840                    /var/cache/fontconfig/bab58bb527bb656aaa9f116d68a48d89-le64.cache-6
7f368000d000-7f3680014000 r--s 00000000 08:01 1582817                    /var/cache/fontconfig/3047814df9a2f067bd2d96a2b9c36e5a-le64.cache-6
7f3680014000-7f3680015000 r--s 00000000 08:01 1582824                    /var/cache/fontconfig/56cf4f4769d0f4abc89a4895d7bd3ae1-le64.cache-6
7f3680015000-7f3680016000 r--s 00000000 08:01 1582839                    /var/cache/fontconfig/b9d506c9ac06c20b433354fa67a72993-le64.cache-6
7f3680016000-7f368001c000 r--s 00000000 08:01 1582838                    /var/cache/fontconfig/b47c4e1ecd0709278f4910c18777a504-le64.cache-6
7f368001c000-7f368002f000 r--s 00000000 08:01 1582844                    /var/cache/fontconfig/d52a8644073d54c13679302ca1180695-le64.cache-6
7f368002f000-7f368003a000 r--s 00000000 08:01 1585189                    /var/cache/fontconfig/d589a48862398ed80a3d6066f4f56f4c-le64.cache-6
7f368003a000-7f3680045000 r--s 00000000 08:01 1582832                    /var/cache/fontconfig/83bf95040141907cd45bb53cf7c1c148-le64.cache-6
7f3680045000-7f3680057000 r--s 00000000 08:01 1582836                    /var/cache/fontconfig/9b89f8e3dae116d678bbf48e5f21f69b-le64.cache-6
7f3680057000-7f368006f000 r--s 00000000 08:01 1053139                    /usr/share/fonts/type1/gsfonts/n022003l.pfb
7f368006f000-7f3680072000 ---p 00000000 00:00 0 
7f3680072000-7f3680170000 rw-p 00000000 00:00 0 
7f3680170000-7f36801c1000 r-xp 00000000 08:01 796505                     /usr/lib/jvm/java-8-openjdk-amd64/jre/lib/amd64/libfontmanager.so
7f36801c1000-7f36803c1000 ---p 00051000 08:01 796505                     /usr/lib/jvm/java-8-openjdk-amd64/jre/lib/amd64/libfontmanager.so
7f36803c1000-7f36803c3000 r--p 00051000 08:01 796505                     /usr/lib/jvm/java-8-openjdk-amd64/jre/lib/amd64/libfontmanager.so
7f36803c3000-7f36803c4000 rw-p 00053000 08:01 796505                     /usr/lib/jvm/java-8-openjdk-amd64/jre/lib/amd64/libfontmanager.so
7f36803c4000-7f36803c9000 r-xp 00000000 08:01 403185                     /usr/lib/x86_64-linux-gnu/libXdmcp.so.6.0.0
7f36803c9000-7f36805c8000 ---p 00005000 08:01 403185                     /usr/lib/x86_64-linux-gnu/libXdmcp.so.6.0.0
7f36805c8000-7f36805c9000 r--p 00004000 08:01 403185                     /usr/lib/x86_64-linux-gnu/libXdmcp.so.6.0.0
7f36805c9000-7f36805ca000 rw-p 00005000 08:01 403185                     /usr/lib/x86_64-linux-gnu/libXdmcp.so.6.0.0
7f36805ca000-7f36805cc000 r-xp 00000000 08:01 403174                     /usr/lib/x86_64-linux-gnu/libXau.so.6.0.0
7f36805cc000-7f36807cc000 ---p 00002000 08:01 403174                     /usr/lib/x86_64-linux-gnu/libXau.so.6.0.0
7f36807cc000-7f36807cd000 r--p 00002000 08:01 403174                     /usr/lib/x86_64-linux-gnu/libXau.so.6.0.0
7f36807cd000-7f36807ce000 rw-p 00003000 08:01 403174                     /usr/lib/x86_64-linux-gnu/libXau.so.6.0.0
7f36807ce000-7f36807ef000 r-xp 00000000 08:01 404598                     /usr/lib/x86_64-linux-gnu/libxcb.so.1.1.0
7f36807ef000-7f36809ee000 ---p 00021000 08:01 404598                     /usr/lib/x86_64-linux-gnu/libxcb.so.1.1.0
7f36809ee000-7f36809ef000 r--p 00020000 08:01 404598                     /usr/lib/x86_64-linux-gnu/libxcb.so.1.1.0
7f36809ef000-7f36809f0000 rw-p 00021000 08:01 404598                     /usr/lib/x86_64-linux-gnu/libxcb.so.1.1.0
7f36809f0000-7f36809ff000 r-xp 00000000 08:01 403197                     /usr/lib/x86_64-linux-gnu/libXi.so.6.1.0
7f36809ff000-7f3680bfe000 ---p 0000f000 08:01 403197                     /usr/lib/x86_64-linux-gnu/libXi.so.6.1.0
7f3680bfe000-7f3680bff000 r--p 0000e000 08:01 403197                     /usr/lib/x86_64-linux-gnu/libXi.so.6.1.0
7f3680bff000-7f3680c00000 rw-p 0000f000 08:01 403197                     /usr/lib/x86_64-linux-gnu/libXi.so.6.1.0
7f3680c00000-7f3680c05000 r-xp 00000000 08:01 403215                     /usr/lib/x86_64-linux-gnu/libXtst.so.6.1.0
7f3680c05000-7f3680e04000 ---p 00005000 08:01 403215                     /usr/lib/x86_64-linux-gnu/libXtst.so.6.1.0
7f3680e04000-7f3680e05000 r--p 00004000 08:01 403215                     /usr/lib/x86_64-linux-gnu/libXtst.so.6.1.0
7f3680e05000-7f3680e06000 rw-p 00005000 08:01 403215                     /usr/lib/x86_64-linux-gnu/libXtst.so.6.1.0
7f3680e06000-7f3680e0f000 r-xp 00000000 08:01 403209                     /usr/lib/x86_64-linux-gnu/libXrender.so.1.3.0
7f3680e0f000-7f368100e000 ---p 00009000 08:01 403209                     /usr/lib/x86_64-linux-gnu/libXrender.so.1.3.0
7f368100e000-7f368100f000 r--p 00008000 08:01 403209                     /usr/lib/x86_64-linux-gnu/libXrender.so.1.3.0
7f368100f000-7f3681010000 rw-p 00009000 08:01 403209                     /usr/lib/x86_64-linux-gnu/libXrender.so.1.3.0
7f3681010000-7f3681145000 r-xp 00000000 08:01 412884                     /usr/lib/x86_64-linux-gnu/libX11.so.6.3.0
7f3681145000-7f3681345000 ---p 00135000 08:01 412884                     /usr/lib/x86_64-linux-gnu/libX11.so.6.3.0
7f3681345000-7f3681346000 r--p 00135000 08:01 412884                     /usr/lib/x86_64-linux-gnu/libX11.so.6.3.0
7f3681346000-7f368134a000 rw-p 00136000 08:01 412884                     /usr/lib/x86_64-linux-gnu/libX11.so.6.3.0
7f368134a000-7f368135b000 r-xp 00000000 08:01 403187                     /usr/lib/x86_64-linux-gnu/libXext.so.6.4.0
7f368135b000-7f368155a000 ---p 00011000 08:01 403187                     /usr/lib/x86_64-linux-gnu/libXext.so.6.4.0
7f368155a000-7f368155b000 r--p 00010000 08:01 403187                     /usr/lib/x86_64-linux-gnu/libXext.so.6.4.0
7f368155b000-7f368155c000 rw-p 00011000 08:01 403187                     /usr/lib/x86_64-linux-gnu/libXext.so.6.4.0
7f368155c000-7f36815b8000 r-xp 00000000 08:01 796520                     /usr/lib/jvm/java-8-openjdk-amd64/jre/lib/amd64/libawt_xawt.so
7f36815b8000-7f36817b7000 ---p 0005c000 08:01 796520                     /usr/lib/jvm/java-8-openjdk-amd64/jre/lib/amd64/libawt_xawt.so
7f36817b7000-7f36817b8000 r--p 0005b000 08:01 796520                     /usr/lib/jvm/java-8-openjdk-amd64/jre/lib/amd64/libawt_xawt.so
7f36817b8000-7f36817bb000 rw-p 0005c000 08:01 796520                     /usr/lib/jvm/java-8-openjdk-amd64/jre/lib/amd64/libawt_xawt.so
7f36817bb000-7f36817bd000 rw-p 00000000 00:00 0 
7f36817bd000-7f368185c000 r-xp 00000000 08:01 796521                     /usr/lib/jvm/java-8-openjdk-amd64/jre/lib/amd64/libawt.so
7f368185c000-7f3681a5c000 ---p 0009f000 08:01 796521                     /usr/lib/jvm/java-8-openjdk-amd64/jre/lib/amd64/libawt.so
7f3681a5c000-7f3681a5d000 r--p 0009f000 08:01 796521                     /usr/lib/jvm/java-8-openjdk-amd64/jre/lib/amd64/libawt.so
7f3681a5d000-7f3681a68000 rw-p 000a0000 08:01 796521                     /usr/lib/jvm/java-8-openjdk-amd64/jre/lib/amd64/libawt.so
7f3681a68000-7f3681a8d000 rw-p 00000000 00:00 0 
7f3681a8d000-7f3681a8e000 ---p 00000000 00:00 0 
7f3681a8e000-7f3681b8e000 rw-p 00000000 00:00 0 
7f3681b8e000-7f3681b91000 ---p 00000000 00:00 0 
7f3681b91000-7f3681c8f000 rw-p 00000000 00:00 0 
7f3681c8f000-7f3681c92000 ---p 00000000 00:00 0 
7f3681c92000-7f3681d90000 rw-p 00000000 00:00 0 
7f3681d90000-7f3681d93000 ---p 00000000 00:00 0 
7f3681d93000-7f3681e91000 rw-p 00000000 00:00 0 
7f3681e91000-7f3682990000 r--p 00000000 08:01 401589                     /usr/lib/locale/locale-archive
7f3682990000-7f3685000000 rw-p 00000000 00:00 0 
7f3685000000-7f3685330000 rwxp 00000000 00:00 0 
7f3685330000-7f3694000000 ---p 00000000 00:00 0 
7f3694000000-7f3694374000 rw-p 00000000 00:00 0 
7f3694374000-7f3698000000 ---p 00000000 00:00 0 
7f3698000000-7f3698001000 r--s 00000000 08:01 1582823                    /var/cache/fontconfig/551ecf3b0e8b0bca0f25c0944f561853-le64.cache-6
7f3698001000-7f3698004000 r--s 00000000 08:01 1582829                    /var/cache/fontconfig/75114ca45c98e8a441da0ff356701271-le64.cache-6
7f3698004000-7f3698007000 r--s 00000000 08:01 1582848                    /var/cache/fontconfig/e13b20fdb08344e0e664864cc2ede53d-le64.cache-6
7f3698007000-7f369800b000 r--s 00000000 08:01 1569904                    /var/cache/fontconfig/7ef2298fde41cc6eeb7af42e48b7d293-le64.cache-6
7f369800b000-7f369801e000 r--s 00346000 08:01 796545                     /usr/lib/jvm/java-8-openjdk-amd64/jre/lib/resources.jar
7f369801e000-7f3698025000 r--s 00000000 08:01 788975                     /usr/lib/x86_64-linux-gnu/gconv/gconv-modules.cache
7f3698025000-7f369804c000 r--p 00000000 08:01 1056088                    /usr/share/locale-langpack/ko/LC_MESSAGES/libc.mo
7f369804c000-7f369804f000 r--s 00039000 08:01 796485                     /usr/lib/jvm/java-8-openjdk-amd64/jre/lib/ext/sunpkcs11.jar
7f369804f000-7f369806a000 r--s 001d6000 08:01 796483                     /usr/lib/jvm/java-8-openjdk-amd64/jre/lib/ext/nashorn.jar
7f369806a000-7f369806d000 r--s 0000f000 08:01 796482                     /usr/lib/jvm/java-8-openjdk-amd64/jre/lib/ext/icedtea-sound.jar
7f369806d000-7f3698088000 r--s 00394000 08:01 796486                     /usr/lib/jvm/java-8-openjdk-amd64/jre/lib/ext/cldrdata.jar
7f3698088000-7f369808d000 r--s 0003c000 08:01 796488                     /usr/lib/jvm/java-8-openjdk-amd64/jre/lib/ext/sunjce_provider.jar
7f369808d000-7f3698090000 ---p 00000000 00:00 0 
7f3698090000-7f369818e000 rw-p 00000000 00:00 0 
7f369818e000-7f3698191000 ---p 00000000 00:00 0 
7f3698191000-7f369828f000 rw-p 00000000 00:00 0 
7f369828f000-7f3698292000 ---p 00000000 00:00 0 
7f3698292000-7f3698390000 rw-p 00000000 00:00 0 
7f3698390000-7f3698393000 ---p 00000000 00:00 0 
7f3698393000-7f3698491000 rw-p 00000000 00:00 0 
7f3698491000-7f3698492000 ---p 00000000 00:00 0 
7f3698492000-7f3699552000 rw-p 00000000 00:00 0 
7f3699552000-7f3699722000 r--s 03c5c000 08:01 796460                     /usr/lib/jvm/java-8-openjdk-amd64/jre/lib/rt.jar
7f3699722000-7f369a1ff000 rw-p 00000000 00:00 0 
7f369a1ff000-7f369a200000 ---p 00000000 00:00 0 
7f369a200000-7f369a300000 rw-p 00000000 00:00 0 
7f369a300000-7f369a301000 ---p 00000000 00:00 0 
7f369a301000-7f369a401000 rw-p 00000000 00:00 0 
7f369a401000-7f369a402000 ---p 00000000 00:00 0 
7f369a402000-7f369a502000 rw-p 00000000 00:00 0 
7f369a502000-7f369a503000 ---p 00000000 00:00 0 
7f369a503000-7f369a61d000 rw-p 00000000 00:00 0 
7f369a61d000-7f369a79d000 ---p 00000000 00:00 0 
7f369a79d000-7f369a7b7000 rw-p 00000000 00:00 0 
7f369a7b7000-7f369a937000 ---p 00000000 00:00 0 
7f369a937000-7f369a944000 rw-p 00000000 00:00 0 
7f369a944000-7f369aa04000 ---p 00000000 00:00 0 
7f369aa04000-7f369aa12000 rw-p 00000000 00:00 0 
7f369aa12000-7f369adc5000 ---p 00000000 00:00 0 
7f369adc5000-7f369adcd000 r-xp 00000000 08:01 796524                     /usr/lib/jvm/java-8-openjdk-amd64/jre/lib/amd64/libzip.so
7f369adcd000-7f369afcc000 ---p 00008000 08:01 796524                     /usr/lib/jvm/java-8-openjdk-amd64/jre/lib/amd64/libzip.so
7f369afcc000-7f369afcd000 r--p 00007000 08:01 796524                     /usr/lib/jvm/java-8-openjdk-amd64/jre/lib/amd64/libzip.so
7f369afcd000-7f369afce000 rw-p 00008000 08:01 796524                     /usr/lib/jvm/java-8-openjdk-amd64/jre/lib/amd64/libzip.so
7f369afce000-7f369afd9000 r-xp 00000000 08:01 529061                     /lib/x86_64-linux-gnu/libnss_files-2.23.so
7f369afd9000-7f369b1d8000 ---p 0000b000 08:01 529061                     /lib/x86_64-linux-gnu/libnss_files-2.23.so
7f369b1d8000-7f369b1d9000 r--p 0000a000 08:01 529061                     /lib/x86_64-linux-gnu/libnss_files-2.23.so
7f369b1d9000-7f369b1da000 rw-p 0000b000 08:01 529061                     /lib/x86_64-linux-gnu/libnss_files-2.23.so
7f369b1da000-7f369b1e0000 rw-p 00000000 00:00 0 
7f369b1e0000-7f369b1eb000 r-xp 00000000 08:01 529071                     /lib/x86_64-linux-gnu/libnss_nis-2.23.so
7f369b1eb000-7f369b3ea000 ---p 0000b000 08:01 529071                     /lib/x86_64-linux-gnu/libnss_nis-2.23.so
7f369b3ea000-7f369b3eb000 r--p 0000a000 08:01 529071                     /lib/x86_64-linux-gnu/libnss_nis-2.23.so
7f369b3eb000-7f369b3ec000 rw-p 0000b000 08:01 529071                     /lib/x86_64-linux-gnu/libnss_nis-2.23.so
7f369b3ec000-7f369b402000 r-xp 00000000 08:01 529055                     /lib/x86_64-linux-gnu/libnsl-2.23.so
7f369b402000-7f369b601000 ---p 00016000 08:01 529055                     /lib/x86_64-linux-gnu/libnsl-2.23.so
7f369b601000-7f369b602000 r--p 00015000 08:01 529055                     /lib/x86_64-linux-gnu/libnsl-2.23.so
7f369b602000-7f369b603000 rw-p 00016000 08:01 529055                     /lib/x86_64-linux-gnu/libnsl-2.23.so
7f369b603000-7f369b605000 rw-p 00000000 00:00 0 
7f369b605000-7f369b60d000 r-xp 00000000 08:01 529057                     /lib/x86_64-linux-gnu/libnss_compat-2.23.so
7f369b60d000-7f369b80c000 ---p 00008000 08:01 529057                     /lib/x86_64-linux-gnu/libnss_compat-2.23.so
7f369b80c000-7f369b80d000 r--p 00007000 08:01 529057                     /lib/x86_64-linux-gnu/libnss_compat-2.23.so
7f369b80d000-7f369b80e000 rw-p 00008000 08:01 529057                     /lib/x86_64-linux-gnu/libnss_compat-2.23.so
7f369b80e000-7f369b837000 r-xp 00000000 08:01 796508                     /usr/lib/jvm/java-8-openjdk-amd64/jre/lib/amd64/libjava.so
7f369b837000-7f369ba36000 ---p 00029000 08:01 796508                     /usr/lib/jvm/java-8-openjdk-amd64/jre/lib/amd64/libjava.so
7f369ba36000-7f369ba37000 r--p 00028000 08:01 796508                     /usr/lib/jvm/java-8-openjdk-amd64/jre/lib/amd64/libjava.so
7f369ba37000-7f369ba39000 rw-p 00029000 08:01 796508                     /usr/lib/jvm/java-8-openjdk-amd64/jre/lib/amd64/libjava.so
7f369ba39000-7f369ba48000 r-xp 00000000 08:01 796526                     /usr/lib/jvm/java-8-openjdk-amd64/jre/lib/amd64/libverify.so
7f369ba48000-7f369bc47000 ---p 0000f000 08:01 796526                     /usr/lib/jvm/java-8-openjdk-amd64/jre/lib/amd64/libverify.so
7f369bc47000-7f369bc49000 r--p 0000e000 08:01 796526                     /usr/lib/jvm/java-8-openjdk-amd64/jre/lib/amd64/libverify.so
7f369bc49000-7f369bc4a000 rw-p 00010000 08:01 796526                     /usr/lib/jvm/java-8-openjdk-amd64/jre/lib/amd64/libverify.so
7f369bc4a000-7f369bc51000 r-xp 00000000 08:01 529116                     /lib/x86_64-linux-gnu/librt-2.23.so
7f369bc51000-7f369be50000 ---p 00007000 08:01 529116                     /lib/x86_64-linux-gnu/librt-2.23.so
7f369be50000-7f369be51000 r--p 00006000 08:01 529116                     /lib/x86_64-linux-gnu/librt-2.23.so
7f369be51000-7f369be52000 rw-p 00007000 08:01 529116                     /lib/x86_64-linux-gnu/librt-2.23.so
7f369be52000-7f369be68000 r-xp 00000000 08:01 529000                     /lib/x86_64-linux-gnu/libgcc_s.so.1
7f369be68000-7f369c067000 ---p 00016000 08:01 529000                     /lib/x86_64-linux-gnu/libgcc_s.so.1
7f369c067000-7f369c068000 rw-p 00015000 08:01 529000                     /lib/x86_64-linux-gnu/libgcc_s.so.1
7f369c068000-7f369c170000 r-xp 00000000 08:01 529032                     /lib/x86_64-linux-gnu/libm-2.23.so
7f369c170000-7f369c36f000 ---p 00108000 08:01 529032                     /lib/x86_64-linux-gnu/libm-2.23.so
7f369c36f000-7f369c370000 r--p 00107000 08:01 529032                     /lib/x86_64-linux-gnu/libm-2.23.so
7f369c370000-7f369c371000 rw-p 00108000 08:01 529032                     /lib/x86_64-linux-gnu/libm-2.23.so
7f369c371000-7f369c4e3000 r-xp 00000000 08:01 404347                     /usr/lib/x86_64-linux-gnu/libstdc++.so.6.0.21
7f369c4e3000-7f369c6e3000 ---p 00172000 08:01 404347                     /usr/lib/x86_64-linux-gnu/libstdc++.so.6.0.21
7f369c6e3000-7f369c6ed000 r--p 00172000 08:01 404347                     /usr/lib/x86_64-linux-gnu/libstdc++.so.6.0.21
7f369c6ed000-7f369c6ef000 rw-p 0017c000 08:01 404347                     /usr/lib/x86_64-linux-gnu/libstdc++.so.6.0.21
7f369c6ef000-7f369c6f3000 rw-p 00000000 00:00 0 
7f369c6f3000-7f369d357000 r-xp 00000000 08:01 796537                     /usr/lib/jvm/java-8-openjdk-amd64/jre/lib/amd64/server/libjvm.so
7f369d357000-7f369d556000 ---p 00c64000 08:01 796537                     /usr/lib/jvm/java-8-openjdk-amd64/jre/lib/amd64/server/libjvm.so
7f369d556000-7f369d5ea000 r--p 00c63000 08:01 796537                     /usr/lib/jvm/java-8-openjdk-amd64/jre/lib/amd64/server/libjvm.so
7f369d5ea000-7f369d613000 rw-p 00cf7000 08:01 796537                     /usr/lib/jvm/java-8-openjdk-amd64/jre/lib/amd64/server/libjvm.so
7f369d613000-7f369d643000 rw-p 00000000 00:00 0 
7f369d643000-7f369d65b000 r-xp 00000000 08:01 529108                     /lib/x86_64-linux-gnu/libpthread-2.23.so
7f369d65b000-7f369d85a000 ---p 00018000 08:01 529108                     /lib/x86_64-linux-gnu/libpthread-2.23.so
7f369d85a000-7f369d85b000 r--p 00017000 08:01 529108                     /lib/x86_64-linux-gnu/libpthread-2.23.so
7f369d85b000-7f369d85c000 rw-p 00018000 08:01 529108                     /lib/x86_64-linux-gnu/libpthread-2.23.so
7f369d85c000-7f369d860000 rw-p 00000000 00:00 0 
7f369d860000-7f369d863000 r-xp 00000000 08:01 528986                     /lib/x86_64-linux-gnu/libdl-2.23.so
7f369d863000-7f369da62000 ---p 00003000 08:01 528986                     /lib/x86_64-linux-gnu/libdl-2.23.so
7f369da62000-7f369da63000 r--p 00002000 08:01 528986                     /lib/x86_64-linux-gnu/libdl-2.23.so
7f369da63000-7f369da64000 rw-p 00003000 08:01 528986                     /lib/x86_64-linux-gnu/libdl-2.23.so
7f369da64000-7f369da7d000 r-xp 00000000 08:01 529153                     /lib/x86_64-linux-gnu/libz.so.1.2.8
7f369da7d000-7f369dc7c000 ---p 00019000 08:01 529153                     /lib/x86_64-linux-gnu/libz.so.1.2.8
7f369dc7c000-7f369dc7d000 r--p 00018000 08:01 529153                     /lib/x86_64-linux-gnu/libz.so.1.2.8
7f369dc7d000-7f369dc7e000 rw-p 00019000 08:01 529153                     /lib/x86_64-linux-gnu/libz.so.1.2.8
7f369dc7e000-7f369de3e000 r-xp 00000000 08:01 528962                     /lib/x86_64-linux-gnu/libc-2.23.so
7f369de3e000-7f369e03e000 ---p 001c0000 08:01 528962                     /lib/x86_64-linux-gnu/libc-2.23.so
7f369e03e000-7f369e042000 r--p 001c0000 08:01 528962                     /lib/x86_64-linux-gnu/libc-2.23.so
7f369e042000-7f369e044000 rw-p 001c4000 08:01 528962                     /lib/x86_64-linux-gnu/libc-2.23.so
7f369e044000-7f369e048000 rw-p 00000000 00:00 0 
7f369e048000-7f369e055000 r-xp 00000000 08:01 796518                     /usr/lib/jvm/java-8-openjdk-amd64/jre/lib/amd64/jli/libjli.so
7f369e055000-7f369e254000 ---p 0000d000 08:01 796518                     /usr/lib/jvm/java-8-openjdk-amd64/jre/lib/amd64/jli/libjli.so
7f369e254000-7f369e255000 r--p 0000c000 08:01 796518                     /usr/lib/jvm/java-8-openjdk-amd64/jre/lib/amd64/jli/libjli.so
7f369e255000-7f369e256000 rw-p 0000d000 08:01 796518                     /usr/lib/jvm/java-8-openjdk-amd64/jre/lib/amd64/jli/libjli.so
7f369e256000-7f369e27c000 r-xp 00000000 08:01 528934                     /lib/x86_64-linux-gnu/ld-2.23.so
7f369e27c000-7f369e27d000 r--s 00000000 08:01 1582818                    /var/cache/fontconfig/30829fa25452a46451e813d634d7f916-le64.cache-6
7f369e27d000-7f369e27e000 r--s 00000000 08:01 1582812                    /var/cache/fontconfig/0c9eb80ebd1c36541ebe2852d3bb0c49-le64.cache-6
7f369e27e000-7f369e27f000 r--s 0000d000 08:01 796481                     /usr/lib/jvm/java-8-openjdk-amd64/jre/lib/ext/sunec.jar
7f369e27f000-7f369e280000 r--s 0000a000 08:01 796484                     /usr/lib/jvm/java-8-openjdk-amd64/jre/lib/ext/jaccess.jar
7f369e280000-7f369e35e000 rw-p 00000000 00:00 0 
7f369e35e000-7f369e361000 ---p 00000000 00:00 0 
7f369e361000-7f369e463000 rw-p 00000000 00:00 0 
7f369e463000-7f369e465000 r--s 00001000 08:01 796487                     /usr/lib/jvm/java-8-openjdk-amd64/jre/lib/ext/dnsns.jar
7f369e465000-7f369e466000 r--s 00010000 08:01 796489                     /usr/lib/jvm/java-8-openjdk-amd64/jre/lib/ext/zipfs.jar
7f369e466000-7f369e470000 r--s 00116000 08:01 796490                     /usr/lib/jvm/java-8-openjdk-amd64/jre/lib/ext/localedata.jar
7f369e470000-7f369e478000 rw-s 00000000 08:01 261774                     /tmp/hsperfdata_seonhu/9332
7f369e478000-7f369e479000 rw-p 00000000 00:00 0 
7f369e479000-7f369e47a000 ---p 00000000 00:00 0 
7f369e47a000-7f369e47b000 rw-p 00000000 00:00 0 
7f369e47b000-7f369e47c000 r--p 00025000 08:01 528934                     /lib/x86_64-linux-gnu/ld-2.23.so
7f369e47c000-7f369e47d000 rw-p 00026000 08:01 528934                     /lib/x86_64-linux-gnu/ld-2.23.so
7f369e47d000-7f369e47e000 rw-p 00000000 00:00 0 
7fffdce52000-7fffdce73000 rw-p 00000000 00:00 0                          [stack]
7fffdceaf000-7fffdceb2000 r--p 00000000 00:00 0                          [vvar]
7fffdceb2000-7fffdceb4000 r-xp 00000000 00:00 0                          [vdso]
ffffffffff600000-ffffffffff601000 r-xp 00000000 00:00 0                  [vsyscall]

VM Arguments:
jvm_args: -Dfile.encoding=UTF-8 
java_command: com.ok.main.Main
java_class_path (initial): /home/seonhu/Desktop/2019-2-OSSPC-OS-3/Tetris-master/bin
Launcher Type: SUN_STANDARD

Environment Variables:
JAVA_HOME=/usr/lib/jvm/java-8-openjdk-amd64
PATH=/home/seonhu/bin:/home/seonhu/.local/bin:/usr/lib/jvm/java-8-openjdk-amd64/bin/:/usr/local/sbin:/usr/local/bin:/usr/sbin:/usr/bin:/sbin:/bin:/usr/games:/usr/local/games:/snap/bin
SHELL=/bin/bash
DISPLAY=:0

Signal Handlers:
SIGSEGV: [libjvm.so+0xa783e0], sa_mask[0]=11111111011111111101111111111110, sa_flags=SA_RESTART|SA_SIGINFO
SIGBUS: [libjvm.so+0xa783e0], sa_mask[0]=11111111011111111101111111111110, sa_flags=SA_RESTART|SA_SIGINFO
SIGFPE: [libjvm.so+0x8c0e10], sa_mask[0]=11111111011111111101111111111110, sa_flags=SA_RESTART|SA_SIGINFO
SIGPIPE: [libjvm.so+0x8c0e10], sa_mask[0]=11111111011111111101111111111110, sa_flags=SA_RESTART|SA_SIGINFO
SIGXFSZ: [libjvm.so+0x8c0e10], sa_mask[0]=11111111011111111101111111111110, sa_flags=SA_RESTART|SA_SIGINFO
SIGILL: [libjvm.so+0x8c0e10], sa_mask[0]=11111111011111111101111111111110, sa_flags=SA_RESTART|SA_SIGINFO
SIGUSR1: SIG_DFL, sa_mask[0]=00000000000000000000000000000000, sa_flags=none
SIGUSR2: [libjvm.so+0x8c0cc0], sa_mask[0]=00100000000000000000000000000000, sa_flags=SA_RESTART|SA_SIGINFO
SIGHUP: [libjvm.so+0x8c1350], sa_mask[0]=11111111011111111101111111111110, sa_flags=SA_RESTART|SA_SIGINFO
SIGINT: [libjvm.so+0x8c1350], sa_mask[0]=11111111011111111101111111111110, sa_flags=SA_RESTART|SA_SIGINFO
SIGTERM: [libjvm.so+0x8c1350], sa_mask[0]=11111111011111111101111111111110, sa_flags=SA_RESTART|SA_SIGINFO
SIGQUIT: [libjvm.so+0x8c1350], sa_mask[0]=11111111011111111101111111111110, sa_flags=SA_RESTART|SA_SIGINFO


---------------  S Y S T E M  ---------------

OS:DISTRIB_ID=Ubuntu
DISTRIB_RELEASE=16.04
DISTRIB_CODENAME=xenial
DISTRIB_DESCRIPTION="Ubuntu 16.04.5 LTS"

uname:Linux 4.15.0-29-generic #31~16.04.1-Ubuntu SMP Wed Jul 18 08:54:04 UTC 2018 x86_64
libc:glibc 2.23 NPTL 2.23 
rlimit: STACK 8192k, CORE 0k, NPROC 19441, NOFILE 1048576, AS infinity
load average:1.72 2.55 2.52

/proc/meminfo:
MemTotal:        5036560 kB
MemFree:          104128 kB
MemAvailable:       2840 kB
Buffers:             428 kB
Cached:            54240 kB
SwapCached:          988 kB
Active:          4069216 kB
Inactive:         687952 kB
Active(anon):    4062140 kB
Inactive(anon):   678244 kB
Active(file):       7076 kB
Inactive(file):     9708 kB
Unevictable:          64 kB
Mlocked:              64 kB
SwapTotal:        998396 kB
SwapFree:             52 kB
Dirty:               496 kB
Writeback:             0 kB
AnonPages:       4701824 kB
Mapped:            50488 kB
Shmem:             37648 kB
Slab:              57828 kB
SReclaimable:      25664 kB
SUnreclaim:        32164 kB
KernelStack:       11888 kB
PageTables:        46148 kB
NFS_Unstable:          0 kB
Bounce:                0 kB
WritebackTmp:          0 kB
CommitLimit:     3516676 kB
Committed_AS:   10084880 kB
VmallocTotal:   34359738367 kB
VmallocUsed:           0 kB
VmallocChunk:          0 kB
HardwareCorrupted:     0 kB
AnonHugePages:         0 kB
ShmemHugePages:        0 kB
ShmemPmdMapped:        0 kB
CmaTotal:              0 kB
CmaFree:               0 kB
HugePages_Total:       0
HugePages_Free:        0
HugePages_Rsvd:        0
HugePages_Surp:        0
Hugepagesize:       2048 kB
DirectMap4k:      106432 kB
DirectMap2M:     5101568 kB

container (cgroup) information:
container_type: cgroupv1
cpu_cpuset_cpus: 0-3
cpu_memory_nodes: 0
active_processor_count: 4
cpu_quota: -1
cpu_period: 100000
cpu_shares: -1
memory_limit_in_bytes: -1
memory_and_swap_limit_in_bytes: -2
memory_soft_limit_in_bytes: -1
memory_usage_in_bytes: 4871462912
memory_max_usage_in_bytes: 0


CPU:total 4 (initial active 4) (4 cores per cpu, 1 threads per core) family 6 model 142 stepping 10, cmov, cx8, fxsr, mmx, sse, sse2, sse3, ssse3, sse4.1, sse4.2, popcnt, avx, avx2, aes, clmul, 3dnowpref, lzcnt, tsc, tscinvbit

/proc/cpuinfo:
processor	: 0
vendor_id	: GenuineIntel
cpu family	: 6
model		: 142
model name	: Intel(R) Core(TM) i5-8250U CPU @ 1.60GHz
stepping	: 10
cpu MHz		: 1800.001
cache size	: 6144 KB
physical id	: 0
siblings	: 4
core id		: 0
cpu cores	: 4
apicid		: 0
initial apicid	: 0
fpu		: yes
fpu_exception	: yes
cpuid level	: 22
wp		: yes
flags		: fpu vme de pse tsc msr pae mce cx8 apic sep mtrr pge mca cmov pat pse36 clflush mmx fxsr sse sse2 ht syscall nx rdtscp lm constant_tsc rep_good nopl xtopology nonstop_tsc cpuid pni pclmulqdq ssse3 cx16 pcid sse4_1 sse4_2 x2apic movbe popcnt aes xsave avx rdrand hypervisor lahf_lm abm 3dnowprefetch invpcid_single pti fsgsbase avx2 invpcid rdseed clflushopt
bugs		: cpu_meltdown spectre_v1 spectre_v2 spec_store_bypass
bogomips	: 3600.00
clflush size	: 64
cache_alignment	: 64
address sizes	: 39 bits physical, 48 bits virtual
power management:

processor	: 1
vendor_id	: GenuineIntel
cpu family	: 6
model		: 142
model name	: Intel(R) Core(TM) i5-8250U CPU @ 1.60GHz
stepping	: 10
cpu MHz		: 1800.001
cache size	: 6144 KB
physical id	: 0
siblings	: 4
core id		: 1
cpu cores	: 4
apicid		: 1
initial apicid	: 1
fpu		: yes
fpu_exception	: yes
cpuid level	: 22
wp		: yes
flags		: fpu vme de pse tsc msr pae mce cx8 apic sep mtrr pge mca cmov pat pse36 clflush mmx fxsr sse sse2 ht syscall nx rdtscp lm constant_tsc rep_good nopl xtopology nonstop_tsc cpuid pni pclmulqdq ssse3 cx16 pcid sse4_1 sse4_2 x2apic movbe popcnt aes xsave avx rdrand hypervisor lahf_lm abm 3dnowprefetch invpcid_single pti fsgsbase avx2 invpcid rdseed clflushopt
bugs		: cpu_meltdown spectre_v1 spectre_v2 spec_store_bypass
bogomips	: 3600.00
clflush size	: 64
cache_alignment	: 64
address sizes	: 39 bits physical, 48 bits virtual
power management:

processor	: 2
vendor_id	: GenuineIntel
cpu family	: 6
model		: 142
model name	: Intel(R) Core(TM) i5-8250U CPU @ 1.60GHz
stepping	: 10
cpu MHz		: 1800.001
cache size	: 6144 KB
physical id	: 0
siblings	: 4
core id		: 2
cpu cores	: 4
apicid		: 2
initial apicid	: 2
fpu		: yes
fpu_exception	: yes
cpuid level	: 22
wp		: yes
flags		: fpu vme de pse tsc msr pae mce cx8 apic sep mtrr pge mca cmov pat pse36 clflush mmx fxsr sse sse2 ht syscall nx rdtscp lm constant_tsc rep_good nopl xtopology nonstop_tsc cpuid pni pclmulqdq ssse3 cx16 pcid sse4_1 sse4_2 x2apic movbe popcnt aes xsave avx rdrand hypervisor lahf_lm abm 3dnowprefetch invpcid_single pti fsgsbase avx2 invpcid rdseed clflushopt
bugs		: cpu_meltdown spectre_v1 spectre_v2 spec_store_bypass
bogomips	: 3600.00
clflush size	: 64
cache_alignment	: 64
address sizes	: 39 bits physical, 48 bits virtual
power management:

processor	: 3
vendor_id	: GenuineIntel
cpu family	: 6
model		: 142
model name	: Intel(R) Core(TM) i5-8250U CPU @ 1.60GHz
stepping	: 10
cpu MHz		: 1800.001
cache size	: 6144 KB
physical id	: 0
siblings	: 4
core id		: 3
cpu cores	: 4
apicid		: 3
initial apicid	: 3
fpu		: yes
fpu_exception	: yes
cpuid level	: 22
wp		: yes
flags		: fpu vme de pse tsc msr pae mce cx8 apic sep mtrr pge mca cmov pat pse36 clflush mmx fxsr sse sse2 ht syscall nx rdtscp lm constant_tsc rep_good nopl xtopology nonstop_tsc cpuid pni pclmulqdq ssse3 cx16 pcid sse4_1 sse4_2 x2apic movbe popcnt aes xsave avx rdrand hypervisor lahf_lm abm 3dnowprefetch invpcid_single pti fsgsbase avx2 invpcid rdseed clflushopt
bugs		: cpu_meltdown spectre_v1 spectre_v2 spec_store_bypass
bogomips	: 3600.00
clflush size	: 64
cache_alignment	: 64
address sizes	: 39 bits physical, 48 bits virtual
power management:



Memory: 4k page, physical 5036560k(103812k free), swap 998396k(68k free)

vm_info: OpenJDK 64-Bit Server VM (25.222-b10) for linux-amd64 JRE (1.8.0_222-8u222-b10-1ubuntu1~16.04.1-b10), built on Jul 18 2019 20:25:18 by "buildd" with gcc 5.4.0 20160609

time: Tue Nov 12 16:46:55 2019
timezone: KST
elapsed time: 5 seconds (0d 0h 0m 5s)

