#
# There is insufficient memory for the Java Runtime Environment to continue.
# Native memory allocation (mmap) failed to map 109051904 bytes for committing reserved memory.
# Possible reasons:
#   The system is out of physical RAM or swap space
#   The process is running with CompressedOops enabled, and the Java Heap may be blocking the growth of the native heap
# Possible solutions:
#   Reduce memory load on the system
#   Increase physical memory or swap space
#   Check if swap backing store is full
#   Decrease Java heap size (-Xmx/-Xms)
#   Decrease number of Java threads
#   Decrease Java thread stack sizes (-Xss)
#   Set larger code cache with -XX:ReservedCodeCacheSize=
#   JVM is running with Unscaled Compressed Oops mode in which the Java heap is
#     placed in the first 4GB address space. The Java Heap base address is the
#     maximum limit for the native heap growth. Please use -XX:HeapBaseMinAddress
#     to set the Java Heap base and to place the Java Heap above 4GB virtual address.
# This output file may be truncated or incomplete.
#
#  Out of Memory Error (os_linux.cpp:2757), pid=5642, tid=0x00007f5d94cfc700
#
# JRE version: OpenJDK Runtime Environment (8.0_222-b10) (build 1.8.0_222-8u222-b10-1ubuntu1~16.04.1-b10)
# Java VM: OpenJDK 64-Bit Server VM (25.222-b10 mixed mode linux-amd64 compressed oops)
# Failed to write core dump. Core dumps have been disabled. To enable core dumping, try "ulimit -c unlimited" before starting Java again
#

---------------  T H R E A D  ---------------

Current thread (0x00007f5da4078000):  VMThread [stack: 0x00007f5d94bfc000,0x00007f5d94cfd000] [id=5652]

Stack: [0x00007f5d94bfc000,0x00007f5d94cfd000],  sp=0x00007f5d94cfb4e0,  free space=1021k
Native frames: (J=compiled Java code, j=interpreted, Vv=VM code, C=native code)
V  [libjvm.so+0xa7787b]
V  [libjvm.so+0x4caa8c]
V  [libjvm.so+0x8c5da8]
V  [libjvm.so+0x8bd3ee]
V  [libjvm.so+0x93b476]
V  [libjvm.so+0x93c7a3]
V  [libjvm.so+0x938e84]
V  [libjvm.so+0x93911c]
V  [libjvm.so+0x8eaa73]
V  [libjvm.so+0xa79532]
V  [libjvm.so+0xa7e587]
V  [libjvm.so+0xa7bde7]
V  [libjvm.so+0xa7d0cf]
V  [libjvm.so+0xa7d5f2]
V  [libjvm.so+0x8c3102]

VM_Operation (0x00007f5d727979f0): ParallelGCFailedAllocation, mode: safepoint, requested by thread 0x00007f5da42a4000


---------------  P R O C E S S  ---------------

Java Threads: ( => current thread )
  0x00007f5d4401b000 JavaThread "TimerQueue" daemon [_thread_blocked, id=5670, stack(0x00007f5d72b9e000,0x00007f5d72c9f000)]
  0x00007f5d44042000 JavaThread "Image Fetcher 0" daemon [_thread_blocked, id=5669, stack(0x00007f5d72a9d000,0x00007f5d72b9e000)]
  0x00007f5da42b1000 JavaThread "Timer-0" daemon [_thread_blocked, id=5667, stack(0x00007f5d7259a000,0x00007f5d7269b000)]
  0x00007f5da42a4000 JavaThread "AWT-EventQueue-0" [_thread_blocked, id=5666, stack(0x00007f5d7269b000,0x00007f5d7279c000)]
  0x00007f5da42a2000 JavaThread "AWT-Shutdown" [_thread_blocked, id=5665, stack(0x00007f5d7279c000,0x00007f5d7289d000)]
  0x00007f5da4235800 JavaThread "AWT-XAWT" daemon [_thread_in_native, id=5662, stack(0x00007f5d72c9f000,0x00007f5d72da0000)]
  0x00007f5da4217800 JavaThread "Java2D Disposer" daemon [_thread_blocked, id=5661, stack(0x00007f5d731b0000,0x00007f5d732b1000)]
  0x00007f5da40c1000 JavaThread "Service Thread" daemon [_thread_blocked, id=5659, stack(0x00007f5d944f5000,0x00007f5d945f6000)]
  0x00007f5da40be000 JavaThread "C1 CompilerThread2" daemon [_thread_blocked, id=5658, stack(0x00007f5d945f6000,0x00007f5d946f7000)]
  0x00007f5da40bc000 JavaThread "C2 CompilerThread1" daemon [_thread_blocked, id=5657, stack(0x00007f5d946f7000,0x00007f5d947f8000)]
  0x00007f5da40b9000 JavaThread "C2 CompilerThread0" daemon [_thread_blocked, id=5656, stack(0x00007f5d947f8000,0x00007f5d948f9000)]
  0x00007f5da40b7800 JavaThread "Signal Dispatcher" daemon [_thread_blocked, id=5655, stack(0x00007f5d948f9000,0x00007f5d949fa000)]
  0x00007f5da4084800 JavaThread "Finalizer" daemon [_thread_blocked, id=5654, stack(0x00007f5d949fa000,0x00007f5d94afb000)]
  0x00007f5da4082000 JavaThread "Reference Handler" daemon [_thread_blocked, id=5653, stack(0x00007f5d94afb000,0x00007f5d94bfc000)]
  0x00007f5da400a800 JavaThread "main" [_thread_blocked, id=5647, stack(0x00007f5dadae6000,0x00007f5dadbe7000)]

Other Threads:
=>0x00007f5da4078000 VMThread [stack: 0x00007f5d94bfc000,0x00007f5d94cfd000] [id=5652]
  0x00007f5da40c3800 WatcherThread [stack: 0x00007f5d943f4000,0x00007f5d944f5000] [id=5660]

VM state:at safepoint (normal execution)

VM Mutex/Monitor currently owned by a thread:  ([mutex/lock_event])
[0x00007f5da4006fd0] Threads_lock - owner thread: 0x00007f5da4078000
[0x00007f5da40074d0] Heap_lock - owner thread: 0x00007f5da42a4000

heap address: 0x00000000b3200000, size: 1230 MB, Compressed Oops mode: 32-bit
Narrow klass base: 0x0000000000000000, Narrow klass shift: 3
Compressed class space size: 1073741824 Address: 0x0000000100000000

Heap:
 PSYoungGen      total 84992K, used 3060K [0x00000000e6600000, 0x00000000ebc00000, 0x0000000100000000)
  eden space 81920K, 0% used [0x00000000e6600000,0x00000000e6600000,0x00000000eb600000)
  from space 3072K, 99% used [0x00000000eb600000,0x00000000eb8fd0d0,0x00000000eb900000)
  to   space 3072K, 0% used [0x00000000eb900000,0x00000000eb900000,0x00000000ebc00000)
 ParOldGen       total 53248K, used 18133K [0x00000000b3200000, 0x00000000b6600000, 0x00000000e6600000)
  object space 53248K, 34% used [0x00000000b3200000,0x00000000b43b5460,0x00000000b6600000)
 Metaspace       used 13756K, capacity 13924K, committed 14208K, reserved 1062912K
  class space    used 1476K, capacity 1546K, committed 1664K, reserved 1048576K

Card table byte_map: [0x00007f5da9f25000,0x00007f5daa18d000] byte_map_base: 0x00007f5da998c000

Marking Bits: (ParMarkBitMap*) 0x00007f5dacdae540
 Begin Bits: [0x00007f5d8d990000, 0x00007f5d8ecc8000)
 End Bits:   [0x00007f5d8ecc8000, 0x00007f5d90000000)

Polling page: 0x00007f5dadc01000

CodeCache: size=245760Kb used=5306Kb max_used=5358Kb free=240453Kb
 bounds [0x00007f5d95000000, 0x00007f5d95550000, 0x00007f5da4000000]
 total_blobs=2085 nmethods=1520 adapters=479
 compilation: enabled

Compilation events (10 events):
Event: 11.393 Thread 0x00007f5da40be000 1518       3       sun.java2d.xr.GrowableEltArray::setCharCnt (14 bytes)
Event: 11.393 Thread 0x00007f5da40be000 nmethod 1518 0x00007f5d9550ce10 code [0x00007f5d9550cf80, 0x00007f5d9550d1d0]
Event: 11.408 Thread 0x00007f5da40bc000 1519       4       java.lang.Math::max (45 bytes)
Event: 11.408 Thread 0x00007f5da40bc000 nmethod 1519 0x00007f5d9550bd90 code [0x00007f5d9550bf00, 0x00007f5d9550c018]
Event: 11.422 Thread 0x00007f5da40be000 1520       3       sun.java2d.pipe.Region::getIntersection (21 bytes)
Event: 11.423 Thread 0x00007f5da40be000 nmethod 1520 0x00007f5d9550c610 code [0x00007f5d9550c7a0, 0x00007f5d9550cc68]
Event: 11.423 Thread 0x00007f5da40be000 1521       3       sun.java2d.pipe.Region::getIntersectionXYWH (18 bytes)
Event: 11.424 Thread 0x00007f5da40be000 nmethod 1521 0x00007f5d9550b710 code [0x00007f5d9550b8a0, 0x00007f5d9550bc68]
Event: 11.433 Thread 0x00007f5da40be000 1522       3       java.awt.Component::getGraphics (124 bytes)
Event: 11.434 Thread 0x00007f5da40be000 nmethod 1522 0x00007f5d9550a310 code [0x00007f5d9550a540, 0x00007f5d9550b3c8]

GC Heap History (9 events):
Event: 1.481 GC heap before
{Heap before GC invocations=1 (full 0):
 PSYoungGen      total 23552K, used 14162K [0x00000000e6600000, 0x00000000e8000000, 0x0000000100000000)
  eden space 20480K, 69% used [0x00000000e6600000,0x00000000e73d48e0,0x00000000e7a00000)
  from space 3072K, 0% used [0x00000000e7d00000,0x00000000e7d00000,0x00000000e8000000)
  to   space 3072K, 0% used [0x00000000e7a00000,0x00000000e7a00000,0x00000000e7d00000)
 ParOldGen       total 53248K, used 0K [0x00000000b3200000, 0x00000000b6600000, 0x00000000e6600000)
  object space 53248K, 0% used [0x00000000b3200000,0x00000000b3200000,0x00000000b6600000)
 Metaspace       used 8159K, capacity 8416K, committed 8448K, reserved 1056768K
  class space    used 904K, capacity 996K, committed 1024K, reserved 1048576K
Event: 1.511 GC heap after
Heap after GC invocations=1 (full 0):
 PSYoungGen      total 23552K, used 3041K [0x00000000e6600000, 0x00000000e9400000, 0x0000000100000000)
  eden space 20480K, 0% used [0x00000000e6600000,0x00000000e6600000,0x00000000e7a00000)
  from space 3072K, 99% used [0x00000000e7a00000,0x00000000e7cf8620,0x00000000e7d00000)
  to   space 3072K, 0% used [0x00000000e9100000,0x00000000e9100000,0x00000000e9400000)
 ParOldGen       total 53248K, used 8124K [0x00000000b3200000, 0x00000000b6600000, 0x00000000e6600000)
  object space 53248K, 15% used [0x00000000b3200000,0x00000000b39ef010,0x00000000b6600000)
 Metaspace       used 8159K, capacity 8416K, committed 8448K, reserved 1056768K
  class space    used 904K, capacity 996K, committed 1024K, reserved 1048576K
}
Event: 3.899 GC heap before
{Heap before GC invocations=2 (full 0):
 PSYoungGen      total 23552K, used 23521K [0x00000000e6600000, 0x00000000e9400000, 0x0000000100000000)
  eden space 20480K, 100% used [0x00000000e6600000,0x00000000e7a00000,0x00000000e7a00000)
  from space 3072K, 99% used [0x00000000e7a00000,0x00000000e7cf8620,0x00000000e7d00000)
  to   space 3072K, 0% used [0x00000000e9100000,0x00000000e9100000,0x00000000e9400000)
 ParOldGen       total 53248K, used 8124K [0x00000000b3200000, 0x00000000b6600000, 0x00000000e6600000)
  object space 53248K, 15% used [0x00000000b3200000,0x00000000b39ef010,0x00000000b6600000)
 Metaspace       used 12529K, capacity 12730K, committed 13056K, reserved 1060864K
  class space    used 1381K, capacity 1449K, committed 1536K, reserved 1048576K
Event: 3.923 GC heap after
Heap after GC invocations=2 (full 0):
 PSYoungGen      total 44032K, used 3055K [0x00000000e6600000, 0x00000000e9400000, 0x0000000100000000)
  eden space 40960K, 0% used [0x00000000e6600000,0x00000000e6600000,0x00000000e8e00000)
  from space 3072K, 99% used [0x00000000e9100000,0x00000000e93fbf90,0x00000000e9400000)
  to   space 3072K, 0% used [0x00000000e8e00000,0x00000000e8e00000,0x00000000e9100000)
 ParOldGen       total 53248K, used 17658K [0x00000000b3200000, 0x00000000b6600000, 0x00000000e6600000)
  object space 53248K, 33% used [0x00000000b3200000,0x00000000b433ebd0,0x00000000b6600000)
 Metaspace       used 12529K, capacity 12730K, committed 13056K, reserved 1060864K
  class space    used 1381K, capacity 1449K, committed 1536K, reserved 1048576K
}
Event: 11.016 GC heap before
{Heap before GC invocations=3 (full 0):
 PSYoungGen      total 44032K, used 44015K [0x00000000e6600000, 0x00000000e9400000, 0x0000000100000000)
  eden space 40960K, 100% used [0x00000000e6600000,0x00000000e8e00000,0x00000000e8e00000)
  from space 3072K, 99% used [0x00000000e9100000,0x00000000e93fbf90,0x00000000e9400000)
  to   space 3072K, 0% used [0x00000000e8e00000,0x00000000e8e00000,0x00000000e9100000)
 ParOldGen       total 53248K, used 17658K [0x00000000b3200000, 0x00000000b6600000, 0x00000000e6600000)
  object space 53248K, 33% used [0x00000000b3200000,0x00000000b433ebd0,0x00000000b6600000)
 Metaspace       used 13743K, capacity 13924K, committed 14208K, reserved 1062912K
  class space    used 1476K, capacity 1546K, committed 1664K, reserved 1048576K
Event: 11.024 GC heap after
Heap after GC invocations=3 (full 0):
 PSYoungGen      total 44032K, used 3060K [0x00000000e6600000, 0x00000000ebc00000, 0x0000000100000000)
  eden space 40960K, 0% used [0x00000000e6600000,0x00000000e6600000,0x00000000e8e00000)
  from space 3072K, 99% used [0x00000000e8e00000,0x00000000e90fd0b0,0x00000000e9100000)
  to   space 3072K, 0% used [0x00000000eb900000,0x00000000eb900000,0x00000000ebc00000)
 ParOldGen       total 53248K, used 18085K [0x00000000b3200000, 0x00000000b6600000, 0x00000000e6600000)
  object space 53248K, 33% used [0x00000000b3200000,0x00000000b43a9460,0x00000000b6600000)
 Metaspace       used 13743K, capacity 13924K, committed 14208K, reserved 1062912K
  class space    used 1476K, capacity 1546K, committed 1664K, reserved 1048576K
}
Event: 11.190 GC heap before
{Heap before GC invocations=4 (full 0):
 PSYoungGen      total 44032K, used 44019K [0x00000000e6600000, 0x00000000ebc00000, 0x0000000100000000)
  eden space 40960K, 99% used [0x00000000e6600000,0x00000000e8dffbe0,0x00000000e8e00000)
  from space 3072K, 99% used [0x00000000e8e00000,0x00000000e90fd0b0,0x00000000e9100000)
  to   space 3072K, 0% used [0x00000000eb900000,0x00000000eb900000,0x00000000ebc00000)
 ParOldGen       total 53248K, used 18085K [0x00000000b3200000, 0x00000000b6600000, 0x00000000e6600000)
  object space 53248K, 33% used [0x00000000b3200000,0x00000000b43a9460,0x00000000b6600000)
 Metaspace       used 13749K, capacity 13924K, committed 14208K, reserved 1062912K
  class space    used 1476K, capacity 1546K, committed 1664K, reserved 1048576K
Event: 11.195 GC heap after
Heap after GC invocations=4 (full 0):
 PSYoungGen      total 84992K, used 3060K [0x00000000e6600000, 0x00000000ebc00000, 0x0000000100000000)
  eden space 81920K, 0% used [0x00000000e6600000,0x00000000e6600000,0x00000000eb600000)
  from space 3072K, 99% used [0x00000000eb900000,0x00000000ebbfd0b0,0x00000000ebc00000)
  to   space 3072K, 0% used [0x00000000eb600000,0x00000000eb600000,0x00000000eb900000)
 ParOldGen       total 53248K, used 18109K [0x00000000b3200000, 0x00000000b6600000, 0x00000000e6600000)
  object space 53248K, 34% used [0x00000000b3200000,0x00000000b43af460,0x00000000b6600000)
 Metaspace       used 13749K, capacity 13924K, committed 14208K, reserved 1062912K
  class space    used 1476K, capacity 1546K, committed 1664K, reserved 1048576K
}
Event: 11.449 GC heap before
{Heap before GC invocations=5 (full 0):
 PSYoungGen      total 84992K, used 84980K [0x00000000e6600000, 0x00000000ebc00000, 0x0000000100000000)
  eden space 81920K, 100% used [0x00000000e6600000,0x00000000eb600000,0x00000000eb600000)
  from space 3072K, 99% used [0x00000000eb900000,0x00000000ebbfd0b0,0x00000000ebc00000)
  to   space 3072K, 0% used [0x00000000eb600000,0x00000000eb600000,0x00000000eb900000)
 ParOldGen       total 53248K, used 18109K [0x00000000b3200000, 0x00000000b6600000, 0x00000000e6600000)
  object space 53248K, 34% used [0x00000000b3200000,0x00000000b43af460,0x00000000b6600000)
 Metaspace       used 13756K, capacity 13924K, committed 14208K, reserved 1062912K
  class space    used 1476K, capacity 1546K, committed 1664K, reserved 1048576K

Deoptimization events (10 events):
Event: 10.430 Thread 0x00007f5da42a4000 Uncommon trap: reason=unstable_if action=reinterpret pc=0x00007f5d953d81ac method=java.awt.Component.getForeground()Ljava/awt/Color; @ 17
Event: 10.430 Thread 0x00007f5da42a4000 Uncommon trap: reason=unstable_if action=reinterpret pc=0x00007f5d953d5d74 method=java.awt.Component.isShowing()Z @ 11
Event: 10.650 Thread 0x00007f5da42a4000 Uncommon trap: reason=unstable_if action=reinterpret pc=0x00007f5d953d9520 method=sun.java2d.SunGraphics2D.setColor(Ljava/awt/Color;)V @ 35
Event: 10.848 Thread 0x00007f5da42a4000 Uncommon trap: reason=speculate_class_check action=maybe_recompile pc=0x00007f5d9547161c method=sun.java2d.pipe.DrawImage.blitSurfaceData(Lsun/java2d/SunGraphics2D;Lsun/java2d/pipe/Region;Lsun/java2d/SurfaceData;Lsun/java2d/SurfaceData;Lsun/java2d/loops/S
Event: 10.868 Thread 0x00007f5da42a4000 Uncommon trap: reason=unstable_if action=reinterpret pc=0x00007f5d95427038 method=sun.java2d.pipe.Region.isInsideXYXY(IIII)Z @ 13
Event: 10.868 Thread 0x00007f5da42a4000 Uncommon trap: reason=speculate_class_check action=maybe_recompile pc=0x00007f5d9547161c method=sun.java2d.pipe.DrawImage.blitSurfaceData(Lsun/java2d/SunGraphics2D;Lsun/java2d/pipe/Region;Lsun/java2d/SurfaceData;Lsun/java2d/SurfaceData;Lsun/java2d/loops/S
Event: 10.931 Thread 0x00007f5da42a4000 Uncommon trap: reason=unstable_if action=reinterpret pc=0x00007f5d9543d1d0 method=java.awt.font.FontRenderContext.equals(Ljava/awt/font/FontRenderContext;)Z @ 35
Event: 10.970 Thread 0x00007f5da42a4000 Uncommon trap: reason=unstable_if action=reinterpret pc=0x00007f5d953d6948 method=sun.java2d.pipe.Region.isInsideXYXY(IIII)Z @ 13
Event: 11.103 Thread 0x00007f5da42a4000 Uncommon trap: reason=unstable_if action=reinterpret pc=0x00007f5d953cd66c method=sun.java2d.pipe.Region.isInsideXYXY(IIII)Z @ 13
Event: 11.128 Thread 0x00007f5da42a4000 Uncommon trap: reason=unstable_if action=reinterpret pc=0x00007f5d953cb920 method=sun.java2d.pipe.Region.isInsideXYXY(IIII)Z @ 13

Classes redefined (0 events):
No events

Internal exceptions (10 events):
Event: 0.669 Thread 0x00007f5da400a800 Exception <a 'java/lang/NoSuchFieldError': method resolution failed> (0x00000000e67b9980) thrown at [/build/openjdk-8-g3XteX/openjdk-8-8u222-b10/src/hotspot/src/share/vm/prims/methodHandles.cpp, line 1167]
Event: 0.773 Thread 0x00007f5da400a800 Exception <a 'java/io/FileNotFoundException'> (0x00000000e68392a8) thrown at [/build/openjdk-8-g3XteX/openjdk-8-8u222-b10/src/hotspot/src/share/vm/prims/jni.cpp, line 710]
Event: 0.774 Thread 0x00007f5da400a800 Exception <a 'java/io/FileNotFoundException'> (0x00000000e6839d20) thrown at [/build/openjdk-8-g3XteX/openjdk-8-8u222-b10/src/hotspot/src/share/vm/prims/jni.cpp, line 710]
Event: 0.836 Thread 0x00007f5da400a800 Exception <a 'java/lang/ClassNotFoundException': sun/dc/DuctusRenderingEngine> (0x00000000e68456e8) thrown at [/build/openjdk-8-g3XteX/openjdk-8-8u222-b10/src/hotspot/src/share/vm/classfile/systemDictionary.cpp, line 210]
Event: 2.710 Thread 0x00007f5da400a800 Exception <a 'java/io/FileNotFoundException'> (0x00000000e7444198) thrown at [/build/openjdk-8-g3XteX/openjdk-8-8u222-b10/src/hotspot/src/share/vm/prims/jni.cpp, line 710]
Event: 10.430 Thread 0x00007f5da42a4000 Implicit null exception at 0x00007f5d95403218 to 0x00007f5d95403262
Event: 10.430 Thread 0x00007f5da42a4000 Implicit null exception at 0x00007f5d953b5758 to 0x00007f5d953b57a2
Event: 10.430 Thread 0x00007f5da42a4000 Implicit null exception at 0x00007f5d95402c47 to 0x00007f5d95402d11
Event: 10.430 Thread 0x00007f5da42a4000 Implicit null exception at 0x00007f5d953d8158 to 0x00007f5d953d81a2
Event: 10.567 Thread 0x00007f5d44042000 Exception <a 'java/io/FileNotFoundException'> (0x00000000e72f3c40) thrown at [/build/openjdk-8-g3XteX/openjdk-8-8u222-b10/src/hotspot/src/share/vm/prims/jni.cpp, line 710]

Events (10 events):
Event: 11.101 Thread 0x00007f5da42a4000 DEOPT UNPACKING pc=0x00007f5d950474c4 sp=0x00007f5d72797308 mode 0
Event: 11.103 Thread 0x00007f5da42a4000 Uncommon trap: trap_request=0xffffff65 fr.pc=0x00007f5d953cd66c
Event: 11.103 Thread 0x00007f5da42a4000 DEOPT PACKING pc=0x00007f5d953cd66c sp=0x00007f5d72797e00
Event: 11.103 Thread 0x00007f5da42a4000 DEOPT UNPACKING pc=0x00007f5d9504547a sp=0x00007f5d72797d60 mode 2
Event: 11.128 Thread 0x00007f5da42a4000 Uncommon trap: trap_request=0xffffff65 fr.pc=0x00007f5d953cb920
Event: 11.128 Thread 0x00007f5da42a4000 DEOPT PACKING pc=0x00007f5d953cb920 sp=0x00007f5d72798360
Event: 11.128 Thread 0x00007f5da42a4000 DEOPT UNPACKING pc=0x00007f5d9504547a sp=0x00007f5d72798330 mode 2
Event: 11.190 Executing VM operation: ParallelGCFailedAllocation
Event: 11.195 Executing VM operation: ParallelGCFailedAllocation done
Event: 11.449 Executing VM operation: ParallelGCFailedAllocation


Dynamic libraries:
00400000-00401000 r-xp 00000000 08:01 796424                             /usr/lib/jvm/java-8-openjdk-amd64/jre/bin/java
00600000-00601000 r--p 00000000 08:01 796424                             /usr/lib/jvm/java-8-openjdk-amd64/jre/bin/java
00601000-00602000 rw-p 00001000 08:01 796424                             /usr/lib/jvm/java-8-openjdk-amd64/jre/bin/java
007a1000-007c2000 rw-p 00000000 00:00 0                                  [heap]
b3200000-b6600000 rw-p 00000000 00:00 0 
b6600000-e6600000 ---p 00000000 00:00 0 
e6600000-ebc00000 rw-p 00000000 00:00 0 
f2400000-100000000 ---p 00000000 00:00 0 
100000000-1001a0000 rw-p 00000000 00:00 0 
1001a0000-140000000 ---p 00000000 00:00 0 
7f5d34000000-7f5d3402a000 rw-p 00000000 00:00 0 
7f5d3402a000-7f5d38000000 ---p 00000000 00:00 0 
7f5d38000000-7f5d38021000 rw-p 00000000 00:00 0 
7f5d38021000-7f5d3c000000 ---p 00000000 00:00 0 
7f5d3cfff000-7f5d40000000 rw-p 00000000 00:00 0 
7f5d40000000-7f5d40021000 rw-p 00000000 00:00 0 
7f5d40021000-7f5d44000000 ---p 00000000 00:00 0 
7f5d44000000-7f5d4410c000 rw-p 00000000 00:00 0 
7f5d4410c000-7f5d48000000 ---p 00000000 00:00 0 
7f5d48000000-7f5d480a7000 rw-p 00000000 00:00 0 
7f5d480a7000-7f5d4c000000 ---p 00000000 00:00 0 
7f5d4c000000-7f5d4c064000 rw-p 00000000 00:00 0 
7f5d4c064000-7f5d50000000 ---p 00000000 00:00 0 
7f5d50000000-7f5d50021000 rw-p 00000000 00:00 0 
7f5d50021000-7f5d54000000 ---p 00000000 00:00 0 
7f5d54000000-7f5d54021000 rw-p 00000000 00:00 0 
7f5d54021000-7f5d58000000 ---p 00000000 00:00 0 
7f5d58000000-7f5d58021000 rw-p 00000000 00:00 0 
7f5d58021000-7f5d5c000000 ---p 00000000 00:00 0 
7f5d5c000000-7f5d5c021000 rw-p 00000000 00:00 0 
7f5d5c021000-7f5d60000000 ---p 00000000 00:00 0 
7f5d60000000-7f5d61ec2000 rw-p 00000000 00:00 0 
7f5d61ec2000-7f5d64000000 ---p 00000000 00:00 0 
7f5d64000000-7f5d645e6000 rw-p 00000000 00:00 0 
7f5d645e6000-7f5d68000000 ---p 00000000 00:00 0 
7f5d68000000-7f5d68021000 rw-p 00000000 00:00 0 
7f5d68021000-7f5d6c000000 ---p 00000000 00:00 0 
7f5d6c000000-7f5d6dc11000 rw-p 00000000 00:00 0 
7f5d6dc11000-7f5d70000000 ---p 00000000 00:00 0 
7f5d71720000-7f5d71760000 rw-p 00000000 00:00 0 
7f5d71760000-7f5d71920000 ---p 00000000 00:00 0 
7f5d71cc4000-7f5d71cd5000 r-xp 00000000 08:01 796527                     /usr/lib/jvm/java-8-openjdk-amd64/jre/lib/amd64/libnio.so
7f5d71cd5000-7f5d71ed4000 ---p 00011000 08:01 796527                     /usr/lib/jvm/java-8-openjdk-amd64/jre/lib/amd64/libnio.so
7f5d71ed4000-7f5d71ed5000 r--p 00010000 08:01 796527                     /usr/lib/jvm/java-8-openjdk-amd64/jre/lib/amd64/libnio.so
7f5d71ed5000-7f5d71ed6000 rw-p 00011000 08:01 796527                     /usr/lib/jvm/java-8-openjdk-amd64/jre/lib/amd64/libnio.so
7f5d72081000-7f5d72084000 ---p 00000000 00:00 0 
7f5d72084000-7f5d72382000 rw-p 00000000 00:00 0 
7f5d72382000-7f5d72398000 r-xp 00000000 08:01 796509                     /usr/lib/jvm/java-8-openjdk-amd64/jre/lib/amd64/libnet.so
7f5d72398000-7f5d72598000 ---p 00016000 08:01 796509                     /usr/lib/jvm/java-8-openjdk-amd64/jre/lib/amd64/libnet.so
7f5d72598000-7f5d72599000 r--p 00016000 08:01 796509                     /usr/lib/jvm/java-8-openjdk-amd64/jre/lib/amd64/libnet.so
7f5d72599000-7f5d7259a000 rw-p 00017000 08:01 796509                     /usr/lib/jvm/java-8-openjdk-amd64/jre/lib/amd64/libnet.so
7f5d7259a000-7f5d7259d000 ---p 00000000 00:00 0 
7f5d7259d000-7f5d7269b000 rw-p 00000000 00:00 0 
7f5d7269b000-7f5d7269e000 ---p 00000000 00:00 0 
7f5d7269e000-7f5d7279c000 rw-p 00000000 00:00 0 
7f5d7279c000-7f5d7279f000 ---p 00000000 00:00 0 
7f5d7279f000-7f5d72a9d000 rw-p 00000000 00:00 0 
7f5d72a9d000-7f5d72aa0000 ---p 00000000 00:00 0 
7f5d72aa0000-7f5d72b9e000 rw-p 00000000 00:00 0 
7f5d72b9e000-7f5d72ba1000 ---p 00000000 00:00 0 
7f5d72ba1000-7f5d72c9f000 rw-p 00000000 00:00 0 
7f5d72c9f000-7f5d72ca2000 ---p 00000000 00:00 0 
7f5d72ca2000-7f5d72da0000 rw-p 00000000 00:00 0 
7f5d72da0000-7f5d72da5000 r-xp 00000000 08:01 403189                     /usr/lib/x86_64-linux-gnu/libXfixes.so.3.1.0
7f5d72da5000-7f5d72fa4000 ---p 00005000 08:01 403189                     /usr/lib/x86_64-linux-gnu/libXfixes.so.3.1.0
7f5d72fa4000-7f5d72fa5000 r--p 00004000 08:01 403189                     /usr/lib/x86_64-linux-gnu/libXfixes.so.3.1.0
7f5d72fa5000-7f5d72fa6000 rw-p 00005000 08:01 403189                     /usr/lib/x86_64-linux-gnu/libXfixes.so.3.1.0
7f5d72fa6000-7f5d72faf000 r-xp 00000000 08:01 403181                     /usr/lib/x86_64-linux-gnu/libXcursor.so.1.0.2
7f5d72faf000-7f5d731ae000 ---p 00009000 08:01 403181                     /usr/lib/x86_64-linux-gnu/libXcursor.so.1.0.2
7f5d731ae000-7f5d731af000 r--p 00008000 08:01 403181                     /usr/lib/x86_64-linux-gnu/libXcursor.so.1.0.2
7f5d731af000-7f5d731b0000 rw-p 00009000 08:01 403181                     /usr/lib/x86_64-linux-gnu/libXcursor.so.1.0.2
7f5d731b0000-7f5d731b3000 ---p 00000000 00:00 0 
7f5d731b3000-7f5d732b1000 rw-p 00000000 00:00 0 
7f5d732b1000-7f5d732d5000 r-xp 00000000 08:01 529103                     /lib/x86_64-linux-gnu/libpng12.so.0.54.0
7f5d732d5000-7f5d734d4000 ---p 00024000 08:01 529103                     /lib/x86_64-linux-gnu/libpng12.so.0.54.0
7f5d734d4000-7f5d734d5000 r--p 00023000 08:01 529103                     /lib/x86_64-linux-gnu/libpng12.so.0.54.0
7f5d734d5000-7f5d734d6000 rw-p 00024000 08:01 529103                     /lib/x86_64-linux-gnu/libpng12.so.0.54.0
7f5d734d6000-7f5d7357a000 r-xp 00000000 08:01 403612                     /usr/lib/x86_64-linux-gnu/libfreetype.so.6.12.1
7f5d7357a000-7f5d73779000 ---p 000a4000 08:01 403612                     /usr/lib/x86_64-linux-gnu/libfreetype.so.6.12.1
7f5d73779000-7f5d7377f000 r--p 000a3000 08:01 403612                     /usr/lib/x86_64-linux-gnu/libfreetype.so.6.12.1
7f5d7377f000-7f5d73780000 rw-p 000a9000 08:01 403612                     /usr/lib/x86_64-linux-gnu/libfreetype.so.6.12.1
7f5d73780000-7f5d737d1000 r-xp 00000000 08:01 796505                     /usr/lib/jvm/java-8-openjdk-amd64/jre/lib/amd64/libfontmanager.so
7f5d737d1000-7f5d739d1000 ---p 00051000 08:01 796505                     /usr/lib/jvm/java-8-openjdk-amd64/jre/lib/amd64/libfontmanager.so
7f5d739d1000-7f5d739d3000 r--p 00051000 08:01 796505                     /usr/lib/jvm/java-8-openjdk-amd64/jre/lib/amd64/libfontmanager.so
7f5d739d3000-7f5d739d4000 rw-p 00053000 08:01 796505                     /usr/lib/jvm/java-8-openjdk-amd64/jre/lib/amd64/libfontmanager.so
7f5d739d4000-7f5d739d9000 r-xp 00000000 08:01 403185                     /usr/lib/x86_64-linux-gnu/libXdmcp.so.6.0.0
7f5d739d9000-7f5d73bd8000 ---p 00005000 08:01 403185                     /usr/lib/x86_64-linux-gnu/libXdmcp.so.6.0.0
7f5d73bd8000-7f5d73bd9000 r--p 00004000 08:01 403185                     /usr/lib/x86_64-linux-gnu/libXdmcp.so.6.0.0
7f5d73bd9000-7f5d73bda000 rw-p 00005000 08:01 403185                     /usr/lib/x86_64-linux-gnu/libXdmcp.so.6.0.0
7f5d73bda000-7f5d73bdc000 r-xp 00000000 08:01 403174                     /usr/lib/x86_64-linux-gnu/libXau.so.6.0.0
7f5d73bdc000-7f5d73ddc000 ---p 00002000 08:01 403174                     /usr/lib/x86_64-linux-gnu/libXau.so.6.0.0
7f5d73ddc000-7f5d73ddd000 r--p 00002000 08:01 403174                     /usr/lib/x86_64-linux-gnu/libXau.so.6.0.0
7f5d73ddd000-7f5d73dde000 rw-p 00003000 08:01 403174                     /usr/lib/x86_64-linux-gnu/libXau.so.6.0.0
7f5d73dde000-7f5d73dff000 r-xp 00000000 08:01 404598                     /usr/lib/x86_64-linux-gnu/libxcb.so.1.1.0
7f5d73dff000-7f5d73ffe000 ---p 00021000 08:01 404598                     /usr/lib/x86_64-linux-gnu/libxcb.so.1.1.0
7f5d73ffe000-7f5d73fff000 r--p 00020000 08:01 404598                     /usr/lib/x86_64-linux-gnu/libxcb.so.1.1.0
7f5d73fff000-7f5d74000000 rw-p 00021000 08:01 404598                     /usr/lib/x86_64-linux-gnu/libxcb.so.1.1.0
7f5d74000000-7f5d74021000 rw-p 00000000 00:00 0 
7f5d74021000-7f5d78000000 ---p 00000000 00:00 0 
7f5d78000000-7f5d78021000 rw-p 00000000 00:00 0 
7f5d78021000-7f5d7c000000 ---p 00000000 00:00 0 
7f5d7c000000-7f5d7c021000 rw-p 00000000 00:00 0 
7f5d7c021000-7f5d80000000 ---p 00000000 00:00 0 
7f5d80000000-7f5d80021000 rw-p 00000000 00:00 0 
7f5d80021000-7f5d84000000 ---p 00000000 00:00 0 
7f5d84000000-7f5d84021000 rw-p 00000000 00:00 0 
7f5d84021000-7f5d88000000 ---p 00000000 00:00 0 
7f5d88000000-7f5d88021000 rw-p 00000000 00:00 0 
7f5d88021000-7f5d8c000000 ---p 00000000 00:00 0 
7f5d8c09e000-7f5d8c0c4000 rw-s 00000000 00:05 11730966                   /SYSV00000000 (deleted)
7f5d8c0c4000-7f5d8c0d3000 r-xp 00000000 08:01 403197                     /usr/lib/x86_64-linux-gnu/libXi.so.6.1.0
7f5d8c0d3000-7f5d8c2d2000 ---p 0000f000 08:01 403197                     /usr/lib/x86_64-linux-gnu/libXi.so.6.1.0
7f5d8c2d2000-7f5d8c2d3000 r--p 0000e000 08:01 403197                     /usr/lib/x86_64-linux-gnu/libXi.so.6.1.0
7f5d8c2d3000-7f5d8c2d4000 rw-p 0000f000 08:01 403197                     /usr/lib/x86_64-linux-gnu/libXi.so.6.1.0
7f5d8c2d4000-7f5d8c2d9000 r-xp 00000000 08:01 403215                     /usr/lib/x86_64-linux-gnu/libXtst.so.6.1.0
7f5d8c2d9000-7f5d8c4d8000 ---p 00005000 08:01 403215                     /usr/lib/x86_64-linux-gnu/libXtst.so.6.1.0
7f5d8c4d8000-7f5d8c4d9000 r--p 00004000 08:01 403215                     /usr/lib/x86_64-linux-gnu/libXtst.so.6.1.0
7f5d8c4d9000-7f5d8c4da000 rw-p 00005000 08:01 403215                     /usr/lib/x86_64-linux-gnu/libXtst.so.6.1.0
7f5d8c4da000-7f5d8c4e3000 r-xp 00000000 08:01 403209                     /usr/lib/x86_64-linux-gnu/libXrender.so.1.3.0
7f5d8c4e3000-7f5d8c6e2000 ---p 00009000 08:01 403209                     /usr/lib/x86_64-linux-gnu/libXrender.so.1.3.0
7f5d8c6e2000-7f5d8c6e3000 r--p 00008000 08:01 403209                     /usr/lib/x86_64-linux-gnu/libXrender.so.1.3.0
7f5d8c6e3000-7f5d8c6e4000 rw-p 00009000 08:01 403209                     /usr/lib/x86_64-linux-gnu/libXrender.so.1.3.0
7f5d8c6e4000-7f5d8c819000 r-xp 00000000 08:01 412884                     /usr/lib/x86_64-linux-gnu/libX11.so.6.3.0
7f5d8c819000-7f5d8ca19000 ---p 00135000 08:01 412884                     /usr/lib/x86_64-linux-gnu/libX11.so.6.3.0
7f5d8ca19000-7f5d8ca1a000 r--p 00135000 08:01 412884                     /usr/lib/x86_64-linux-gnu/libX11.so.6.3.0
7f5d8ca1a000-7f5d8ca1e000 rw-p 00136000 08:01 412884                     /usr/lib/x86_64-linux-gnu/libX11.so.6.3.0
7f5d8ca1e000-7f5d8ca2f000 r-xp 00000000 08:01 403187                     /usr/lib/x86_64-linux-gnu/libXext.so.6.4.0
7f5d8ca2f000-7f5d8cc2e000 ---p 00011000 08:01 403187                     /usr/lib/x86_64-linux-gnu/libXext.so.6.4.0
7f5d8cc2e000-7f5d8cc2f000 r--p 00010000 08:01 403187                     /usr/lib/x86_64-linux-gnu/libXext.so.6.4.0
7f5d8cc2f000-7f5d8cc30000 rw-p 00011000 08:01 403187                     /usr/lib/x86_64-linux-gnu/libXext.so.6.4.0
7f5d8cc30000-7f5d8cc8c000 r-xp 00000000 08:01 796520                     /usr/lib/jvm/java-8-openjdk-amd64/jre/lib/amd64/libawt_xawt.so
7f5d8cc8c000-7f5d8ce8b000 ---p 0005c000 08:01 796520                     /usr/lib/jvm/java-8-openjdk-amd64/jre/lib/amd64/libawt_xawt.so
7f5d8ce8b000-7f5d8ce8c000 r--p 0005b000 08:01 796520                     /usr/lib/jvm/java-8-openjdk-amd64/jre/lib/amd64/libawt_xawt.so
7f5d8ce8c000-7f5d8ce8f000 rw-p 0005c000 08:01 796520                     /usr/lib/jvm/java-8-openjdk-amd64/jre/lib/amd64/libawt_xawt.so
7f5d8ce8f000-7f5d8ce91000 rw-p 00000000 00:00 0 
7f5d8ce91000-7f5d8d990000 r--p 00000000 08:01 401589                     /usr/lib/locale/locale-archive
7f5d8d990000-7f5d90000000 rw-p 00000000 00:00 0 
7f5d90000000-7f5d90021000 rw-p 00000000 00:00 0 
7f5d90021000-7f5d94000000 ---p 00000000 00:00 0 
7f5d94011000-7f5d9401c000 r--s 00000000 08:01 1582834                    /var/cache/fontconfig/945677eb7aeaf62f1d50efc3fb3ec7d8-le64.cache-6
7f5d9401c000-7f5d94025000 r--s 00000000 08:01 1582833                    /var/cache/fontconfig/a6d8cf8e4ec09cdbc8633c31745a07dd-le64.cache-6
7f5d94025000-7f5d9402b000 r--s 00000000 08:01 1582816                    /var/cache/fontconfig/2cd17615ca594fa2959ae173292e504c-le64.cache-6
7f5d9402b000-7f5d9402c000 r--s 00000000 08:01 1582813                    /var/cache/fontconfig/0d8c3b2ac0904cb8a57a757ad11a4a08-le64.cache-6
7f5d9402c000-7f5d94041000 r--s 00000000 08:01 1582810                    /var/cache/fontconfig/04aabc0a78ac019cf9454389977116d2-le64.cache-6
7f5d94041000-7f5d94042000 r--s 00000000 08:01 1582815                    /var/cache/fontconfig/1ac9eb803944fde146138c791f5cc56a-le64.cache-6
7f5d94042000-7f5d94046000 r--s 00000000 08:01 1582820                    /var/cache/fontconfig/385c0604a188198f04d133e54aba7fe7-le64.cache-6
7f5d94046000-7f5d94047000 r--s 00000000 08:01 1582847                    /var/cache/fontconfig/dc05db6664285cc2f12bf69c139ae4c3-le64.cache-6
7f5d94047000-7f5d9404a000 r--s 00000000 08:01 1582830                    /var/cache/fontconfig/767a8244fc0220cfb567a839d0392e0b-le64.cache-6
7f5d9404a000-7f5d9404b000 r--s 00000000 08:01 1582821                    /var/cache/fontconfig/4794a0821666d79190d59a36cb4f44b5-le64.cache-6
7f5d9404b000-7f5d94051000 r--s 00000000 08:01 1585052                    /var/cache/fontconfig/8801497958630a81b71ace7c5f9b32a8-le64.cache-6
7f5d94051000-7f5d94052000 r--s 00000000 08:01 1582840                    /var/cache/fontconfig/bab58bb527bb656aaa9f116d68a48d89-le64.cache-6
7f5d94052000-7f5d94059000 r--s 00000000 08:01 1582817                    /var/cache/fontconfig/3047814df9a2f067bd2d96a2b9c36e5a-le64.cache-6
7f5d94059000-7f5d9405a000 r--s 00000000 08:01 1582824                    /var/cache/fontconfig/56cf4f4769d0f4abc89a4895d7bd3ae1-le64.cache-6
7f5d9405a000-7f5d9405b000 r--s 00000000 08:01 1582839                    /var/cache/fontconfig/b9d506c9ac06c20b433354fa67a72993-le64.cache-6
7f5d9405b000-7f5d94061000 r--s 00000000 08:01 1582838                    /var/cache/fontconfig/b47c4e1ecd0709278f4910c18777a504-le64.cache-6
7f5d94061000-7f5d94074000 r--s 00000000 08:01 1582844                    /var/cache/fontconfig/d52a8644073d54c13679302ca1180695-le64.cache-6
7f5d94074000-7f5d9407f000 r--s 00000000 08:01 1585189                    /var/cache/fontconfig/d589a48862398ed80a3d6066f4f56f4c-le64.cache-6
7f5d9407f000-7f5d9408a000 r--s 00000000 08:01 1582832                    /var/cache/fontconfig/83bf95040141907cd45bb53cf7c1c148-le64.cache-6
7f5d9408a000-7f5d9409c000 r--s 00000000 08:01 1582836                    /var/cache/fontconfig/9b89f8e3dae116d678bbf48e5f21f69b-le64.cache-6
7f5d940b4000-7f5d940c7000 r--s 00346000 08:01 796545                     /usr/lib/jvm/java-8-openjdk-amd64/jre/lib/resources.jar
7f5d940c7000-7f5d940ee000 r--p 00000000 08:01 1056088                    /usr/share/locale-langpack/ko/LC_MESSAGES/libc.mo
7f5d940ee000-7f5d9418d000 r-xp 00000000 08:01 796521                     /usr/lib/jvm/java-8-openjdk-amd64/jre/lib/amd64/libawt.so
7f5d9418d000-7f5d9438d000 ---p 0009f000 08:01 796521                     /usr/lib/jvm/java-8-openjdk-amd64/jre/lib/amd64/libawt.so
7f5d9438d000-7f5d9438e000 r--p 0009f000 08:01 796521                     /usr/lib/jvm/java-8-openjdk-amd64/jre/lib/amd64/libawt.so
7f5d9438e000-7f5d94399000 rw-p 000a0000 08:01 796521                     /usr/lib/jvm/java-8-openjdk-amd64/jre/lib/amd64/libawt.so
7f5d94399000-7f5d943be000 rw-p 00000000 00:00 0 
7f5d943be000-7f5d943d9000 r--s 001d6000 08:01 796483                     /usr/lib/jvm/java-8-openjdk-amd64/jre/lib/ext/nashorn.jar
7f5d943d9000-7f5d943f4000 r--s 00394000 08:01 796486                     /usr/lib/jvm/java-8-openjdk-amd64/jre/lib/ext/cldrdata.jar
7f5d943f4000-7f5d943f5000 ---p 00000000 00:00 0 
7f5d943f5000-7f5d944f5000 rw-p 00000000 00:00 0 
7f5d944f5000-7f5d944f8000 ---p 00000000 00:00 0 
7f5d944f8000-7f5d945f6000 rw-p 00000000 00:00 0 
7f5d945f6000-7f5d945f9000 ---p 00000000 00:00 0 
7f5d945f9000-7f5d946f7000 rw-p 00000000 00:00 0 
7f5d946f7000-7f5d946fa000 ---p 00000000 00:00 0 
7f5d946fa000-7f5d947f8000 rw-p 00000000 00:00 0 
7f5d947f8000-7f5d947fb000 ---p 00000000 00:00 0 
7f5d947fb000-7f5d948f9000 rw-p 00000000 00:00 0 
7f5d948f9000-7f5d948fc000 ---p 00000000 00:00 0 
7f5d948fc000-7f5d949fa000 rw-p 00000000 00:00 0 
7f5d949fa000-7f5d949fd000 ---p 00000000 00:00 0 
7f5d949fd000-7f5d94afb000 rw-p 00000000 00:00 0 
7f5d94afb000-7f5d94afe000 ---p 00000000 00:00 0 
7f5d94afe000-7f5d94bfc000 rw-p 00000000 00:00 0 
7f5d94bfc000-7f5d94bfd000 ---p 00000000 00:00 0 
7f5d94bfd000-7f5d95000000 rw-p 00000000 00:00 0 
7f5d95000000-7f5d95550000 rwxp 00000000 00:00 0 
7f5d95550000-7f5da4000000 ---p 00000000 00:00 0 
7f5da4000000-7f5da434e000 rw-p 00000000 00:00 0 
7f5da434e000-7f5da8000000 ---p 00000000 00:00 0 
7f5da8000000-7f5da8001000 r--s 00000000 08:01 1582823                    /var/cache/fontconfig/551ecf3b0e8b0bca0f25c0944f561853-le64.cache-6
7f5da8001000-7f5da8004000 r--s 00000000 08:01 1582829                    /var/cache/fontconfig/75114ca45c98e8a441da0ff356701271-le64.cache-6
7f5da8004000-7f5da8007000 r--s 00000000 08:01 1582848                    /var/cache/fontconfig/e13b20fdb08344e0e664864cc2ede53d-le64.cache-6
7f5da8007000-7f5da800b000 r--s 00000000 08:01 1569904                    /var/cache/fontconfig/7ef2298fde41cc6eeb7af42e48b7d293-le64.cache-6
7f5da800b000-7f5da8012000 r--s 00000000 08:01 788975                     /usr/lib/x86_64-linux-gnu/gconv/gconv-modules.cache
7f5da8012000-7f5da8015000 r--s 00039000 08:01 796485                     /usr/lib/jvm/java-8-openjdk-amd64/jre/lib/ext/sunpkcs11.jar
7f5da8015000-7f5da8018000 r--s 0000f000 08:01 796482                     /usr/lib/jvm/java-8-openjdk-amd64/jre/lib/ext/icedtea-sound.jar
7f5da8018000-7f5da801d000 r--s 0003c000 08:01 796488                     /usr/lib/jvm/java-8-openjdk-amd64/jre/lib/ext/sunjce_provider.jar
7f5da801d000-7f5da8cda000 rw-p 00000000 00:00 0 
7f5da8cda000-7f5da8eaa000 r--s 03c5c000 08:01 796460                     /usr/lib/jvm/java-8-openjdk-amd64/jre/lib/rt.jar
7f5da8eaa000-7f5da9987000 rw-p 00000000 00:00 0 
7f5da9987000-7f5da9988000 ---p 00000000 00:00 0 
7f5da9988000-7f5da9a88000 rw-p 00000000 00:00 0 
7f5da9a88000-7f5da9a89000 ---p 00000000 00:00 0 
7f5da9a89000-7f5da9b89000 rw-p 00000000 00:00 0 
7f5da9b89000-7f5da9b8a000 ---p 00000000 00:00 0 
7f5da9b8a000-7f5da9c8a000 rw-p 00000000 00:00 0 
7f5da9c8a000-7f5da9c8b000 ---p 00000000 00:00 0 
7f5da9c8b000-7f5da9da5000 rw-p 00000000 00:00 0 
7f5da9da5000-7f5da9f25000 ---p 00000000 00:00 0 
7f5da9f25000-7f5da9f3f000 rw-p 00000000 00:00 0 
7f5da9f3f000-7f5daa0bf000 ---p 00000000 00:00 0 
7f5daa0bf000-7f5daa0ea000 rw-p 00000000 00:00 0 
7f5daa0ea000-7f5daa18c000 ---p 00000000 00:00 0 
7f5daa18c000-7f5daa1a3000 rw-p 00000000 00:00 0 
7f5daa1a3000-7f5daa54d000 ---p 00000000 00:00 0 
7f5daa54d000-7f5daa555000 r-xp 00000000 08:01 796524                     /usr/lib/jvm/java-8-openjdk-amd64/jre/lib/amd64/libzip.so
7f5daa555000-7f5daa754000 ---p 00008000 08:01 796524                     /usr/lib/jvm/java-8-openjdk-amd64/jre/lib/amd64/libzip.so
7f5daa754000-7f5daa755000 r--p 00007000 08:01 796524                     /usr/lib/jvm/java-8-openjdk-amd64/jre/lib/amd64/libzip.so
7f5daa755000-7f5daa756000 rw-p 00008000 08:01 796524                     /usr/lib/jvm/java-8-openjdk-amd64/jre/lib/amd64/libzip.so
7f5daa756000-7f5daa761000 r-xp 00000000 08:01 529061                     /lib/x86_64-linux-gnu/libnss_files-2.23.so
7f5daa761000-7f5daa960000 ---p 0000b000 08:01 529061                     /lib/x86_64-linux-gnu/libnss_files-2.23.so
7f5daa960000-7f5daa961000 r--p 0000a000 08:01 529061                     /lib/x86_64-linux-gnu/libnss_files-2.23.so
7f5daa961000-7f5daa962000 rw-p 0000b000 08:01 529061                     /lib/x86_64-linux-gnu/libnss_files-2.23.so
7f5daa962000-7f5daa968000 rw-p 00000000 00:00 0 
7f5daa968000-7f5daa973000 r-xp 00000000 08:01 529071                     /lib/x86_64-linux-gnu/libnss_nis-2.23.so
7f5daa973000-7f5daab72000 ---p 0000b000 08:01 529071                     /lib/x86_64-linux-gnu/libnss_nis-2.23.so
7f5daab72000-7f5daab73000 r--p 0000a000 08:01 529071                     /lib/x86_64-linux-gnu/libnss_nis-2.23.so
7f5daab73000-7f5daab74000 rw-p 0000b000 08:01 529071                     /lib/x86_64-linux-gnu/libnss_nis-2.23.so
7f5daab74000-7f5daab8a000 r-xp 00000000 08:01 529055                     /lib/x86_64-linux-gnu/libnsl-2.23.so
7f5daab8a000-7f5daad89000 ---p 00016000 08:01 529055                     /lib/x86_64-linux-gnu/libnsl-2.23.so
7f5daad89000-7f5daad8a000 r--p 00015000 08:01 529055                     /lib/x86_64-linux-gnu/libnsl-2.23.so
7f5daad8a000-7f5daad8b000 rw-p 00016000 08:01 529055                     /lib/x86_64-linux-gnu/libnsl-2.23.so
7f5daad8b000-7f5daad8d000 rw-p 00000000 00:00 0 
7f5daad8d000-7f5daad95000 r-xp 00000000 08:01 529057                     /lib/x86_64-linux-gnu/libnss_compat-2.23.so
7f5daad95000-7f5daaf94000 ---p 00008000 08:01 529057                     /lib/x86_64-linux-gnu/libnss_compat-2.23.so
7f5daaf94000-7f5daaf95000 r--p 00007000 08:01 529057                     /lib/x86_64-linux-gnu/libnss_compat-2.23.so
7f5daaf95000-7f5daaf96000 rw-p 00008000 08:01 529057                     /lib/x86_64-linux-gnu/libnss_compat-2.23.so
7f5daaf96000-7f5daafbf000 r-xp 00000000 08:01 796508                     /usr/lib/jvm/java-8-openjdk-amd64/jre/lib/amd64/libjava.so
7f5daafbf000-7f5dab1be000 ---p 00029000 08:01 796508                     /usr/lib/jvm/java-8-openjdk-amd64/jre/lib/amd64/libjava.so
7f5dab1be000-7f5dab1bf000 r--p 00028000 08:01 796508                     /usr/lib/jvm/java-8-openjdk-amd64/jre/lib/amd64/libjava.so
7f5dab1bf000-7f5dab1c1000 rw-p 00029000 08:01 796508                     /usr/lib/jvm/java-8-openjdk-amd64/jre/lib/amd64/libjava.so
7f5dab1c1000-7f5dab1d0000 r-xp 00000000 08:01 796526                     /usr/lib/jvm/java-8-openjdk-amd64/jre/lib/amd64/libverify.so
7f5dab1d0000-7f5dab3cf000 ---p 0000f000 08:01 796526                     /usr/lib/jvm/java-8-openjdk-amd64/jre/lib/amd64/libverify.so
7f5dab3cf000-7f5dab3d1000 r--p 0000e000 08:01 796526                     /usr/lib/jvm/java-8-openjdk-amd64/jre/lib/amd64/libverify.so
7f5dab3d1000-7f5dab3d2000 rw-p 00010000 08:01 796526                     /usr/lib/jvm/java-8-openjdk-amd64/jre/lib/amd64/libverify.so
7f5dab3d2000-7f5dab3d9000 r-xp 00000000 08:01 529116                     /lib/x86_64-linux-gnu/librt-2.23.so
7f5dab3d9000-7f5dab5d8000 ---p 00007000 08:01 529116                     /lib/x86_64-linux-gnu/librt-2.23.so
7f5dab5d8000-7f5dab5d9000 r--p 00006000 08:01 529116                     /lib/x86_64-linux-gnu/librt-2.23.so
7f5dab5d9000-7f5dab5da000 rw-p 00007000 08:01 529116                     /lib/x86_64-linux-gnu/librt-2.23.so
7f5dab5da000-7f5dab5f0000 r-xp 00000000 08:01 529000                     /lib/x86_64-linux-gnu/libgcc_s.so.1
7f5dab5f0000-7f5dab7ef000 ---p 00016000 08:01 529000                     /lib/x86_64-linux-gnu/libgcc_s.so.1
7f5dab7ef000-7f5dab7f0000 rw-p 00015000 08:01 529000                     /lib/x86_64-linux-gnu/libgcc_s.so.1
7f5dab7f0000-7f5dab8f8000 r-xp 00000000 08:01 529032                     /lib/x86_64-linux-gnu/libm-2.23.so
7f5dab8f8000-7f5dabaf7000 ---p 00108000 08:01 529032                     /lib/x86_64-linux-gnu/libm-2.23.so
7f5dabaf7000-7f5dabaf8000 r--p 00107000 08:01 529032                     /lib/x86_64-linux-gnu/libm-2.23.so
7f5dabaf8000-7f5dabaf9000 rw-p 00108000 08:01 529032                     /lib/x86_64-linux-gnu/libm-2.23.so
7f5dabaf9000-7f5dabc6b000 r-xp 00000000 08:01 404347                     /usr/lib/x86_64-linux-gnu/libstdc++.so.6.0.21
7f5dabc6b000-7f5dabe6b000 ---p 00172000 08:01 404347                     /usr/lib/x86_64-linux-gnu/libstdc++.so.6.0.21
7f5dabe6b000-7f5dabe75000 r--p 00172000 08:01 404347                     /usr/lib/x86_64-linux-gnu/libstdc++.so.6.0.21
7f5dabe75000-7f5dabe77000 rw-p 0017c000 08:01 404347                     /usr/lib/x86_64-linux-gnu/libstdc++.so.6.0.21
7f5dabe77000-7f5dabe7b000 rw-p 00000000 00:00 0 
7f5dabe7b000-7f5dacadf000 r-xp 00000000 08:01 796537                     /usr/lib/jvm/java-8-openjdk-amd64/jre/lib/amd64/server/libjvm.so
7f5dacadf000-7f5daccde000 ---p 00c64000 08:01 796537                     /usr/lib/jvm/java-8-openjdk-amd64/jre/lib/amd64/server/libjvm.so
7f5daccde000-7f5dacd72000 r--p 00c63000 08:01 796537                     /usr/lib/jvm/java-8-openjdk-amd64/jre/lib/amd64/server/libjvm.so
7f5dacd72000-7f5dacd9b000 rw-p 00cf7000 08:01 796537                     /usr/lib/jvm/java-8-openjdk-amd64/jre/lib/amd64/server/libjvm.so
7f5dacd9b000-7f5dacdcb000 rw-p 00000000 00:00 0 
7f5dacdcb000-7f5dacde3000 r-xp 00000000 08:01 529108                     /lib/x86_64-linux-gnu/libpthread-2.23.so
7f5dacde3000-7f5dacfe2000 ---p 00018000 08:01 529108                     /lib/x86_64-linux-gnu/libpthread-2.23.so
7f5dacfe2000-7f5dacfe3000 r--p 00017000 08:01 529108                     /lib/x86_64-linux-gnu/libpthread-2.23.so
7f5dacfe3000-7f5dacfe4000 rw-p 00018000 08:01 529108                     /lib/x86_64-linux-gnu/libpthread-2.23.so
7f5dacfe4000-7f5dacfe8000 rw-p 00000000 00:00 0 
7f5dacfe8000-7f5dacfeb000 r-xp 00000000 08:01 528986                     /lib/x86_64-linux-gnu/libdl-2.23.so
7f5dacfeb000-7f5dad1ea000 ---p 00003000 08:01 528986                     /lib/x86_64-linux-gnu/libdl-2.23.so
7f5dad1ea000-7f5dad1eb000 r--p 00002000 08:01 528986                     /lib/x86_64-linux-gnu/libdl-2.23.so
7f5dad1eb000-7f5dad1ec000 rw-p 00003000 08:01 528986                     /lib/x86_64-linux-gnu/libdl-2.23.so
7f5dad1ec000-7f5dad205000 r-xp 00000000 08:01 529153                     /lib/x86_64-linux-gnu/libz.so.1.2.8
7f5dad205000-7f5dad404000 ---p 00019000 08:01 529153                     /lib/x86_64-linux-gnu/libz.so.1.2.8
7f5dad404000-7f5dad405000 r--p 00018000 08:01 529153                     /lib/x86_64-linux-gnu/libz.so.1.2.8
7f5dad405000-7f5dad406000 rw-p 00019000 08:01 529153                     /lib/x86_64-linux-gnu/libz.so.1.2.8
7f5dad406000-7f5dad5c6000 r-xp 00000000 08:01 528962                     /lib/x86_64-linux-gnu/libc-2.23.so
7f5dad5c6000-7f5dad7c6000 ---p 001c0000 08:01 528962                     /lib/x86_64-linux-gnu/libc-2.23.so
7f5dad7c6000-7f5dad7ca000 r--p 001c0000 08:01 528962                     /lib/x86_64-linux-gnu/libc-2.23.so
7f5dad7ca000-7f5dad7cc000 rw-p 001c4000 08:01 528962                     /lib/x86_64-linux-gnu/libc-2.23.so
7f5dad7cc000-7f5dad7d0000 rw-p 00000000 00:00 0 
7f5dad7d0000-7f5dad7dd000 r-xp 00000000 08:01 796518                     /usr/lib/jvm/java-8-openjdk-amd64/jre/lib/amd64/jli/libjli.so
7f5dad7dd000-7f5dad9dc000 ---p 0000d000 08:01 796518                     /usr/lib/jvm/java-8-openjdk-amd64/jre/lib/amd64/jli/libjli.so
7f5dad9dc000-7f5dad9dd000 r--p 0000c000 08:01 796518                     /usr/lib/jvm/java-8-openjdk-amd64/jre/lib/amd64/jli/libjli.so
7f5dad9dd000-7f5dad9de000 rw-p 0000d000 08:01 796518                     /usr/lib/jvm/java-8-openjdk-amd64/jre/lib/amd64/jli/libjli.so
7f5dad9de000-7f5dada04000 r-xp 00000000 08:01 528934                     /lib/x86_64-linux-gnu/ld-2.23.so
7f5dada04000-7f5dada05000 r--s 00000000 08:01 1582818                    /var/cache/fontconfig/30829fa25452a46451e813d634d7f916-le64.cache-6
7f5dada05000-7f5dada06000 r--s 00000000 08:01 1582812                    /var/cache/fontconfig/0c9eb80ebd1c36541ebe2852d3bb0c49-le64.cache-6
7f5dada06000-7f5dada07000 r--s 0000d000 08:01 796481                     /usr/lib/jvm/java-8-openjdk-amd64/jre/lib/ext/sunec.jar
7f5dada07000-7f5dada08000 r--s 0000a000 08:01 796484                     /usr/lib/jvm/java-8-openjdk-amd64/jre/lib/ext/jaccess.jar
7f5dada08000-7f5dadae6000 rw-p 00000000 00:00 0 
7f5dadae6000-7f5dadae9000 ---p 00000000 00:00 0 
7f5dadae9000-7f5dadbeb000 rw-p 00000000 00:00 0 
7f5dadbeb000-7f5dadbed000 r--s 00001000 08:01 796487                     /usr/lib/jvm/java-8-openjdk-amd64/jre/lib/ext/dnsns.jar
7f5dadbed000-7f5dadbee000 r--s 00010000 08:01 796489                     /usr/lib/jvm/java-8-openjdk-amd64/jre/lib/ext/zipfs.jar
7f5dadbee000-7f5dadbf8000 r--s 00116000 08:01 796490                     /usr/lib/jvm/java-8-openjdk-amd64/jre/lib/ext/localedata.jar
7f5dadbf8000-7f5dadc00000 rw-s 00000000 08:01 261774                     /tmp/hsperfdata_seonhu/5642
7f5dadc00000-7f5dadc01000 rw-p 00000000 00:00 0 
7f5dadc01000-7f5dadc02000 ---p 00000000 00:00 0 
7f5dadc02000-7f5dadc03000 rw-p 00000000 00:00 0 
7f5dadc03000-7f5dadc04000 r--p 00025000 08:01 528934                     /lib/x86_64-linux-gnu/ld-2.23.so
7f5dadc04000-7f5dadc05000 rw-p 00026000 08:01 528934                     /lib/x86_64-linux-gnu/ld-2.23.so
7f5dadc05000-7f5dadc06000 rw-p 00000000 00:00 0 
7ffee0641000-7ffee0662000 rw-p 00000000 00:00 0                          [stack]
7ffee07ba000-7ffee07bd000 r--p 00000000 00:00 0                          [vvar]
7ffee07bd000-7ffee07bf000 r-xp 00000000 00:00 0                          [vdso]
ffffffffff600000-ffffffffff601000 r-xp 00000000 00:00 0                  [vsyscall]

VM Arguments:
jvm_args: -Dfile.encoding=UTF-8 
java_command: com.ok.main.Main
java_class_path (initial): /home/seonhu/Desktop/2019-2-OSSPC-OS-3/Tetris-master/bin
Launcher Type: SUN_STANDARD

Environment Variables:
JAVA_HOME=/usr/lib/jvm/java-8-openjdk-amd64
PATH=/home/seonhu/bin:/home/seonhu/.local/bin:/usr/lib/jvm/java-8-openjdk-amd64/bin/:/usr/local/sbin:/usr/local/bin:/usr/sbin:/usr/bin:/sbin:/bin:/usr/games:/usr/local/games:/snap/bin
SHELL=/bin/bash
DISPLAY=:0

Signal Handlers:
SIGSEGV: [libjvm.so+0xa783e0], sa_mask[0]=11111111011111111101111111111110, sa_flags=SA_RESTART|SA_SIGINFO
SIGBUS: [libjvm.so+0xa783e0], sa_mask[0]=11111111011111111101111111111110, sa_flags=SA_RESTART|SA_SIGINFO
SIGFPE: [libjvm.so+0x8c0e10], sa_mask[0]=11111111011111111101111111111110, sa_flags=SA_RESTART|SA_SIGINFO
SIGPIPE: [libjvm.so+0x8c0e10], sa_mask[0]=11111111011111111101111111111110, sa_flags=SA_RESTART|SA_SIGINFO
SIGXFSZ: [libjvm.so+0x8c0e10], sa_mask[0]=11111111011111111101111111111110, sa_flags=SA_RESTART|SA_SIGINFO
SIGILL: [libjvm.so+0x8c0e10], sa_mask[0]=11111111011111111101111111111110, sa_flags=SA_RESTART|SA_SIGINFO
SIGUSR1: SIG_DFL, sa_mask[0]=00000000000000000000000000000000, sa_flags=none
SIGUSR2: [libjvm.so+0x8c0cc0], sa_mask[0]=00100000000000000000000000000000, sa_flags=SA_RESTART|SA_SIGINFO
SIGHUP: [libjvm.so+0x8c1350], sa_mask[0]=11111111011111111101111111111110, sa_flags=SA_RESTART|SA_SIGINFO
SIGINT: [libjvm.so+0x8c1350], sa_mask[0]=11111111011111111101111111111110, sa_flags=SA_RESTART|SA_SIGINFO
SIGTERM: [libjvm.so+0x8c1350], sa_mask[0]=11111111011111111101111111111110, sa_flags=SA_RESTART|SA_SIGINFO
SIGQUIT: [libjvm.so+0x8c1350], sa_mask[0]=11111111011111111101111111111110, sa_flags=SA_RESTART|SA_SIGINFO


---------------  S Y S T E M  ---------------

OS:DISTRIB_ID=Ubuntu
DISTRIB_RELEASE=16.04
DISTRIB_CODENAME=xenial
DISTRIB_DESCRIPTION="Ubuntu 16.04.5 LTS"

uname:Linux 4.15.0-29-generic #31~16.04.1-Ubuntu SMP Wed Jul 18 08:54:04 UTC 2018 x86_64
libc:glibc 2.23 NPTL 2.23 
rlimit: STACK 8192k, CORE 0k, NPROC 19441, NOFILE 1048576, AS infinity
load average:1.99 2.83 2.64

/proc/meminfo:
MemTotal:        5036544 kB
MemFree:          111256 kB
MemAvailable:       9620 kB
Buffers:             276 kB
Cached:            32388 kB
SwapCached:        22132 kB
Active:          4066348 kB
Inactive:         685304 kB
Active(anon):    4059160 kB
Inactive(anon):   676512 kB
Active(file):       7188 kB
Inactive(file):     8792 kB
Unevictable:          64 kB
Mlocked:              64 kB
SwapTotal:        998396 kB
SwapFree:              0 kB
Dirty:               176 kB
Writeback:             0 kB
AnonPages:       4697284 kB
Mapped:            30296 kB
Shmem:             16480 kB
Slab:              57272 kB
SReclaimable:      26008 kB
SUnreclaim:        31264 kB
KernelStack:       11152 kB
PageTables:        44436 kB
NFS_Unstable:          0 kB
Bounce:                0 kB
WritebackTmp:          0 kB
CommitLimit:     3516668 kB
Committed_AS:   10472764 kB
VmallocTotal:   34359738367 kB
VmallocUsed:           0 kB
VmallocChunk:          0 kB
HardwareCorrupted:     0 kB
AnonHugePages:         0 kB
ShmemHugePages:        0 kB
ShmemPmdMapped:        0 kB
CmaTotal:              0 kB
CmaFree:               0 kB
HugePages_Total:       0
HugePages_Free:        0
HugePages_Rsvd:        0
HugePages_Surp:        0
Hugepagesize:       2048 kB
DirectMap4k:      104384 kB
DirectMap2M:     5103616 kB

container (cgroup) information:
container_type: cgroupv1
cpu_cpuset_cpus: 0-3
cpu_memory_nodes: 0
active_processor_count: 4
cpu_quota: -1
cpu_period: 100000
cpu_shares: -1
memory_limit_in_bytes: -1
memory_and_swap_limit_in_bytes: -2
memory_soft_limit_in_bytes: -1
memory_usage_in_bytes: 4851544064
memory_max_usage_in_bytes: 0


CPU:total 4 (initial active 4) (4 cores per cpu, 1 threads per core) family 6 model 142 stepping 10, cmov, cx8, fxsr, mmx, sse, sse2, sse3, ssse3, sse4.1, sse4.2, popcnt, avx, avx2, aes, clmul, 3dnowpref, lzcnt, tsc, tscinvbit

/proc/cpuinfo:
processor	: 0
vendor_id	: GenuineIntel
cpu family	: 6
model		: 142
model name	: Intel(R) Core(TM) i5-8250U CPU @ 1.60GHz
stepping	: 10
cpu MHz		: 1800.003
cache size	: 6144 KB
physical id	: 0
siblings	: 4
core id		: 0
cpu cores	: 4
apicid		: 0
initial apicid	: 0
fpu		: yes
fpu_exception	: yes
cpuid level	: 22
wp		: yes
flags		: fpu vme de pse tsc msr pae mce cx8 apic sep mtrr pge mca cmov pat pse36 clflush mmx fxsr sse sse2 ht syscall nx rdtscp lm constant_tsc rep_good nopl xtopology nonstop_tsc cpuid pni pclmulqdq ssse3 cx16 pcid sse4_1 sse4_2 x2apic movbe popcnt aes xsave avx rdrand hypervisor lahf_lm abm 3dnowprefetch invpcid_single pti fsgsbase avx2 invpcid rdseed clflushopt
bugs		: cpu_meltdown spectre_v1 spectre_v2 spec_store_bypass
bogomips	: 3600.00
clflush size	: 64
cache_alignment	: 64
address sizes	: 39 bits physical, 48 bits virtual
power management:

processor	: 1
vendor_id	: GenuineIntel
cpu family	: 6
model		: 142
model name	: Intel(R) Core(TM) i5-8250U CPU @ 1.60GHz
stepping	: 10
cpu MHz		: 1800.003
cache size	: 6144 KB
physical id	: 0
siblings	: 4
core id		: 1
cpu cores	: 4
apicid		: 1
initial apicid	: 1
fpu		: yes
fpu_exception	: yes
cpuid level	: 22
wp		: yes
flags		: fpu vme de pse tsc msr pae mce cx8 apic sep mtrr pge mca cmov pat pse36 clflush mmx fxsr sse sse2 ht syscall nx rdtscp lm constant_tsc rep_good nopl xtopology nonstop_tsc cpuid pni pclmulqdq ssse3 cx16 pcid sse4_1 sse4_2 x2apic movbe popcnt aes xsave avx rdrand hypervisor lahf_lm abm 3dnowprefetch invpcid_single pti fsgsbase avx2 invpcid rdseed clflushopt
bugs		: cpu_meltdown spectre_v1 spectre_v2 spec_store_bypass
bogomips	: 3600.00
clflush size	: 64
cache_alignment	: 64
address sizes	: 39 bits physical, 48 bits virtual
power management:

processor	: 2
vendor_id	: GenuineIntel
cpu family	: 6
model		: 142
model name	: Intel(R) Core(TM) i5-8250U CPU @ 1.60GHz
stepping	: 10
cpu MHz		: 1800.003
cache size	: 6144 KB
physical id	: 0
siblings	: 4
core id		: 2
cpu cores	: 4
apicid		: 2
initial apicid	: 2
fpu		: yes
fpu_exception	: yes
cpuid level	: 22
wp		: yes
flags		: fpu vme de pse tsc msr pae mce cx8 apic sep mtrr pge mca cmov pat pse36 clflush mmx fxsr sse sse2 ht syscall nx rdtscp lm constant_tsc rep_good nopl xtopology nonstop_tsc cpuid pni pclmulqdq ssse3 cx16 pcid sse4_1 sse4_2 x2apic movbe popcnt aes xsave avx rdrand hypervisor lahf_lm abm 3dnowprefetch invpcid_single pti fsgsbase avx2 invpcid rdseed clflushopt
bugs		: cpu_meltdown spectre_v1 spectre_v2 spec_store_bypass
bogomips	: 3600.00
clflush size	: 64
cache_alignment	: 64
address sizes	: 39 bits physical, 48 bits virtual
power management:

processor	: 3
vendor_id	: GenuineIntel
cpu family	: 6
model		: 142
model name	: Intel(R) Core(TM) i5-8250U CPU @ 1.60GHz
stepping	: 10
cpu MHz		: 1800.003
cache size	: 6144 KB
physical id	: 0
siblings	: 4
core id		: 3
cpu cores	: 4
apicid		: 3
initial apicid	: 3
fpu		: yes
fpu_exception	: yes
cpuid level	: 22
wp		: yes
flags		: fpu vme de pse tsc msr pae mce cx8 apic sep mtrr pge mca cmov pat pse36 clflush mmx fxsr sse sse2 ht syscall nx rdtscp lm constant_tsc rep_good nopl xtopology nonstop_tsc cpuid pni pclmulqdq ssse3 cx16 pcid sse4_1 sse4_2 x2apic movbe popcnt aes xsave avx rdrand hypervisor lahf_lm abm 3dnowprefetch invpcid_single pti fsgsbase avx2 invpcid rdseed clflushopt
bugs		: cpu_meltdown spectre_v1 spectre_v2 spec_store_bypass
bogomips	: 3600.00
clflush size	: 64
cache_alignment	: 64
address sizes	: 39 bits physical, 48 bits virtual
power management:



Memory: 4k page, physical 5036544k(111256k free), swap 998396k(0k free)

vm_info: OpenJDK 64-Bit Server VM (25.222-b10) for linux-amd64 JRE (1.8.0_222-8u222-b10-1ubuntu1~16.04.1-b10), built on Jul 18 2019 20:25:18 by "buildd" with gcc 5.4.0 20160609

time: Wed Dec  4 22:33:08 2019
timezone: KST
elapsed time: 11 seconds (0d 0h 0m 11s)

